ARM GAS  C:\Users\dufma\AppData\Local\Temp\cc6FhCg2.s 			page 1


   1              		.syntax unified
   2              		.cpu cortex-m3
   3              		.fpu softvfp
   4              		.eabi_attribute 20, 1
   5              		.eabi_attribute 21, 1
   6              		.eabi_attribute 23, 3
   7              		.eabi_attribute 24, 1
   8              		.eabi_attribute 25, 1
   9              		.eabi_attribute 26, 1
  10              		.eabi_attribute 30, 1
  11              		.eabi_attribute 34, 1
  12              		.eabi_attribute 18, 4
  13              		.thumb
  14              		.file	"main.c"
  15              		.text
  16              	.Ltext0:
  17              		.cfi_sections	.debug_frame
  18              		.section	.text.main,"ax",%progbits
  19              		.align	2
  20              		.global	main
  21              		.thumb
  22              		.thumb_func
  23              		.type	main, %function
  24              	main:
  25              	.LFB63:
  26              		.file 1 ".\\main.c"
   1:.\main.c      **** /* ========================================
   2:.\main.c      ****  *
   3:.\main.c      ****  * Copyright YOUR COMPANY, THE YEAR
   4:.\main.c      ****  * All Rights Reserved
   5:.\main.c      ****  * UNPUBLISHED, LICENSED SOFTWARE.
   6:.\main.c      ****  *
   7:.\main.c      ****  * CONFIDENTIAL AND PROPRIETARY INFORMATION
   8:.\main.c      ****  * WHICH IS THE PROPERTY OF your company.
   9:.\main.c      ****  *
  10:.\main.c      ****  * ========================================
  11:.\main.c      **** */
  12:.\main.c      **** #include <project.h>
  13:.\main.c      **** #include <stdio.h>
  14:.\main.c      **** #include "Motor.h"
  15:.\main.c      **** #include "Ultra.h"
  16:.\main.c      **** #include "nunchuk.h"
  17:.\main.c      **** #include "Reflectance.h"
  18:.\main.c      **** #include "I2C_made.h"
  19:.\main.c      **** #include "gyro.h"
  20:.\main.c      **** #include "accel_magnet.h"
  21:.\main.c      **** #include "IR.h"
  22:.\main.c      **** 
  23:.\main.c      **** 
  24:.\main.c      **** int rread(void);
  25:.\main.c      **** 
  26:.\main.c      **** 
  27:.\main.c      **** int main()
  28:.\main.c      **** {
  27              		.loc 1 28 0
  28              		.cfi_startproc
  29              		@ args = 0, pretend = 0, frame = 0
ARM GAS  C:\Users\dufma\AppData\Local\Temp\cc6FhCg2.s 			page 2


  30              		@ frame_needed = 0, uses_anonymous_args = 0
  31 0000 08B5     		push	{r3, lr}
  32              		.cfi_def_cfa_offset 8
  33              		.cfi_offset 3, -8
  34              		.cfi_offset 14, -4
  29:.\main.c      ****     CyGlobalIntEnable; 
  35              		.loc 1 29 0
  36              	@ 29 ".\main.c" 1
  37 0002 62B6     		CPSIE   i
  38              	@ 0 "" 2
  30:.\main.c      ****     UART_Start();
  39              		.loc 1 30 0
  40              		.thumb
  41 0004 FFF7FEFF 		bl	UART_Start
  42              	.LVL0:
  31:.\main.c      ****     printf("Start\r\n");
  43              		.loc 1 31 0
  44 0008 0448     		ldr	r0, .L4
  45 000a FFF7FEFF 		bl	puts
  46              	.LVL1:
  47              	.L2:
  32:.\main.c      ****     
  33:.\main.c      ****     unsigned int IR_val; 
  34:.\main.c      ****     
  35:.\main.c      ****     for(;;)
  36:.\main.c      ****     {
  37:.\main.c      ****        IR_val = get_IR();
  48              		.loc 1 37 0 discriminator 1
  49 000e FFF7FEFF 		bl	get_IR
  50              	.LVL2:
  51 0012 0146     		mov	r1, r0
  52              	.LVL3:
  38:.\main.c      ****        printf("%x\r\n\n",IR_val);
  53              		.loc 1 38 0 discriminator 1
  54 0014 0248     		ldr	r0, .L4+4
  55              	.LVL4:
  56 0016 FFF7FEFF 		bl	printf
  57              	.LVL5:
  39:.\main.c      ****     }
  58              		.loc 1 39 0 discriminator 1
  59 001a F8E7     		b	.L2
  60              	.L5:
  61              		.align	2
  62              	.L4:
  63 001c 00000000 		.word	.LC0
  64 0020 08000000 		.word	.LC1
  65              		.cfi_endproc
  66              	.LFE63:
  67              		.size	main, .-main
  68              		.section	.text.convert_raw,"ax",%progbits
  69              		.align	2
  70              		.global	convert_raw
  71              		.thumb
  72              		.thumb_func
  73              		.type	convert_raw, %function
  74              	convert_raw:
  75              	.LFB64:
ARM GAS  C:\Users\dufma\AppData\Local\Temp\cc6FhCg2.s 			page 3


  40:.\main.c      ****     
  41:.\main.c      ****        /*  //nunchuk//
  42:.\main.c      ****     ----------------------------------------------------
  43:.\main.c      ****     nunchuk_start();
  44:.\main.c      ****     nunchuk_init();
  45:.\main.c      ****     
  46:.\main.c      ****     for(;;)
  47:.\main.c      ****     {    
  48:.\main.c      ****         nunchuk_read();
  49:.\main.c      ****     }
  50:.\main.c      ****     //----------------------------------------------------*/
  51:.\main.c      ****     
  52:.\main.c      ****     /* //accelerometer//
  53:.\main.c      ****     //--------------------------------------------------------------
  54:.\main.c      ****     I2C_Start();
  55:.\main.c      ****   
  56:.\main.c      ****     uint8 X_L_A, X_H_A, Y_L_A, Y_H_A, Z_L_A, Z_H_A;
  57:.\main.c      ****     int16 X_AXIS, Y_AXIS, Z_AXIS;
  58:.\main.c      ****     
  59:.\main.c      ****     I2C_write(ACCEL_MAG_ADDR, ACCEL_CTRL1_REG, 0x37);           // set accelerometer & magnetometer
  60:.\main.c      ****     I2C_write(ACCEL_MAG_ADDR, ACCEL_CTRL7_REG, 0x22);
  61:.\main.c      ****     
  62:.\main.c      ****     
  63:.\main.c      ****     for(;;)
  64:.\main.c      ****     {
  65:.\main.c      ****         //print out accelerometer output
  66:.\main.c      ****         X_L_A = I2C_read(ACCEL_MAG_ADDR, OUT_X_L_A);
  67:.\main.c      ****         X_H_A = I2C_read(ACCEL_MAG_ADDR, OUT_X_H_A);
  68:.\main.c      ****         X_AXIS = convert_raw(X_L_A, X_H_A);
  69:.\main.c      ****         
  70:.\main.c      ****         Y_L_A = I2C_read(ACCEL_MAG_ADDR, OUT_Y_L_A);
  71:.\main.c      ****         Y_H_A = I2C_read(ACCEL_MAG_ADDR, OUT_Y_H_A);
  72:.\main.c      ****         Y_AXIS = convert_raw(Y_L_A, Y_H_A);
  73:.\main.c      ****         
  74:.\main.c      ****         Z_L_A = I2C_read(ACCEL_MAG_ADDR, OUT_Z_L_A);
  75:.\main.c      ****         Z_H_A = I2C_read(ACCEL_MAG_ADDR, OUT_Z_H_A);
  76:.\main.c      ****         Z_AXIS = convert_raw(Z_L_A, Z_H_A);
  77:.\main.c      ****         
  78:.\main.c      ****         printf("ACCEL: %d %d %d %d %d %d \r\n", X_L_A, X_H_A, Y_L_A, Y_H_A, Z_L_A, Z_H_A);
  79:.\main.c      ****         value_convert_accel(X_AXIS, Y_AXIS, Z_AXIS);
  80:.\main.c      ****         printf("\n");
  81:.\main.c      ****         
  82:.\main.c      ****         CyDelay(50);
  83:.\main.c      ****     }
  84:.\main.c      ****     ///---------------------------------------------------------- */
  85:.\main.c      ****      
  86:.\main.c      ****      /* //ultra//
  87:.\main.c      ****     ----------------------------------------------------
  88:.\main.c      ****     ultra_isr_StartEx(ultra_isr_handler);   // Ultra Sonic Interrupt
  89:.\main.c      ****     Ultra_Start();                          // Ultra Sonic Start function
  90:.\main.c      ****    
  91:.\main.c      ****     for(;;)
  92:.\main.c      ****     {       
  93:.\main.c      ****         CyDelay(100); 
  94:.\main.c      ****         Trig_Write(1);           // Trigger High
  95:.\main.c      ****         CyDelayUs(10);              // 10 micro seconds for trigger input signals
  96:.\main.c      ****         Trig_Write(0);           // Trigger Low
ARM GAS  C:\Users\dufma\AppData\Local\Temp\cc6FhCg2.s 			page 4


  97:.\main.c      ****     }
  98:.\main.c      ****     //----------------------------------------------------*/
  99:.\main.c      ****     
 100:.\main.c      ****     /* //reflectance//
 101:.\main.c      ****     ----------------------------------------------------
 102:.\main.c      ****     sensor_isr_StartEx(sensor_isr_handler);
 103:.\main.c      ****     
 104:.\main.c      ****     Refelctance_Start();
 105:.\main.c      **** 
 106:.\main.c      ****     IR_led_Write(1);
 107:.\main.c      ****     for(;;)
 108:.\main.c      ****     {
 109:.\main.c      ****         reflectance_period();      //print out each period of reflectance sensors
 110:.\main.c      ****         reflectance_digital();      //print out 0 or 1 according to results of reflectance period
 111:.\main.c      ****         
 112:.\main.c      ****         CyDelay(500);
 113:.\main.c      ****     }
 114:.\main.c      ****     ///----------------------------------------------------*/
 115:.\main.c      ****    
 116:.\main.c      ****     
 117:.\main.c      ****      /* //motor//
 118:.\main.c      ****     ----------------------------------------------------
 119:.\main.c      ****     motor_Start();              // motor start
 120:.\main.c      **** 
 121:.\main.c      ****     motor_forward(50,2000);     // moving forward
 122:.\main.c      ****     motor_turn(10,50,2000);     // turn
 123:.\main.c      ****     motor_turn(50,10,2000);     // turn
 124:.\main.c      ****     motor_backward(50,2000);    // movinb backward
 125:.\main.c      ****        
 126:.\main.c      ****     motor_Stop();               // motor stop
 127:.\main.c      ****     
 128:.\main.c      ****     for(;;)
 129:.\main.c      ****     {
 130:.\main.c      **** 
 131:.\main.c      ****     }
 132:.\main.c      ****     ///----------------------------------------------------*/
 133:.\main.c      ****     
 134:.\main.c      ****     
 135:.\main.c      ****    /* //gyroscope//
 136:.\main.c      ****      //-----------------------------------------------------
 137:.\main.c      ****     I2C_Start();
 138:.\main.c      ****   
 139:.\main.c      ****     uint8 X_AXIS_L, X_AXIS_H, Y_AXIS_L, Y_AXIS_H, Z_AXIS_L, Z_AXIS_H;
 140:.\main.c      ****     //uint8 X_L_M, X_H_M, Y_L_M, Y_H_M, Z_L_M, Z_H_M;
 141:.\main.c      ****     //uint8 X_L_A, X_H_A, Y_L_A, Y_H_A, Z_L_A, Z_H_A;
 142:.\main.c      ****     int16 X_AXIS, Y_AXIS, Z_AXIS;
 143:.\main.c      ****     
 144:.\main.c      ****     I2C_write(GYRO_ADDR, GYRO_CTRL1_REG, 0x0F);             // set gyroscope into active mode
 145:.\main.c      ****     I2C_write(GYRO_ADDR, GYRO_CTRL4_REG, 0x30);             // set full scale selection to 2000dps 
 146:.\main.c      ****     
 147:.\main.c      ****     for(;;)
 148:.\main.c      ****     {
 149:.\main.c      ****         //print out gyroscope output
 150:.\main.c      ****         X_AXIS_L = I2C_read(GYRO_ADDR, OUT_X_AXIS_L);
 151:.\main.c      ****         X_AXIS_H = I2C_read(GYRO_ADDR, OUT_X_AXIS_H);
 152:.\main.c      ****         X_AXIS = convert_raw(X_AXIS_H, X_AXIS_L);
 153:.\main.c      ****         
ARM GAS  C:\Users\dufma\AppData\Local\Temp\cc6FhCg2.s 			page 5


 154:.\main.c      ****         
 155:.\main.c      ****         Y_AXIS_L = I2C_read(GYRO_ADDR, OUT_Y_AXIS_L);
 156:.\main.c      ****         Y_AXIS_H = I2C_read(GYRO_ADDR, OUT_Y_AXIS_H);
 157:.\main.c      ****         Y_AXIS = convert_raw(Y_AXIS_H, Y_AXIS_L);
 158:.\main.c      ****         
 159:.\main.c      ****         
 160:.\main.c      ****         Z_AXIS_L = I2C_read(GYRO_ADDR, OUT_Z_AXIS_L);
 161:.\main.c      ****         Z_AXIS_H = I2C_read(GYRO_ADDR, OUT_Z_AXIS_H);
 162:.\main.c      ****         Z_AXIS = convert_raw(Z_AXIS_H, Z_AXIS_L);
 163:.\main.c      ****         
 164:.\main.c      ****         
 165:.\main.c      ****         //printf("X_AXIS_L: %d, X_AXIS_H: %d, average: %d \r\n", X_AXIS_L, X_AXIS_H, (X_AXIS_H+X_AX
 166:.\main.c      ****         //printf("Y_AXIS_L: %d, Y_AXIS_H: %d, average: %d \r\n", Y_AXIS_L, Y_AXIS_H, (Y_AXIS_H+Y_AX
 167:.\main.c      ****         //printf("Z_AXIS_L: %d, Z_AXIS_H: %d, average: %d \r\n", Z_AXIS_L, Z_AXIS_H, (Z_AXIS_H+Z_AX
 168:.\main.c      ****         
 169:.\main.c      ****         printf("H L : %d %d %d %d %d %d \r\n", X_AXIS_L, X_AXIS_H, Y_AXIS_L, Y_AXIS_H, Z_AXIS_L, Z_
 170:.\main.c      ****         printf("%d %d %d \r\n", X_AXIS, Y_AXIS, Z_AXIS);
 171:.\main.c      ****         //printf("%d %d %d \r\n", value_convert_gyro(X_AXIS), value_convert_gyro(Y_AXIS), value_con
 172:.\main.c      ****         
 173:.\main.c      ****        CyDelay(50);
 174:.\main.c      ****     }
 175:.\main.c      ****     ///-----------------------------------------------------------------*/ 
 176:.\main.c      ****    
 177:.\main.c      ****   
 178:.\main.c      ****     
 179:.\main.c      ****     /* //magnetometer//
 180:.\main.c      ****      //--------------------------------------------------------------
 181:.\main.c      ****     I2C_Start();
 182:.\main.c      ****    
 183:.\main.c      ****     uint8 X_L_M, X_H_M, Y_L_M, Y_H_M, Z_L_M, Z_H_M;
 184:.\main.c      ****     int16 X_AXIS, Y_AXIS, Z_AXIS;
 185:.\main.c      ****     
 186:.\main.c      ****     I2C_write(GYRO_ADDR, GYRO_CTRL1_REG, 0x0F);             // set gyroscope into active mode
 187:.\main.c      ****     I2C_write(GYRO_ADDR, GYRO_CTRL4_REG, 0x30);             // set full scale selection to 2000dps
 188:.\main.c      ****     I2C_write(ACCEL_MAG_ADDR, ACCEL_CTRL1_REG, 0x37);           // set accelerometer & magnetometer
 189:.\main.c      ****     I2C_write(ACCEL_MAG_ADDR, ACCEL_CTRL7_REG, 0x22);
 190:.\main.c      ****     
 191:.\main.c      ****     
 192:.\main.c      ****     for(;;)
 193:.\main.c      ****     {
 194:.\main.c      ****         X_L_M = I2C_read(ACCEL_MAG_ADDR, OUT_X_L_M);
 195:.\main.c      ****         X_H_M = I2C_read(ACCEL_MAG_ADDR, OUT_X_H_M);
 196:.\main.c      ****         X_AXIS = convert_raw(X_L_M, X_H_M);
 197:.\main.c      ****         
 198:.\main.c      ****         Y_L_M = I2C_read(ACCEL_MAG_ADDR, OUT_Y_L_M);
 199:.\main.c      ****         Y_H_M = I2C_read(ACCEL_MAG_ADDR, OUT_Y_H_M);
 200:.\main.c      ****         Y_AXIS = convert_raw(Y_L_M, Y_H_M);
 201:.\main.c      ****         
 202:.\main.c      ****         Z_L_M = I2C_read(ACCEL_MAG_ADDR, OUT_Z_L_M);
 203:.\main.c      ****         Z_H_M = I2C_read(ACCEL_MAG_ADDR, OUT_Z_H_M);
 204:.\main.c      ****         Z_AXIS = convert_raw(Z_L_M, Z_H_M);
 205:.\main.c      ****         
 206:.\main.c      ****         heading(X_AXIS, Y_AXIS);
 207:.\main.c      ****         printf("MAGNET: %d %d %d %d %d %d \r\n", X_L_M, X_H_M, Y_L_M, Y_H_M, Z_L_M, Z_H_M);
 208:.\main.c      ****         printf("%d %d %d \r\n", X_AXIS,Y_AXIS, Z_AXIS);
 209:.\main.c      ****         CyDelay(50);
 210:.\main.c      ****           
ARM GAS  C:\Users\dufma\AppData\Local\Temp\cc6FhCg2.s 			page 6


 211:.\main.c      ****     }
 212:.\main.c      ****     ///----------------------------------------------------------*/
 213:.\main.c      **** }
 214:.\main.c      **** 
 215:.\main.c      **** uint16 convert_raw(uint8 L, uint8 H)            // concatenation
 216:.\main.c      **** {
  76              		.loc 1 216 0
  77              		.cfi_startproc
  78              		@ args = 0, pretend = 0, frame = 0
  79              		@ frame_needed = 0, uses_anonymous_args = 0
  80              		@ link register save eliminated.
  81              	.LVL6:
 217:.\main.c      ****     uint16 raw;
 218:.\main.c      ****     raw = (int16)(L | H << 8);
 219:.\main.c      ****     
 220:.\main.c      ****     return raw;
 221:.\main.c      **** }
  82              		.loc 1 221 0
  83 0000 40EA0120 		orr	r0, r0, r1, lsl #8
  84              	.LVL7:
  85 0004 7047     		bx	lr
  86              		.cfi_endproc
  87              	.LFE64:
  88              		.size	convert_raw, .-convert_raw
  89 0006 00BF     		.section	.text._write,"ax",%progbits
  90              		.align	2
  91              		.global	_write
  92              		.thumb
  93              		.thumb_func
  94              		.type	_write, %function
  95              	_write:
  96              	.LFB65:
 222:.\main.c      **** 
 223:.\main.c      **** 
 224:.\main.c      **** #if 0
 225:.\main.c      **** int rread(void)
 226:.\main.c      **** {
 227:.\main.c      ****     SC0_SetDriveMode(PIN_DM_STRONG);
 228:.\main.c      ****     SC0_Write(1);
 229:.\main.c      ****     CyDelayUs(10);
 230:.\main.c      ****     SC0_SetDriveMode(PIN_DM_DIG_HIZ);
 231:.\main.c      ****     Timer_1_Start();
 232:.\main.c      ****     uint16_t start = Timer_1_ReadCounter();
 233:.\main.c      ****     uint16_t end = 0;
 234:.\main.c      ****     while(!(Timer_1_ReadStatusRegister() & Timer_1_STATUS_TC)) {
 235:.\main.c      ****         if(SC0_Read() == 0 && end == 0) {
 236:.\main.c      ****             end = Timer_1_ReadCounter();
 237:.\main.c      ****         }
 238:.\main.c      ****     }
 239:.\main.c      ****     Timer_1_Stop();
 240:.\main.c      ****     
 241:.\main.c      ****     return (start - end);
 242:.\main.c      **** }
 243:.\main.c      **** #endif
 244:.\main.c      **** 
 245:.\main.c      **** int _write(int file, char *ptr, int len)
 246:.\main.c      **** {
ARM GAS  C:\Users\dufma\AppData\Local\Temp\cc6FhCg2.s 			page 7


  97              		.loc 1 246 0
  98              		.cfi_startproc
  99              		@ args = 0, pretend = 0, frame = 0
 100              		@ frame_needed = 0, uses_anonymous_args = 0
 101              	.LVL8:
 102 0000 70B5     		push	{r4, r5, r6, lr}
 103              		.cfi_def_cfa_offset 16
 104              		.cfi_offset 4, -16
 105              		.cfi_offset 5, -12
 106              		.cfi_offset 6, -8
 107              		.cfi_offset 14, -4
 108 0002 1646     		mov	r6, r2
 109              	.LVL9:
 247:.\main.c      ****     (void) file;
 248:.\main.c      **** 	int n;
 249:.\main.c      **** 	for(n = 0; n < len; n++) {
 110              		.loc 1 249 0
 111 0004 0024     		movs	r4, #0
 112 0006 05E0     		b	.L8
 113              	.LVL10:
 114              	.L9:
 250:.\main.c      **** 		UART_PutChar(*ptr++);
 115              		.loc 1 250 0 discriminator 3
 116 0008 4D1C     		adds	r5, r1, #1
 117              	.LVL11:
 118 000a 0878     		ldrb	r0, [r1]	@ zero_extendqisi2
 119 000c FFF7FEFF 		bl	UART_PutChar
 120              	.LVL12:
 249:.\main.c      **** 		UART_PutChar(*ptr++);
 121              		.loc 1 249 0 discriminator 3
 122 0010 0134     		adds	r4, r4, #1
 123              	.LVL13:
 124              		.loc 1 250 0 discriminator 3
 125 0012 2946     		mov	r1, r5
 126              	.LVL14:
 127              	.L8:
 249:.\main.c      **** 		UART_PutChar(*ptr++);
 128              		.loc 1 249 0 discriminator 1
 129 0014 B442     		cmp	r4, r6
 130 0016 F7DB     		blt	.L9
 251:.\main.c      **** 	}
 252:.\main.c      **** 	return len;
 253:.\main.c      **** }
 131              		.loc 1 253 0
 132 0018 3046     		mov	r0, r6
 133 001a 70BD     		pop	{r4, r5, r6, pc}
 134              		.cfi_endproc
 135              	.LFE65:
 136              		.size	_write, .-_write
 137              		.comm	digital_sensor_value,8,4
 138              		.comm	sensors,8,4
 139              		.section	.rodata.str1.4,"aMS",%progbits,1
 140              		.align	2
 141              	.LC0:
 142 0000 53746172 		.ascii	"Start\015\000"
 142      740D00
 143 0007 00       		.space	1
ARM GAS  C:\Users\dufma\AppData\Local\Temp\cc6FhCg2.s 			page 8


 144              	.LC1:
 145 0008 25780D0A 		.ascii	"%x\015\012\012\000"
 145      0A00
 146 000e 0000     		.text
 147              	.Letext0:
 148              		.file 2 "c:\\program files (x86)\\cypress\\psoc creator\\3.3\\psoc creator\\import\\gnu\\arm\\4.9.
 149              		.file 3 "c:\\program files (x86)\\cypress\\psoc creator\\3.3\\psoc creator\\import\\gnu\\arm\\4.9.
 150              		.file 4 "Generated_Source\\PSoC5/cytypes.h"
 151              		.file 5 ".\\Reflectance.h"
 152              		.file 6 "Generated_Source\\PSoC5/core_cm3.h"
 153              		.file 7 "Generated_Source\\PSoC5/UART.h"
 154              		.file 8 "<built-in>"
 155              		.file 9 ".\\IR.h"
 156              		.file 10 "c:\\program files (x86)\\cypress\\psoc creator\\3.3\\psoc creator\\import\\gnu\\arm\\4.9
 157              		.section	.debug_info,"",%progbits
 158              	.Ldebug_info0:
 159 0000 F2020000 		.4byte	0x2f2
 160 0004 0400     		.2byte	0x4
 161 0006 00000000 		.4byte	.Ldebug_abbrev0
 162 000a 04       		.byte	0x4
 163 000b 01       		.uleb128 0x1
 164 000c 25010000 		.4byte	.LASF30
 165 0010 01       		.byte	0x1
 166 0011 BD000000 		.4byte	.LASF31
 167 0015 00000000 		.4byte	.LASF32
 168 0019 00000000 		.4byte	.Ldebug_ranges0+0
 169 001d 00000000 		.4byte	0
 170 0021 00000000 		.4byte	.Ldebug_line0
 171 0025 02       		.uleb128 0x2
 172 0026 01       		.byte	0x1
 173 0027 06       		.byte	0x6
 174 0028 42020000 		.4byte	.LASF0
 175 002c 02       		.uleb128 0x2
 176 002d 01       		.byte	0x1
 177 002e 08       		.byte	0x8
 178 002f A8000000 		.4byte	.LASF1
 179 0033 02       		.uleb128 0x2
 180 0034 02       		.byte	0x2
 181 0035 05       		.byte	0x5
 182 0036 85000000 		.4byte	.LASF2
 183 003a 03       		.uleb128 0x3
 184 003b 0C010000 		.4byte	.LASF4
 185 003f 02       		.byte	0x2
 186 0040 2B       		.byte	0x2b
 187 0041 45000000 		.4byte	0x45
 188 0045 02       		.uleb128 0x2
 189 0046 02       		.byte	0x2
 190 0047 07       		.byte	0x7
 191 0048 5D000000 		.4byte	.LASF3
 192 004c 03       		.uleb128 0x3
 193 004d 53000000 		.4byte	.LASF5
 194 0051 02       		.byte	0x2
 195 0052 3F       		.byte	0x3f
 196 0053 57000000 		.4byte	0x57
 197 0057 02       		.uleb128 0x2
 198 0058 04       		.byte	0x4
 199 0059 05       		.byte	0x5
ARM GAS  C:\Users\dufma\AppData\Local\Temp\cc6FhCg2.s 			page 9


 200 005a 34020000 		.4byte	.LASF6
 201 005e 02       		.uleb128 0x2
 202 005f 04       		.byte	0x4
 203 0060 07       		.byte	0x7
 204 0061 CC000000 		.4byte	.LASF7
 205 0065 02       		.uleb128 0x2
 206 0066 08       		.byte	0x8
 207 0067 05       		.byte	0x5
 208 0068 11020000 		.4byte	.LASF8
 209 006c 02       		.uleb128 0x2
 210 006d 08       		.byte	0x8
 211 006e 07       		.byte	0x7
 212 006f C0010000 		.4byte	.LASF9
 213 0073 04       		.uleb128 0x4
 214 0074 04       		.byte	0x4
 215 0075 05       		.byte	0x5
 216 0076 696E7400 		.ascii	"int\000"
 217 007a 02       		.uleb128 0x2
 218 007b 04       		.byte	0x4
 219 007c 07       		.byte	0x7
 220 007d B3010000 		.4byte	.LASF10
 221 0081 03       		.uleb128 0x3
 222 0082 2B020000 		.4byte	.LASF11
 223 0086 03       		.byte	0x3
 224 0087 21       		.byte	0x21
 225 0088 3A000000 		.4byte	0x3a
 226 008c 03       		.uleb128 0x3
 227 008d 95000000 		.4byte	.LASF12
 228 0091 03       		.byte	0x3
 229 0092 2C       		.byte	0x2c
 230 0093 4C000000 		.4byte	0x4c
 231 0097 05       		.uleb128 0x5
 232 0098 8F000000 		.4byte	.LASF13
 233 009c 04       		.byte	0x4
 234 009d 3801     		.2byte	0x138
 235 009f 2C000000 		.4byte	0x2c
 236 00a3 05       		.uleb128 0x5
 237 00a4 1E010000 		.4byte	.LASF14
 238 00a8 04       		.byte	0x4
 239 00a9 3901     		.2byte	0x139
 240 00ab 45000000 		.4byte	0x45
 241 00af 05       		.uleb128 0x5
 242 00b0 C6000000 		.4byte	.LASF15
 243 00b4 04       		.byte	0x4
 244 00b5 3C01     		.2byte	0x13c
 245 00b7 33000000 		.4byte	0x33
 246 00bb 02       		.uleb128 0x2
 247 00bc 04       		.byte	0x4
 248 00bd 04       		.byte	0x4
 249 00be 9D000000 		.4byte	.LASF16
 250 00c2 02       		.uleb128 0x2
 251 00c3 08       		.byte	0x8
 252 00c4 04       		.byte	0x4
 253 00c5 17010000 		.4byte	.LASF17
 254 00c9 02       		.uleb128 0x2
 255 00ca 01       		.byte	0x1
 256 00cb 08       		.byte	0x8
ARM GAS  C:\Users\dufma\AppData\Local\Temp\cc6FhCg2.s 			page 10


 257 00cc 1F020000 		.4byte	.LASF18
 258 00d0 02       		.uleb128 0x2
 259 00d1 04       		.byte	0x4
 260 00d2 07       		.byte	0x7
 261 00d3 08020000 		.4byte	.LASF19
 262 00d7 06       		.uleb128 0x6
 263 00d8 04       		.byte	0x4
 264 00d9 C9000000 		.4byte	0xc9
 265 00dd 06       		.uleb128 0x6
 266 00de 04       		.byte	0x4
 267 00df E3000000 		.4byte	0xe3
 268 00e3 07       		.uleb128 0x7
 269 00e4 C9000000 		.4byte	0xc9
 270 00e8 08       		.uleb128 0x8
 271 00e9 43000000 		.4byte	.LASF20
 272 00ed 08       		.byte	0x8
 273 00ee 05       		.byte	0x5
 274 00ef 10       		.byte	0x10
 275 00f0 21010000 		.4byte	0x121
 276 00f4 09       		.uleb128 0x9
 277 00f5 6C6C00   		.ascii	"ll\000"
 278 00f8 05       		.byte	0x5
 279 00f9 11       		.byte	0x11
 280 00fa 81000000 		.4byte	0x81
 281 00fe 00       		.byte	0
 282 00ff 09       		.uleb128 0x9
 283 0100 6C7200   		.ascii	"lr\000"
 284 0103 05       		.byte	0x5
 285 0104 13       		.byte	0x13
 286 0105 81000000 		.4byte	0x81
 287 0109 02       		.byte	0x2
 288 010a 09       		.uleb128 0x9
 289 010b 726C00   		.ascii	"rl\000"
 290 010e 05       		.byte	0x5
 291 010f 14       		.byte	0x14
 292 0110 81000000 		.4byte	0x81
 293 0114 04       		.byte	0x4
 294 0115 09       		.uleb128 0x9
 295 0116 727200   		.ascii	"rr\000"
 296 0119 05       		.byte	0x5
 297 011a 16       		.byte	0x16
 298 011b 81000000 		.4byte	0x81
 299 011f 06       		.byte	0x6
 300 0120 00       		.byte	0
 301 0121 08       		.uleb128 0x8
 302 0122 DE000000 		.4byte	.LASF21
 303 0126 08       		.byte	0x8
 304 0127 05       		.byte	0x5
 305 0128 19       		.byte	0x19
 306 0129 5A010000 		.4byte	0x15a
 307 012d 09       		.uleb128 0x9
 308 012e 6C6C00   		.ascii	"ll\000"
 309 0131 05       		.byte	0x5
 310 0132 1A       		.byte	0x1a
 311 0133 81000000 		.4byte	0x81
 312 0137 00       		.byte	0
 313 0138 09       		.uleb128 0x9
ARM GAS  C:\Users\dufma\AppData\Local\Temp\cc6FhCg2.s 			page 11


 314 0139 6C7200   		.ascii	"lr\000"
 315 013c 05       		.byte	0x5
 316 013d 1C       		.byte	0x1c
 317 013e 81000000 		.4byte	0x81
 318 0142 02       		.byte	0x2
 319 0143 09       		.uleb128 0x9
 320 0144 726C00   		.ascii	"rl\000"
 321 0147 05       		.byte	0x5
 322 0148 1D       		.byte	0x1d
 323 0149 81000000 		.4byte	0x81
 324 014d 04       		.byte	0x4
 325 014e 09       		.uleb128 0x9
 326 014f 727200   		.ascii	"rr\000"
 327 0152 05       		.byte	0x5
 328 0153 1F       		.byte	0x1f
 329 0154 81000000 		.4byte	0x81
 330 0158 06       		.byte	0x6
 331 0159 00       		.byte	0
 332 015a 02       		.uleb128 0x2
 333 015b 08       		.byte	0x8
 334 015c 04       		.byte	0x4
 335 015d EF010000 		.4byte	.LASF22
 336 0161 0A       		.uleb128 0xa
 337 0162 EA010000 		.4byte	.LASF33
 338 0166 01       		.byte	0x1
 339 0167 1B       		.byte	0x1b
 340 0168 73000000 		.4byte	0x73
 341 016c 00000000 		.4byte	.LFB63
 342 0170 24000000 		.4byte	.LFE63-.LFB63
 343 0174 01       		.uleb128 0x1
 344 0175 9C       		.byte	0x9c
 345 0176 C6010000 		.4byte	0x1c6
 346 017a 0B       		.uleb128 0xb
 347 017b B6000000 		.4byte	.LASF23
 348 017f 01       		.byte	0x1
 349 0180 21       		.byte	0x21
 350 0181 7A000000 		.4byte	0x7a
 351 0185 00000000 		.4byte	.LLST0
 352 0189 0C       		.uleb128 0xc
 353 018a 08000000 		.4byte	.LVL0
 354 018e A1020000 		.4byte	0x2a1
 355 0192 0D       		.uleb128 0xd
 356 0193 0E000000 		.4byte	.LVL1
 357 0197 A8020000 		.4byte	0x2a8
 358 019b A9010000 		.4byte	0x1a9
 359 019f 0E       		.uleb128 0xe
 360 01a0 01       		.uleb128 0x1
 361 01a1 50       		.byte	0x50
 362 01a2 05       		.uleb128 0x5
 363 01a3 03       		.byte	0x3
 364 01a4 00000000 		.4byte	.LC0
 365 01a8 00       		.byte	0
 366 01a9 0C       		.uleb128 0xc
 367 01aa 12000000 		.4byte	.LVL2
 368 01ae C1020000 		.4byte	0x2c1
 369 01b2 0F       		.uleb128 0xf
 370 01b3 1A000000 		.4byte	.LVL5
ARM GAS  C:\Users\dufma\AppData\Local\Temp\cc6FhCg2.s 			page 12


 371 01b7 D2020000 		.4byte	0x2d2
 372 01bb 0E       		.uleb128 0xe
 373 01bc 01       		.uleb128 0x1
 374 01bd 50       		.byte	0x50
 375 01be 05       		.uleb128 0x5
 376 01bf 03       		.byte	0x3
 377 01c0 08000000 		.4byte	.LC1
 378 01c4 00       		.byte	0
 379 01c5 00       		.byte	0
 380 01c6 10       		.uleb128 0x10
 381 01c7 D7010000 		.4byte	.LASF24
 382 01cb 01       		.byte	0x1
 383 01cc D7       		.byte	0xd7
 384 01cd A3000000 		.4byte	0xa3
 385 01d1 00000000 		.4byte	.LFB64
 386 01d5 06000000 		.4byte	.LFE64-.LFB64
 387 01d9 01       		.uleb128 0x1
 388 01da 9C       		.byte	0x9c
 389 01db 07020000 		.4byte	0x207
 390 01df 11       		.uleb128 0x11
 391 01e0 4C00     		.ascii	"L\000"
 392 01e2 01       		.byte	0x1
 393 01e3 D7       		.byte	0xd7
 394 01e4 97000000 		.4byte	0x97
 395 01e8 1E000000 		.4byte	.LLST1
 396 01ec 12       		.uleb128 0x12
 397 01ed 4800     		.ascii	"H\000"
 398 01ef 01       		.byte	0x1
 399 01f0 D7       		.byte	0xd7
 400 01f1 97000000 		.4byte	0x97
 401 01f5 01       		.uleb128 0x1
 402 01f6 51       		.byte	0x51
 403 01f7 13       		.uleb128 0x13
 404 01f8 72617700 		.ascii	"raw\000"
 405 01fc 01       		.byte	0x1
 406 01fd D9       		.byte	0xd9
 407 01fe A3000000 		.4byte	0xa3
 408 0202 3F000000 		.4byte	.LLST2
 409 0206 00       		.byte	0
 410 0207 10       		.uleb128 0x10
 411 0208 E3010000 		.4byte	.LASF25
 412 020c 01       		.byte	0x1
 413 020d F5       		.byte	0xf5
 414 020e 73000000 		.4byte	0x73
 415 0212 00000000 		.4byte	.LFB65
 416 0216 1C000000 		.4byte	.LFE65-.LFB65
 417 021a 01       		.uleb128 0x1
 418 021b 9C       		.byte	0x9c
 419 021c 64020000 		.4byte	0x264
 420 0220 14       		.uleb128 0x14
 421 0221 A3000000 		.4byte	.LASF26
 422 0225 01       		.byte	0x1
 423 0226 F5       		.byte	0xf5
 424 0227 73000000 		.4byte	0x73
 425 022b 59000000 		.4byte	.LLST3
 426 022f 11       		.uleb128 0x11
 427 0230 70747200 		.ascii	"ptr\000"
ARM GAS  C:\Users\dufma\AppData\Local\Temp\cc6FhCg2.s 			page 13


 428 0234 01       		.byte	0x1
 429 0235 F5       		.byte	0xf5
 430 0236 D7000000 		.4byte	0xd7
 431 023a 7A000000 		.4byte	.LLST4
 432 023e 11       		.uleb128 0x11
 433 023f 6C656E00 		.ascii	"len\000"
 434 0243 01       		.byte	0x1
 435 0244 F5       		.byte	0xf5
 436 0245 73000000 		.4byte	0x73
 437 0249 A3000000 		.4byte	.LLST5
 438 024d 13       		.uleb128 0x13
 439 024e 6E00     		.ascii	"n\000"
 440 0250 01       		.byte	0x1
 441 0251 F8       		.byte	0xf8
 442 0252 73000000 		.4byte	0x73
 443 0256 C1000000 		.4byte	.LLST6
 444 025a 0C       		.uleb128 0xc
 445 025b 10000000 		.4byte	.LVL12
 446 025f E8020000 		.4byte	0x2e8
 447 0263 00       		.byte	0
 448 0264 15       		.uleb128 0x15
 449 0265 FF000000 		.4byte	.LASF27
 450 0269 06       		.byte	0x6
 451 026a 5506     		.2byte	0x655
 452 026c 70020000 		.4byte	0x270
 453 0270 16       		.uleb128 0x16
 454 0271 8C000000 		.4byte	0x8c
 455 0275 17       		.uleb128 0x17
 456 0276 5D020000 		.4byte	.LASF28
 457 027a 05       		.byte	0x5
 458 027b 17       		.byte	0x17
 459 027c 86020000 		.4byte	0x286
 460 0280 05       		.uleb128 0x5
 461 0281 03       		.byte	0x3
 462 0282 00000000 		.4byte	sensors
 463 0286 16       		.uleb128 0x16
 464 0287 E8000000 		.4byte	0xe8
 465 028b 17       		.uleb128 0x17
 466 028c 70000000 		.4byte	.LASF29
 467 0290 05       		.byte	0x5
 468 0291 20       		.byte	0x20
 469 0292 9C020000 		.4byte	0x29c
 470 0296 05       		.uleb128 0x5
 471 0297 03       		.byte	0x3
 472 0298 00000000 		.4byte	digital_sensor_value
 473 029c 16       		.uleb128 0x16
 474 029d 21010000 		.4byte	0x121
 475 02a1 18       		.uleb128 0x18
 476 02a2 F4000000 		.4byte	.LASF34
 477 02a6 07       		.byte	0x7
 478 02a7 54       		.byte	0x54
 479 02a8 19       		.uleb128 0x19
 480 02a9 4E020000 		.4byte	.LASF35
 481 02ad 08       		.byte	0x8
 482 02ae 00       		.byte	0
 483 02af 3D020000 		.4byte	.LASF36
 484 02b3 73000000 		.4byte	0x73
ARM GAS  C:\Users\dufma\AppData\Local\Temp\cc6FhCg2.s 			page 14


 485 02b7 C1020000 		.4byte	0x2c1
 486 02bb 1A       		.uleb128 0x1a
 487 02bc DD000000 		.4byte	0xdd
 488 02c0 00       		.byte	0
 489 02c1 1B       		.uleb128 0x1b
 490 02c2 4C000000 		.4byte	.LASF37
 491 02c6 09       		.byte	0x9
 492 02c7 16       		.byte	0x16
 493 02c8 73000000 		.4byte	0x73
 494 02cc D2020000 		.4byte	0x2d2
 495 02d0 1C       		.uleb128 0x1c
 496 02d1 00       		.byte	0
 497 02d2 1D       		.uleb128 0x1d
 498 02d3 24020000 		.4byte	.LASF38
 499 02d7 0A       		.byte	0xa
 500 02d8 B2       		.byte	0xb2
 501 02d9 73000000 		.4byte	0x73
 502 02dd E8020000 		.4byte	0x2e8
 503 02e1 1A       		.uleb128 0x1a
 504 02e2 DD000000 		.4byte	0xdd
 505 02e6 1C       		.uleb128 0x1c
 506 02e7 00       		.byte	0
 507 02e8 1E       		.uleb128 0x1e
 508 02e9 FB010000 		.4byte	.LASF39
 509 02ed 07       		.byte	0x7
 510 02ee 8A       		.byte	0x8a
 511 02ef 1A       		.uleb128 0x1a
 512 02f0 97000000 		.4byte	0x97
 513 02f4 00       		.byte	0
 514 02f5 00       		.byte	0
 515              		.section	.debug_abbrev,"",%progbits
 516              	.Ldebug_abbrev0:
 517 0000 01       		.uleb128 0x1
 518 0001 11       		.uleb128 0x11
 519 0002 01       		.byte	0x1
 520 0003 25       		.uleb128 0x25
 521 0004 0E       		.uleb128 0xe
 522 0005 13       		.uleb128 0x13
 523 0006 0B       		.uleb128 0xb
 524 0007 03       		.uleb128 0x3
 525 0008 0E       		.uleb128 0xe
 526 0009 1B       		.uleb128 0x1b
 527 000a 0E       		.uleb128 0xe
 528 000b 55       		.uleb128 0x55
 529 000c 17       		.uleb128 0x17
 530 000d 11       		.uleb128 0x11
 531 000e 01       		.uleb128 0x1
 532 000f 10       		.uleb128 0x10
 533 0010 17       		.uleb128 0x17
 534 0011 00       		.byte	0
 535 0012 00       		.byte	0
 536 0013 02       		.uleb128 0x2
 537 0014 24       		.uleb128 0x24
 538 0015 00       		.byte	0
 539 0016 0B       		.uleb128 0xb
 540 0017 0B       		.uleb128 0xb
 541 0018 3E       		.uleb128 0x3e
ARM GAS  C:\Users\dufma\AppData\Local\Temp\cc6FhCg2.s 			page 15


 542 0019 0B       		.uleb128 0xb
 543 001a 03       		.uleb128 0x3
 544 001b 0E       		.uleb128 0xe
 545 001c 00       		.byte	0
 546 001d 00       		.byte	0
 547 001e 03       		.uleb128 0x3
 548 001f 16       		.uleb128 0x16
 549 0020 00       		.byte	0
 550 0021 03       		.uleb128 0x3
 551 0022 0E       		.uleb128 0xe
 552 0023 3A       		.uleb128 0x3a
 553 0024 0B       		.uleb128 0xb
 554 0025 3B       		.uleb128 0x3b
 555 0026 0B       		.uleb128 0xb
 556 0027 49       		.uleb128 0x49
 557 0028 13       		.uleb128 0x13
 558 0029 00       		.byte	0
 559 002a 00       		.byte	0
 560 002b 04       		.uleb128 0x4
 561 002c 24       		.uleb128 0x24
 562 002d 00       		.byte	0
 563 002e 0B       		.uleb128 0xb
 564 002f 0B       		.uleb128 0xb
 565 0030 3E       		.uleb128 0x3e
 566 0031 0B       		.uleb128 0xb
 567 0032 03       		.uleb128 0x3
 568 0033 08       		.uleb128 0x8
 569 0034 00       		.byte	0
 570 0035 00       		.byte	0
 571 0036 05       		.uleb128 0x5
 572 0037 16       		.uleb128 0x16
 573 0038 00       		.byte	0
 574 0039 03       		.uleb128 0x3
 575 003a 0E       		.uleb128 0xe
 576 003b 3A       		.uleb128 0x3a
 577 003c 0B       		.uleb128 0xb
 578 003d 3B       		.uleb128 0x3b
 579 003e 05       		.uleb128 0x5
 580 003f 49       		.uleb128 0x49
 581 0040 13       		.uleb128 0x13
 582 0041 00       		.byte	0
 583 0042 00       		.byte	0
 584 0043 06       		.uleb128 0x6
 585 0044 0F       		.uleb128 0xf
 586 0045 00       		.byte	0
 587 0046 0B       		.uleb128 0xb
 588 0047 0B       		.uleb128 0xb
 589 0048 49       		.uleb128 0x49
 590 0049 13       		.uleb128 0x13
 591 004a 00       		.byte	0
 592 004b 00       		.byte	0
 593 004c 07       		.uleb128 0x7
 594 004d 26       		.uleb128 0x26
 595 004e 00       		.byte	0
 596 004f 49       		.uleb128 0x49
 597 0050 13       		.uleb128 0x13
 598 0051 00       		.byte	0
ARM GAS  C:\Users\dufma\AppData\Local\Temp\cc6FhCg2.s 			page 16


 599 0052 00       		.byte	0
 600 0053 08       		.uleb128 0x8
 601 0054 13       		.uleb128 0x13
 602 0055 01       		.byte	0x1
 603 0056 03       		.uleb128 0x3
 604 0057 0E       		.uleb128 0xe
 605 0058 0B       		.uleb128 0xb
 606 0059 0B       		.uleb128 0xb
 607 005a 3A       		.uleb128 0x3a
 608 005b 0B       		.uleb128 0xb
 609 005c 3B       		.uleb128 0x3b
 610 005d 0B       		.uleb128 0xb
 611 005e 01       		.uleb128 0x1
 612 005f 13       		.uleb128 0x13
 613 0060 00       		.byte	0
 614 0061 00       		.byte	0
 615 0062 09       		.uleb128 0x9
 616 0063 0D       		.uleb128 0xd
 617 0064 00       		.byte	0
 618 0065 03       		.uleb128 0x3
 619 0066 08       		.uleb128 0x8
 620 0067 3A       		.uleb128 0x3a
 621 0068 0B       		.uleb128 0xb
 622 0069 3B       		.uleb128 0x3b
 623 006a 0B       		.uleb128 0xb
 624 006b 49       		.uleb128 0x49
 625 006c 13       		.uleb128 0x13
 626 006d 38       		.uleb128 0x38
 627 006e 0B       		.uleb128 0xb
 628 006f 00       		.byte	0
 629 0070 00       		.byte	0
 630 0071 0A       		.uleb128 0xa
 631 0072 2E       		.uleb128 0x2e
 632 0073 01       		.byte	0x1
 633 0074 3F       		.uleb128 0x3f
 634 0075 19       		.uleb128 0x19
 635 0076 03       		.uleb128 0x3
 636 0077 0E       		.uleb128 0xe
 637 0078 3A       		.uleb128 0x3a
 638 0079 0B       		.uleb128 0xb
 639 007a 3B       		.uleb128 0x3b
 640 007b 0B       		.uleb128 0xb
 641 007c 49       		.uleb128 0x49
 642 007d 13       		.uleb128 0x13
 643 007e 11       		.uleb128 0x11
 644 007f 01       		.uleb128 0x1
 645 0080 12       		.uleb128 0x12
 646 0081 06       		.uleb128 0x6
 647 0082 40       		.uleb128 0x40
 648 0083 18       		.uleb128 0x18
 649 0084 9742     		.uleb128 0x2117
 650 0086 19       		.uleb128 0x19
 651 0087 01       		.uleb128 0x1
 652 0088 13       		.uleb128 0x13
 653 0089 00       		.byte	0
 654 008a 00       		.byte	0
 655 008b 0B       		.uleb128 0xb
ARM GAS  C:\Users\dufma\AppData\Local\Temp\cc6FhCg2.s 			page 17


 656 008c 34       		.uleb128 0x34
 657 008d 00       		.byte	0
 658 008e 03       		.uleb128 0x3
 659 008f 0E       		.uleb128 0xe
 660 0090 3A       		.uleb128 0x3a
 661 0091 0B       		.uleb128 0xb
 662 0092 3B       		.uleb128 0x3b
 663 0093 0B       		.uleb128 0xb
 664 0094 49       		.uleb128 0x49
 665 0095 13       		.uleb128 0x13
 666 0096 02       		.uleb128 0x2
 667 0097 17       		.uleb128 0x17
 668 0098 00       		.byte	0
 669 0099 00       		.byte	0
 670 009a 0C       		.uleb128 0xc
 671 009b 898201   		.uleb128 0x4109
 672 009e 00       		.byte	0
 673 009f 11       		.uleb128 0x11
 674 00a0 01       		.uleb128 0x1
 675 00a1 31       		.uleb128 0x31
 676 00a2 13       		.uleb128 0x13
 677 00a3 00       		.byte	0
 678 00a4 00       		.byte	0
 679 00a5 0D       		.uleb128 0xd
 680 00a6 898201   		.uleb128 0x4109
 681 00a9 01       		.byte	0x1
 682 00aa 11       		.uleb128 0x11
 683 00ab 01       		.uleb128 0x1
 684 00ac 31       		.uleb128 0x31
 685 00ad 13       		.uleb128 0x13
 686 00ae 01       		.uleb128 0x1
 687 00af 13       		.uleb128 0x13
 688 00b0 00       		.byte	0
 689 00b1 00       		.byte	0
 690 00b2 0E       		.uleb128 0xe
 691 00b3 8A8201   		.uleb128 0x410a
 692 00b6 00       		.byte	0
 693 00b7 02       		.uleb128 0x2
 694 00b8 18       		.uleb128 0x18
 695 00b9 9142     		.uleb128 0x2111
 696 00bb 18       		.uleb128 0x18
 697 00bc 00       		.byte	0
 698 00bd 00       		.byte	0
 699 00be 0F       		.uleb128 0xf
 700 00bf 898201   		.uleb128 0x4109
 701 00c2 01       		.byte	0x1
 702 00c3 11       		.uleb128 0x11
 703 00c4 01       		.uleb128 0x1
 704 00c5 31       		.uleb128 0x31
 705 00c6 13       		.uleb128 0x13
 706 00c7 00       		.byte	0
 707 00c8 00       		.byte	0
 708 00c9 10       		.uleb128 0x10
 709 00ca 2E       		.uleb128 0x2e
 710 00cb 01       		.byte	0x1
 711 00cc 3F       		.uleb128 0x3f
 712 00cd 19       		.uleb128 0x19
ARM GAS  C:\Users\dufma\AppData\Local\Temp\cc6FhCg2.s 			page 18


 713 00ce 03       		.uleb128 0x3
 714 00cf 0E       		.uleb128 0xe
 715 00d0 3A       		.uleb128 0x3a
 716 00d1 0B       		.uleb128 0xb
 717 00d2 3B       		.uleb128 0x3b
 718 00d3 0B       		.uleb128 0xb
 719 00d4 27       		.uleb128 0x27
 720 00d5 19       		.uleb128 0x19
 721 00d6 49       		.uleb128 0x49
 722 00d7 13       		.uleb128 0x13
 723 00d8 11       		.uleb128 0x11
 724 00d9 01       		.uleb128 0x1
 725 00da 12       		.uleb128 0x12
 726 00db 06       		.uleb128 0x6
 727 00dc 40       		.uleb128 0x40
 728 00dd 18       		.uleb128 0x18
 729 00de 9742     		.uleb128 0x2117
 730 00e0 19       		.uleb128 0x19
 731 00e1 01       		.uleb128 0x1
 732 00e2 13       		.uleb128 0x13
 733 00e3 00       		.byte	0
 734 00e4 00       		.byte	0
 735 00e5 11       		.uleb128 0x11
 736 00e6 05       		.uleb128 0x5
 737 00e7 00       		.byte	0
 738 00e8 03       		.uleb128 0x3
 739 00e9 08       		.uleb128 0x8
 740 00ea 3A       		.uleb128 0x3a
 741 00eb 0B       		.uleb128 0xb
 742 00ec 3B       		.uleb128 0x3b
 743 00ed 0B       		.uleb128 0xb
 744 00ee 49       		.uleb128 0x49
 745 00ef 13       		.uleb128 0x13
 746 00f0 02       		.uleb128 0x2
 747 00f1 17       		.uleb128 0x17
 748 00f2 00       		.byte	0
 749 00f3 00       		.byte	0
 750 00f4 12       		.uleb128 0x12
 751 00f5 05       		.uleb128 0x5
 752 00f6 00       		.byte	0
 753 00f7 03       		.uleb128 0x3
 754 00f8 08       		.uleb128 0x8
 755 00f9 3A       		.uleb128 0x3a
 756 00fa 0B       		.uleb128 0xb
 757 00fb 3B       		.uleb128 0x3b
 758 00fc 0B       		.uleb128 0xb
 759 00fd 49       		.uleb128 0x49
 760 00fe 13       		.uleb128 0x13
 761 00ff 02       		.uleb128 0x2
 762 0100 18       		.uleb128 0x18
 763 0101 00       		.byte	0
 764 0102 00       		.byte	0
 765 0103 13       		.uleb128 0x13
 766 0104 34       		.uleb128 0x34
 767 0105 00       		.byte	0
 768 0106 03       		.uleb128 0x3
 769 0107 08       		.uleb128 0x8
ARM GAS  C:\Users\dufma\AppData\Local\Temp\cc6FhCg2.s 			page 19


 770 0108 3A       		.uleb128 0x3a
 771 0109 0B       		.uleb128 0xb
 772 010a 3B       		.uleb128 0x3b
 773 010b 0B       		.uleb128 0xb
 774 010c 49       		.uleb128 0x49
 775 010d 13       		.uleb128 0x13
 776 010e 02       		.uleb128 0x2
 777 010f 17       		.uleb128 0x17
 778 0110 00       		.byte	0
 779 0111 00       		.byte	0
 780 0112 14       		.uleb128 0x14
 781 0113 05       		.uleb128 0x5
 782 0114 00       		.byte	0
 783 0115 03       		.uleb128 0x3
 784 0116 0E       		.uleb128 0xe
 785 0117 3A       		.uleb128 0x3a
 786 0118 0B       		.uleb128 0xb
 787 0119 3B       		.uleb128 0x3b
 788 011a 0B       		.uleb128 0xb
 789 011b 49       		.uleb128 0x49
 790 011c 13       		.uleb128 0x13
 791 011d 02       		.uleb128 0x2
 792 011e 17       		.uleb128 0x17
 793 011f 00       		.byte	0
 794 0120 00       		.byte	0
 795 0121 15       		.uleb128 0x15
 796 0122 34       		.uleb128 0x34
 797 0123 00       		.byte	0
 798 0124 03       		.uleb128 0x3
 799 0125 0E       		.uleb128 0xe
 800 0126 3A       		.uleb128 0x3a
 801 0127 0B       		.uleb128 0xb
 802 0128 3B       		.uleb128 0x3b
 803 0129 05       		.uleb128 0x5
 804 012a 49       		.uleb128 0x49
 805 012b 13       		.uleb128 0x13
 806 012c 3F       		.uleb128 0x3f
 807 012d 19       		.uleb128 0x19
 808 012e 3C       		.uleb128 0x3c
 809 012f 19       		.uleb128 0x19
 810 0130 00       		.byte	0
 811 0131 00       		.byte	0
 812 0132 16       		.uleb128 0x16
 813 0133 35       		.uleb128 0x35
 814 0134 00       		.byte	0
 815 0135 49       		.uleb128 0x49
 816 0136 13       		.uleb128 0x13
 817 0137 00       		.byte	0
 818 0138 00       		.byte	0
 819 0139 17       		.uleb128 0x17
 820 013a 34       		.uleb128 0x34
 821 013b 00       		.byte	0
 822 013c 03       		.uleb128 0x3
 823 013d 0E       		.uleb128 0xe
 824 013e 3A       		.uleb128 0x3a
 825 013f 0B       		.uleb128 0xb
 826 0140 3B       		.uleb128 0x3b
ARM GAS  C:\Users\dufma\AppData\Local\Temp\cc6FhCg2.s 			page 20


 827 0141 0B       		.uleb128 0xb
 828 0142 49       		.uleb128 0x49
 829 0143 13       		.uleb128 0x13
 830 0144 3F       		.uleb128 0x3f
 831 0145 19       		.uleb128 0x19
 832 0146 02       		.uleb128 0x2
 833 0147 18       		.uleb128 0x18
 834 0148 00       		.byte	0
 835 0149 00       		.byte	0
 836 014a 18       		.uleb128 0x18
 837 014b 2E       		.uleb128 0x2e
 838 014c 00       		.byte	0
 839 014d 3F       		.uleb128 0x3f
 840 014e 19       		.uleb128 0x19
 841 014f 03       		.uleb128 0x3
 842 0150 0E       		.uleb128 0xe
 843 0151 3A       		.uleb128 0x3a
 844 0152 0B       		.uleb128 0xb
 845 0153 3B       		.uleb128 0x3b
 846 0154 0B       		.uleb128 0xb
 847 0155 27       		.uleb128 0x27
 848 0156 19       		.uleb128 0x19
 849 0157 3C       		.uleb128 0x3c
 850 0158 19       		.uleb128 0x19
 851 0159 00       		.byte	0
 852 015a 00       		.byte	0
 853 015b 19       		.uleb128 0x19
 854 015c 2E       		.uleb128 0x2e
 855 015d 01       		.byte	0x1
 856 015e 3F       		.uleb128 0x3f
 857 015f 19       		.uleb128 0x19
 858 0160 03       		.uleb128 0x3
 859 0161 0E       		.uleb128 0xe
 860 0162 3A       		.uleb128 0x3a
 861 0163 0B       		.uleb128 0xb
 862 0164 3B       		.uleb128 0x3b
 863 0165 0B       		.uleb128 0xb
 864 0166 6E       		.uleb128 0x6e
 865 0167 0E       		.uleb128 0xe
 866 0168 27       		.uleb128 0x27
 867 0169 19       		.uleb128 0x19
 868 016a 49       		.uleb128 0x49
 869 016b 13       		.uleb128 0x13
 870 016c 3C       		.uleb128 0x3c
 871 016d 19       		.uleb128 0x19
 872 016e 01       		.uleb128 0x1
 873 016f 13       		.uleb128 0x13
 874 0170 00       		.byte	0
 875 0171 00       		.byte	0
 876 0172 1A       		.uleb128 0x1a
 877 0173 05       		.uleb128 0x5
 878 0174 00       		.byte	0
 879 0175 49       		.uleb128 0x49
 880 0176 13       		.uleb128 0x13
 881 0177 00       		.byte	0
 882 0178 00       		.byte	0
 883 0179 1B       		.uleb128 0x1b
ARM GAS  C:\Users\dufma\AppData\Local\Temp\cc6FhCg2.s 			page 21


 884 017a 2E       		.uleb128 0x2e
 885 017b 01       		.byte	0x1
 886 017c 3F       		.uleb128 0x3f
 887 017d 19       		.uleb128 0x19
 888 017e 03       		.uleb128 0x3
 889 017f 0E       		.uleb128 0xe
 890 0180 3A       		.uleb128 0x3a
 891 0181 0B       		.uleb128 0xb
 892 0182 3B       		.uleb128 0x3b
 893 0183 0B       		.uleb128 0xb
 894 0184 49       		.uleb128 0x49
 895 0185 13       		.uleb128 0x13
 896 0186 3C       		.uleb128 0x3c
 897 0187 19       		.uleb128 0x19
 898 0188 01       		.uleb128 0x1
 899 0189 13       		.uleb128 0x13
 900 018a 00       		.byte	0
 901 018b 00       		.byte	0
 902 018c 1C       		.uleb128 0x1c
 903 018d 18       		.uleb128 0x18
 904 018e 00       		.byte	0
 905 018f 00       		.byte	0
 906 0190 00       		.byte	0
 907 0191 1D       		.uleb128 0x1d
 908 0192 2E       		.uleb128 0x2e
 909 0193 01       		.byte	0x1
 910 0194 3F       		.uleb128 0x3f
 911 0195 19       		.uleb128 0x19
 912 0196 03       		.uleb128 0x3
 913 0197 0E       		.uleb128 0xe
 914 0198 3A       		.uleb128 0x3a
 915 0199 0B       		.uleb128 0xb
 916 019a 3B       		.uleb128 0x3b
 917 019b 0B       		.uleb128 0xb
 918 019c 27       		.uleb128 0x27
 919 019d 19       		.uleb128 0x19
 920 019e 49       		.uleb128 0x49
 921 019f 13       		.uleb128 0x13
 922 01a0 3C       		.uleb128 0x3c
 923 01a1 19       		.uleb128 0x19
 924 01a2 01       		.uleb128 0x1
 925 01a3 13       		.uleb128 0x13
 926 01a4 00       		.byte	0
 927 01a5 00       		.byte	0
 928 01a6 1E       		.uleb128 0x1e
 929 01a7 2E       		.uleb128 0x2e
 930 01a8 01       		.byte	0x1
 931 01a9 3F       		.uleb128 0x3f
 932 01aa 19       		.uleb128 0x19
 933 01ab 03       		.uleb128 0x3
 934 01ac 0E       		.uleb128 0xe
 935 01ad 3A       		.uleb128 0x3a
 936 01ae 0B       		.uleb128 0xb
 937 01af 3B       		.uleb128 0x3b
 938 01b0 0B       		.uleb128 0xb
 939 01b1 27       		.uleb128 0x27
 940 01b2 19       		.uleb128 0x19
ARM GAS  C:\Users\dufma\AppData\Local\Temp\cc6FhCg2.s 			page 22


 941 01b3 3C       		.uleb128 0x3c
 942 01b4 19       		.uleb128 0x19
 943 01b5 00       		.byte	0
 944 01b6 00       		.byte	0
 945 01b7 00       		.byte	0
 946              		.section	.debug_loc,"",%progbits
 947              	.Ldebug_loc0:
 948              	.LLST0:
 949 0000 14000000 		.4byte	.LVL3
 950 0004 16000000 		.4byte	.LVL4
 951 0008 0100     		.2byte	0x1
 952 000a 50       		.byte	0x50
 953 000b 16000000 		.4byte	.LVL4
 954 000f 19000000 		.4byte	.LVL5-1
 955 0013 0100     		.2byte	0x1
 956 0015 51       		.byte	0x51
 957 0016 00000000 		.4byte	0
 958 001a 00000000 		.4byte	0
 959              	.LLST1:
 960 001e 00000000 		.4byte	.LVL6
 961 0022 04000000 		.4byte	.LVL7
 962 0026 0100     		.2byte	0x1
 963 0028 50       		.byte	0x50
 964 0029 04000000 		.4byte	.LVL7
 965 002d 06000000 		.4byte	.LFE64
 966 0031 0400     		.2byte	0x4
 967 0033 F3       		.byte	0xf3
 968 0034 01       		.uleb128 0x1
 969 0035 50       		.byte	0x50
 970 0036 9F       		.byte	0x9f
 971 0037 00000000 		.4byte	0
 972 003b 00000000 		.4byte	0
 973              	.LLST2:
 974 003f 00000000 		.4byte	.LVL6
 975 0043 04000000 		.4byte	.LVL7
 976 0047 0800     		.2byte	0x8
 977 0049 71       		.byte	0x71
 978 004a 00       		.sleb128 0
 979 004b 38       		.byte	0x38
 980 004c 24       		.byte	0x24
 981 004d 70       		.byte	0x70
 982 004e 00       		.sleb128 0
 983 004f 21       		.byte	0x21
 984 0050 9F       		.byte	0x9f
 985 0051 00000000 		.4byte	0
 986 0055 00000000 		.4byte	0
 987              	.LLST3:
 988 0059 00000000 		.4byte	.LVL8
 989 005d 08000000 		.4byte	.LVL10
 990 0061 0100     		.2byte	0x1
 991 0063 50       		.byte	0x50
 992 0064 08000000 		.4byte	.LVL10
 993 0068 1C000000 		.4byte	.LFE65
 994 006c 0400     		.2byte	0x4
 995 006e F3       		.byte	0xf3
 996 006f 01       		.uleb128 0x1
 997 0070 50       		.byte	0x50
ARM GAS  C:\Users\dufma\AppData\Local\Temp\cc6FhCg2.s 			page 23


 998 0071 9F       		.byte	0x9f
 999 0072 00000000 		.4byte	0
 1000 0076 00000000 		.4byte	0
 1001              	.LLST4:
 1002 007a 00000000 		.4byte	.LVL8
 1003 007e 0A000000 		.4byte	.LVL11
 1004 0082 0100     		.2byte	0x1
 1005 0084 51       		.byte	0x51
 1006 0085 0A000000 		.4byte	.LVL11
 1007 0089 14000000 		.4byte	.LVL14
 1008 008d 0100     		.2byte	0x1
 1009 008f 55       		.byte	0x55
 1010 0090 14000000 		.4byte	.LVL14
 1011 0094 1C000000 		.4byte	.LFE65
 1012 0098 0100     		.2byte	0x1
 1013 009a 51       		.byte	0x51
 1014 009b 00000000 		.4byte	0
 1015 009f 00000000 		.4byte	0
 1016              	.LLST5:
 1017 00a3 00000000 		.4byte	.LVL8
 1018 00a7 08000000 		.4byte	.LVL10
 1019 00ab 0100     		.2byte	0x1
 1020 00ad 52       		.byte	0x52
 1021 00ae 08000000 		.4byte	.LVL10
 1022 00b2 1C000000 		.4byte	.LFE65
 1023 00b6 0100     		.2byte	0x1
 1024 00b8 56       		.byte	0x56
 1025 00b9 00000000 		.4byte	0
 1026 00bd 00000000 		.4byte	0
 1027              	.LLST6:
 1028 00c1 04000000 		.4byte	.LVL9
 1029 00c5 08000000 		.4byte	.LVL10
 1030 00c9 0200     		.2byte	0x2
 1031 00cb 30       		.byte	0x30
 1032 00cc 9F       		.byte	0x9f
 1033 00cd 08000000 		.4byte	.LVL10
 1034 00d1 1C000000 		.4byte	.LFE65
 1035 00d5 0100     		.2byte	0x1
 1036 00d7 54       		.byte	0x54
 1037 00d8 00000000 		.4byte	0
 1038 00dc 00000000 		.4byte	0
 1039              		.section	.debug_aranges,"",%progbits
 1040 0000 2C000000 		.4byte	0x2c
 1041 0004 0200     		.2byte	0x2
 1042 0006 00000000 		.4byte	.Ldebug_info0
 1043 000a 04       		.byte	0x4
 1044 000b 00       		.byte	0
 1045 000c 0000     		.2byte	0
 1046 000e 0000     		.2byte	0
 1047 0010 00000000 		.4byte	.LFB63
 1048 0014 24000000 		.4byte	.LFE63-.LFB63
 1049 0018 00000000 		.4byte	.LFB64
 1050 001c 06000000 		.4byte	.LFE64-.LFB64
 1051 0020 00000000 		.4byte	.LFB65
 1052 0024 1C000000 		.4byte	.LFE65-.LFB65
 1053 0028 00000000 		.4byte	0
 1054 002c 00000000 		.4byte	0
ARM GAS  C:\Users\dufma\AppData\Local\Temp\cc6FhCg2.s 			page 24


 1055              		.section	.debug_ranges,"",%progbits
 1056              	.Ldebug_ranges0:
 1057 0000 00000000 		.4byte	.LFB63
 1058 0004 24000000 		.4byte	.LFE63
 1059 0008 00000000 		.4byte	.LFB64
 1060 000c 06000000 		.4byte	.LFE64
 1061 0010 00000000 		.4byte	.LFB65
 1062 0014 1C000000 		.4byte	.LFE65
 1063 0018 00000000 		.4byte	0
 1064 001c 00000000 		.4byte	0
 1065              		.section	.debug_line,"",%progbits
 1066              	.Ldebug_line0:
 1067 0000 E7010000 		.section	.debug_str,"MS",%progbits,1
 1067      02008901 
 1067      00000201 
 1067      FB0E0D00 
 1067      01010101 
 1068              	.LASF32:
 1069 0000 433A5C55 		.ascii	"C:\\Users\\dufma\\Desktop\\Project\\Zumo-PSoC\\Zumo"
 1069      73657273 
 1069      5C647566 
 1069      6D615C44 
 1069      65736B74 
 1070 002d 426F745F 		.ascii	"Bot_Lib_IR_Copy.cydsn\000"
 1070      4C69625F 
 1070      49525F43 
 1070      6F70792E 
 1070      63796473 
 1071              	.LASF20:
 1072 0043 73656E73 		.ascii	"sensors_\000"
 1072      6F72735F 
 1072      00
 1073              	.LASF37:
 1074 004c 6765745F 		.ascii	"get_IR\000"
 1074      495200
 1075              	.LASF5:
 1076 0053 5F5F696E 		.ascii	"__int32_t\000"
 1076      7433325F 
 1076      7400
 1077              	.LASF3:
 1078 005d 73686F72 		.ascii	"short unsigned int\000"
 1078      7420756E 
 1078      7369676E 
 1078      65642069 
 1078      6E7400
 1079              	.LASF29:
 1080 0070 64696769 		.ascii	"digital_sensor_value\000"
 1080      74616C5F 
 1080      73656E73 
 1080      6F725F76 
 1080      616C7565 
 1081              	.LASF2:
 1082 0085 73686F72 		.ascii	"short int\000"
 1082      7420696E 
 1082      7400
 1083              	.LASF13:
 1084 008f 75696E74 		.ascii	"uint8\000"
ARM GAS  C:\Users\dufma\AppData\Local\Temp\cc6FhCg2.s 			page 25


 1084      3800
 1085              	.LASF12:
 1086 0095 696E7433 		.ascii	"int32_t\000"
 1086      325F7400 
 1087              	.LASF16:
 1088 009d 666C6F61 		.ascii	"float\000"
 1088      7400
 1089              	.LASF26:
 1090 00a3 66696C65 		.ascii	"file\000"
 1090      00
 1091              	.LASF1:
 1092 00a8 756E7369 		.ascii	"unsigned char\000"
 1092      676E6564 
 1092      20636861 
 1092      7200
 1093              	.LASF23:
 1094 00b6 49525F76 		.ascii	"IR_val\000"
 1094      616C00
 1095              	.LASF31:
 1096 00bd 2E5C6D61 		.ascii	".\\main.c\000"
 1096      696E2E63 
 1096      00
 1097              	.LASF15:
 1098 00c6 696E7431 		.ascii	"int16\000"
 1098      3600
 1099              	.LASF7:
 1100 00cc 6C6F6E67 		.ascii	"long unsigned int\000"
 1100      20756E73 
 1100      69676E65 
 1100      6420696E 
 1100      7400
 1101              	.LASF21:
 1102 00de 64696769 		.ascii	"digital_sensor_value_\000"
 1102      74616C5F 
 1102      73656E73 
 1102      6F725F76 
 1102      616C7565 
 1103              	.LASF34:
 1104 00f4 55415254 		.ascii	"UART_Start\000"
 1104      5F537461 
 1104      727400
 1105              	.LASF27:
 1106 00ff 49544D5F 		.ascii	"ITM_RxBuffer\000"
 1106      52784275 
 1106      66666572 
 1106      00
 1107              	.LASF4:
 1108 010c 5F5F7569 		.ascii	"__uint16_t\000"
 1108      6E743136 
 1108      5F7400
 1109              	.LASF17:
 1110 0117 646F7562 		.ascii	"double\000"
 1110      6C6500
 1111              	.LASF14:
 1112 011e 75696E74 		.ascii	"uint16\000"
 1112      313600
 1113              	.LASF30:
ARM GAS  C:\Users\dufma\AppData\Local\Temp\cc6FhCg2.s 			page 26


 1114 0125 474E5520 		.ascii	"GNU C 4.9.3 20150303 (release) [ARM/embedded-4_9-br"
 1114      4320342E 
 1114      392E3320 
 1114      32303135 
 1114      30333033 
 1115 0158 616E6368 		.ascii	"anch revision 221220] -mcpu=cortex-m3 -mthumb -g -O"
 1115      20726576 
 1115      6973696F 
 1115      6E203232 
 1115      31323230 
 1116 018b 67202D66 		.ascii	"g -ffunction-sections -ffat-lto-objects\000"
 1116      66756E63 
 1116      74696F6E 
 1116      2D736563 
 1116      74696F6E 
 1117              	.LASF10:
 1118 01b3 756E7369 		.ascii	"unsigned int\000"
 1118      676E6564 
 1118      20696E74 
 1118      00
 1119              	.LASF9:
 1120 01c0 6C6F6E67 		.ascii	"long long unsigned int\000"
 1120      206C6F6E 
 1120      6720756E 
 1120      7369676E 
 1120      65642069 
 1121              	.LASF24:
 1122 01d7 636F6E76 		.ascii	"convert_raw\000"
 1122      6572745F 
 1122      72617700 
 1123              	.LASF25:
 1124 01e3 5F777269 		.ascii	"_write\000"
 1124      746500
 1125              	.LASF33:
 1126 01ea 6D61696E 		.ascii	"main\000"
 1126      00
 1127              	.LASF22:
 1128 01ef 6C6F6E67 		.ascii	"long double\000"
 1128      20646F75 
 1128      626C6500 
 1129              	.LASF39:
 1130 01fb 55415254 		.ascii	"UART_PutChar\000"
 1130      5F507574 
 1130      43686172 
 1130      00
 1131              	.LASF19:
 1132 0208 73697A65 		.ascii	"sizetype\000"
 1132      74797065 
 1132      00
 1133              	.LASF8:
 1134 0211 6C6F6E67 		.ascii	"long long int\000"
 1134      206C6F6E 
 1134      6720696E 
 1134      7400
 1135              	.LASF18:
 1136 021f 63686172 		.ascii	"char\000"
 1136      00
ARM GAS  C:\Users\dufma\AppData\Local\Temp\cc6FhCg2.s 			page 27


 1137              	.LASF38:
 1138 0224 7072696E 		.ascii	"printf\000"
 1138      746600
 1139              	.LASF11:
 1140 022b 75696E74 		.ascii	"uint16_t\000"
 1140      31365F74 
 1140      00
 1141              	.LASF6:
 1142 0234 6C6F6E67 		.ascii	"long int\000"
 1142      20696E74 
 1142      00
 1143              	.LASF36:
 1144 023d 70757473 		.ascii	"puts\000"
 1144      00
 1145              	.LASF0:
 1146 0242 7369676E 		.ascii	"signed char\000"
 1146      65642063 
 1146      68617200 
 1147              	.LASF35:
 1148 024e 5F5F6275 		.ascii	"__builtin_puts\000"
 1148      696C7469 
 1148      6E5F7075 
 1148      747300
 1149              	.LASF28:
 1150 025d 73656E73 		.ascii	"sensors\000"
 1150      6F727300 
 1151              		.ident	"GCC: (GNU Tools for ARM Embedded Processors) 4.9.3 20150303 (release) [ARM/embedded-4_9-br
