ARM GAS  C:\Users\dufma\AppData\Local\Temp\ccVG3Aoe.s 			page 1


   1              		.syntax unified
   2              		.cpu cortex-m3
   3              		.fpu softvfp
   4              		.eabi_attribute 20, 1
   5              		.eabi_attribute 21, 1
   6              		.eabi_attribute 23, 3
   7              		.eabi_attribute 24, 1
   8              		.eabi_attribute 25, 1
   9              		.eabi_attribute 26, 1
  10              		.eabi_attribute 30, 1
  11              		.eabi_attribute 34, 1
  12              		.eabi_attribute 18, 4
  13              		.thumb
  14              		.file	"main.c"
  15              		.text
  16              	.Ltext0:
  17              		.cfi_sections	.debug_frame
  18              		.section	.text.convert_raw,"ax",%progbits
  19              		.align	2
  20              		.global	convert_raw
  21              		.thumb
  22              		.thumb_func
  23              		.type	convert_raw, %function
  24              	convert_raw:
  25              	.LFB64:
  26              		.file 1 ".\\main.c"
   1:.\main.c      **** /* ========================================
   2:.\main.c      ****  *
   3:.\main.c      ****  * Copyright YOUR COMPANY, THE YEAR
   4:.\main.c      ****  * All Rights Reserved
   5:.\main.c      ****  * UNPUBLISHED, LICENSED SOFTWARE.
   6:.\main.c      ****  *
   7:.\main.c      ****  * CONFIDENTIAL AND PROPRIETARY INFORMATION
   8:.\main.c      ****  * WHICH IS THE PROPERTY OF your company.
   9:.\main.c      ****  *
  10:.\main.c      ****  * ========================================
  11:.\main.c      **** */
  12:.\main.c      **** #include <project.h>
  13:.\main.c      **** #include <stdio.h>
  14:.\main.c      **** #include "Motor.h"
  15:.\main.c      **** #include "Ultra.h"
  16:.\main.c      **** #include "nunchuk.h"
  17:.\main.c      **** #include "Reflectance.h"
  18:.\main.c      **** #include "I2C_made.h"
  19:.\main.c      **** #include "gyro.h"
  20:.\main.c      **** #include "accel_magnet.h"
  21:.\main.c      **** 
  22:.\main.c      **** int rread(void);
  23:.\main.c      **** 
  24:.\main.c      **** int main()
  25:.\main.c      **** {
  26:.\main.c      ****     CyGlobalIntEnable; 
  27:.\main.c      ****     UART_Start();
  28:.\main.c      ****     printf("Start\r\n");
  29:.\main.c      ****     
  30:.\main.c      ****     /* //accelerometer//
  31:.\main.c      ****     //--------------------------------------------------------------*/
ARM GAS  C:\Users\dufma\AppData\Local\Temp\ccVG3Aoe.s 			page 2


  32:.\main.c      ****     I2C_Start();
  33:.\main.c      ****   
  34:.\main.c      ****     uint8 X_AXIS_L, X_AXIS_H, Y_AXIS_L, Y_AXIS_H, Z_AXIS_L, Z_AXIS_H;
  35:.\main.c      ****     //uint8 X_L_M, X_H_M, Y_L_M, Y_H_M, Z_L_M, Z_H_M;
  36:.\main.c      ****     uint8 X_L_A, X_H_A, Y_L_A, Y_H_A, Z_L_A, Z_H_A;
  37:.\main.c      ****     int16 X_AXIS, Y_AXIS, Z_AXIS;
  38:.\main.c      ****     
  39:.\main.c      ****     I2C_write(ACCEL_MAG_ADDR, ACCEL_CTRL1_REG, 0x37);           // set accelerometer & magnetometer
  40:.\main.c      ****     I2C_write(ACCEL_MAG_ADDR, ACCEL_CTRL7_REG, 0x22);
  41:.\main.c      ****         
  42:.\main.c      ****     for(;;)
  43:.\main.c      ****     {
  44:.\main.c      ****         //print out accelerometer output
  45:.\main.c      ****         X_L_A = I2C_read(ACCEL_MAG_ADDR, OUT_X_L_A);
  46:.\main.c      ****         X_H_A = I2C_read(ACCEL_MAG_ADDR, OUT_X_H_A);
  47:.\main.c      ****         X_AXIS = convert_raw(X_L_A, X_H_A);
  48:.\main.c      ****         
  49:.\main.c      ****         Y_L_A = I2C_read(ACCEL_MAG_ADDR, OUT_Y_L_A);
  50:.\main.c      ****         Y_H_A = I2C_read(ACCEL_MAG_ADDR, OUT_Y_H_A);
  51:.\main.c      ****         Y_AXIS = convert_raw(Y_L_A, Y_H_A);
  52:.\main.c      ****         
  53:.\main.c      ****         Z_L_A = I2C_read(ACCEL_MAG_ADDR, OUT_Z_L_A);
  54:.\main.c      ****         Z_H_A = I2C_read(ACCEL_MAG_ADDR, OUT_Z_H_A);
  55:.\main.c      ****         Z_AXIS = convert_raw(Z_L_A, Z_H_A);
  56:.\main.c      ****         
  57:.\main.c      ****         printf("ACCEL: %d %d %d %d %d %d \r\n", X_L_A, X_H_A, Y_L_A, Y_H_A, Z_L_A, Z_H_A);
  58:.\main.c      ****         value_convert_accel(X_AXIS, Y_AXIS, Z_AXIS);
  59:.\main.c      ****         printf("\n");
  60:.\main.c      ****         
  61:.\main.c      ****         CyDelay(50);
  62:.\main.c      ****     }
  63:.\main.c      ****     ///---------------------------------------------------------- */
  64:.\main.c      ****     
  65:.\main.c      ****     /* //reflectance//
  66:.\main.c      ****     ----------------------------------------------------
  67:.\main.c      ****     sensor_isr_StartEx(sensor_isr_handler);
  68:.\main.c      ****     
  69:.\main.c      ****     Refelctance_Start();
  70:.\main.c      **** 
  71:.\main.c      ****     IR_led_Write(1);
  72:.\main.c      ****     for(;;)
  73:.\main.c      ****     {
  74:.\main.c      ****         reflectance_period();      //print out each period of reflectance sensors
  75:.\main.c      ****         reflectance_digital();      //print out 0 or 1 according to results of reflectance period
  76:.\main.c      ****         
  77:.\main.c      ****         CyDelay(500);
  78:.\main.c      ****     }
  79:.\main.c      ****     ----------------------------------------------------*/
  80:.\main.c      ****     
  81:.\main.c      ****      /* //ultra//
  82:.\main.c      ****     ----------------------------------------------------
  83:.\main.c      ****     ultra_isr_StartEx(ultra_isr_handler);   // Ultra Sonic Interrupt
  84:.\main.c      ****     Ultra_Start();                          // Ultra Sonic Start function
  85:.\main.c      ****    
  86:.\main.c      ****     for(;;)
  87:.\main.c      ****     {       
  88:.\main.c      ****         CyDelay(100); 
ARM GAS  C:\Users\dufma\AppData\Local\Temp\ccVG3Aoe.s 			page 3


  89:.\main.c      ****         Trig_Write(1);           // Trigger High
  90:.\main.c      ****         CyDelayUs(10);              // 10 micro seconds for trigger input signals
  91:.\main.c      ****         Trig_Write(0);           // Trigger Low
  92:.\main.c      ****     }
  93:.\main.c      ****     ----------------------------------------------------*/
  94:.\main.c      ****     
  95:.\main.c      ****      /* //motor//
  96:.\main.c      ****     ----------------------------------------------------
  97:.\main.c      ****     motor_Start();              // motor start
  98:.\main.c      **** 
  99:.\main.c      ****     motor_forward(50,2000);     // moving forward
 100:.\main.c      ****     motor_turn(20,50,2000);     // turn
 101:.\main.c      ****     motor_turn(50,20,2000);     // turn
 102:.\main.c      ****     motor_backward(50,2000);    // movinb backward
 103:.\main.c      ****        
 104:.\main.c      ****     motor_Stop();               // motor stop
 105:.\main.c      ****     
 106:.\main.c      ****     for(;;)
 107:.\main.c      ****     {
 108:.\main.c      **** 
 109:.\main.c      ****     }
 110:.\main.c      ****     ----------------------------------------------------*/
 111:.\main.c      ****     
 112:.\main.c      ****     
 113:.\main.c      ****     /*  //nunchuk//
 114:.\main.c      ****     ----------------------------------------------------
 115:.\main.c      ****     nunchuk_start();
 116:.\main.c      ****     nunchuk_init();
 117:.\main.c      ****     
 118:.\main.c      ****     for(;;)
 119:.\main.c      ****     {    
 120:.\main.c      ****         nunchuk_read();
 121:.\main.c      ****     }
 122:.\main.c      ****     ----------------------------------------------------*/
 123:.\main.c      ****     
 124:.\main.c      ****    /* //gyroscope//
 125:.\main.c      ****      //-----------------------------------------------------
 126:.\main.c      ****     I2C_Start();
 127:.\main.c      ****   
 128:.\main.c      ****     uint8 X_AXIS_L, X_AXIS_H, Y_AXIS_L, Y_AXIS_H, Z_AXIS_L, Z_AXIS_H;
 129:.\main.c      ****     //uint8 X_L_M, X_H_M, Y_L_M, Y_H_M, Z_L_M, Z_H_M;
 130:.\main.c      ****     //uint8 X_L_A, X_H_A, Y_L_A, Y_H_A, Z_L_A, Z_H_A;
 131:.\main.c      ****     int16 X_AXIS, Y_AXIS, Z_AXIS;
 132:.\main.c      ****     
 133:.\main.c      ****     I2C_write(GYRO_ADDR, GYRO_CTRL1_REG, 0x0F);             // set gyroscope into active mode
 134:.\main.c      ****     I2C_write(GYRO_ADDR, GYRO_CTRL4_REG, 0x30);             // set full scale selection to 2000dps 
 135:.\main.c      ****     
 136:.\main.c      ****     for(;;)
 137:.\main.c      ****     {
 138:.\main.c      ****         //print out gyroscope output
 139:.\main.c      ****         X_AXIS_L = I2C_read(GYRO_ADDR, OUT_X_AXIS_L);
 140:.\main.c      ****         X_AXIS_H = I2C_read(GYRO_ADDR, OUT_X_AXIS_H);
 141:.\main.c      ****         X_AXIS = convert_raw(X_AXIS_H, X_AXIS_L);
 142:.\main.c      ****         
 143:.\main.c      ****         
 144:.\main.c      ****         Y_AXIS_L = I2C_read(GYRO_ADDR, OUT_Y_AXIS_L);
 145:.\main.c      ****         Y_AXIS_H = I2C_read(GYRO_ADDR, OUT_Y_AXIS_H);
ARM GAS  C:\Users\dufma\AppData\Local\Temp\ccVG3Aoe.s 			page 4


 146:.\main.c      ****         Y_AXIS = convert_raw(Y_AXIS_H, Y_AXIS_L);
 147:.\main.c      ****         
 148:.\main.c      ****         
 149:.\main.c      ****         Z_AXIS_L = I2C_read(GYRO_ADDR, OUT_Z_AXIS_L);
 150:.\main.c      ****         Z_AXIS_H = I2C_read(GYRO_ADDR, OUT_Z_AXIS_H);
 151:.\main.c      ****         Z_AXIS = convert_raw(Z_AXIS_H, Z_AXIS_L);
 152:.\main.c      ****         
 153:.\main.c      ****         
 154:.\main.c      ****         //printf("X_AXIS_L: %d, X_AXIS_H: %d, average: %d \r\n", X_AXIS_L, X_AXIS_H, (X_AXIS_H+X_AX
 155:.\main.c      ****         //printf("Y_AXIS_L: %d, Y_AXIS_H: %d, average: %d \r\n", Y_AXIS_L, Y_AXIS_H, (Y_AXIS_H+Y_AX
 156:.\main.c      ****         //printf("Z_AXIS_L: %d, Z_AXIS_H: %d, average: %d \r\n", Z_AXIS_L, Z_AXIS_H, (Z_AXIS_H+Z_AX
 157:.\main.c      ****         
 158:.\main.c      ****         printf("H L : %d %d %d %d %d %d \r\n", X_AXIS_L, X_AXIS_H, Y_AXIS_L, Y_AXIS_H, Z_AXIS_L, Z_
 159:.\main.c      ****         printf("%d %d %d \r\n", X_AXIS, Y_AXIS, Z_AXIS);
 160:.\main.c      ****         //printf("%d %d %d \r\n", value_convert_gyro(X_AXIS), value_convert_gyro(Y_AXIS), value_con
 161:.\main.c      ****         
 162:.\main.c      ****        CyDelay(50);
 163:.\main.c      ****     }
 164:.\main.c      ****     -----------------------------------------------------------------*/ 
 165:.\main.c      ****    
 166:.\main.c      ****   
 167:.\main.c      ****     
 168:.\main.c      ****     /* //magnetometer//
 169:.\main.c      ****      //--------------------------------------------------------------
 170:.\main.c      ****     I2C_Start();
 171:.\main.c      ****    
 172:.\main.c      ****     uint8 X_L_M, X_H_M, Y_L_M, Y_H_M, Z_L_M, Z_H_M;
 173:.\main.c      ****     int16 X_AXIS, Y_AXIS, Z_AXIS;
 174:.\main.c      ****     
 175:.\main.c      ****     I2C_write(GYRO_ADDR, GYRO_CTRL1_REG, 0x0F);             // set gyroscope into active mode
 176:.\main.c      ****     I2C_write(GYRO_ADDR, GYRO_CTRL4_REG, 0x30);             // set full scale selection to 2000dps
 177:.\main.c      ****     I2C_write(ACCEL_MAG_ADDR, ACCEL_CTRL1_REG, 0x37);           // set accelerometer & magnetometer
 178:.\main.c      ****     I2C_write(ACCEL_MAG_ADDR, ACCEL_CTRL7_REG, 0x22);
 179:.\main.c      ****     
 180:.\main.c      ****     
 181:.\main.c      ****     for(;;)
 182:.\main.c      ****     {
 183:.\main.c      ****         X_L_M = I2C_read(ACCEL_MAG_ADDR, OUT_X_L_M);
 184:.\main.c      ****         X_H_M = I2C_read(ACCEL_MAG_ADDR, OUT_X_H_M);
 185:.\main.c      ****         X_AXIS = convert_raw(X_L_M, X_H_M);
 186:.\main.c      ****         
 187:.\main.c      ****         Y_L_M = I2C_read(ACCEL_MAG_ADDR, OUT_Y_L_M);
 188:.\main.c      ****         Y_H_M = I2C_read(ACCEL_MAG_ADDR, OUT_Y_H_M);
 189:.\main.c      ****         Y_AXIS = convert_raw(Y_L_M, Y_H_M);
 190:.\main.c      ****         
 191:.\main.c      ****         Z_L_M = I2C_read(ACCEL_MAG_ADDR, OUT_Z_L_M);
 192:.\main.c      ****         Z_H_M = I2C_read(ACCEL_MAG_ADDR, OUT_Z_H_M);
 193:.\main.c      ****         Z_AXIS = convert_raw(Z_L_M, Z_H_M);
 194:.\main.c      ****         
 195:.\main.c      ****         heading(X_AXIS, Y_AXIS);
 196:.\main.c      ****         printf("MAGNET: %d %d %d %d %d %d \r\n", X_L_M, X_H_M, Y_L_M, Y_H_M, Z_L_M, Z_H_M);
 197:.\main.c      ****         printf("%d %d %d \r\n", X_AXIS,Y_AXIS, Z_AXIS);
 198:.\main.c      ****         CyDelay(50);
 199:.\main.c      ****           
 200:.\main.c      ****     }
 201:.\main.c      ****     ----------------------------------------------------------*/
 202:.\main.c      **** }
ARM GAS  C:\Users\dufma\AppData\Local\Temp\ccVG3Aoe.s 			page 5


 203:.\main.c      **** 
 204:.\main.c      **** uint16 convert_raw(uint8 L, uint8 H)            // concatenation
 205:.\main.c      **** {
  27              		.loc 1 205 0
  28              		.cfi_startproc
  29              		@ args = 0, pretend = 0, frame = 0
  30              		@ frame_needed = 0, uses_anonymous_args = 0
  31              		@ link register save eliminated.
  32              	.LVL0:
 206:.\main.c      ****     uint16 raw;
 207:.\main.c      ****     raw = (int16)(L | H << 8);
 208:.\main.c      ****     
 209:.\main.c      ****     return raw;
 210:.\main.c      **** }
  33              		.loc 1 210 0
  34 0000 40EA0120 		orr	r0, r0, r1, lsl #8
  35              	.LVL1:
  36 0004 7047     		bx	lr
  37              		.cfi_endproc
  38              	.LFE64:
  39              		.size	convert_raw, .-convert_raw
  40 0006 00BF     		.section	.text.main,"ax",%progbits
  41              		.align	2
  42              		.global	main
  43              		.thumb
  44              		.thumb_func
  45              		.type	main, %function
  46              	main:
  47              	.LFB63:
  25:.\main.c      ****     CyGlobalIntEnable; 
  48              		.loc 1 25 0
  49              		.cfi_startproc
  50              		@ args = 0, pretend = 0, frame = 8
  51              		@ frame_needed = 0, uses_anonymous_args = 0
  52 0000 2DE9F04F 		push	{r4, r5, r6, r7, r8, r9, r10, fp, lr}
  53              		.cfi_def_cfa_offset 36
  54              		.cfi_offset 4, -36
  55              		.cfi_offset 5, -32
  56              		.cfi_offset 6, -28
  57              		.cfi_offset 7, -24
  58              		.cfi_offset 8, -20
  59              		.cfi_offset 9, -16
  60              		.cfi_offset 10, -12
  61              		.cfi_offset 11, -8
  62              		.cfi_offset 14, -4
  63 0004 87B0     		sub	sp, sp, #28
  64              		.cfi_def_cfa_offset 64
  26:.\main.c      ****     UART_Start();
  65              		.loc 1 26 0
  66              	@ 26 ".\main.c" 1
  67 0006 62B6     		CPSIE   i
  68              	@ 0 "" 2
  27:.\main.c      ****     printf("Start\r\n");
  69              		.loc 1 27 0
  70              		.thumb
  71 0008 FFF7FEFF 		bl	UART_Start
  72              	.LVL2:
ARM GAS  C:\Users\dufma\AppData\Local\Temp\ccVG3Aoe.s 			page 6


  28:.\main.c      ****     
  73              		.loc 1 28 0
  74 000c 2948     		ldr	r0, .L5
  75 000e FFF7FEFF 		bl	puts
  76              	.LVL3:
  32:.\main.c      ****   
  77              		.loc 1 32 0
  78 0012 FFF7FEFF 		bl	I2C_Start
  79              	.LVL4:
  39:.\main.c      ****     I2C_write(ACCEL_MAG_ADDR, ACCEL_CTRL7_REG, 0x22);
  80              		.loc 1 39 0
  81 0016 1D20     		movs	r0, #29
  82 0018 2021     		movs	r1, #32
  83 001a 3722     		movs	r2, #55
  84 001c FFF7FEFF 		bl	I2C_write
  85              	.LVL5:
  40:.\main.c      ****         
  86              		.loc 1 40 0
  87 0020 1D20     		movs	r0, #29
  88 0022 2621     		movs	r1, #38
  89 0024 2222     		movs	r2, #34
  90 0026 FFF7FEFF 		bl	I2C_write
  91              	.LVL6:
  92              	.L3:
  45:.\main.c      ****         X_H_A = I2C_read(ACCEL_MAG_ADDR, OUT_X_H_A);
  93              		.loc 1 45 0 discriminator 1
  94 002a 1D20     		movs	r0, #29
  95 002c 2821     		movs	r1, #40
  96 002e FFF7FEFF 		bl	I2C_read
  97              	.LVL7:
  98 0032 0646     		mov	r6, r0
  99              	.LVL8:
  46:.\main.c      ****         X_AXIS = convert_raw(X_L_A, X_H_A);
 100              		.loc 1 46 0 discriminator 1
 101 0034 1D20     		movs	r0, #29
 102 0036 2921     		movs	r1, #41
 103 0038 FFF7FEFF 		bl	I2C_read
 104              	.LVL9:
 105 003c 0546     		mov	r5, r0
 106              	.LVL10:
  47:.\main.c      ****         
 107              		.loc 1 47 0 discriminator 1
 108 003e 3046     		mov	r0, r6
 109 0040 2946     		mov	r1, r5
 110 0042 FFF7FEFF 		bl	convert_raw
 111              	.LVL11:
 112 0046 8346     		mov	fp, r0
 113              	.LVL12:
  49:.\main.c      ****         Y_H_A = I2C_read(ACCEL_MAG_ADDR, OUT_Y_H_A);
 114              		.loc 1 49 0 discriminator 1
 115 0048 1D20     		movs	r0, #29
 116 004a 2A21     		movs	r1, #42
 117 004c FFF7FEFF 		bl	I2C_read
 118              	.LVL13:
 119 0050 0446     		mov	r4, r0
 120              	.LVL14:
  50:.\main.c      ****         Y_AXIS = convert_raw(Y_L_A, Y_H_A);
ARM GAS  C:\Users\dufma\AppData\Local\Temp\ccVG3Aoe.s 			page 7


 121              		.loc 1 50 0 discriminator 1
 122 0052 1D20     		movs	r0, #29
 123 0054 2B21     		movs	r1, #43
 124 0056 FFF7FEFF 		bl	I2C_read
 125              	.LVL15:
 126 005a 8146     		mov	r9, r0
 127              	.LVL16:
  51:.\main.c      ****         
 128              		.loc 1 51 0 discriminator 1
 129 005c 2046     		mov	r0, r4
 130 005e 4946     		mov	r1, r9
 131 0060 FFF7FEFF 		bl	convert_raw
 132              	.LVL17:
 133 0064 8246     		mov	r10, r0
 134              	.LVL18:
  53:.\main.c      ****         Z_H_A = I2C_read(ACCEL_MAG_ADDR, OUT_Z_H_A);
 135              		.loc 1 53 0 discriminator 1
 136 0066 1D20     		movs	r0, #29
 137 0068 2C21     		movs	r1, #44
 138 006a FFF7FEFF 		bl	I2C_read
 139              	.LVL19:
 140 006e 8046     		mov	r8, r0
 141              	.LVL20:
  54:.\main.c      ****         Z_AXIS = convert_raw(Z_L_A, Z_H_A);
 142              		.loc 1 54 0 discriminator 1
 143 0070 1D20     		movs	r0, #29
 144 0072 2D21     		movs	r1, #45
 145 0074 FFF7FEFF 		bl	I2C_read
 146              	.LVL21:
 147 0078 0746     		mov	r7, r0
 148              	.LVL22:
  55:.\main.c      ****         
 149              		.loc 1 55 0 discriminator 1
 150 007a 4046     		mov	r0, r8
 151 007c 3946     		mov	r1, r7
 152 007e FFF7FEFF 		bl	convert_raw
 153              	.LVL23:
 154 0082 0590     		str	r0, [sp, #20]
 155              	.LVL24:
  57:.\main.c      ****         value_convert_accel(X_AXIS, Y_AXIS, Z_AXIS);
 156              		.loc 1 57 0 discriminator 1
 157 0084 CDF80090 		str	r9, [sp]
 158 0088 CDF80480 		str	r8, [sp, #4]
 159 008c 0297     		str	r7, [sp, #8]
 160 008e 0A48     		ldr	r0, .L5+4
 161 0090 3146     		mov	r1, r6
 162 0092 2A46     		mov	r2, r5
 163 0094 2346     		mov	r3, r4
 164 0096 FFF7FEFF 		bl	printf
 165              	.LVL25:
  58:.\main.c      ****         printf("\n");
 166              		.loc 1 58 0 discriminator 1
 167 009a 5846     		mov	r0, fp
 168 009c 5146     		mov	r1, r10
 169 009e 059A     		ldr	r2, [sp, #20]
 170 00a0 FFF7FEFF 		bl	value_convert_accel
 171              	.LVL26:
ARM GAS  C:\Users\dufma\AppData\Local\Temp\ccVG3Aoe.s 			page 8


  59:.\main.c      ****         
 172              		.loc 1 59 0 discriminator 1
 173 00a4 0A20     		movs	r0, #10
 174 00a6 FFF7FEFF 		bl	putchar
 175              	.LVL27:
  61:.\main.c      ****     }
 176              		.loc 1 61 0 discriminator 1
 177 00aa 3220     		movs	r0, #50
 178 00ac FFF7FEFF 		bl	CyDelay
 179              	.LVL28:
  62:.\main.c      ****     ///---------------------------------------------------------- */
 180              		.loc 1 62 0 discriminator 1
 181 00b0 BBE7     		b	.L3
 182              	.L6:
 183 00b2 00BF     		.align	2
 184              	.L5:
 185 00b4 00000000 		.word	.LC0
 186 00b8 08000000 		.word	.LC1
 187              		.cfi_endproc
 188              	.LFE63:
 189              		.size	main, .-main
 190              		.section	.text._write,"ax",%progbits
 191              		.align	2
 192              		.global	_write
 193              		.thumb
 194              		.thumb_func
 195              		.type	_write, %function
 196              	_write:
 197              	.LFB65:
 211:.\main.c      **** 
 212:.\main.c      **** 
 213:.\main.c      **** #if 0
 214:.\main.c      **** int rread(void)
 215:.\main.c      **** {
 216:.\main.c      ****     SC0_SetDriveMode(PIN_DM_STRONG);
 217:.\main.c      ****     SC0_Write(1);
 218:.\main.c      ****     CyDelayUs(10);
 219:.\main.c      ****     SC0_SetDriveMode(PIN_DM_DIG_HIZ);
 220:.\main.c      ****     Timer_1_Start();
 221:.\main.c      ****     uint16_t start = Timer_1_ReadCounter();
 222:.\main.c      ****     uint16_t end = 0;
 223:.\main.c      ****     while(!(Timer_1_ReadStatusRegister() & Timer_1_STATUS_TC)) {
 224:.\main.c      ****         if(SC0_Read() == 0 && end == 0) {
 225:.\main.c      ****             end = Timer_1_ReadCounter();
 226:.\main.c      ****         }
 227:.\main.c      ****     }
 228:.\main.c      ****     Timer_1_Stop();
 229:.\main.c      ****     
 230:.\main.c      ****     return (start - end);
 231:.\main.c      **** }
 232:.\main.c      **** #endif
 233:.\main.c      **** 
 234:.\main.c      **** int _write(int file, char *ptr, int len)
 235:.\main.c      **** {
 198              		.loc 1 235 0
 199              		.cfi_startproc
 200              		@ args = 0, pretend = 0, frame = 0
ARM GAS  C:\Users\dufma\AppData\Local\Temp\ccVG3Aoe.s 			page 9


 201              		@ frame_needed = 0, uses_anonymous_args = 0
 202              	.LVL29:
 203 0000 70B5     		push	{r4, r5, r6, lr}
 204              		.cfi_def_cfa_offset 16
 205              		.cfi_offset 4, -16
 206              		.cfi_offset 5, -12
 207              		.cfi_offset 6, -8
 208              		.cfi_offset 14, -4
 209 0002 1646     		mov	r6, r2
 210              	.LVL30:
 236:.\main.c      ****     (void) file;
 237:.\main.c      **** 	int n;
 238:.\main.c      **** 	for(n = 0; n < len; n++) {
 211              		.loc 1 238 0
 212 0004 0024     		movs	r4, #0
 213 0006 05E0     		b	.L8
 214              	.LVL31:
 215              	.L9:
 239:.\main.c      **** 		UART_PutChar(*ptr++);
 216              		.loc 1 239 0 discriminator 3
 217 0008 4D1C     		adds	r5, r1, #1
 218              	.LVL32:
 219 000a 0878     		ldrb	r0, [r1]	@ zero_extendqisi2
 220 000c FFF7FEFF 		bl	UART_PutChar
 221              	.LVL33:
 238:.\main.c      **** 		UART_PutChar(*ptr++);
 222              		.loc 1 238 0 discriminator 3
 223 0010 0134     		adds	r4, r4, #1
 224              	.LVL34:
 225              		.loc 1 239 0 discriminator 3
 226 0012 2946     		mov	r1, r5
 227              	.LVL35:
 228              	.L8:
 238:.\main.c      **** 		UART_PutChar(*ptr++);
 229              		.loc 1 238 0 discriminator 1
 230 0014 B442     		cmp	r4, r6
 231 0016 F7DB     		blt	.L9
 240:.\main.c      **** 	}
 241:.\main.c      **** 	return len;
 242:.\main.c      **** }
 232              		.loc 1 242 0
 233 0018 3046     		mov	r0, r6
 234 001a 70BD     		pop	{r4, r5, r6, pc}
 235              		.cfi_endproc
 236              	.LFE65:
 237              		.size	_write, .-_write
 238              		.comm	digital_sensor_value,8,4
 239              		.comm	sensors,8,4
 240              		.section	.rodata.str1.4,"aMS",%progbits,1
 241              		.align	2
 242              	.LC0:
 243 0000 53746172 		.ascii	"Start\015\000"
 243      740D00
 244 0007 00       		.space	1
 245              	.LC1:
 246 0008 41434345 		.ascii	"ACCEL: %d %d %d %d %d %d \015\012\000"
 246      4C3A2025 
ARM GAS  C:\Users\dufma\AppData\Local\Temp\ccVG3Aoe.s 			page 10


 246      64202564 
 246      20256420 
 246      25642025 
 247              		.text
 248              	.Letext0:
 249              		.file 2 "c:\\program files (x86)\\cypress\\psoc creator\\3.3\\psoc creator\\import\\gnu\\arm\\4.9.
 250              		.file 3 "c:\\program files (x86)\\cypress\\psoc creator\\3.3\\psoc creator\\import\\gnu\\arm\\4.9.
 251              		.file 4 "Generated_Source\\PSoC5/cytypes.h"
 252              		.file 5 ".\\Reflectance.h"
 253              		.file 6 "Generated_Source\\PSoC5/core_cm3.h"
 254              		.file 7 "Generated_Source\\PSoC5/UART.h"
 255              		.file 8 "Generated_Source\\PSoC5/I2C.h"
 256              		.file 9 ".\\I2C_made.h"
 257              		.file 10 "c:\\program files (x86)\\cypress\\psoc creator\\3.3\\psoc creator\\import\\gnu\\arm\\4.9
 258              		.file 11 ".\\accel_magnet.h"
 259              		.file 12 "<built-in>"
 260              		.file 13 "Generated_Source\\PSoC5/CyLib.h"
 261              		.section	.debug_info,"",%progbits
 262              	.Ldebug_info0:
 263 0000 A9050000 		.4byte	0x5a9
 264 0004 0400     		.2byte	0x4
 265 0006 00000000 		.4byte	.Ldebug_abbrev0
 266 000a 04       		.byte	0x4
 267 000b 01       		.uleb128 0x1
 268 000c E0010000 		.4byte	.LASF56
 269 0010 01       		.byte	0x1
 270 0011 D8020000 		.4byte	.LASF57
 271 0015 28000000 		.4byte	.LASF58
 272 0019 00000000 		.4byte	.Ldebug_ranges0+0
 273 001d 00000000 		.4byte	0
 274 0021 00000000 		.4byte	.Ldebug_line0
 275 0025 02       		.uleb128 0x2
 276 0026 01       		.byte	0x1
 277 0027 06       		.byte	0x6
 278 0028 71010000 		.4byte	.LASF0
 279 002c 02       		.uleb128 0x2
 280 002d 01       		.byte	0x1
 281 002e 08       		.byte	0x8
 282 002f 56010000 		.4byte	.LASF1
 283 0033 02       		.uleb128 0x2
 284 0034 02       		.byte	0x2
 285 0035 05       		.byte	0x5
 286 0036 85000000 		.4byte	.LASF2
 287 003a 03       		.uleb128 0x3
 288 003b D0000000 		.4byte	.LASF4
 289 003f 02       		.byte	0x2
 290 0040 2B       		.byte	0x2b
 291 0041 45000000 		.4byte	0x45
 292 0045 02       		.uleb128 0x2
 293 0046 02       		.byte	0x2
 294 0047 07       		.byte	0x7
 295 0048 B8010000 		.4byte	.LASF3
 296 004c 03       		.uleb128 0x3
 297 004d E1020000 		.4byte	.LASF5
 298 0051 02       		.byte	0x2
 299 0052 3F       		.byte	0x3f
 300 0053 57000000 		.4byte	0x57
ARM GAS  C:\Users\dufma\AppData\Local\Temp\ccVG3Aoe.s 			page 11


 301 0057 02       		.uleb128 0x2
 302 0058 04       		.byte	0x4
 303 0059 05       		.byte	0x5
 304 005a 24010000 		.4byte	.LASF6
 305 005e 02       		.uleb128 0x2
 306 005f 04       		.byte	0x4
 307 0060 07       		.byte	0x7
 308 0061 B9020000 		.4byte	.LASF7
 309 0065 02       		.uleb128 0x2
 310 0066 08       		.byte	0x8
 311 0067 05       		.byte	0x5
 312 0068 FF000000 		.4byte	.LASF8
 313 006c 02       		.uleb128 0x2
 314 006d 08       		.byte	0x8
 315 006e 07       		.byte	0x7
 316 006f 7D010000 		.4byte	.LASF9
 317 0073 04       		.uleb128 0x4
 318 0074 04       		.byte	0x4
 319 0075 05       		.byte	0x5
 320 0076 696E7400 		.ascii	"int\000"
 321 007a 02       		.uleb128 0x2
 322 007b 04       		.byte	0x4
 323 007c 07       		.byte	0x7
 324 007d 94010000 		.4byte	.LASF10
 325 0081 03       		.uleb128 0x3
 326 0082 A1010000 		.4byte	.LASF11
 327 0086 03       		.byte	0x3
 328 0087 21       		.byte	0x21
 329 0088 3A000000 		.4byte	0x3a
 330 008c 03       		.uleb128 0x3
 331 008d 80020000 		.4byte	.LASF12
 332 0091 03       		.byte	0x3
 333 0092 2C       		.byte	0x2c
 334 0093 4C000000 		.4byte	0x4c
 335 0097 05       		.uleb128 0x5
 336 0098 ED000000 		.4byte	.LASF13
 337 009c 04       		.byte	0x4
 338 009d 3801     		.2byte	0x138
 339 009f 2C000000 		.4byte	0x2c
 340 00a3 05       		.uleb128 0x5
 341 00a4 E0000000 		.4byte	.LASF14
 342 00a8 04       		.byte	0x4
 343 00a9 3901     		.2byte	0x139
 344 00ab 45000000 		.4byte	0x45
 345 00af 05       		.uleb128 0x5
 346 00b0 B2020000 		.4byte	.LASF15
 347 00b4 04       		.byte	0x4
 348 00b5 3A01     		.2byte	0x13a
 349 00b7 5E000000 		.4byte	0x5e
 350 00bb 05       		.uleb128 0x5
 351 00bc E7000000 		.4byte	.LASF16
 352 00c0 04       		.byte	0x4
 353 00c1 3C01     		.2byte	0x13c
 354 00c3 33000000 		.4byte	0x33
 355 00c7 02       		.uleb128 0x2
 356 00c8 04       		.byte	0x4
 357 00c9 04       		.byte	0x4
ARM GAS  C:\Users\dufma\AppData\Local\Temp\ccVG3Aoe.s 			page 12


 358 00ca F3000000 		.4byte	.LASF17
 359 00ce 02       		.uleb128 0x2
 360 00cf 08       		.byte	0x8
 361 00d0 04       		.byte	0x4
 362 00d1 CB020000 		.4byte	.LASF18
 363 00d5 02       		.uleb128 0x2
 364 00d6 01       		.byte	0x1
 365 00d7 08       		.byte	0x8
 366 00d8 1F010000 		.4byte	.LASF19
 367 00dc 02       		.uleb128 0x2
 368 00dd 04       		.byte	0x4
 369 00de 07       		.byte	0x7
 370 00df 8F000000 		.4byte	.LASF20
 371 00e3 06       		.uleb128 0x6
 372 00e4 04       		.byte	0x4
 373 00e5 D5000000 		.4byte	0xd5
 374 00e9 06       		.uleb128 0x6
 375 00ea 04       		.byte	0x4
 376 00eb EF000000 		.4byte	0xef
 377 00ef 07       		.uleb128 0x7
 378 00f0 D5000000 		.4byte	0xd5
 379 00f4 08       		.uleb128 0x8
 380 00f5 A9020000 		.4byte	.LASF21
 381 00f9 08       		.byte	0x8
 382 00fa 05       		.byte	0x5
 383 00fb 10       		.byte	0x10
 384 00fc 2D010000 		.4byte	0x12d
 385 0100 09       		.uleb128 0x9
 386 0101 6C6C00   		.ascii	"ll\000"
 387 0104 05       		.byte	0x5
 388 0105 11       		.byte	0x11
 389 0106 81000000 		.4byte	0x81
 390 010a 00       		.byte	0
 391 010b 09       		.uleb128 0x9
 392 010c 6C7200   		.ascii	"lr\000"
 393 010f 05       		.byte	0x5
 394 0110 13       		.byte	0x13
 395 0111 81000000 		.4byte	0x81
 396 0115 02       		.byte	0x2
 397 0116 09       		.uleb128 0x9
 398 0117 726C00   		.ascii	"rl\000"
 399 011a 05       		.byte	0x5
 400 011b 14       		.byte	0x14
 401 011c 81000000 		.4byte	0x81
 402 0120 04       		.byte	0x4
 403 0121 09       		.uleb128 0x9
 404 0122 727200   		.ascii	"rr\000"
 405 0125 05       		.byte	0x5
 406 0126 16       		.byte	0x16
 407 0127 81000000 		.4byte	0x81
 408 012b 06       		.byte	0x6
 409 012c 00       		.byte	0
 410 012d 08       		.uleb128 0x8
 411 012e 69000000 		.4byte	.LASF22
 412 0132 08       		.byte	0x8
 413 0133 05       		.byte	0x5
 414 0134 19       		.byte	0x19
ARM GAS  C:\Users\dufma\AppData\Local\Temp\ccVG3Aoe.s 			page 13


 415 0135 66010000 		.4byte	0x166
 416 0139 09       		.uleb128 0x9
 417 013a 6C6C00   		.ascii	"ll\000"
 418 013d 05       		.byte	0x5
 419 013e 1A       		.byte	0x1a
 420 013f 81000000 		.4byte	0x81
 421 0143 00       		.byte	0
 422 0144 09       		.uleb128 0x9
 423 0145 6C7200   		.ascii	"lr\000"
 424 0148 05       		.byte	0x5
 425 0149 1C       		.byte	0x1c
 426 014a 81000000 		.4byte	0x81
 427 014e 02       		.byte	0x2
 428 014f 09       		.uleb128 0x9
 429 0150 726C00   		.ascii	"rl\000"
 430 0153 05       		.byte	0x5
 431 0154 1D       		.byte	0x1d
 432 0155 81000000 		.4byte	0x81
 433 0159 04       		.byte	0x4
 434 015a 09       		.uleb128 0x9
 435 015b 727200   		.ascii	"rr\000"
 436 015e 05       		.byte	0x5
 437 015f 1F       		.byte	0x1f
 438 0160 81000000 		.4byte	0x81
 439 0164 06       		.byte	0x6
 440 0165 00       		.byte	0
 441 0166 02       		.uleb128 0x2
 442 0167 08       		.byte	0x8
 443 0168 04       		.byte	0x4
 444 0169 4A010000 		.4byte	.LASF23
 445 016d 0A       		.uleb128 0xa
 446 016e C4000000 		.4byte	.LASF39
 447 0172 01       		.byte	0x1
 448 0173 CC       		.byte	0xcc
 449 0174 A3000000 		.4byte	0xa3
 450 0178 00000000 		.4byte	.LFB64
 451 017c 06000000 		.4byte	.LFE64-.LFB64
 452 0180 01       		.uleb128 0x1
 453 0181 9C       		.byte	0x9c
 454 0182 AE010000 		.4byte	0x1ae
 455 0186 0B       		.uleb128 0xb
 456 0187 4C00     		.ascii	"L\000"
 457 0189 01       		.byte	0x1
 458 018a CC       		.byte	0xcc
 459 018b 97000000 		.4byte	0x97
 460 018f 00000000 		.4byte	.LLST0
 461 0193 0C       		.uleb128 0xc
 462 0194 4800     		.ascii	"H\000"
 463 0196 01       		.byte	0x1
 464 0197 CC       		.byte	0xcc
 465 0198 97000000 		.4byte	0x97
 466 019c 01       		.uleb128 0x1
 467 019d 51       		.byte	0x51
 468 019e 0D       		.uleb128 0xd
 469 019f 72617700 		.ascii	"raw\000"
 470 01a3 01       		.byte	0x1
 471 01a4 CE       		.byte	0xce
ARM GAS  C:\Users\dufma\AppData\Local\Temp\ccVG3Aoe.s 			page 14


 472 01a5 A3000000 		.4byte	0xa3
 473 01a9 21000000 		.4byte	.LLST1
 474 01ad 00       		.byte	0
 475 01ae 0E       		.uleb128 0xe
 476 01af B2000000 		.4byte	.LASF59
 477 01b3 01       		.byte	0x1
 478 01b4 18       		.byte	0x18
 479 01b5 73000000 		.4byte	0x73
 480 01b9 00000000 		.4byte	.LFB63
 481 01bd BC000000 		.4byte	.LFE63-.LFB63
 482 01c1 01       		.uleb128 0x1
 483 01c2 9C       		.byte	0x9c
 484 01c3 4E040000 		.4byte	0x44e
 485 01c7 0F       		.uleb128 0xf
 486 01c8 16010000 		.4byte	.LASF24
 487 01cc 01       		.byte	0x1
 488 01cd 22       		.byte	0x22
 489 01ce 97000000 		.4byte	0x97
 490 01d2 0F       		.uleb128 0xf
 491 01d3 0D010000 		.4byte	.LASF25
 492 01d7 01       		.byte	0x1
 493 01d8 22       		.byte	0x22
 494 01d9 97000000 		.4byte	0x97
 495 01dd 0F       		.uleb128 0xf
 496 01de AF010000 		.4byte	.LASF26
 497 01e2 01       		.byte	0x1
 498 01e3 22       		.byte	0x22
 499 01e4 97000000 		.4byte	0x97
 500 01e8 0F       		.uleb128 0xf
 501 01e9 88020000 		.4byte	.LASF27
 502 01ed 01       		.byte	0x1
 503 01ee 22       		.byte	0x22
 504 01ef 97000000 		.4byte	0x97
 505 01f3 0F       		.uleb128 0xf
 506 01f4 1F000000 		.4byte	.LASF28
 507 01f8 01       		.byte	0x1
 508 01f9 22       		.byte	0x22
 509 01fa 97000000 		.4byte	0x97
 510 01fe 0F       		.uleb128 0xf
 511 01ff 07000000 		.4byte	.LASF29
 512 0203 01       		.byte	0x1
 513 0204 22       		.byte	0x22
 514 0205 97000000 		.4byte	0x97
 515 0209 10       		.uleb128 0x10
 516 020a 7F000000 		.4byte	.LASF30
 517 020e 01       		.byte	0x1
 518 020f 24       		.byte	0x24
 519 0210 97000000 		.4byte	0x97
 520 0214 01       		.uleb128 0x1
 521 0215 56       		.byte	0x56
 522 0216 10       		.uleb128 0x10
 523 0217 D2020000 		.4byte	.LASF31
 524 021b 01       		.byte	0x1
 525 021c 24       		.byte	0x24
 526 021d 97000000 		.4byte	0x97
 527 0221 01       		.uleb128 0x1
 528 0222 55       		.byte	0x55
ARM GAS  C:\Users\dufma\AppData\Local\Temp\ccVG3Aoe.s 			page 15


 529 0223 10       		.uleb128 0x10
 530 0224 91020000 		.4byte	.LASF32
 531 0228 01       		.byte	0x1
 532 0229 24       		.byte	0x24
 533 022a 97000000 		.4byte	0x97
 534 022e 01       		.uleb128 0x1
 535 022f 54       		.byte	0x54
 536 0230 10       		.uleb128 0x10
 537 0231 B7000000 		.4byte	.LASF33
 538 0235 01       		.byte	0x1
 539 0236 24       		.byte	0x24
 540 0237 97000000 		.4byte	0x97
 541 023b 01       		.uleb128 0x1
 542 023c 59       		.byte	0x59
 543 023d 10       		.uleb128 0x10
 544 023e F9000000 		.4byte	.LASF34
 545 0242 01       		.byte	0x1
 546 0243 24       		.byte	0x24
 547 0244 97000000 		.4byte	0x97
 548 0248 01       		.uleb128 0x1
 549 0249 58       		.byte	0x58
 550 024a 10       		.uleb128 0x10
 551 024b 64010000 		.4byte	.LASF35
 552 024f 01       		.byte	0x1
 553 0250 24       		.byte	0x24
 554 0251 97000000 		.4byte	0x97
 555 0255 01       		.uleb128 0x1
 556 0256 57       		.byte	0x57
 557 0257 10       		.uleb128 0x10
 558 0258 0A030000 		.4byte	.LASF36
 559 025c 01       		.byte	0x1
 560 025d 25       		.byte	0x25
 561 025e BB000000 		.4byte	0xbb
 562 0262 01       		.uleb128 0x1
 563 0263 5B       		.byte	0x5b
 564 0264 10       		.uleb128 0x10
 565 0265 6A010000 		.4byte	.LASF37
 566 0269 01       		.byte	0x1
 567 026a 25       		.byte	0x25
 568 026b BB000000 		.4byte	0xbb
 569 026f 01       		.uleb128 0x1
 570 0270 5A       		.byte	0x5a
 571 0271 10       		.uleb128 0x10
 572 0272 00000000 		.4byte	.LASF38
 573 0276 01       		.byte	0x1
 574 0277 25       		.byte	0x25
 575 0278 BB000000 		.4byte	0xbb
 576 027c 02       		.uleb128 0x2
 577 027d 91       		.byte	0x91
 578 027e 54       		.sleb128 -44
 579 027f 11       		.uleb128 0x11
 580 0280 0C000000 		.4byte	.LVL2
 581 0284 E8040000 		.4byte	0x4e8
 582 0288 12       		.uleb128 0x12
 583 0289 12000000 		.4byte	.LVL3
 584 028d EF040000 		.4byte	0x4ef
 585 0291 9F020000 		.4byte	0x29f
ARM GAS  C:\Users\dufma\AppData\Local\Temp\ccVG3Aoe.s 			page 16


 586 0295 13       		.uleb128 0x13
 587 0296 01       		.uleb128 0x1
 588 0297 50       		.byte	0x50
 589 0298 05       		.uleb128 0x5
 590 0299 03       		.byte	0x3
 591 029a 00000000 		.4byte	.LC0
 592 029e 00       		.byte	0
 593 029f 11       		.uleb128 0x11
 594 02a0 16000000 		.4byte	.LVL4
 595 02a4 08050000 		.4byte	0x508
 596 02a8 12       		.uleb128 0x12
 597 02a9 20000000 		.4byte	.LVL5
 598 02ad 0F050000 		.4byte	0x50f
 599 02b1 C7020000 		.4byte	0x2c7
 600 02b5 13       		.uleb128 0x13
 601 02b6 01       		.uleb128 0x1
 602 02b7 52       		.byte	0x52
 603 02b8 02       		.uleb128 0x2
 604 02b9 08       		.byte	0x8
 605 02ba 37       		.byte	0x37
 606 02bb 13       		.uleb128 0x13
 607 02bc 01       		.uleb128 0x1
 608 02bd 51       		.byte	0x51
 609 02be 02       		.uleb128 0x2
 610 02bf 08       		.byte	0x8
 611 02c0 20       		.byte	0x20
 612 02c1 13       		.uleb128 0x13
 613 02c2 01       		.uleb128 0x1
 614 02c3 50       		.byte	0x50
 615 02c4 01       		.uleb128 0x1
 616 02c5 4D       		.byte	0x4d
 617 02c6 00       		.byte	0
 618 02c7 12       		.uleb128 0x12
 619 02c8 2A000000 		.4byte	.LVL6
 620 02cc 0F050000 		.4byte	0x50f
 621 02d0 E6020000 		.4byte	0x2e6
 622 02d4 13       		.uleb128 0x13
 623 02d5 01       		.uleb128 0x1
 624 02d6 52       		.byte	0x52
 625 02d7 02       		.uleb128 0x2
 626 02d8 08       		.byte	0x8
 627 02d9 22       		.byte	0x22
 628 02da 13       		.uleb128 0x13
 629 02db 01       		.uleb128 0x1
 630 02dc 51       		.byte	0x51
 631 02dd 02       		.uleb128 0x2
 632 02de 08       		.byte	0x8
 633 02df 26       		.byte	0x26
 634 02e0 13       		.uleb128 0x13
 635 02e1 01       		.uleb128 0x1
 636 02e2 50       		.byte	0x50
 637 02e3 01       		.uleb128 0x1
 638 02e4 4D       		.byte	0x4d
 639 02e5 00       		.byte	0
 640 02e6 12       		.uleb128 0x12
 641 02e7 32000000 		.4byte	.LVL7
 642 02eb 2A050000 		.4byte	0x52a
ARM GAS  C:\Users\dufma\AppData\Local\Temp\ccVG3Aoe.s 			page 17


 643 02ef FF020000 		.4byte	0x2ff
 644 02f3 13       		.uleb128 0x13
 645 02f4 01       		.uleb128 0x1
 646 02f5 51       		.byte	0x51
 647 02f6 02       		.uleb128 0x2
 648 02f7 08       		.byte	0x8
 649 02f8 28       		.byte	0x28
 650 02f9 13       		.uleb128 0x13
 651 02fa 01       		.uleb128 0x1
 652 02fb 50       		.byte	0x50
 653 02fc 01       		.uleb128 0x1
 654 02fd 4D       		.byte	0x4d
 655 02fe 00       		.byte	0
 656 02ff 12       		.uleb128 0x12
 657 0300 3C000000 		.4byte	.LVL9
 658 0304 2A050000 		.4byte	0x52a
 659 0308 18030000 		.4byte	0x318
 660 030c 13       		.uleb128 0x13
 661 030d 01       		.uleb128 0x1
 662 030e 51       		.byte	0x51
 663 030f 02       		.uleb128 0x2
 664 0310 08       		.byte	0x8
 665 0311 29       		.byte	0x29
 666 0312 13       		.uleb128 0x13
 667 0313 01       		.uleb128 0x1
 668 0314 50       		.byte	0x50
 669 0315 01       		.uleb128 0x1
 670 0316 4D       		.byte	0x4d
 671 0317 00       		.byte	0
 672 0318 12       		.uleb128 0x12
 673 0319 46000000 		.4byte	.LVL11
 674 031d 6D010000 		.4byte	0x16d
 675 0321 32030000 		.4byte	0x332
 676 0325 13       		.uleb128 0x13
 677 0326 01       		.uleb128 0x1
 678 0327 51       		.byte	0x51
 679 0328 02       		.uleb128 0x2
 680 0329 75       		.byte	0x75
 681 032a 00       		.sleb128 0
 682 032b 13       		.uleb128 0x13
 683 032c 01       		.uleb128 0x1
 684 032d 50       		.byte	0x50
 685 032e 02       		.uleb128 0x2
 686 032f 76       		.byte	0x76
 687 0330 00       		.sleb128 0
 688 0331 00       		.byte	0
 689 0332 12       		.uleb128 0x12
 690 0333 50000000 		.4byte	.LVL13
 691 0337 2A050000 		.4byte	0x52a
 692 033b 4B030000 		.4byte	0x34b
 693 033f 13       		.uleb128 0x13
 694 0340 01       		.uleb128 0x1
 695 0341 51       		.byte	0x51
 696 0342 02       		.uleb128 0x2
 697 0343 08       		.byte	0x8
 698 0344 2A       		.byte	0x2a
 699 0345 13       		.uleb128 0x13
ARM GAS  C:\Users\dufma\AppData\Local\Temp\ccVG3Aoe.s 			page 18


 700 0346 01       		.uleb128 0x1
 701 0347 50       		.byte	0x50
 702 0348 01       		.uleb128 0x1
 703 0349 4D       		.byte	0x4d
 704 034a 00       		.byte	0
 705 034b 12       		.uleb128 0x12
 706 034c 5A000000 		.4byte	.LVL15
 707 0350 2A050000 		.4byte	0x52a
 708 0354 64030000 		.4byte	0x364
 709 0358 13       		.uleb128 0x13
 710 0359 01       		.uleb128 0x1
 711 035a 51       		.byte	0x51
 712 035b 02       		.uleb128 0x2
 713 035c 08       		.byte	0x8
 714 035d 2B       		.byte	0x2b
 715 035e 13       		.uleb128 0x13
 716 035f 01       		.uleb128 0x1
 717 0360 50       		.byte	0x50
 718 0361 01       		.uleb128 0x1
 719 0362 4D       		.byte	0x4d
 720 0363 00       		.byte	0
 721 0364 12       		.uleb128 0x12
 722 0365 64000000 		.4byte	.LVL17
 723 0369 6D010000 		.4byte	0x16d
 724 036d 7E030000 		.4byte	0x37e
 725 0371 13       		.uleb128 0x13
 726 0372 01       		.uleb128 0x1
 727 0373 51       		.byte	0x51
 728 0374 02       		.uleb128 0x2
 729 0375 79       		.byte	0x79
 730 0376 00       		.sleb128 0
 731 0377 13       		.uleb128 0x13
 732 0378 01       		.uleb128 0x1
 733 0379 50       		.byte	0x50
 734 037a 02       		.uleb128 0x2
 735 037b 74       		.byte	0x74
 736 037c 00       		.sleb128 0
 737 037d 00       		.byte	0
 738 037e 12       		.uleb128 0x12
 739 037f 6E000000 		.4byte	.LVL19
 740 0383 2A050000 		.4byte	0x52a
 741 0387 97030000 		.4byte	0x397
 742 038b 13       		.uleb128 0x13
 743 038c 01       		.uleb128 0x1
 744 038d 51       		.byte	0x51
 745 038e 02       		.uleb128 0x2
 746 038f 08       		.byte	0x8
 747 0390 2C       		.byte	0x2c
 748 0391 13       		.uleb128 0x13
 749 0392 01       		.uleb128 0x1
 750 0393 50       		.byte	0x50
 751 0394 01       		.uleb128 0x1
 752 0395 4D       		.byte	0x4d
 753 0396 00       		.byte	0
 754 0397 12       		.uleb128 0x12
 755 0398 78000000 		.4byte	.LVL21
 756 039c 2A050000 		.4byte	0x52a
ARM GAS  C:\Users\dufma\AppData\Local\Temp\ccVG3Aoe.s 			page 19


 757 03a0 B0030000 		.4byte	0x3b0
 758 03a4 13       		.uleb128 0x13
 759 03a5 01       		.uleb128 0x1
 760 03a6 51       		.byte	0x51
 761 03a7 02       		.uleb128 0x2
 762 03a8 08       		.byte	0x8
 763 03a9 2D       		.byte	0x2d
 764 03aa 13       		.uleb128 0x13
 765 03ab 01       		.uleb128 0x1
 766 03ac 50       		.byte	0x50
 767 03ad 01       		.uleb128 0x1
 768 03ae 4D       		.byte	0x4d
 769 03af 00       		.byte	0
 770 03b0 12       		.uleb128 0x12
 771 03b1 82000000 		.4byte	.LVL23
 772 03b5 6D010000 		.4byte	0x16d
 773 03b9 CA030000 		.4byte	0x3ca
 774 03bd 13       		.uleb128 0x13
 775 03be 01       		.uleb128 0x1
 776 03bf 51       		.byte	0x51
 777 03c0 02       		.uleb128 0x2
 778 03c1 77       		.byte	0x77
 779 03c2 00       		.sleb128 0
 780 03c3 13       		.uleb128 0x13
 781 03c4 01       		.uleb128 0x1
 782 03c5 50       		.byte	0x50
 783 03c6 02       		.uleb128 0x2
 784 03c7 78       		.byte	0x78
 785 03c8 00       		.sleb128 0
 786 03c9 00       		.byte	0
 787 03ca 12       		.uleb128 0x12
 788 03cb 9A000000 		.4byte	.LVL25
 789 03cf 44050000 		.4byte	0x544
 790 03d3 08040000 		.4byte	0x408
 791 03d7 13       		.uleb128 0x13
 792 03d8 01       		.uleb128 0x1
 793 03d9 53       		.byte	0x53
 794 03da 02       		.uleb128 0x2
 795 03db 74       		.byte	0x74
 796 03dc 00       		.sleb128 0
 797 03dd 13       		.uleb128 0x13
 798 03de 01       		.uleb128 0x1
 799 03df 52       		.byte	0x52
 800 03e0 02       		.uleb128 0x2
 801 03e1 75       		.byte	0x75
 802 03e2 00       		.sleb128 0
 803 03e3 13       		.uleb128 0x13
 804 03e4 01       		.uleb128 0x1
 805 03e5 51       		.byte	0x51
 806 03e6 02       		.uleb128 0x2
 807 03e7 76       		.byte	0x76
 808 03e8 00       		.sleb128 0
 809 03e9 13       		.uleb128 0x13
 810 03ea 01       		.uleb128 0x1
 811 03eb 50       		.byte	0x50
 812 03ec 05       		.uleb128 0x5
 813 03ed 03       		.byte	0x3
ARM GAS  C:\Users\dufma\AppData\Local\Temp\ccVG3Aoe.s 			page 20


 814 03ee 08000000 		.4byte	.LC1
 815 03f2 13       		.uleb128 0x13
 816 03f3 02       		.uleb128 0x2
 817 03f4 7D       		.byte	0x7d
 818 03f5 08       		.sleb128 8
 819 03f6 02       		.uleb128 0x2
 820 03f7 77       		.byte	0x77
 821 03f8 00       		.sleb128 0
 822 03f9 13       		.uleb128 0x13
 823 03fa 02       		.uleb128 0x2
 824 03fb 7D       		.byte	0x7d
 825 03fc 04       		.sleb128 4
 826 03fd 02       		.uleb128 0x2
 827 03fe 78       		.byte	0x78
 828 03ff 00       		.sleb128 0
 829 0400 13       		.uleb128 0x13
 830 0401 02       		.uleb128 0x2
 831 0402 7D       		.byte	0x7d
 832 0403 00       		.sleb128 0
 833 0404 02       		.uleb128 0x2
 834 0405 79       		.byte	0x79
 835 0406 00       		.sleb128 0
 836 0407 00       		.byte	0
 837 0408 12       		.uleb128 0x12
 838 0409 A4000000 		.4byte	.LVL26
 839 040d 5A050000 		.4byte	0x55a
 840 0411 2A040000 		.4byte	0x42a
 841 0415 13       		.uleb128 0x13
 842 0416 01       		.uleb128 0x1
 843 0417 52       		.byte	0x52
 844 0418 04       		.uleb128 0x4
 845 0419 91       		.byte	0x91
 846 041a 54       		.sleb128 -44
 847 041b 94       		.byte	0x94
 848 041c 02       		.byte	0x2
 849 041d 13       		.uleb128 0x13
 850 041e 01       		.uleb128 0x1
 851 041f 51       		.byte	0x51
 852 0420 02       		.uleb128 0x2
 853 0421 7A       		.byte	0x7a
 854 0422 00       		.sleb128 0
 855 0423 13       		.uleb128 0x13
 856 0424 01       		.uleb128 0x1
 857 0425 50       		.byte	0x50
 858 0426 02       		.uleb128 0x2
 859 0427 7B       		.byte	0x7b
 860 0428 00       		.sleb128 0
 861 0429 00       		.byte	0
 862 042a 12       		.uleb128 0x12
 863 042b AA000000 		.4byte	.LVL27
 864 042f 75050000 		.4byte	0x575
 865 0433 3D040000 		.4byte	0x43d
 866 0437 13       		.uleb128 0x13
 867 0438 01       		.uleb128 0x1
 868 0439 50       		.byte	0x50
 869 043a 01       		.uleb128 0x1
 870 043b 3A       		.byte	0x3a
ARM GAS  C:\Users\dufma\AppData\Local\Temp\ccVG3Aoe.s 			page 21


 871 043c 00       		.byte	0
 872 043d 14       		.uleb128 0x14
 873 043e B0000000 		.4byte	.LVL28
 874 0442 8E050000 		.4byte	0x58e
 875 0446 13       		.uleb128 0x13
 876 0447 01       		.uleb128 0x1
 877 0448 50       		.byte	0x50
 878 0449 02       		.uleb128 0x2
 879 044a 08       		.byte	0x8
 880 044b 32       		.byte	0x32
 881 044c 00       		.byte	0
 882 044d 00       		.byte	0
 883 044e 0A       		.uleb128 0xa
 884 044f BD000000 		.4byte	.LASF40
 885 0453 01       		.byte	0x1
 886 0454 EA       		.byte	0xea
 887 0455 73000000 		.4byte	0x73
 888 0459 00000000 		.4byte	.LFB65
 889 045d 1C000000 		.4byte	.LFE65-.LFB65
 890 0461 01       		.uleb128 0x1
 891 0462 9C       		.byte	0x9c
 892 0463 AB040000 		.4byte	0x4ab
 893 0467 15       		.uleb128 0x15
 894 0468 DB000000 		.4byte	.LASF41
 895 046c 01       		.byte	0x1
 896 046d EA       		.byte	0xea
 897 046e 73000000 		.4byte	0x73
 898 0472 3B000000 		.4byte	.LLST2
 899 0476 0B       		.uleb128 0xb
 900 0477 70747200 		.ascii	"ptr\000"
 901 047b 01       		.byte	0x1
 902 047c EA       		.byte	0xea
 903 047d E3000000 		.4byte	0xe3
 904 0481 5C000000 		.4byte	.LLST3
 905 0485 0B       		.uleb128 0xb
 906 0486 6C656E00 		.ascii	"len\000"
 907 048a 01       		.byte	0x1
 908 048b EA       		.byte	0xea
 909 048c 73000000 		.4byte	0x73
 910 0490 85000000 		.4byte	.LLST4
 911 0494 0D       		.uleb128 0xd
 912 0495 6E00     		.ascii	"n\000"
 913 0497 01       		.byte	0x1
 914 0498 ED       		.byte	0xed
 915 0499 73000000 		.4byte	0x73
 916 049d A3000000 		.4byte	.LLST5
 917 04a1 11       		.uleb128 0x11
 918 04a2 10000000 		.4byte	.LVL33
 919 04a6 9F050000 		.4byte	0x59f
 920 04aa 00       		.byte	0
 921 04ab 16       		.uleb128 0x16
 922 04ac EB020000 		.4byte	.LASF42
 923 04b0 06       		.byte	0x6
 924 04b1 5506     		.2byte	0x655
 925 04b3 B7040000 		.4byte	0x4b7
 926 04b7 17       		.uleb128 0x17
 927 04b8 8C000000 		.4byte	0x8c
ARM GAS  C:\Users\dufma\AppData\Local\Temp\ccVG3Aoe.s 			page 22


 928 04bc 18       		.uleb128 0x18
 929 04bd AA000000 		.4byte	.LASF43
 930 04c1 05       		.byte	0x5
 931 04c2 17       		.byte	0x17
 932 04c3 CD040000 		.4byte	0x4cd
 933 04c7 05       		.uleb128 0x5
 934 04c8 03       		.byte	0x3
 935 04c9 00000000 		.4byte	sensors
 936 04cd 17       		.uleb128 0x17
 937 04ce F4000000 		.4byte	0xf4
 938 04d2 18       		.uleb128 0x18
 939 04d3 CB010000 		.4byte	.LASF44
 940 04d7 05       		.byte	0x5
 941 04d8 20       		.byte	0x20
 942 04d9 E3040000 		.4byte	0x4e3
 943 04dd 05       		.uleb128 0x5
 944 04de 03       		.byte	0x3
 945 04df 00000000 		.4byte	digital_sensor_value
 946 04e3 17       		.uleb128 0x17
 947 04e4 2D010000 		.4byte	0x12d
 948 04e8 19       		.uleb128 0x19
 949 04e9 75020000 		.4byte	.LASF45
 950 04ed 07       		.byte	0x7
 951 04ee 54       		.byte	0x54
 952 04ef 1A       		.uleb128 0x1a
 953 04f0 10000000 		.4byte	.LASF51
 954 04f4 0C       		.byte	0xc
 955 04f5 00       		.byte	0
 956 04f6 AA010000 		.4byte	.LASF53
 957 04fa 73000000 		.4byte	0x73
 958 04fe 08050000 		.4byte	0x508
 959 0502 1B       		.uleb128 0x1b
 960 0503 E9000000 		.4byte	0xe9
 961 0507 00       		.byte	0
 962 0508 19       		.uleb128 0x19
 963 0509 00030000 		.4byte	.LASF46
 964 050d 08       		.byte	0x8
 965 050e 93       		.byte	0x93
 966 050f 1C       		.uleb128 0x1c
 967 0510 98000000 		.4byte	.LASF49
 968 0514 09       		.byte	0x9
 969 0515 15       		.byte	0x15
 970 0516 2A050000 		.4byte	0x52a
 971 051a 1B       		.uleb128 0x1b
 972 051b 97000000 		.4byte	0x97
 973 051f 1B       		.uleb128 0x1b
 974 0520 97000000 		.4byte	0x97
 975 0524 1B       		.uleb128 0x1b
 976 0525 97000000 		.4byte	0x97
 977 0529 00       		.byte	0
 978 052a 1D       		.uleb128 0x1d
 979 052b 41010000 		.4byte	.LASF47
 980 052f 09       		.byte	0x9
 981 0530 14       		.byte	0x14
 982 0531 97000000 		.4byte	0x97
 983 0535 44050000 		.4byte	0x544
 984 0539 1B       		.uleb128 0x1b
ARM GAS  C:\Users\dufma\AppData\Local\Temp\ccVG3Aoe.s 			page 23


 985 053a 97000000 		.4byte	0x97
 986 053e 1B       		.uleb128 0x1b
 987 053f 97000000 		.4byte	0x97
 988 0543 00       		.byte	0
 989 0544 1D       		.uleb128 0x1d
 990 0545 6E020000 		.4byte	.LASF48
 991 0549 0A       		.byte	0xa
 992 054a B2       		.byte	0xb2
 993 054b 73000000 		.4byte	0x73
 994 054f 5A050000 		.4byte	0x55a
 995 0553 1B       		.uleb128 0x1b
 996 0554 E9000000 		.4byte	0xe9
 997 0558 1E       		.uleb128 0x1e
 998 0559 00       		.byte	0
 999 055a 1C       		.uleb128 0x1c
 1000 055b 2D010000 		.4byte	.LASF50
 1001 055f 0B       		.byte	0xb
 1002 0560 15       		.byte	0x15
 1003 0561 75050000 		.4byte	0x575
 1004 0565 1B       		.uleb128 0x1b
 1005 0566 A3000000 		.4byte	0xa3
 1006 056a 1B       		.uleb128 0x1b
 1007 056b A3000000 		.4byte	0xa3
 1008 056f 1B       		.uleb128 0x1b
 1009 0570 A3000000 		.4byte	0xa3
 1010 0574 00       		.byte	0
 1011 0575 1A       		.uleb128 0x1a
 1012 0576 97020000 		.4byte	.LASF52
 1013 057a 0C       		.byte	0xc
 1014 057b 00       		.byte	0
 1015 057c A2000000 		.4byte	.LASF54
 1016 0580 73000000 		.4byte	0x73
 1017 0584 8E050000 		.4byte	0x58e
 1018 0588 1B       		.uleb128 0x1b
 1019 0589 73000000 		.4byte	0x73
 1020 058d 00       		.byte	0
 1021 058e 1C       		.uleb128 0x1c
 1022 058f F8020000 		.4byte	.LASF55
 1023 0593 0D       		.byte	0xd
 1024 0594 77       		.byte	0x77
 1025 0595 9F050000 		.4byte	0x59f
 1026 0599 1B       		.uleb128 0x1b
 1027 059a AF000000 		.4byte	0xaf
 1028 059e 00       		.byte	0
 1029 059f 1F       		.uleb128 0x1f
 1030 05a0 11030000 		.4byte	.LASF60
 1031 05a4 07       		.byte	0x7
 1032 05a5 8A       		.byte	0x8a
 1033 05a6 1B       		.uleb128 0x1b
 1034 05a7 97000000 		.4byte	0x97
 1035 05ab 00       		.byte	0
 1036 05ac 00       		.byte	0
 1037              		.section	.debug_abbrev,"",%progbits
 1038              	.Ldebug_abbrev0:
 1039 0000 01       		.uleb128 0x1
 1040 0001 11       		.uleb128 0x11
 1041 0002 01       		.byte	0x1
ARM GAS  C:\Users\dufma\AppData\Local\Temp\ccVG3Aoe.s 			page 24


 1042 0003 25       		.uleb128 0x25
 1043 0004 0E       		.uleb128 0xe
 1044 0005 13       		.uleb128 0x13
 1045 0006 0B       		.uleb128 0xb
 1046 0007 03       		.uleb128 0x3
 1047 0008 0E       		.uleb128 0xe
 1048 0009 1B       		.uleb128 0x1b
 1049 000a 0E       		.uleb128 0xe
 1050 000b 55       		.uleb128 0x55
 1051 000c 17       		.uleb128 0x17
 1052 000d 11       		.uleb128 0x11
 1053 000e 01       		.uleb128 0x1
 1054 000f 10       		.uleb128 0x10
 1055 0010 17       		.uleb128 0x17
 1056 0011 00       		.byte	0
 1057 0012 00       		.byte	0
 1058 0013 02       		.uleb128 0x2
 1059 0014 24       		.uleb128 0x24
 1060 0015 00       		.byte	0
 1061 0016 0B       		.uleb128 0xb
 1062 0017 0B       		.uleb128 0xb
 1063 0018 3E       		.uleb128 0x3e
 1064 0019 0B       		.uleb128 0xb
 1065 001a 03       		.uleb128 0x3
 1066 001b 0E       		.uleb128 0xe
 1067 001c 00       		.byte	0
 1068 001d 00       		.byte	0
 1069 001e 03       		.uleb128 0x3
 1070 001f 16       		.uleb128 0x16
 1071 0020 00       		.byte	0
 1072 0021 03       		.uleb128 0x3
 1073 0022 0E       		.uleb128 0xe
 1074 0023 3A       		.uleb128 0x3a
 1075 0024 0B       		.uleb128 0xb
 1076 0025 3B       		.uleb128 0x3b
 1077 0026 0B       		.uleb128 0xb
 1078 0027 49       		.uleb128 0x49
 1079 0028 13       		.uleb128 0x13
 1080 0029 00       		.byte	0
 1081 002a 00       		.byte	0
 1082 002b 04       		.uleb128 0x4
 1083 002c 24       		.uleb128 0x24
 1084 002d 00       		.byte	0
 1085 002e 0B       		.uleb128 0xb
 1086 002f 0B       		.uleb128 0xb
 1087 0030 3E       		.uleb128 0x3e
 1088 0031 0B       		.uleb128 0xb
 1089 0032 03       		.uleb128 0x3
 1090 0033 08       		.uleb128 0x8
 1091 0034 00       		.byte	0
 1092 0035 00       		.byte	0
 1093 0036 05       		.uleb128 0x5
 1094 0037 16       		.uleb128 0x16
 1095 0038 00       		.byte	0
 1096 0039 03       		.uleb128 0x3
 1097 003a 0E       		.uleb128 0xe
 1098 003b 3A       		.uleb128 0x3a
ARM GAS  C:\Users\dufma\AppData\Local\Temp\ccVG3Aoe.s 			page 25


 1099 003c 0B       		.uleb128 0xb
 1100 003d 3B       		.uleb128 0x3b
 1101 003e 05       		.uleb128 0x5
 1102 003f 49       		.uleb128 0x49
 1103 0040 13       		.uleb128 0x13
 1104 0041 00       		.byte	0
 1105 0042 00       		.byte	0
 1106 0043 06       		.uleb128 0x6
 1107 0044 0F       		.uleb128 0xf
 1108 0045 00       		.byte	0
 1109 0046 0B       		.uleb128 0xb
 1110 0047 0B       		.uleb128 0xb
 1111 0048 49       		.uleb128 0x49
 1112 0049 13       		.uleb128 0x13
 1113 004a 00       		.byte	0
 1114 004b 00       		.byte	0
 1115 004c 07       		.uleb128 0x7
 1116 004d 26       		.uleb128 0x26
 1117 004e 00       		.byte	0
 1118 004f 49       		.uleb128 0x49
 1119 0050 13       		.uleb128 0x13
 1120 0051 00       		.byte	0
 1121 0052 00       		.byte	0
 1122 0053 08       		.uleb128 0x8
 1123 0054 13       		.uleb128 0x13
 1124 0055 01       		.byte	0x1
 1125 0056 03       		.uleb128 0x3
 1126 0057 0E       		.uleb128 0xe
 1127 0058 0B       		.uleb128 0xb
 1128 0059 0B       		.uleb128 0xb
 1129 005a 3A       		.uleb128 0x3a
 1130 005b 0B       		.uleb128 0xb
 1131 005c 3B       		.uleb128 0x3b
 1132 005d 0B       		.uleb128 0xb
 1133 005e 01       		.uleb128 0x1
 1134 005f 13       		.uleb128 0x13
 1135 0060 00       		.byte	0
 1136 0061 00       		.byte	0
 1137 0062 09       		.uleb128 0x9
 1138 0063 0D       		.uleb128 0xd
 1139 0064 00       		.byte	0
 1140 0065 03       		.uleb128 0x3
 1141 0066 08       		.uleb128 0x8
 1142 0067 3A       		.uleb128 0x3a
 1143 0068 0B       		.uleb128 0xb
 1144 0069 3B       		.uleb128 0x3b
 1145 006a 0B       		.uleb128 0xb
 1146 006b 49       		.uleb128 0x49
 1147 006c 13       		.uleb128 0x13
 1148 006d 38       		.uleb128 0x38
 1149 006e 0B       		.uleb128 0xb
 1150 006f 00       		.byte	0
 1151 0070 00       		.byte	0
 1152 0071 0A       		.uleb128 0xa
 1153 0072 2E       		.uleb128 0x2e
 1154 0073 01       		.byte	0x1
 1155 0074 3F       		.uleb128 0x3f
ARM GAS  C:\Users\dufma\AppData\Local\Temp\ccVG3Aoe.s 			page 26


 1156 0075 19       		.uleb128 0x19
 1157 0076 03       		.uleb128 0x3
 1158 0077 0E       		.uleb128 0xe
 1159 0078 3A       		.uleb128 0x3a
 1160 0079 0B       		.uleb128 0xb
 1161 007a 3B       		.uleb128 0x3b
 1162 007b 0B       		.uleb128 0xb
 1163 007c 27       		.uleb128 0x27
 1164 007d 19       		.uleb128 0x19
 1165 007e 49       		.uleb128 0x49
 1166 007f 13       		.uleb128 0x13
 1167 0080 11       		.uleb128 0x11
 1168 0081 01       		.uleb128 0x1
 1169 0082 12       		.uleb128 0x12
 1170 0083 06       		.uleb128 0x6
 1171 0084 40       		.uleb128 0x40
 1172 0085 18       		.uleb128 0x18
 1173 0086 9742     		.uleb128 0x2117
 1174 0088 19       		.uleb128 0x19
 1175 0089 01       		.uleb128 0x1
 1176 008a 13       		.uleb128 0x13
 1177 008b 00       		.byte	0
 1178 008c 00       		.byte	0
 1179 008d 0B       		.uleb128 0xb
 1180 008e 05       		.uleb128 0x5
 1181 008f 00       		.byte	0
 1182 0090 03       		.uleb128 0x3
 1183 0091 08       		.uleb128 0x8
 1184 0092 3A       		.uleb128 0x3a
 1185 0093 0B       		.uleb128 0xb
 1186 0094 3B       		.uleb128 0x3b
 1187 0095 0B       		.uleb128 0xb
 1188 0096 49       		.uleb128 0x49
 1189 0097 13       		.uleb128 0x13
 1190 0098 02       		.uleb128 0x2
 1191 0099 17       		.uleb128 0x17
 1192 009a 00       		.byte	0
 1193 009b 00       		.byte	0
 1194 009c 0C       		.uleb128 0xc
 1195 009d 05       		.uleb128 0x5
 1196 009e 00       		.byte	0
 1197 009f 03       		.uleb128 0x3
 1198 00a0 08       		.uleb128 0x8
 1199 00a1 3A       		.uleb128 0x3a
 1200 00a2 0B       		.uleb128 0xb
 1201 00a3 3B       		.uleb128 0x3b
 1202 00a4 0B       		.uleb128 0xb
 1203 00a5 49       		.uleb128 0x49
 1204 00a6 13       		.uleb128 0x13
 1205 00a7 02       		.uleb128 0x2
 1206 00a8 18       		.uleb128 0x18
 1207 00a9 00       		.byte	0
 1208 00aa 00       		.byte	0
 1209 00ab 0D       		.uleb128 0xd
 1210 00ac 34       		.uleb128 0x34
 1211 00ad 00       		.byte	0
 1212 00ae 03       		.uleb128 0x3
ARM GAS  C:\Users\dufma\AppData\Local\Temp\ccVG3Aoe.s 			page 27


 1213 00af 08       		.uleb128 0x8
 1214 00b0 3A       		.uleb128 0x3a
 1215 00b1 0B       		.uleb128 0xb
 1216 00b2 3B       		.uleb128 0x3b
 1217 00b3 0B       		.uleb128 0xb
 1218 00b4 49       		.uleb128 0x49
 1219 00b5 13       		.uleb128 0x13
 1220 00b6 02       		.uleb128 0x2
 1221 00b7 17       		.uleb128 0x17
 1222 00b8 00       		.byte	0
 1223 00b9 00       		.byte	0
 1224 00ba 0E       		.uleb128 0xe
 1225 00bb 2E       		.uleb128 0x2e
 1226 00bc 01       		.byte	0x1
 1227 00bd 3F       		.uleb128 0x3f
 1228 00be 19       		.uleb128 0x19
 1229 00bf 03       		.uleb128 0x3
 1230 00c0 0E       		.uleb128 0xe
 1231 00c1 3A       		.uleb128 0x3a
 1232 00c2 0B       		.uleb128 0xb
 1233 00c3 3B       		.uleb128 0x3b
 1234 00c4 0B       		.uleb128 0xb
 1235 00c5 49       		.uleb128 0x49
 1236 00c6 13       		.uleb128 0x13
 1237 00c7 11       		.uleb128 0x11
 1238 00c8 01       		.uleb128 0x1
 1239 00c9 12       		.uleb128 0x12
 1240 00ca 06       		.uleb128 0x6
 1241 00cb 40       		.uleb128 0x40
 1242 00cc 18       		.uleb128 0x18
 1243 00cd 9742     		.uleb128 0x2117
 1244 00cf 19       		.uleb128 0x19
 1245 00d0 01       		.uleb128 0x1
 1246 00d1 13       		.uleb128 0x13
 1247 00d2 00       		.byte	0
 1248 00d3 00       		.byte	0
 1249 00d4 0F       		.uleb128 0xf
 1250 00d5 34       		.uleb128 0x34
 1251 00d6 00       		.byte	0
 1252 00d7 03       		.uleb128 0x3
 1253 00d8 0E       		.uleb128 0xe
 1254 00d9 3A       		.uleb128 0x3a
 1255 00da 0B       		.uleb128 0xb
 1256 00db 3B       		.uleb128 0x3b
 1257 00dc 0B       		.uleb128 0xb
 1258 00dd 49       		.uleb128 0x49
 1259 00de 13       		.uleb128 0x13
 1260 00df 00       		.byte	0
 1261 00e0 00       		.byte	0
 1262 00e1 10       		.uleb128 0x10
 1263 00e2 34       		.uleb128 0x34
 1264 00e3 00       		.byte	0
 1265 00e4 03       		.uleb128 0x3
 1266 00e5 0E       		.uleb128 0xe
 1267 00e6 3A       		.uleb128 0x3a
 1268 00e7 0B       		.uleb128 0xb
 1269 00e8 3B       		.uleb128 0x3b
ARM GAS  C:\Users\dufma\AppData\Local\Temp\ccVG3Aoe.s 			page 28


 1270 00e9 0B       		.uleb128 0xb
 1271 00ea 49       		.uleb128 0x49
 1272 00eb 13       		.uleb128 0x13
 1273 00ec 02       		.uleb128 0x2
 1274 00ed 18       		.uleb128 0x18
 1275 00ee 00       		.byte	0
 1276 00ef 00       		.byte	0
 1277 00f0 11       		.uleb128 0x11
 1278 00f1 898201   		.uleb128 0x4109
 1279 00f4 00       		.byte	0
 1280 00f5 11       		.uleb128 0x11
 1281 00f6 01       		.uleb128 0x1
 1282 00f7 31       		.uleb128 0x31
 1283 00f8 13       		.uleb128 0x13
 1284 00f9 00       		.byte	0
 1285 00fa 00       		.byte	0
 1286 00fb 12       		.uleb128 0x12
 1287 00fc 898201   		.uleb128 0x4109
 1288 00ff 01       		.byte	0x1
 1289 0100 11       		.uleb128 0x11
 1290 0101 01       		.uleb128 0x1
 1291 0102 31       		.uleb128 0x31
 1292 0103 13       		.uleb128 0x13
 1293 0104 01       		.uleb128 0x1
 1294 0105 13       		.uleb128 0x13
 1295 0106 00       		.byte	0
 1296 0107 00       		.byte	0
 1297 0108 13       		.uleb128 0x13
 1298 0109 8A8201   		.uleb128 0x410a
 1299 010c 00       		.byte	0
 1300 010d 02       		.uleb128 0x2
 1301 010e 18       		.uleb128 0x18
 1302 010f 9142     		.uleb128 0x2111
 1303 0111 18       		.uleb128 0x18
 1304 0112 00       		.byte	0
 1305 0113 00       		.byte	0
 1306 0114 14       		.uleb128 0x14
 1307 0115 898201   		.uleb128 0x4109
 1308 0118 01       		.byte	0x1
 1309 0119 11       		.uleb128 0x11
 1310 011a 01       		.uleb128 0x1
 1311 011b 31       		.uleb128 0x31
 1312 011c 13       		.uleb128 0x13
 1313 011d 00       		.byte	0
 1314 011e 00       		.byte	0
 1315 011f 15       		.uleb128 0x15
 1316 0120 05       		.uleb128 0x5
 1317 0121 00       		.byte	0
 1318 0122 03       		.uleb128 0x3
 1319 0123 0E       		.uleb128 0xe
 1320 0124 3A       		.uleb128 0x3a
 1321 0125 0B       		.uleb128 0xb
 1322 0126 3B       		.uleb128 0x3b
 1323 0127 0B       		.uleb128 0xb
 1324 0128 49       		.uleb128 0x49
 1325 0129 13       		.uleb128 0x13
 1326 012a 02       		.uleb128 0x2
ARM GAS  C:\Users\dufma\AppData\Local\Temp\ccVG3Aoe.s 			page 29


 1327 012b 17       		.uleb128 0x17
 1328 012c 00       		.byte	0
 1329 012d 00       		.byte	0
 1330 012e 16       		.uleb128 0x16
 1331 012f 34       		.uleb128 0x34
 1332 0130 00       		.byte	0
 1333 0131 03       		.uleb128 0x3
 1334 0132 0E       		.uleb128 0xe
 1335 0133 3A       		.uleb128 0x3a
 1336 0134 0B       		.uleb128 0xb
 1337 0135 3B       		.uleb128 0x3b
 1338 0136 05       		.uleb128 0x5
 1339 0137 49       		.uleb128 0x49
 1340 0138 13       		.uleb128 0x13
 1341 0139 3F       		.uleb128 0x3f
 1342 013a 19       		.uleb128 0x19
 1343 013b 3C       		.uleb128 0x3c
 1344 013c 19       		.uleb128 0x19
 1345 013d 00       		.byte	0
 1346 013e 00       		.byte	0
 1347 013f 17       		.uleb128 0x17
 1348 0140 35       		.uleb128 0x35
 1349 0141 00       		.byte	0
 1350 0142 49       		.uleb128 0x49
 1351 0143 13       		.uleb128 0x13
 1352 0144 00       		.byte	0
 1353 0145 00       		.byte	0
 1354 0146 18       		.uleb128 0x18
 1355 0147 34       		.uleb128 0x34
 1356 0148 00       		.byte	0
 1357 0149 03       		.uleb128 0x3
 1358 014a 0E       		.uleb128 0xe
 1359 014b 3A       		.uleb128 0x3a
 1360 014c 0B       		.uleb128 0xb
 1361 014d 3B       		.uleb128 0x3b
 1362 014e 0B       		.uleb128 0xb
 1363 014f 49       		.uleb128 0x49
 1364 0150 13       		.uleb128 0x13
 1365 0151 3F       		.uleb128 0x3f
 1366 0152 19       		.uleb128 0x19
 1367 0153 02       		.uleb128 0x2
 1368 0154 18       		.uleb128 0x18
 1369 0155 00       		.byte	0
 1370 0156 00       		.byte	0
 1371 0157 19       		.uleb128 0x19
 1372 0158 2E       		.uleb128 0x2e
 1373 0159 00       		.byte	0
 1374 015a 3F       		.uleb128 0x3f
 1375 015b 19       		.uleb128 0x19
 1376 015c 03       		.uleb128 0x3
 1377 015d 0E       		.uleb128 0xe
 1378 015e 3A       		.uleb128 0x3a
 1379 015f 0B       		.uleb128 0xb
 1380 0160 3B       		.uleb128 0x3b
 1381 0161 0B       		.uleb128 0xb
 1382 0162 27       		.uleb128 0x27
 1383 0163 19       		.uleb128 0x19
ARM GAS  C:\Users\dufma\AppData\Local\Temp\ccVG3Aoe.s 			page 30


 1384 0164 3C       		.uleb128 0x3c
 1385 0165 19       		.uleb128 0x19
 1386 0166 00       		.byte	0
 1387 0167 00       		.byte	0
 1388 0168 1A       		.uleb128 0x1a
 1389 0169 2E       		.uleb128 0x2e
 1390 016a 01       		.byte	0x1
 1391 016b 3F       		.uleb128 0x3f
 1392 016c 19       		.uleb128 0x19
 1393 016d 03       		.uleb128 0x3
 1394 016e 0E       		.uleb128 0xe
 1395 016f 3A       		.uleb128 0x3a
 1396 0170 0B       		.uleb128 0xb
 1397 0171 3B       		.uleb128 0x3b
 1398 0172 0B       		.uleb128 0xb
 1399 0173 6E       		.uleb128 0x6e
 1400 0174 0E       		.uleb128 0xe
 1401 0175 27       		.uleb128 0x27
 1402 0176 19       		.uleb128 0x19
 1403 0177 49       		.uleb128 0x49
 1404 0178 13       		.uleb128 0x13
 1405 0179 3C       		.uleb128 0x3c
 1406 017a 19       		.uleb128 0x19
 1407 017b 01       		.uleb128 0x1
 1408 017c 13       		.uleb128 0x13
 1409 017d 00       		.byte	0
 1410 017e 00       		.byte	0
 1411 017f 1B       		.uleb128 0x1b
 1412 0180 05       		.uleb128 0x5
 1413 0181 00       		.byte	0
 1414 0182 49       		.uleb128 0x49
 1415 0183 13       		.uleb128 0x13
 1416 0184 00       		.byte	0
 1417 0185 00       		.byte	0
 1418 0186 1C       		.uleb128 0x1c
 1419 0187 2E       		.uleb128 0x2e
 1420 0188 01       		.byte	0x1
 1421 0189 3F       		.uleb128 0x3f
 1422 018a 19       		.uleb128 0x19
 1423 018b 03       		.uleb128 0x3
 1424 018c 0E       		.uleb128 0xe
 1425 018d 3A       		.uleb128 0x3a
 1426 018e 0B       		.uleb128 0xb
 1427 018f 3B       		.uleb128 0x3b
 1428 0190 0B       		.uleb128 0xb
 1429 0191 27       		.uleb128 0x27
 1430 0192 19       		.uleb128 0x19
 1431 0193 3C       		.uleb128 0x3c
 1432 0194 19       		.uleb128 0x19
 1433 0195 01       		.uleb128 0x1
 1434 0196 13       		.uleb128 0x13
 1435 0197 00       		.byte	0
 1436 0198 00       		.byte	0
 1437 0199 1D       		.uleb128 0x1d
 1438 019a 2E       		.uleb128 0x2e
 1439 019b 01       		.byte	0x1
 1440 019c 3F       		.uleb128 0x3f
ARM GAS  C:\Users\dufma\AppData\Local\Temp\ccVG3Aoe.s 			page 31


 1441 019d 19       		.uleb128 0x19
 1442 019e 03       		.uleb128 0x3
 1443 019f 0E       		.uleb128 0xe
 1444 01a0 3A       		.uleb128 0x3a
 1445 01a1 0B       		.uleb128 0xb
 1446 01a2 3B       		.uleb128 0x3b
 1447 01a3 0B       		.uleb128 0xb
 1448 01a4 27       		.uleb128 0x27
 1449 01a5 19       		.uleb128 0x19
 1450 01a6 49       		.uleb128 0x49
 1451 01a7 13       		.uleb128 0x13
 1452 01a8 3C       		.uleb128 0x3c
 1453 01a9 19       		.uleb128 0x19
 1454 01aa 01       		.uleb128 0x1
 1455 01ab 13       		.uleb128 0x13
 1456 01ac 00       		.byte	0
 1457 01ad 00       		.byte	0
 1458 01ae 1E       		.uleb128 0x1e
 1459 01af 18       		.uleb128 0x18
 1460 01b0 00       		.byte	0
 1461 01b1 00       		.byte	0
 1462 01b2 00       		.byte	0
 1463 01b3 1F       		.uleb128 0x1f
 1464 01b4 2E       		.uleb128 0x2e
 1465 01b5 01       		.byte	0x1
 1466 01b6 3F       		.uleb128 0x3f
 1467 01b7 19       		.uleb128 0x19
 1468 01b8 03       		.uleb128 0x3
 1469 01b9 0E       		.uleb128 0xe
 1470 01ba 3A       		.uleb128 0x3a
 1471 01bb 0B       		.uleb128 0xb
 1472 01bc 3B       		.uleb128 0x3b
 1473 01bd 0B       		.uleb128 0xb
 1474 01be 27       		.uleb128 0x27
 1475 01bf 19       		.uleb128 0x19
 1476 01c0 3C       		.uleb128 0x3c
 1477 01c1 19       		.uleb128 0x19
 1478 01c2 00       		.byte	0
 1479 01c3 00       		.byte	0
 1480 01c4 00       		.byte	0
 1481              		.section	.debug_loc,"",%progbits
 1482              	.Ldebug_loc0:
 1483              	.LLST0:
 1484 0000 00000000 		.4byte	.LVL0
 1485 0004 04000000 		.4byte	.LVL1
 1486 0008 0100     		.2byte	0x1
 1487 000a 50       		.byte	0x50
 1488 000b 04000000 		.4byte	.LVL1
 1489 000f 06000000 		.4byte	.LFE64
 1490 0013 0400     		.2byte	0x4
 1491 0015 F3       		.byte	0xf3
 1492 0016 01       		.uleb128 0x1
 1493 0017 50       		.byte	0x50
 1494 0018 9F       		.byte	0x9f
 1495 0019 00000000 		.4byte	0
 1496 001d 00000000 		.4byte	0
 1497              	.LLST1:
ARM GAS  C:\Users\dufma\AppData\Local\Temp\ccVG3Aoe.s 			page 32


 1498 0021 00000000 		.4byte	.LVL0
 1499 0025 04000000 		.4byte	.LVL1
 1500 0029 0800     		.2byte	0x8
 1501 002b 71       		.byte	0x71
 1502 002c 00       		.sleb128 0
 1503 002d 38       		.byte	0x38
 1504 002e 24       		.byte	0x24
 1505 002f 70       		.byte	0x70
 1506 0030 00       		.sleb128 0
 1507 0031 21       		.byte	0x21
 1508 0032 9F       		.byte	0x9f
 1509 0033 00000000 		.4byte	0
 1510 0037 00000000 		.4byte	0
 1511              	.LLST2:
 1512 003b 00000000 		.4byte	.LVL29
 1513 003f 08000000 		.4byte	.LVL31
 1514 0043 0100     		.2byte	0x1
 1515 0045 50       		.byte	0x50
 1516 0046 08000000 		.4byte	.LVL31
 1517 004a 1C000000 		.4byte	.LFE65
 1518 004e 0400     		.2byte	0x4
 1519 0050 F3       		.byte	0xf3
 1520 0051 01       		.uleb128 0x1
 1521 0052 50       		.byte	0x50
 1522 0053 9F       		.byte	0x9f
 1523 0054 00000000 		.4byte	0
 1524 0058 00000000 		.4byte	0
 1525              	.LLST3:
 1526 005c 00000000 		.4byte	.LVL29
 1527 0060 0A000000 		.4byte	.LVL32
 1528 0064 0100     		.2byte	0x1
 1529 0066 51       		.byte	0x51
 1530 0067 0A000000 		.4byte	.LVL32
 1531 006b 14000000 		.4byte	.LVL35
 1532 006f 0100     		.2byte	0x1
 1533 0071 55       		.byte	0x55
 1534 0072 14000000 		.4byte	.LVL35
 1535 0076 1C000000 		.4byte	.LFE65
 1536 007a 0100     		.2byte	0x1
 1537 007c 51       		.byte	0x51
 1538 007d 00000000 		.4byte	0
 1539 0081 00000000 		.4byte	0
 1540              	.LLST4:
 1541 0085 00000000 		.4byte	.LVL29
 1542 0089 08000000 		.4byte	.LVL31
 1543 008d 0100     		.2byte	0x1
 1544 008f 52       		.byte	0x52
 1545 0090 08000000 		.4byte	.LVL31
 1546 0094 1C000000 		.4byte	.LFE65
 1547 0098 0100     		.2byte	0x1
 1548 009a 56       		.byte	0x56
 1549 009b 00000000 		.4byte	0
 1550 009f 00000000 		.4byte	0
 1551              	.LLST5:
 1552 00a3 04000000 		.4byte	.LVL30
 1553 00a7 08000000 		.4byte	.LVL31
 1554 00ab 0200     		.2byte	0x2
ARM GAS  C:\Users\dufma\AppData\Local\Temp\ccVG3Aoe.s 			page 33


 1555 00ad 30       		.byte	0x30
 1556 00ae 9F       		.byte	0x9f
 1557 00af 08000000 		.4byte	.LVL31
 1558 00b3 1C000000 		.4byte	.LFE65
 1559 00b7 0100     		.2byte	0x1
 1560 00b9 54       		.byte	0x54
 1561 00ba 00000000 		.4byte	0
 1562 00be 00000000 		.4byte	0
 1563              		.section	.debug_aranges,"",%progbits
 1564 0000 2C000000 		.4byte	0x2c
 1565 0004 0200     		.2byte	0x2
 1566 0006 00000000 		.4byte	.Ldebug_info0
 1567 000a 04       		.byte	0x4
 1568 000b 00       		.byte	0
 1569 000c 0000     		.2byte	0
 1570 000e 0000     		.2byte	0
 1571 0010 00000000 		.4byte	.LFB64
 1572 0014 06000000 		.4byte	.LFE64-.LFB64
 1573 0018 00000000 		.4byte	.LFB63
 1574 001c BC000000 		.4byte	.LFE63-.LFB63
 1575 0020 00000000 		.4byte	.LFB65
 1576 0024 1C000000 		.4byte	.LFE65-.LFB65
 1577 0028 00000000 		.4byte	0
 1578 002c 00000000 		.4byte	0
 1579              		.section	.debug_ranges,"",%progbits
 1580              	.Ldebug_ranges0:
 1581 0000 00000000 		.4byte	.LFB64
 1582 0004 06000000 		.4byte	.LFE64
 1583 0008 00000000 		.4byte	.LFB63
 1584 000c BC000000 		.4byte	.LFE63
 1585 0010 00000000 		.4byte	.LFB65
 1586 0014 1C000000 		.4byte	.LFE65
 1587 0018 00000000 		.4byte	0
 1588 001c 00000000 		.4byte	0
 1589              		.section	.debug_line,"",%progbits
 1590              	.Ldebug_line0:
 1591 0000 4F020000 		.section	.debug_str,"MS",%progbits,1
 1591      0200B701 
 1591      00000201 
 1591      FB0E0D00 
 1591      01010101 
 1592              	.LASF38:
 1593 0000 5A5F4158 		.ascii	"Z_AXIS\000"
 1593      495300
 1594              	.LASF29:
 1595 0007 5A5F4158 		.ascii	"Z_AXIS_H\000"
 1595      49535F48 
 1595      00
 1596              	.LASF51:
 1597 0010 5F5F6275 		.ascii	"__builtin_puts\000"
 1597      696C7469 
 1597      6E5F7075 
 1597      747300
 1598              	.LASF28:
 1599 001f 5A5F4158 		.ascii	"Z_AXIS_L\000"
 1599      49535F4C 
 1599      00
ARM GAS  C:\Users\dufma\AppData\Local\Temp\ccVG3Aoe.s 			page 34


 1600              	.LASF58:
 1601 0028 433A5C55 		.ascii	"C:\\Users\\dufma\\Desktop\\Project\\Zumo-PSoC\\Zumo"
 1601      73657273 
 1601      5C647566 
 1601      6D615C44 
 1601      65736B74 
 1602 0055 426F745F 		.ascii	"Bot_Lib_Accel.cydsn\000"
 1602      4C69625F 
 1602      41636365 
 1602      6C2E6379 
 1602      64736E00 
 1603              	.LASF22:
 1604 0069 64696769 		.ascii	"digital_sensor_value_\000"
 1604      74616C5F 
 1604      73656E73 
 1604      6F725F76 
 1604      616C7565 
 1605              	.LASF30:
 1606 007f 585F4C5F 		.ascii	"X_L_A\000"
 1606      4100
 1607              	.LASF2:
 1608 0085 73686F72 		.ascii	"short int\000"
 1608      7420696E 
 1608      7400
 1609              	.LASF20:
 1610 008f 73697A65 		.ascii	"sizetype\000"
 1610      74797065 
 1610      00
 1611              	.LASF49:
 1612 0098 4932435F 		.ascii	"I2C_write\000"
 1612      77726974 
 1612      6500
 1613              	.LASF54:
 1614 00a2 70757463 		.ascii	"putchar\000"
 1614      68617200 
 1615              	.LASF43:
 1616 00aa 73656E73 		.ascii	"sensors\000"
 1616      6F727300 
 1617              	.LASF59:
 1618 00b2 6D61696E 		.ascii	"main\000"
 1618      00
 1619              	.LASF33:
 1620 00b7 595F485F 		.ascii	"Y_H_A\000"
 1620      4100
 1621              	.LASF40:
 1622 00bd 5F777269 		.ascii	"_write\000"
 1622      746500
 1623              	.LASF39:
 1624 00c4 636F6E76 		.ascii	"convert_raw\000"
 1624      6572745F 
 1624      72617700 
 1625              	.LASF4:
 1626 00d0 5F5F7569 		.ascii	"__uint16_t\000"
 1626      6E743136 
 1626      5F7400
 1627              	.LASF41:
 1628 00db 66696C65 		.ascii	"file\000"
ARM GAS  C:\Users\dufma\AppData\Local\Temp\ccVG3Aoe.s 			page 35


 1628      00
 1629              	.LASF14:
 1630 00e0 75696E74 		.ascii	"uint16\000"
 1630      313600
 1631              	.LASF16:
 1632 00e7 696E7431 		.ascii	"int16\000"
 1632      3600
 1633              	.LASF13:
 1634 00ed 75696E74 		.ascii	"uint8\000"
 1634      3800
 1635              	.LASF17:
 1636 00f3 666C6F61 		.ascii	"float\000"
 1636      7400
 1637              	.LASF34:
 1638 00f9 5A5F4C5F 		.ascii	"Z_L_A\000"
 1638      4100
 1639              	.LASF8:
 1640 00ff 6C6F6E67 		.ascii	"long long int\000"
 1640      206C6F6E 
 1640      6720696E 
 1640      7400
 1641              	.LASF25:
 1642 010d 585F4158 		.ascii	"X_AXIS_H\000"
 1642      49535F48 
 1642      00
 1643              	.LASF24:
 1644 0116 585F4158 		.ascii	"X_AXIS_L\000"
 1644      49535F4C 
 1644      00
 1645              	.LASF19:
 1646 011f 63686172 		.ascii	"char\000"
 1646      00
 1647              	.LASF6:
 1648 0124 6C6F6E67 		.ascii	"long int\000"
 1648      20696E74 
 1648      00
 1649              	.LASF50:
 1650 012d 76616C75 		.ascii	"value_convert_accel\000"
 1650      655F636F 
 1650      6E766572 
 1650      745F6163 
 1650      63656C00 
 1651              	.LASF47:
 1652 0141 4932435F 		.ascii	"I2C_read\000"
 1652      72656164 
 1652      00
 1653              	.LASF23:
 1654 014a 6C6F6E67 		.ascii	"long double\000"
 1654      20646F75 
 1654      626C6500 
 1655              	.LASF1:
 1656 0156 756E7369 		.ascii	"unsigned char\000"
 1656      676E6564 
 1656      20636861 
 1656      7200
 1657              	.LASF35:
 1658 0164 5A5F485F 		.ascii	"Z_H_A\000"
ARM GAS  C:\Users\dufma\AppData\Local\Temp\ccVG3Aoe.s 			page 36


 1658      4100
 1659              	.LASF37:
 1660 016a 595F4158 		.ascii	"Y_AXIS\000"
 1660      495300
 1661              	.LASF0:
 1662 0171 7369676E 		.ascii	"signed char\000"
 1662      65642063 
 1662      68617200 
 1663              	.LASF9:
 1664 017d 6C6F6E67 		.ascii	"long long unsigned int\000"
 1664      206C6F6E 
 1664      6720756E 
 1664      7369676E 
 1664      65642069 
 1665              	.LASF10:
 1666 0194 756E7369 		.ascii	"unsigned int\000"
 1666      676E6564 
 1666      20696E74 
 1666      00
 1667              	.LASF11:
 1668 01a1 75696E74 		.ascii	"uint16_t\000"
 1668      31365F74 
 1668      00
 1669              	.LASF53:
 1670 01aa 70757473 		.ascii	"puts\000"
 1670      00
 1671              	.LASF26:
 1672 01af 595F4158 		.ascii	"Y_AXIS_L\000"
 1672      49535F4C 
 1672      00
 1673              	.LASF3:
 1674 01b8 73686F72 		.ascii	"short unsigned int\000"
 1674      7420756E 
 1674      7369676E 
 1674      65642069 
 1674      6E7400
 1675              	.LASF44:
 1676 01cb 64696769 		.ascii	"digital_sensor_value\000"
 1676      74616C5F 
 1676      73656E73 
 1676      6F725F76 
 1676      616C7565 
 1677              	.LASF56:
 1678 01e0 474E5520 		.ascii	"GNU C 4.9.3 20150303 (release) [ARM/embedded-4_9-br"
 1678      4320342E 
 1678      392E3320 
 1678      32303135 
 1678      30333033 
 1679 0213 616E6368 		.ascii	"anch revision 221220] -mcpu=cortex-m3 -mthumb -g -O"
 1679      20726576 
 1679      6973696F 
 1679      6E203232 
 1679      31323230 
 1680 0246 67202D66 		.ascii	"g -ffunction-sections -ffat-lto-objects\000"
 1680      66756E63 
 1680      74696F6E 
 1680      2D736563 
ARM GAS  C:\Users\dufma\AppData\Local\Temp\ccVG3Aoe.s 			page 37


 1680      74696F6E 
 1681              	.LASF48:
 1682 026e 7072696E 		.ascii	"printf\000"
 1682      746600
 1683              	.LASF45:
 1684 0275 55415254 		.ascii	"UART_Start\000"
 1684      5F537461 
 1684      727400
 1685              	.LASF12:
 1686 0280 696E7433 		.ascii	"int32_t\000"
 1686      325F7400 
 1687              	.LASF27:
 1688 0288 595F4158 		.ascii	"Y_AXIS_H\000"
 1688      49535F48 
 1688      00
 1689              	.LASF32:
 1690 0291 595F4C5F 		.ascii	"Y_L_A\000"
 1690      4100
 1691              	.LASF52:
 1692 0297 5F5F6275 		.ascii	"__builtin_putchar\000"
 1692      696C7469 
 1692      6E5F7075 
 1692      74636861 
 1692      7200
 1693              	.LASF21:
 1694 02a9 73656E73 		.ascii	"sensors_\000"
 1694      6F72735F 
 1694      00
 1695              	.LASF15:
 1696 02b2 75696E74 		.ascii	"uint32\000"
 1696      333200
 1697              	.LASF7:
 1698 02b9 6C6F6E67 		.ascii	"long unsigned int\000"
 1698      20756E73 
 1698      69676E65 
 1698      6420696E 
 1698      7400
 1699              	.LASF18:
 1700 02cb 646F7562 		.ascii	"double\000"
 1700      6C6500
 1701              	.LASF31:
 1702 02d2 585F485F 		.ascii	"X_H_A\000"
 1702      4100
 1703              	.LASF57:
 1704 02d8 2E5C6D61 		.ascii	".\\main.c\000"
 1704      696E2E63 
 1704      00
 1705              	.LASF5:
 1706 02e1 5F5F696E 		.ascii	"__int32_t\000"
 1706      7433325F 
 1706      7400
 1707              	.LASF42:
 1708 02eb 49544D5F 		.ascii	"ITM_RxBuffer\000"
 1708      52784275 
 1708      66666572 
 1708      00
 1709              	.LASF55:
ARM GAS  C:\Users\dufma\AppData\Local\Temp\ccVG3Aoe.s 			page 38


 1710 02f8 43794465 		.ascii	"CyDelay\000"
 1710      6C617900 
 1711              	.LASF46:
 1712 0300 4932435F 		.ascii	"I2C_Start\000"
 1712      53746172 
 1712      7400
 1713              	.LASF36:
 1714 030a 585F4158 		.ascii	"X_AXIS\000"
 1714      495300
 1715              	.LASF60:
 1716 0311 55415254 		.ascii	"UART_PutChar\000"
 1716      5F507574 
 1716      43686172 
 1716      00
 1717              		.ident	"GCC: (GNU Tools for ARM Embedded Processors) 4.9.3 20150303 (release) [ARM/embedded-4_9-br
