ARM GAS  C:\Users\dufma\AppData\Local\Temp\ccotVwf9.s 			page 1


   1              		.syntax unified
   2              		.cpu cortex-m3
   3              		.fpu softvfp
   4              		.eabi_attribute 20, 1
   5              		.eabi_attribute 21, 1
   6              		.eabi_attribute 23, 3
   7              		.eabi_attribute 24, 1
   8              		.eabi_attribute 25, 1
   9              		.eabi_attribute 26, 1
  10              		.eabi_attribute 30, 1
  11              		.eabi_attribute 34, 1
  12              		.eabi_attribute 18, 4
  13              		.thumb
  14              		.file	"main.c"
  15              		.text
  16              	.Ltext0:
  17              		.cfi_sections	.debug_frame
  18              		.section	.text.main,"ax",%progbits
  19              		.align	2
  20              		.global	main
  21              		.thumb
  22              		.thumb_func
  23              		.type	main, %function
  24              	main:
  25              	.LFB63:
  26              		.file 1 ".\\main.c"
   1:.\main.c      **** /* ========================================
   2:.\main.c      ****  *
   3:.\main.c      ****  * Copyright YOUR COMPANY, THE YEAR
   4:.\main.c      ****  * All Rights Reserved
   5:.\main.c      ****  * UNPUBLISHED, LICENSED SOFTWARE.
   6:.\main.c      ****  *
   7:.\main.c      ****  * CONFIDENTIAL AND PROPRIETARY INFORMATION
   8:.\main.c      ****  * WHICH IS THE PROPERTY OF your company.
   9:.\main.c      ****  *
  10:.\main.c      ****  * ========================================
  11:.\main.c      **** */
  12:.\main.c      **** #include <project.h>
  13:.\main.c      **** #include <stdio.h>
  14:.\main.c      **** #include "Motor.h"
  15:.\main.c      **** 
  16:.\main.c      **** int rread(void);
  17:.\main.c      **** 
  18:.\main.c      **** 
  19:.\main.c      **** int main()
  20:.\main.c      **** {
  27              		.loc 1 20 0
  28              		.cfi_startproc
  29              		@ Volatile: function does not return.
  30              		@ args = 0, pretend = 0, frame = 0
  31              		@ frame_needed = 0, uses_anonymous_args = 0
  32 0000 08B5     		push	{r3, lr}
  33              		.cfi_def_cfa_offset 8
  34              		.cfi_offset 3, -8
  35              		.cfi_offset 14, -4
  21:.\main.c      ****     CyGlobalIntEnable; 
  36              		.loc 1 21 0
ARM GAS  C:\Users\dufma\AppData\Local\Temp\ccotVwf9.s 			page 2


  37              	@ 21 ".\main.c" 1
  38 0002 62B6     		CPSIE   i
  39              	@ 0 "" 2
  22:.\main.c      ****     UART_Start();
  40              		.loc 1 22 0
  41              		.thumb
  42 0004 FFF7FEFF 		bl	UART_Start
  43              	.LVL0:
  23:.\main.c      ****     
  24:.\main.c      ****     motor_Start();              // motor start
  44              		.loc 1 24 0
  45 0008 FFF7FEFF 		bl	motor_Start
  46              	.LVL1:
  25:.\main.c      **** 
  26:.\main.c      ****     printf("Start\r\n");
  47              		.loc 1 26 0
  48 000c 0D48     		ldr	r0, .L4
  49 000e FFF7FEFF 		bl	puts
  50              	.LVL2:
  27:.\main.c      **** 
  28:.\main.c      ****     motor_forward(50,2000);     // moving forward
  51              		.loc 1 28 0
  52 0012 3220     		movs	r0, #50
  53 0014 4FF4FA61 		mov	r1, #2000
  54 0018 FFF7FEFF 		bl	motor_forward
  55              	.LVL3:
  29:.\main.c      ****     motor_turn(20,50,2000);     // turn
  56              		.loc 1 29 0
  57 001c 1420     		movs	r0, #20
  58 001e 3221     		movs	r1, #50
  59 0020 4FF4FA62 		mov	r2, #2000
  60 0024 FFF7FEFF 		bl	motor_turn
  61              	.LVL4:
  30:.\main.c      ****     motor_turn(50,20,2000);     // turn
  62              		.loc 1 30 0
  63 0028 3220     		movs	r0, #50
  64 002a 1421     		movs	r1, #20
  65 002c 4FF4FA62 		mov	r2, #2000
  66 0030 FFF7FEFF 		bl	motor_turn
  67              	.LVL5:
  31:.\main.c      ****     motor_backward(50,2000);    // movinb backward
  68              		.loc 1 31 0
  69 0034 3220     		movs	r0, #50
  70 0036 4FF4FA61 		mov	r1, #2000
  71 003a FFF7FEFF 		bl	motor_backward
  72              	.LVL6:
  32:.\main.c      ****        
  33:.\main.c      ****     motor_Stop();               // motor stop
  73              		.loc 1 33 0
  74 003e FFF7FEFF 		bl	motor_Stop
  75              	.LVL7:
  76              	.L2:
  34:.\main.c      ****     
  35:.\main.c      ****     for(;;)
  36:.\main.c      ****     {
  37:.\main.c      **** 
  38:.\main.c      ****     }
ARM GAS  C:\Users\dufma\AppData\Local\Temp\ccotVwf9.s 			page 3


  77              		.loc 1 38 0 discriminator 1
  78 0042 FEE7     		b	.L2
  79              	.L5:
  80              		.align	2
  81              	.L4:
  82 0044 00000000 		.word	.LC0
  83              		.cfi_endproc
  84              	.LFE63:
  85              		.size	main, .-main
  86              		.section	.text._write,"ax",%progbits
  87              		.align	2
  88              		.global	_write
  89              		.thumb
  90              		.thumb_func
  91              		.type	_write, %function
  92              	_write:
  93              	.LFB64:
  39:.\main.c      **** }
  40:.\main.c      **** 
  41:.\main.c      **** 
  42:.\main.c      **** #if 0
  43:.\main.c      **** int rread(void)
  44:.\main.c      **** {
  45:.\main.c      ****     SC0_SetDriveMode(PIN_DM_STRONG);
  46:.\main.c      ****     SC0_Write(1);
  47:.\main.c      ****     CyDelayUs(10);
  48:.\main.c      ****     SC0_SetDriveMode(PIN_DM_DIG_HIZ);
  49:.\main.c      ****     Timer_1_Start();
  50:.\main.c      ****     uint16_t start = Timer_1_ReadCounter();
  51:.\main.c      ****     uint16_t end = 0;
  52:.\main.c      ****     while(!(Timer_1_ReadStatusRegister() & Timer_1_STATUS_TC)) {
  53:.\main.c      ****         if(SC0_Read() == 0 && end == 0) {
  54:.\main.c      ****             end = Timer_1_ReadCounter();
  55:.\main.c      ****         }
  56:.\main.c      ****     }
  57:.\main.c      ****     Timer_1_Stop();
  58:.\main.c      ****     
  59:.\main.c      ****     return (start - end);
  60:.\main.c      **** }
  61:.\main.c      **** #endif
  62:.\main.c      **** 
  63:.\main.c      **** int _write(int file, char *ptr, int len)
  64:.\main.c      **** {
  94              		.loc 1 64 0
  95              		.cfi_startproc
  96              		@ args = 0, pretend = 0, frame = 0
  97              		@ frame_needed = 0, uses_anonymous_args = 0
  98              	.LVL8:
  99 0000 70B5     		push	{r4, r5, r6, lr}
 100              		.cfi_def_cfa_offset 16
 101              		.cfi_offset 4, -16
 102              		.cfi_offset 5, -12
 103              		.cfi_offset 6, -8
 104              		.cfi_offset 14, -4
 105 0002 1646     		mov	r6, r2
 106              	.LVL9:
  65:.\main.c      ****     (void) file;
ARM GAS  C:\Users\dufma\AppData\Local\Temp\ccotVwf9.s 			page 4


  66:.\main.c      **** 	int n;
  67:.\main.c      **** 	for(n = 0; n < len; n++) {
 107              		.loc 1 67 0
 108 0004 0024     		movs	r4, #0
 109 0006 05E0     		b	.L7
 110              	.LVL10:
 111              	.L8:
  68:.\main.c      **** 		UART_PutChar(*ptr++);
 112              		.loc 1 68 0 discriminator 3
 113 0008 4D1C     		adds	r5, r1, #1
 114              	.LVL11:
 115 000a 0878     		ldrb	r0, [r1]	@ zero_extendqisi2
 116 000c FFF7FEFF 		bl	UART_PutChar
 117              	.LVL12:
  67:.\main.c      **** 		UART_PutChar(*ptr++);
 118              		.loc 1 67 0 discriminator 3
 119 0010 0134     		adds	r4, r4, #1
 120              	.LVL13:
 121              		.loc 1 68 0 discriminator 3
 122 0012 2946     		mov	r1, r5
 123              	.LVL14:
 124              	.L7:
  67:.\main.c      **** 		UART_PutChar(*ptr++);
 125              		.loc 1 67 0 discriminator 1
 126 0014 B442     		cmp	r4, r6
 127 0016 F7DB     		blt	.L8
  69:.\main.c      **** 	}
  70:.\main.c      **** 	return len;
  71:.\main.c      **** }
 128              		.loc 1 71 0
 129 0018 3046     		mov	r0, r6
 130 001a 70BD     		pop	{r4, r5, r6, pc}
 131              		.cfi_endproc
 132              	.LFE64:
 133              		.size	_write, .-_write
 134              		.section	.rodata.str1.4,"aMS",%progbits,1
 135              		.align	2
 136              	.LC0:
 137 0000 53746172 		.ascii	"Start\015\000"
 137      740D00
 138 0007 00       		.text
 139              	.Letext0:
 140              		.file 2 "c:\\program files (x86)\\cypress\\psoc creator\\3.3\\psoc creator\\import\\gnu\\arm\\4.9.
 141              		.file 3 "c:\\program files (x86)\\cypress\\psoc creator\\3.3\\psoc creator\\import\\gnu\\arm\\4.9.
 142              		.file 4 "Generated_Source\\PSoC5/cytypes.h"
 143              		.file 5 ".\\Motor.h"
 144              		.file 6 "Generated_Source\\PSoC5/UART.h"
 145              		.file 7 "Generated_Source\\PSoC5/core_cm3.h"
 146              		.file 8 "<built-in>"
 147              		.section	.debug_info,"",%progbits
 148              	.Ldebug_info0:
 149 0000 81020000 		.4byte	0x281
 150 0004 0400     		.2byte	0x4
 151 0006 00000000 		.4byte	.Ldebug_abbrev0
 152 000a 04       		.byte	0x4
 153 000b 01       		.uleb128 0x1
 154 000c C3000000 		.4byte	.LASF24
ARM GAS  C:\Users\dufma\AppData\Local\Temp\ccotVwf9.s 			page 5


 155 0010 01       		.byte	0x1
 156 0011 6F000000 		.4byte	.LASF25
 157 0015 19000000 		.4byte	.LASF26
 158 0019 00000000 		.4byte	.Ldebug_ranges0+0
 159 001d 00000000 		.4byte	0
 160 0021 00000000 		.4byte	.Ldebug_line0
 161 0025 02       		.uleb128 0x2
 162 0026 01       		.byte	0x1
 163 0027 06       		.byte	0x6
 164 0028 E1010000 		.4byte	.LASF0
 165 002c 02       		.uleb128 0x2
 166 002d 01       		.byte	0x1
 167 002e 08       		.byte	0x8
 168 002f 61000000 		.4byte	.LASF1
 169 0033 02       		.uleb128 0x2
 170 0034 02       		.byte	0x2
 171 0035 05       		.byte	0x5
 172 0036 C3010000 		.4byte	.LASF2
 173 003a 02       		.uleb128 0x2
 174 003b 02       		.byte	0x2
 175 003c 07       		.byte	0x7
 176 003d F9010000 		.4byte	.LASF3
 177 0041 03       		.uleb128 0x3
 178 0042 00000000 		.4byte	.LASF9
 179 0046 02       		.byte	0x2
 180 0047 3F       		.byte	0x3f
 181 0048 4C000000 		.4byte	0x4c
 182 004c 02       		.uleb128 0x2
 183 004d 04       		.byte	0x4
 184 004e 05       		.byte	0x5
 185 004f D3010000 		.4byte	.LASF4
 186 0053 02       		.uleb128 0x2
 187 0054 04       		.byte	0x4
 188 0055 07       		.byte	0x7
 189 0056 78000000 		.4byte	.LASF5
 190 005a 02       		.uleb128 0x2
 191 005b 08       		.byte	0x8
 192 005c 05       		.byte	0x5
 193 005d A9010000 		.4byte	.LASF6
 194 0061 02       		.uleb128 0x2
 195 0062 08       		.byte	0x8
 196 0063 07       		.byte	0x7
 197 0064 5E010000 		.4byte	.LASF7
 198 0068 04       		.uleb128 0x4
 199 0069 04       		.byte	0x4
 200 006a 05       		.byte	0x5
 201 006b 696E7400 		.ascii	"int\000"
 202 006f 02       		.uleb128 0x2
 203 0070 04       		.byte	0x4
 204 0071 07       		.byte	0x7
 205 0072 51010000 		.4byte	.LASF8
 206 0076 03       		.uleb128 0x3
 207 0077 8B010000 		.4byte	.LASF10
 208 007b 03       		.byte	0x3
 209 007c 2C       		.byte	0x2c
 210 007d 41000000 		.4byte	0x41
 211 0081 05       		.uleb128 0x5
ARM GAS  C:\Users\dufma\AppData\Local\Temp\ccotVwf9.s 			page 6


 212 0082 CD010000 		.4byte	.LASF11
 213 0086 04       		.byte	0x4
 214 0087 3801     		.2byte	0x138
 215 0089 2C000000 		.4byte	0x2c
 216 008d 05       		.uleb128 0x5
 217 008e BC000000 		.4byte	.LASF12
 218 0092 04       		.byte	0x4
 219 0093 3A01     		.2byte	0x13a
 220 0095 53000000 		.4byte	0x53
 221 0099 02       		.uleb128 0x2
 222 009a 04       		.byte	0x4
 223 009b 04       		.byte	0x4
 224 009c 56000000 		.4byte	.LASF13
 225 00a0 02       		.uleb128 0x2
 226 00a1 08       		.byte	0x8
 227 00a2 04       		.byte	0x4
 228 00a3 B0000000 		.4byte	.LASF14
 229 00a7 02       		.uleb128 0x2
 230 00a8 01       		.byte	0x1
 231 00a9 08       		.byte	0x8
 232 00aa B7010000 		.4byte	.LASF15
 233 00ae 02       		.uleb128 0x2
 234 00af 04       		.byte	0x4
 235 00b0 07       		.byte	0x7
 236 00b1 A0010000 		.4byte	.LASF16
 237 00b5 06       		.uleb128 0x6
 238 00b6 04       		.byte	0x4
 239 00b7 A7000000 		.4byte	0xa7
 240 00bb 06       		.uleb128 0x6
 241 00bc 04       		.byte	0x4
 242 00bd C1000000 		.4byte	0xc1
 243 00c1 07       		.uleb128 0x7
 244 00c2 A7000000 		.4byte	0xa7
 245 00c6 08       		.uleb128 0x8
 246 00c7 B7000000 		.4byte	.LASF27
 247 00cb 01       		.byte	0x1
 248 00cc 13       		.byte	0x13
 249 00cd 68000000 		.4byte	0x68
 250 00d1 00000000 		.4byte	.LFB63
 251 00d5 48000000 		.4byte	.LFE63-.LFB63
 252 00d9 01       		.uleb128 0x1
 253 00da 9C       		.byte	0x9c
 254 00db 88010000 		.4byte	0x188
 255 00df 09       		.uleb128 0x9
 256 00e0 08000000 		.4byte	.LVL0
 257 00e4 F6010000 		.4byte	0x1f6
 258 00e8 09       		.uleb128 0x9
 259 00e9 0C000000 		.4byte	.LVL1
 260 00ed FD010000 		.4byte	0x1fd
 261 00f1 0A       		.uleb128 0xa
 262 00f2 12000000 		.4byte	.LVL2
 263 00f6 0A020000 		.4byte	0x20a
 264 00fa 08010000 		.4byte	0x108
 265 00fe 0B       		.uleb128 0xb
 266 00ff 01       		.uleb128 0x1
 267 0100 50       		.byte	0x50
 268 0101 05       		.uleb128 0x5
ARM GAS  C:\Users\dufma\AppData\Local\Temp\ccotVwf9.s 			page 7


 269 0102 03       		.byte	0x3
 270 0103 00000000 		.4byte	.LC0
 271 0107 00       		.byte	0
 272 0108 0A       		.uleb128 0xa
 273 0109 1C000000 		.4byte	.LVL3
 274 010d 23020000 		.4byte	0x223
 275 0111 23010000 		.4byte	0x123
 276 0115 0B       		.uleb128 0xb
 277 0116 01       		.uleb128 0x1
 278 0117 51       		.byte	0x51
 279 0118 03       		.uleb128 0x3
 280 0119 0A       		.byte	0xa
 281 011a D007     		.2byte	0x7d0
 282 011c 0B       		.uleb128 0xb
 283 011d 01       		.uleb128 0x1
 284 011e 50       		.byte	0x50
 285 011f 02       		.uleb128 0x2
 286 0120 08       		.byte	0x8
 287 0121 32       		.byte	0x32
 288 0122 00       		.byte	0
 289 0123 0A       		.uleb128 0xa
 290 0124 28000000 		.4byte	.LVL4
 291 0128 39020000 		.4byte	0x239
 292 012c 43010000 		.4byte	0x143
 293 0130 0B       		.uleb128 0xb
 294 0131 01       		.uleb128 0x1
 295 0132 52       		.byte	0x52
 296 0133 03       		.uleb128 0x3
 297 0134 0A       		.byte	0xa
 298 0135 D007     		.2byte	0x7d0
 299 0137 0B       		.uleb128 0xb
 300 0138 01       		.uleb128 0x1
 301 0139 51       		.byte	0x51
 302 013a 02       		.uleb128 0x2
 303 013b 08       		.byte	0x8
 304 013c 32       		.byte	0x32
 305 013d 0B       		.uleb128 0xb
 306 013e 01       		.uleb128 0x1
 307 013f 50       		.byte	0x50
 308 0140 01       		.uleb128 0x1
 309 0141 44       		.byte	0x44
 310 0142 00       		.byte	0
 311 0143 0A       		.uleb128 0xa
 312 0144 34000000 		.4byte	.LVL5
 313 0148 39020000 		.4byte	0x239
 314 014c 63010000 		.4byte	0x163
 315 0150 0B       		.uleb128 0xb
 316 0151 01       		.uleb128 0x1
 317 0152 52       		.byte	0x52
 318 0153 03       		.uleb128 0x3
 319 0154 0A       		.byte	0xa
 320 0155 D007     		.2byte	0x7d0
 321 0157 0B       		.uleb128 0xb
 322 0158 01       		.uleb128 0x1
 323 0159 51       		.byte	0x51
 324 015a 01       		.uleb128 0x1
 325 015b 44       		.byte	0x44
ARM GAS  C:\Users\dufma\AppData\Local\Temp\ccotVwf9.s 			page 8


 326 015c 0B       		.uleb128 0xb
 327 015d 01       		.uleb128 0x1
 328 015e 50       		.byte	0x50
 329 015f 02       		.uleb128 0x2
 330 0160 08       		.byte	0x8
 331 0161 32       		.byte	0x32
 332 0162 00       		.byte	0
 333 0163 0A       		.uleb128 0xa
 334 0164 3E000000 		.4byte	.LVL6
 335 0168 54020000 		.4byte	0x254
 336 016c 7E010000 		.4byte	0x17e
 337 0170 0B       		.uleb128 0xb
 338 0171 01       		.uleb128 0x1
 339 0172 51       		.byte	0x51
 340 0173 03       		.uleb128 0x3
 341 0174 0A       		.byte	0xa
 342 0175 D007     		.2byte	0x7d0
 343 0177 0B       		.uleb128 0xb
 344 0178 01       		.uleb128 0x1
 345 0179 50       		.byte	0x50
 346 017a 02       		.uleb128 0x2
 347 017b 08       		.byte	0x8
 348 017c 32       		.byte	0x32
 349 017d 00       		.byte	0
 350 017e 09       		.uleb128 0x9
 351 017f 42000000 		.4byte	.LVL7
 352 0183 6A020000 		.4byte	0x26a
 353 0187 00       		.byte	0
 354 0188 0C       		.uleb128 0xc
 355 0189 BC010000 		.4byte	.LASF28
 356 018d 01       		.byte	0x1
 357 018e 3F       		.byte	0x3f
 358 018f 68000000 		.4byte	0x68
 359 0193 00000000 		.4byte	.LFB64
 360 0197 1C000000 		.4byte	.LFE64-.LFB64
 361 019b 01       		.uleb128 0x1
 362 019c 9C       		.byte	0x9c
 363 019d E5010000 		.4byte	0x1e5
 364 01a1 0D       		.uleb128 0xd
 365 01a2 5C000000 		.4byte	.LASF17
 366 01a6 01       		.byte	0x1
 367 01a7 3F       		.byte	0x3f
 368 01a8 68000000 		.4byte	0x68
 369 01ac 00000000 		.4byte	.LLST0
 370 01b0 0E       		.uleb128 0xe
 371 01b1 70747200 		.ascii	"ptr\000"
 372 01b5 01       		.byte	0x1
 373 01b6 3F       		.byte	0x3f
 374 01b7 B5000000 		.4byte	0xb5
 375 01bb 21000000 		.4byte	.LLST1
 376 01bf 0E       		.uleb128 0xe
 377 01c0 6C656E00 		.ascii	"len\000"
 378 01c4 01       		.byte	0x1
 379 01c5 3F       		.byte	0x3f
 380 01c6 68000000 		.4byte	0x68
 381 01ca 4A000000 		.4byte	.LLST2
 382 01ce 0F       		.uleb128 0xf
ARM GAS  C:\Users\dufma\AppData\Local\Temp\ccotVwf9.s 			page 9


 383 01cf 6E00     		.ascii	"n\000"
 384 01d1 01       		.byte	0x1
 385 01d2 42       		.byte	0x42
 386 01d3 68000000 		.4byte	0x68
 387 01d7 68000000 		.4byte	.LLST3
 388 01db 09       		.uleb128 0x9
 389 01dc 10000000 		.4byte	.LVL12
 390 01e0 77020000 		.4byte	0x277
 391 01e4 00       		.byte	0
 392 01e5 10       		.uleb128 0x10
 393 01e6 95000000 		.4byte	.LASF29
 394 01ea 07       		.byte	0x7
 395 01eb 5506     		.2byte	0x655
 396 01ed F1010000 		.4byte	0x1f1
 397 01f1 11       		.uleb128 0x11
 398 01f2 76000000 		.4byte	0x76
 399 01f6 12       		.uleb128 0x12
 400 01f7 8A000000 		.4byte	.LASF30
 401 01fb 06       		.byte	0x6
 402 01fc 54       		.byte	0x54
 403 01fd 13       		.uleb128 0x13
 404 01fe ED010000 		.4byte	.LASF21
 405 0202 05       		.byte	0x5
 406 0203 0F       		.byte	0xf
 407 0204 0A020000 		.4byte	0x20a
 408 0208 14       		.uleb128 0x14
 409 0209 00       		.byte	0
 410 020a 15       		.uleb128 0x15
 411 020b 0C020000 		.4byte	.LASF31
 412 020f 08       		.byte	0x8
 413 0210 00       		.byte	0
 414 0211 DC010000 		.4byte	.LASF32
 415 0215 68000000 		.4byte	0x68
 416 0219 23020000 		.4byte	0x223
 417 021d 16       		.uleb128 0x16
 418 021e BB000000 		.4byte	0xbb
 419 0222 00       		.byte	0
 420 0223 17       		.uleb128 0x17
 421 0224 A2000000 		.4byte	.LASF18
 422 0228 05       		.byte	0x5
 423 0229 14       		.byte	0x14
 424 022a 39020000 		.4byte	0x239
 425 022e 16       		.uleb128 0x16
 426 022f 81000000 		.4byte	0x81
 427 0233 16       		.uleb128 0x16
 428 0234 8D000000 		.4byte	0x8d
 429 0238 00       		.byte	0
 430 0239 17       		.uleb128 0x17
 431 023a 75010000 		.4byte	.LASF19
 432 023e 05       		.byte	0x5
 433 023f 18       		.byte	0x18
 434 0240 54020000 		.4byte	0x254
 435 0244 16       		.uleb128 0x16
 436 0245 81000000 		.4byte	0x81
 437 0249 16       		.uleb128 0x16
 438 024a 81000000 		.4byte	0x81
 439 024e 16       		.uleb128 0x16
ARM GAS  C:\Users\dufma\AppData\Local\Temp\ccotVwf9.s 			page 10


 440 024f 8D000000 		.4byte	0x8d
 441 0253 00       		.byte	0
 442 0254 17       		.uleb128 0x17
 443 0255 0A000000 		.4byte	.LASF20
 444 0259 05       		.byte	0x5
 445 025a 1C       		.byte	0x1c
 446 025b 6A020000 		.4byte	0x26a
 447 025f 16       		.uleb128 0x16
 448 0260 81000000 		.4byte	0x81
 449 0264 16       		.uleb128 0x16
 450 0265 8D000000 		.4byte	0x8d
 451 0269 00       		.byte	0
 452 026a 13       		.uleb128 0x13
 453 026b 80010000 		.4byte	.LASF22
 454 026f 05       		.byte	0x5
 455 0270 11       		.byte	0x11
 456 0271 77020000 		.4byte	0x277
 457 0275 14       		.uleb128 0x14
 458 0276 00       		.byte	0
 459 0277 18       		.uleb128 0x18
 460 0278 93010000 		.4byte	.LASF23
 461 027c 06       		.byte	0x6
 462 027d 8A       		.byte	0x8a
 463 027e 16       		.uleb128 0x16
 464 027f 81000000 		.4byte	0x81
 465 0283 00       		.byte	0
 466 0284 00       		.byte	0
 467              		.section	.debug_abbrev,"",%progbits
 468              	.Ldebug_abbrev0:
 469 0000 01       		.uleb128 0x1
 470 0001 11       		.uleb128 0x11
 471 0002 01       		.byte	0x1
 472 0003 25       		.uleb128 0x25
 473 0004 0E       		.uleb128 0xe
 474 0005 13       		.uleb128 0x13
 475 0006 0B       		.uleb128 0xb
 476 0007 03       		.uleb128 0x3
 477 0008 0E       		.uleb128 0xe
 478 0009 1B       		.uleb128 0x1b
 479 000a 0E       		.uleb128 0xe
 480 000b 55       		.uleb128 0x55
 481 000c 17       		.uleb128 0x17
 482 000d 11       		.uleb128 0x11
 483 000e 01       		.uleb128 0x1
 484 000f 10       		.uleb128 0x10
 485 0010 17       		.uleb128 0x17
 486 0011 00       		.byte	0
 487 0012 00       		.byte	0
 488 0013 02       		.uleb128 0x2
 489 0014 24       		.uleb128 0x24
 490 0015 00       		.byte	0
 491 0016 0B       		.uleb128 0xb
 492 0017 0B       		.uleb128 0xb
 493 0018 3E       		.uleb128 0x3e
 494 0019 0B       		.uleb128 0xb
 495 001a 03       		.uleb128 0x3
 496 001b 0E       		.uleb128 0xe
ARM GAS  C:\Users\dufma\AppData\Local\Temp\ccotVwf9.s 			page 11


 497 001c 00       		.byte	0
 498 001d 00       		.byte	0
 499 001e 03       		.uleb128 0x3
 500 001f 16       		.uleb128 0x16
 501 0020 00       		.byte	0
 502 0021 03       		.uleb128 0x3
 503 0022 0E       		.uleb128 0xe
 504 0023 3A       		.uleb128 0x3a
 505 0024 0B       		.uleb128 0xb
 506 0025 3B       		.uleb128 0x3b
 507 0026 0B       		.uleb128 0xb
 508 0027 49       		.uleb128 0x49
 509 0028 13       		.uleb128 0x13
 510 0029 00       		.byte	0
 511 002a 00       		.byte	0
 512 002b 04       		.uleb128 0x4
 513 002c 24       		.uleb128 0x24
 514 002d 00       		.byte	0
 515 002e 0B       		.uleb128 0xb
 516 002f 0B       		.uleb128 0xb
 517 0030 3E       		.uleb128 0x3e
 518 0031 0B       		.uleb128 0xb
 519 0032 03       		.uleb128 0x3
 520 0033 08       		.uleb128 0x8
 521 0034 00       		.byte	0
 522 0035 00       		.byte	0
 523 0036 05       		.uleb128 0x5
 524 0037 16       		.uleb128 0x16
 525 0038 00       		.byte	0
 526 0039 03       		.uleb128 0x3
 527 003a 0E       		.uleb128 0xe
 528 003b 3A       		.uleb128 0x3a
 529 003c 0B       		.uleb128 0xb
 530 003d 3B       		.uleb128 0x3b
 531 003e 05       		.uleb128 0x5
 532 003f 49       		.uleb128 0x49
 533 0040 13       		.uleb128 0x13
 534 0041 00       		.byte	0
 535 0042 00       		.byte	0
 536 0043 06       		.uleb128 0x6
 537 0044 0F       		.uleb128 0xf
 538 0045 00       		.byte	0
 539 0046 0B       		.uleb128 0xb
 540 0047 0B       		.uleb128 0xb
 541 0048 49       		.uleb128 0x49
 542 0049 13       		.uleb128 0x13
 543 004a 00       		.byte	0
 544 004b 00       		.byte	0
 545 004c 07       		.uleb128 0x7
 546 004d 26       		.uleb128 0x26
 547 004e 00       		.byte	0
 548 004f 49       		.uleb128 0x49
 549 0050 13       		.uleb128 0x13
 550 0051 00       		.byte	0
 551 0052 00       		.byte	0
 552 0053 08       		.uleb128 0x8
 553 0054 2E       		.uleb128 0x2e
ARM GAS  C:\Users\dufma\AppData\Local\Temp\ccotVwf9.s 			page 12


 554 0055 01       		.byte	0x1
 555 0056 3F       		.uleb128 0x3f
 556 0057 19       		.uleb128 0x19
 557 0058 03       		.uleb128 0x3
 558 0059 0E       		.uleb128 0xe
 559 005a 3A       		.uleb128 0x3a
 560 005b 0B       		.uleb128 0xb
 561 005c 3B       		.uleb128 0x3b
 562 005d 0B       		.uleb128 0xb
 563 005e 49       		.uleb128 0x49
 564 005f 13       		.uleb128 0x13
 565 0060 11       		.uleb128 0x11
 566 0061 01       		.uleb128 0x1
 567 0062 12       		.uleb128 0x12
 568 0063 06       		.uleb128 0x6
 569 0064 40       		.uleb128 0x40
 570 0065 18       		.uleb128 0x18
 571 0066 9742     		.uleb128 0x2117
 572 0068 19       		.uleb128 0x19
 573 0069 01       		.uleb128 0x1
 574 006a 13       		.uleb128 0x13
 575 006b 00       		.byte	0
 576 006c 00       		.byte	0
 577 006d 09       		.uleb128 0x9
 578 006e 898201   		.uleb128 0x4109
 579 0071 00       		.byte	0
 580 0072 11       		.uleb128 0x11
 581 0073 01       		.uleb128 0x1
 582 0074 31       		.uleb128 0x31
 583 0075 13       		.uleb128 0x13
 584 0076 00       		.byte	0
 585 0077 00       		.byte	0
 586 0078 0A       		.uleb128 0xa
 587 0079 898201   		.uleb128 0x4109
 588 007c 01       		.byte	0x1
 589 007d 11       		.uleb128 0x11
 590 007e 01       		.uleb128 0x1
 591 007f 31       		.uleb128 0x31
 592 0080 13       		.uleb128 0x13
 593 0081 01       		.uleb128 0x1
 594 0082 13       		.uleb128 0x13
 595 0083 00       		.byte	0
 596 0084 00       		.byte	0
 597 0085 0B       		.uleb128 0xb
 598 0086 8A8201   		.uleb128 0x410a
 599 0089 00       		.byte	0
 600 008a 02       		.uleb128 0x2
 601 008b 18       		.uleb128 0x18
 602 008c 9142     		.uleb128 0x2111
 603 008e 18       		.uleb128 0x18
 604 008f 00       		.byte	0
 605 0090 00       		.byte	0
 606 0091 0C       		.uleb128 0xc
 607 0092 2E       		.uleb128 0x2e
 608 0093 01       		.byte	0x1
 609 0094 3F       		.uleb128 0x3f
 610 0095 19       		.uleb128 0x19
ARM GAS  C:\Users\dufma\AppData\Local\Temp\ccotVwf9.s 			page 13


 611 0096 03       		.uleb128 0x3
 612 0097 0E       		.uleb128 0xe
 613 0098 3A       		.uleb128 0x3a
 614 0099 0B       		.uleb128 0xb
 615 009a 3B       		.uleb128 0x3b
 616 009b 0B       		.uleb128 0xb
 617 009c 27       		.uleb128 0x27
 618 009d 19       		.uleb128 0x19
 619 009e 49       		.uleb128 0x49
 620 009f 13       		.uleb128 0x13
 621 00a0 11       		.uleb128 0x11
 622 00a1 01       		.uleb128 0x1
 623 00a2 12       		.uleb128 0x12
 624 00a3 06       		.uleb128 0x6
 625 00a4 40       		.uleb128 0x40
 626 00a5 18       		.uleb128 0x18
 627 00a6 9742     		.uleb128 0x2117
 628 00a8 19       		.uleb128 0x19
 629 00a9 01       		.uleb128 0x1
 630 00aa 13       		.uleb128 0x13
 631 00ab 00       		.byte	0
 632 00ac 00       		.byte	0
 633 00ad 0D       		.uleb128 0xd
 634 00ae 05       		.uleb128 0x5
 635 00af 00       		.byte	0
 636 00b0 03       		.uleb128 0x3
 637 00b1 0E       		.uleb128 0xe
 638 00b2 3A       		.uleb128 0x3a
 639 00b3 0B       		.uleb128 0xb
 640 00b4 3B       		.uleb128 0x3b
 641 00b5 0B       		.uleb128 0xb
 642 00b6 49       		.uleb128 0x49
 643 00b7 13       		.uleb128 0x13
 644 00b8 02       		.uleb128 0x2
 645 00b9 17       		.uleb128 0x17
 646 00ba 00       		.byte	0
 647 00bb 00       		.byte	0
 648 00bc 0E       		.uleb128 0xe
 649 00bd 05       		.uleb128 0x5
 650 00be 00       		.byte	0
 651 00bf 03       		.uleb128 0x3
 652 00c0 08       		.uleb128 0x8
 653 00c1 3A       		.uleb128 0x3a
 654 00c2 0B       		.uleb128 0xb
 655 00c3 3B       		.uleb128 0x3b
 656 00c4 0B       		.uleb128 0xb
 657 00c5 49       		.uleb128 0x49
 658 00c6 13       		.uleb128 0x13
 659 00c7 02       		.uleb128 0x2
 660 00c8 17       		.uleb128 0x17
 661 00c9 00       		.byte	0
 662 00ca 00       		.byte	0
 663 00cb 0F       		.uleb128 0xf
 664 00cc 34       		.uleb128 0x34
 665 00cd 00       		.byte	0
 666 00ce 03       		.uleb128 0x3
 667 00cf 08       		.uleb128 0x8
ARM GAS  C:\Users\dufma\AppData\Local\Temp\ccotVwf9.s 			page 14


 668 00d0 3A       		.uleb128 0x3a
 669 00d1 0B       		.uleb128 0xb
 670 00d2 3B       		.uleb128 0x3b
 671 00d3 0B       		.uleb128 0xb
 672 00d4 49       		.uleb128 0x49
 673 00d5 13       		.uleb128 0x13
 674 00d6 02       		.uleb128 0x2
 675 00d7 17       		.uleb128 0x17
 676 00d8 00       		.byte	0
 677 00d9 00       		.byte	0
 678 00da 10       		.uleb128 0x10
 679 00db 34       		.uleb128 0x34
 680 00dc 00       		.byte	0
 681 00dd 03       		.uleb128 0x3
 682 00de 0E       		.uleb128 0xe
 683 00df 3A       		.uleb128 0x3a
 684 00e0 0B       		.uleb128 0xb
 685 00e1 3B       		.uleb128 0x3b
 686 00e2 05       		.uleb128 0x5
 687 00e3 49       		.uleb128 0x49
 688 00e4 13       		.uleb128 0x13
 689 00e5 3F       		.uleb128 0x3f
 690 00e6 19       		.uleb128 0x19
 691 00e7 3C       		.uleb128 0x3c
 692 00e8 19       		.uleb128 0x19
 693 00e9 00       		.byte	0
 694 00ea 00       		.byte	0
 695 00eb 11       		.uleb128 0x11
 696 00ec 35       		.uleb128 0x35
 697 00ed 00       		.byte	0
 698 00ee 49       		.uleb128 0x49
 699 00ef 13       		.uleb128 0x13
 700 00f0 00       		.byte	0
 701 00f1 00       		.byte	0
 702 00f2 12       		.uleb128 0x12
 703 00f3 2E       		.uleb128 0x2e
 704 00f4 00       		.byte	0
 705 00f5 3F       		.uleb128 0x3f
 706 00f6 19       		.uleb128 0x19
 707 00f7 03       		.uleb128 0x3
 708 00f8 0E       		.uleb128 0xe
 709 00f9 3A       		.uleb128 0x3a
 710 00fa 0B       		.uleb128 0xb
 711 00fb 3B       		.uleb128 0x3b
 712 00fc 0B       		.uleb128 0xb
 713 00fd 27       		.uleb128 0x27
 714 00fe 19       		.uleb128 0x19
 715 00ff 3C       		.uleb128 0x3c
 716 0100 19       		.uleb128 0x19
 717 0101 00       		.byte	0
 718 0102 00       		.byte	0
 719 0103 13       		.uleb128 0x13
 720 0104 2E       		.uleb128 0x2e
 721 0105 01       		.byte	0x1
 722 0106 3F       		.uleb128 0x3f
 723 0107 19       		.uleb128 0x19
 724 0108 03       		.uleb128 0x3
ARM GAS  C:\Users\dufma\AppData\Local\Temp\ccotVwf9.s 			page 15


 725 0109 0E       		.uleb128 0xe
 726 010a 3A       		.uleb128 0x3a
 727 010b 0B       		.uleb128 0xb
 728 010c 3B       		.uleb128 0x3b
 729 010d 0B       		.uleb128 0xb
 730 010e 3C       		.uleb128 0x3c
 731 010f 19       		.uleb128 0x19
 732 0110 01       		.uleb128 0x1
 733 0111 13       		.uleb128 0x13
 734 0112 00       		.byte	0
 735 0113 00       		.byte	0
 736 0114 14       		.uleb128 0x14
 737 0115 18       		.uleb128 0x18
 738 0116 00       		.byte	0
 739 0117 00       		.byte	0
 740 0118 00       		.byte	0
 741 0119 15       		.uleb128 0x15
 742 011a 2E       		.uleb128 0x2e
 743 011b 01       		.byte	0x1
 744 011c 3F       		.uleb128 0x3f
 745 011d 19       		.uleb128 0x19
 746 011e 03       		.uleb128 0x3
 747 011f 0E       		.uleb128 0xe
 748 0120 3A       		.uleb128 0x3a
 749 0121 0B       		.uleb128 0xb
 750 0122 3B       		.uleb128 0x3b
 751 0123 0B       		.uleb128 0xb
 752 0124 6E       		.uleb128 0x6e
 753 0125 0E       		.uleb128 0xe
 754 0126 27       		.uleb128 0x27
 755 0127 19       		.uleb128 0x19
 756 0128 49       		.uleb128 0x49
 757 0129 13       		.uleb128 0x13
 758 012a 3C       		.uleb128 0x3c
 759 012b 19       		.uleb128 0x19
 760 012c 01       		.uleb128 0x1
 761 012d 13       		.uleb128 0x13
 762 012e 00       		.byte	0
 763 012f 00       		.byte	0
 764 0130 16       		.uleb128 0x16
 765 0131 05       		.uleb128 0x5
 766 0132 00       		.byte	0
 767 0133 49       		.uleb128 0x49
 768 0134 13       		.uleb128 0x13
 769 0135 00       		.byte	0
 770 0136 00       		.byte	0
 771 0137 17       		.uleb128 0x17
 772 0138 2E       		.uleb128 0x2e
 773 0139 01       		.byte	0x1
 774 013a 3F       		.uleb128 0x3f
 775 013b 19       		.uleb128 0x19
 776 013c 03       		.uleb128 0x3
 777 013d 0E       		.uleb128 0xe
 778 013e 3A       		.uleb128 0x3a
 779 013f 0B       		.uleb128 0xb
 780 0140 3B       		.uleb128 0x3b
 781 0141 0B       		.uleb128 0xb
ARM GAS  C:\Users\dufma\AppData\Local\Temp\ccotVwf9.s 			page 16


 782 0142 27       		.uleb128 0x27
 783 0143 19       		.uleb128 0x19
 784 0144 3C       		.uleb128 0x3c
 785 0145 19       		.uleb128 0x19
 786 0146 01       		.uleb128 0x1
 787 0147 13       		.uleb128 0x13
 788 0148 00       		.byte	0
 789 0149 00       		.byte	0
 790 014a 18       		.uleb128 0x18
 791 014b 2E       		.uleb128 0x2e
 792 014c 01       		.byte	0x1
 793 014d 3F       		.uleb128 0x3f
 794 014e 19       		.uleb128 0x19
 795 014f 03       		.uleb128 0x3
 796 0150 0E       		.uleb128 0xe
 797 0151 3A       		.uleb128 0x3a
 798 0152 0B       		.uleb128 0xb
 799 0153 3B       		.uleb128 0x3b
 800 0154 0B       		.uleb128 0xb
 801 0155 27       		.uleb128 0x27
 802 0156 19       		.uleb128 0x19
 803 0157 3C       		.uleb128 0x3c
 804 0158 19       		.uleb128 0x19
 805 0159 00       		.byte	0
 806 015a 00       		.byte	0
 807 015b 00       		.byte	0
 808              		.section	.debug_loc,"",%progbits
 809              	.Ldebug_loc0:
 810              	.LLST0:
 811 0000 00000000 		.4byte	.LVL8
 812 0004 08000000 		.4byte	.LVL10
 813 0008 0100     		.2byte	0x1
 814 000a 50       		.byte	0x50
 815 000b 08000000 		.4byte	.LVL10
 816 000f 1C000000 		.4byte	.LFE64
 817 0013 0400     		.2byte	0x4
 818 0015 F3       		.byte	0xf3
 819 0016 01       		.uleb128 0x1
 820 0017 50       		.byte	0x50
 821 0018 9F       		.byte	0x9f
 822 0019 00000000 		.4byte	0
 823 001d 00000000 		.4byte	0
 824              	.LLST1:
 825 0021 00000000 		.4byte	.LVL8
 826 0025 0A000000 		.4byte	.LVL11
 827 0029 0100     		.2byte	0x1
 828 002b 51       		.byte	0x51
 829 002c 0A000000 		.4byte	.LVL11
 830 0030 14000000 		.4byte	.LVL14
 831 0034 0100     		.2byte	0x1
 832 0036 55       		.byte	0x55
 833 0037 14000000 		.4byte	.LVL14
 834 003b 1C000000 		.4byte	.LFE64
 835 003f 0100     		.2byte	0x1
 836 0041 51       		.byte	0x51
 837 0042 00000000 		.4byte	0
 838 0046 00000000 		.4byte	0
ARM GAS  C:\Users\dufma\AppData\Local\Temp\ccotVwf9.s 			page 17


 839              	.LLST2:
 840 004a 00000000 		.4byte	.LVL8
 841 004e 08000000 		.4byte	.LVL10
 842 0052 0100     		.2byte	0x1
 843 0054 52       		.byte	0x52
 844 0055 08000000 		.4byte	.LVL10
 845 0059 1C000000 		.4byte	.LFE64
 846 005d 0100     		.2byte	0x1
 847 005f 56       		.byte	0x56
 848 0060 00000000 		.4byte	0
 849 0064 00000000 		.4byte	0
 850              	.LLST3:
 851 0068 04000000 		.4byte	.LVL9
 852 006c 08000000 		.4byte	.LVL10
 853 0070 0200     		.2byte	0x2
 854 0072 30       		.byte	0x30
 855 0073 9F       		.byte	0x9f
 856 0074 08000000 		.4byte	.LVL10
 857 0078 1C000000 		.4byte	.LFE64
 858 007c 0100     		.2byte	0x1
 859 007e 54       		.byte	0x54
 860 007f 00000000 		.4byte	0
 861 0083 00000000 		.4byte	0
 862              		.section	.debug_aranges,"",%progbits
 863 0000 24000000 		.4byte	0x24
 864 0004 0200     		.2byte	0x2
 865 0006 00000000 		.4byte	.Ldebug_info0
 866 000a 04       		.byte	0x4
 867 000b 00       		.byte	0
 868 000c 0000     		.2byte	0
 869 000e 0000     		.2byte	0
 870 0010 00000000 		.4byte	.LFB63
 871 0014 48000000 		.4byte	.LFE63-.LFB63
 872 0018 00000000 		.4byte	.LFB64
 873 001c 1C000000 		.4byte	.LFE64-.LFB64
 874 0020 00000000 		.4byte	0
 875 0024 00000000 		.4byte	0
 876              		.section	.debug_ranges,"",%progbits
 877              	.Ldebug_ranges0:
 878 0000 00000000 		.4byte	.LFB63
 879 0004 48000000 		.4byte	.LFE63
 880 0008 00000000 		.4byte	.LFB64
 881 000c 1C000000 		.4byte	.LFE64
 882 0010 00000000 		.4byte	0
 883 0014 00000000 		.4byte	0
 884              		.section	.debug_line,"",%progbits
 885              	.Ldebug_line0:
 886 0000 B6010000 		.section	.debug_str,"MS",%progbits,1
 886      02006E01 
 886      00000201 
 886      FB0E0D00 
 886      01010101 
 887              	.LASF9:
 888 0000 5F5F696E 		.ascii	"__int32_t\000"
 888      7433325F 
 888      7400
 889              	.LASF20:
ARM GAS  C:\Users\dufma\AppData\Local\Temp\ccotVwf9.s 			page 18


 890 000a 6D6F746F 		.ascii	"motor_backward\000"
 890      725F6261 
 890      636B7761 
 890      726400
 891              	.LASF26:
 892 0019 433A5C55 		.ascii	"C:\\Users\\dufma\\Desktop\\Project\\Zumo-PSoC\\Zumo"
 892      73657273 
 892      5C647566 
 892      6D615C44 
 892      65736B74 
 893 0046 426F745F 		.ascii	"Bot_Motor.cydsn\000"
 893      4D6F746F 
 893      722E6379 
 893      64736E00 
 894              	.LASF13:
 895 0056 666C6F61 		.ascii	"float\000"
 895      7400
 896              	.LASF17:
 897 005c 66696C65 		.ascii	"file\000"
 897      00
 898              	.LASF1:
 899 0061 756E7369 		.ascii	"unsigned char\000"
 899      676E6564 
 899      20636861 
 899      7200
 900              	.LASF25:
 901 006f 2E5C6D61 		.ascii	".\\main.c\000"
 901      696E2E63 
 901      00
 902              	.LASF5:
 903 0078 6C6F6E67 		.ascii	"long unsigned int\000"
 903      20756E73 
 903      69676E65 
 903      6420696E 
 903      7400
 904              	.LASF30:
 905 008a 55415254 		.ascii	"UART_Start\000"
 905      5F537461 
 905      727400
 906              	.LASF29:
 907 0095 49544D5F 		.ascii	"ITM_RxBuffer\000"
 907      52784275 
 907      66666572 
 907      00
 908              	.LASF18:
 909 00a2 6D6F746F 		.ascii	"motor_forward\000"
 909      725F666F 
 909      72776172 
 909      6400
 910              	.LASF14:
 911 00b0 646F7562 		.ascii	"double\000"
 911      6C6500
 912              	.LASF27:
 913 00b7 6D61696E 		.ascii	"main\000"
 913      00
 914              	.LASF12:
 915 00bc 75696E74 		.ascii	"uint32\000"
ARM GAS  C:\Users\dufma\AppData\Local\Temp\ccotVwf9.s 			page 19


 915      333200
 916              	.LASF24:
 917 00c3 474E5520 		.ascii	"GNU C 4.9.3 20150303 (release) [ARM/embedded-4_9-br"
 917      4320342E 
 917      392E3320 
 917      32303135 
 917      30333033 
 918 00f6 616E6368 		.ascii	"anch revision 221220] -mcpu=cortex-m3 -mthumb -g -O"
 918      20726576 
 918      6973696F 
 918      6E203232 
 918      31323230 
 919 0129 67202D66 		.ascii	"g -ffunction-sections -ffat-lto-objects\000"
 919      66756E63 
 919      74696F6E 
 919      2D736563 
 919      74696F6E 
 920              	.LASF8:
 921 0151 756E7369 		.ascii	"unsigned int\000"
 921      676E6564 
 921      20696E74 
 921      00
 922              	.LASF7:
 923 015e 6C6F6E67 		.ascii	"long long unsigned int\000"
 923      206C6F6E 
 923      6720756E 
 923      7369676E 
 923      65642069 
 924              	.LASF19:
 925 0175 6D6F746F 		.ascii	"motor_turn\000"
 925      725F7475 
 925      726E00
 926              	.LASF22:
 927 0180 6D6F746F 		.ascii	"motor_Stop\000"
 927      725F5374 
 927      6F7000
 928              	.LASF10:
 929 018b 696E7433 		.ascii	"int32_t\000"
 929      325F7400 
 930              	.LASF23:
 931 0193 55415254 		.ascii	"UART_PutChar\000"
 931      5F507574 
 931      43686172 
 931      00
 932              	.LASF16:
 933 01a0 73697A65 		.ascii	"sizetype\000"
 933      74797065 
 933      00
 934              	.LASF6:
 935 01a9 6C6F6E67 		.ascii	"long long int\000"
 935      206C6F6E 
 935      6720696E 
 935      7400
 936              	.LASF15:
 937 01b7 63686172 		.ascii	"char\000"
 937      00
 938              	.LASF28:
ARM GAS  C:\Users\dufma\AppData\Local\Temp\ccotVwf9.s 			page 20


 939 01bc 5F777269 		.ascii	"_write\000"
 939      746500
 940              	.LASF2:
 941 01c3 73686F72 		.ascii	"short int\000"
 941      7420696E 
 941      7400
 942              	.LASF11:
 943 01cd 75696E74 		.ascii	"uint8\000"
 943      3800
 944              	.LASF4:
 945 01d3 6C6F6E67 		.ascii	"long int\000"
 945      20696E74 
 945      00
 946              	.LASF32:
 947 01dc 70757473 		.ascii	"puts\000"
 947      00
 948              	.LASF0:
 949 01e1 7369676E 		.ascii	"signed char\000"
 949      65642063 
 949      68617200 
 950              	.LASF21:
 951 01ed 6D6F746F 		.ascii	"motor_Start\000"
 951      725F5374 
 951      61727400 
 952              	.LASF3:
 953 01f9 73686F72 		.ascii	"short unsigned int\000"
 953      7420756E 
 953      7369676E 
 953      65642069 
 953      6E7400
 954              	.LASF31:
 955 020c 5F5F6275 		.ascii	"__builtin_puts\000"
 955      696C7469 
 955      6E5F7075 
 955      747300
 956              		.ident	"GCC: (GNU Tools for ARM Embedded Processors) 4.9.3 20150303 (release) [ARM/embedded-4_9-br
