ARM GAS  C:\Users\dufma\AppData\Local\Temp\cccygL9R.s 			page 1


   1              		.syntax unified
   2              		.cpu cortex-m3
   3              		.fpu softvfp
   4              		.eabi_attribute 20, 1
   5              		.eabi_attribute 21, 1
   6              		.eabi_attribute 23, 3
   7              		.eabi_attribute 24, 1
   8              		.eabi_attribute 25, 1
   9              		.eabi_attribute 26, 1
  10              		.eabi_attribute 30, 1
  11              		.eabi_attribute 34, 1
  12              		.eabi_attribute 18, 4
  13              		.thumb
  14              		.file	"main.c"
  15              		.text
  16              	.Ltext0:
  17              		.cfi_sections	.debug_frame
  18              		.section	.text.main,"ax",%progbits
  19              		.align	2
  20              		.global	main
  21              		.thumb
  22              		.thumb_func
  23              		.type	main, %function
  24              	main:
  25              	.LFB63:
  26              		.file 1 ".\\main.c"
   1:.\main.c      **** /* ========================================
   2:.\main.c      ****  *
   3:.\main.c      ****  * Copyright YOUR COMPANY, THE YEAR
   4:.\main.c      ****  * All Rights Reserved
   5:.\main.c      ****  * UNPUBLISHED, LICENSED SOFTWARE.
   6:.\main.c      ****  *
   7:.\main.c      ****  * CONFIDENTIAL AND PROPRIETARY INFORMATION
   8:.\main.c      ****  * WHICH IS THE PROPERTY OF your company.
   9:.\main.c      ****  *
  10:.\main.c      ****  * ========================================
  11:.\main.c      **** */
  12:.\main.c      **** #include <project.h>
  13:.\main.c      **** #include <stdio.h>
  14:.\main.c      **** #include "nunchuk.h"
  15:.\main.c      **** 
  16:.\main.c      **** int rread(void);
  17:.\main.c      **** 
  18:.\main.c      **** int main()
  19:.\main.c      **** {
  27              		.loc 1 19 0
  28              		.cfi_startproc
  29              		@ Volatile: function does not return.
  30              		@ args = 0, pretend = 0, frame = 0
  31              		@ frame_needed = 0, uses_anonymous_args = 0
  32 0000 08B5     		push	{r3, lr}
  33              		.cfi_def_cfa_offset 8
  34              		.cfi_offset 3, -8
  35              		.cfi_offset 14, -4
  20:.\main.c      ****     CyGlobalIntEnable; 
  36              		.loc 1 20 0
  37              	@ 20 ".\main.c" 1
ARM GAS  C:\Users\dufma\AppData\Local\Temp\cccygL9R.s 			page 2


  38 0002 62B6     		CPSIE   i
  39              	@ 0 "" 2
  21:.\main.c      ****     UART_Start();
  40              		.loc 1 21 0
  41              		.thumb
  42 0004 FFF7FEFF 		bl	UART_Start
  43              	.LVL0:
  22:.\main.c      ****     
  23:.\main.c      ****     printf("Start\r\n");
  44              		.loc 1 23 0
  45 0008 0448     		ldr	r0, .L4
  46 000a FFF7FEFF 		bl	puts
  47              	.LVL1:
  24:.\main.c      ****     
  25:.\main.c      ****     nunchuk_start();
  48              		.loc 1 25 0
  49 000e FFF7FEFF 		bl	nunchuk_start
  50              	.LVL2:
  26:.\main.c      ****     
  27:.\main.c      ****     nunchuk_init();
  51              		.loc 1 27 0
  52 0012 FFF7FEFF 		bl	nunchuk_init
  53              	.LVL3:
  54              	.L2:
  28:.\main.c      ****     
  29:.\main.c      ****     for(;;)
  30:.\main.c      ****     {    
  31:.\main.c      ****         nunchuk_read();
  55              		.loc 1 31 0 discriminator 1
  56 0016 FFF7FEFF 		bl	nunchuk_read
  57              	.LVL4:
  32:.\main.c      ****     }
  58              		.loc 1 32 0 discriminator 1
  59 001a FCE7     		b	.L2
  60              	.L5:
  61              		.align	2
  62              	.L4:
  63 001c 00000000 		.word	.LC0
  64              		.cfi_endproc
  65              	.LFE63:
  66              		.size	main, .-main
  67              		.section	.text._write,"ax",%progbits
  68              		.align	2
  69              		.global	_write
  70              		.thumb
  71              		.thumb_func
  72              		.type	_write, %function
  73              	_write:
  74              	.LFB64:
  33:.\main.c      **** }
  34:.\main.c      **** 
  35:.\main.c      **** 
  36:.\main.c      **** /*
  37:.\main.c      **** void nunchuk_init(void)
  38:.\main.c      **** {
  39:.\main.c      ****     uint8_t buf[2] = { 0x40, 0x00 };
  40:.\main.c      ****     uint8_t status;
ARM GAS  C:\Users\dufma\AppData\Local\Temp\cccygL9R.s 			page 3


  41:.\main.c      ****     I2C_2_MasterClearStatus();
  42:.\main.c      ****     CyDelay(100);
  43:.\main.c      ****     status = I2C_2_MasterWriteBuf(0x52, buf, 2, I2C_2_MODE_COMPLETE_XFER);
  44:.\main.c      ****     while(((status = I2C_2_MasterStatus()) & I2C_2_MSTAT_WR_CMPLT) == 0);
  45:.\main.c      ****     CyDelay(100);
  46:.\main.c      **** }    
  47:.\main.c      **** 
  48:.\main.c      **** void nunchuk_read(void)
  49:.\main.c      **** {
  50:.\main.c      ****     uint8_t status;
  51:.\main.c      ****     uint8_t buf[6];
  52:.\main.c      ****     // send conversion command
  53:.\main.c      ****     buf[0] = 0x00;
  54:.\main.c      ****     I2C_2_MasterClearStatus();
  55:.\main.c      ****     status = I2C_2_MasterWriteBuf(0x52, buf, 1, I2C_2_MODE_COMPLETE_XFER);
  56:.\main.c      ****     while(((status = I2C_2_MasterStatus()) & I2C_2_MSTAT_WR_CMPLT) == 0);
  57:.\main.c      ****     // wait for conversion to complete
  58:.\main.c      ****     CyDelay(50); // todo: check if shorter wait would work
  59:.\main.c      ****     // read values
  60:.\main.c      ****     I2C_2_MasterClearStatus();
  61:.\main.c      ****     status = I2C_2_MasterReadBuf(0x52, buf, 6, I2C_2_MODE_COMPLETE_XFER);
  62:.\main.c      ****     while(((status = I2C_2_MasterStatus()) & I2C_2_MSTAT_RD_CMPLT) == 0);
  63:.\main.c      ****     
  64:.\main.c      ****     int i;
  65:.\main.c      ****     // decrypt data
  66:.\main.c      ****     for(i = 0; i < 6; i++) buf[i] = (buf[i] ^ 0x17) + 0x17;
  67:.\main.c      ****     // accelerometer values
  68:.\main.c      ****     int x,y,z;
  69:.\main.c      ****     x = (buf[2] << 2) | ((buf[5] >> 2) & 0x03);
  70:.\main.c      ****     y = (buf[3] << 2) | ((buf[5] >> 4) & 0x03);
  71:.\main.c      ****     z = (buf[4] << 2) | ((buf[5] >> 6) & 0x03);
  72:.\main.c      ****     // buf[0] = JoyX, buf[1] = JoyY
  73:.\main.c      ****     printf("%3d %3d, %d, %d, %4d %4d %4d\r\n", buf[0], buf[1], (buf[5] >> 1) & 1, buf[5] & 1, x, y,
  74:.\main.c      **** }    
  75:.\main.c      **** */
  76:.\main.c      **** #if 0
  77:.\main.c      **** int rread(void)
  78:.\main.c      **** {
  79:.\main.c      ****     SC0_SetDriveMode(PIN_DM_STRONG);
  80:.\main.c      ****     SC0_Write(1);
  81:.\main.c      ****     CyDelayUs(10);
  82:.\main.c      ****     SC0_SetDriveMode(PIN_DM_DIG_HIZ);
  83:.\main.c      ****     Timer_1_Start();
  84:.\main.c      ****     uint16_t start = Timer_1_ReadCounter();
  85:.\main.c      ****     uint16_t end = 0;
  86:.\main.c      ****     while(!(Timer_1_ReadStatusRegister() & Timer_1_STATUS_TC)) {
  87:.\main.c      ****         if(SC0_Read() == 0 && end == 0) {
  88:.\main.c      ****             end = Timer_1_ReadCounter();
  89:.\main.c      ****         }
  90:.\main.c      ****     }
  91:.\main.c      ****     Timer_1_Stop();
  92:.\main.c      ****     
  93:.\main.c      ****     return (start - end);
  94:.\main.c      **** }
  95:.\main.c      **** #endif
  96:.\main.c      **** 
  97:.\main.c      **** int _write(int file, char *ptr, int len)
ARM GAS  C:\Users\dufma\AppData\Local\Temp\cccygL9R.s 			page 4


  98:.\main.c      **** {
  75              		.loc 1 98 0
  76              		.cfi_startproc
  77              		@ args = 0, pretend = 0, frame = 0
  78              		@ frame_needed = 0, uses_anonymous_args = 0
  79              	.LVL5:
  80 0000 70B5     		push	{r4, r5, r6, lr}
  81              		.cfi_def_cfa_offset 16
  82              		.cfi_offset 4, -16
  83              		.cfi_offset 5, -12
  84              		.cfi_offset 6, -8
  85              		.cfi_offset 14, -4
  86 0002 1646     		mov	r6, r2
  87              	.LVL6:
  99:.\main.c      ****     (void) file;
 100:.\main.c      **** 	int n;
 101:.\main.c      **** 	for(n = 0; n < len; n++) {
  88              		.loc 1 101 0
  89 0004 0024     		movs	r4, #0
  90 0006 05E0     		b	.L7
  91              	.LVL7:
  92              	.L8:
 102:.\main.c      **** 		UART_PutChar(*ptr++);
  93              		.loc 1 102 0 discriminator 3
  94 0008 4D1C     		adds	r5, r1, #1
  95              	.LVL8:
  96 000a 0878     		ldrb	r0, [r1]	@ zero_extendqisi2
  97 000c FFF7FEFF 		bl	UART_PutChar
  98              	.LVL9:
 101:.\main.c      **** 		UART_PutChar(*ptr++);
  99              		.loc 1 101 0 discriminator 3
 100 0010 0134     		adds	r4, r4, #1
 101              	.LVL10:
 102              		.loc 1 102 0 discriminator 3
 103 0012 2946     		mov	r1, r5
 104              	.LVL11:
 105              	.L7:
 101:.\main.c      **** 		UART_PutChar(*ptr++);
 106              		.loc 1 101 0 discriminator 1
 107 0014 B442     		cmp	r4, r6
 108 0016 F7DB     		blt	.L8
 103:.\main.c      **** 	}
 104:.\main.c      **** 	return len;
 105:.\main.c      **** }
 109              		.loc 1 105 0
 110 0018 3046     		mov	r0, r6
 111 001a 70BD     		pop	{r4, r5, r6, pc}
 112              		.cfi_endproc
 113              	.LFE64:
 114              		.size	_write, .-_write
 115              		.section	.rodata.str1.4,"aMS",%progbits,1
 116              		.align	2
 117              	.LC0:
 118 0000 53746172 		.ascii	"Start\015\000"
 118      740D00
 119 0007 00       		.text
 120              	.Letext0:
ARM GAS  C:\Users\dufma\AppData\Local\Temp\cccygL9R.s 			page 5


 121              		.file 2 "c:\\program files (x86)\\cypress\\psoc creator\\3.3\\psoc creator\\import\\gnu\\arm\\4.9.
 122              		.file 3 "c:\\program files (x86)\\cypress\\psoc creator\\3.3\\psoc creator\\import\\gnu\\arm\\4.9.
 123              		.file 4 "Generated_Source\\PSoC5/cytypes.h"
 124              		.file 5 ".\\nunchuk.h"
 125              		.file 6 "Generated_Source\\PSoC5/UART.h"
 126              		.file 7 "Generated_Source\\PSoC5/core_cm3.h"
 127              		.file 8 "<built-in>"
 128              		.section	.debug_info,"",%progbits
 129              	.Ldebug_info0:
 130 0000 CE010000 		.4byte	0x1ce
 131 0004 0400     		.2byte	0x4
 132 0006 00000000 		.4byte	.Ldebug_abbrev0
 133 000a 04       		.byte	0x4
 134 000b 01       		.uleb128 0x1
 135 000c CF000000 		.4byte	.LASF21
 136 0010 01       		.byte	0x1
 137 0011 1D000000 		.4byte	.LASF22
 138 0015 76000000 		.4byte	.LASF23
 139 0019 00000000 		.4byte	.Ldebug_ranges0+0
 140 001d 00000000 		.4byte	0
 141 0021 00000000 		.4byte	.Ldebug_line0
 142 0025 02       		.uleb128 0x2
 143 0026 01       		.byte	0x1
 144 0027 06       		.byte	0x6
 145 0028 E4010000 		.4byte	.LASF0
 146 002c 02       		.uleb128 0x2
 147 002d 01       		.byte	0x1
 148 002e 08       		.byte	0x8
 149 002f 31000000 		.4byte	.LASF1
 150 0033 02       		.uleb128 0x2
 151 0034 02       		.byte	0x2
 152 0035 05       		.byte	0x5
 153 0036 C6010000 		.4byte	.LASF2
 154 003a 02       		.uleb128 0x2
 155 003b 02       		.byte	0x2
 156 003c 07       		.byte	0x7
 157 003d 0A000000 		.4byte	.LASF3
 158 0041 03       		.uleb128 0x3
 159 0042 00000000 		.4byte	.LASF9
 160 0046 02       		.byte	0x2
 161 0047 3F       		.byte	0x3f
 162 0048 4C000000 		.4byte	0x4c
 163 004c 02       		.uleb128 0x2
 164 004d 04       		.byte	0x4
 165 004e 05       		.byte	0x5
 166 004f D6010000 		.4byte	.LASF4
 167 0053 02       		.uleb128 0x2
 168 0054 04       		.byte	0x4
 169 0055 07       		.byte	0x7
 170 0056 4C000000 		.4byte	.LASF5
 171 005a 02       		.uleb128 0x2
 172 005b 08       		.byte	0x8
 173 005c 05       		.byte	0x5
 174 005d 9F010000 		.4byte	.LASF6
 175 0061 02       		.uleb128 0x2
 176 0062 08       		.byte	0x8
 177 0063 07       		.byte	0x7
ARM GAS  C:\Users\dufma\AppData\Local\Temp\cccygL9R.s 			page 6


 178 0064 6A010000 		.4byte	.LASF7
 179 0068 04       		.uleb128 0x4
 180 0069 04       		.byte	0x4
 181 006a 05       		.byte	0x5
 182 006b 696E7400 		.ascii	"int\000"
 183 006f 02       		.uleb128 0x2
 184 0070 04       		.byte	0x4
 185 0071 07       		.byte	0x7
 186 0072 5D010000 		.4byte	.LASF8
 187 0076 03       		.uleb128 0x3
 188 0077 81010000 		.4byte	.LASF10
 189 007b 03       		.byte	0x3
 190 007c 2C       		.byte	0x2c
 191 007d 41000000 		.4byte	0x41
 192 0081 05       		.uleb128 0x5
 193 0082 D0010000 		.4byte	.LASF11
 194 0086 04       		.byte	0x4
 195 0087 3801     		.2byte	0x138
 196 0089 2C000000 		.4byte	0x2c
 197 008d 02       		.uleb128 0x2
 198 008e 04       		.byte	0x4
 199 008f 04       		.byte	0x4
 200 0090 26000000 		.4byte	.LASF12
 201 0094 02       		.uleb128 0x2
 202 0095 08       		.byte	0x8
 203 0096 04       		.byte	0x4
 204 0097 C3000000 		.4byte	.LASF13
 205 009b 02       		.uleb128 0x2
 206 009c 01       		.byte	0x1
 207 009d 08       		.byte	0x8
 208 009e AD010000 		.4byte	.LASF14
 209 00a2 02       		.uleb128 0x2
 210 00a3 04       		.byte	0x4
 211 00a4 07       		.byte	0x7
 212 00a5 96010000 		.4byte	.LASF15
 213 00a9 06       		.uleb128 0x6
 214 00aa 04       		.byte	0x4
 215 00ab 9B000000 		.4byte	0x9b
 216 00af 06       		.uleb128 0x6
 217 00b0 04       		.byte	0x4
 218 00b1 B5000000 		.4byte	0xb5
 219 00b5 07       		.uleb128 0x7
 220 00b6 9B000000 		.4byte	0x9b
 221 00ba 08       		.uleb128 0x8
 222 00bb CA000000 		.4byte	.LASF24
 223 00bf 01       		.byte	0x1
 224 00c0 12       		.byte	0x12
 225 00c1 68000000 		.4byte	0x68
 226 00c5 00000000 		.4byte	.LFB63
 227 00c9 20000000 		.4byte	.LFE63-.LFB63
 228 00cd 01       		.uleb128 0x1
 229 00ce 9C       		.byte	0x9c
 230 00cf 0F010000 		.4byte	0x10f
 231 00d3 09       		.uleb128 0x9
 232 00d4 08000000 		.4byte	.LVL0
 233 00d8 7D010000 		.4byte	0x17d
 234 00dc 0A       		.uleb128 0xa
ARM GAS  C:\Users\dufma\AppData\Local\Temp\cccygL9R.s 			page 7


 235 00dd 0E000000 		.4byte	.LVL1
 236 00e1 84010000 		.4byte	0x184
 237 00e5 F3000000 		.4byte	0xf3
 238 00e9 0B       		.uleb128 0xb
 239 00ea 01       		.uleb128 0x1
 240 00eb 50       		.byte	0x50
 241 00ec 05       		.uleb128 0x5
 242 00ed 03       		.byte	0x3
 243 00ee 00000000 		.4byte	.LC0
 244 00f2 00       		.byte	0
 245 00f3 09       		.uleb128 0x9
 246 00f4 12000000 		.4byte	.LVL2
 247 00f8 9D010000 		.4byte	0x19d
 248 00fc 09       		.uleb128 0x9
 249 00fd 16000000 		.4byte	.LVL3
 250 0101 AA010000 		.4byte	0x1aa
 251 0105 09       		.uleb128 0x9
 252 0106 1A000000 		.4byte	.LVL4
 253 010a B7010000 		.4byte	0x1b7
 254 010e 00       		.byte	0
 255 010f 0C       		.uleb128 0xc
 256 0110 B2010000 		.4byte	.LASF25
 257 0114 01       		.byte	0x1
 258 0115 61       		.byte	0x61
 259 0116 68000000 		.4byte	0x68
 260 011a 00000000 		.4byte	.LFB64
 261 011e 1C000000 		.4byte	.LFE64-.LFB64
 262 0122 01       		.uleb128 0x1
 263 0123 9C       		.byte	0x9c
 264 0124 6C010000 		.4byte	0x16c
 265 0128 0D       		.uleb128 0xd
 266 0129 2C000000 		.4byte	.LASF16
 267 012d 01       		.byte	0x1
 268 012e 61       		.byte	0x61
 269 012f 68000000 		.4byte	0x68
 270 0133 00000000 		.4byte	.LLST0
 271 0137 0E       		.uleb128 0xe
 272 0138 70747200 		.ascii	"ptr\000"
 273 013c 01       		.byte	0x1
 274 013d 61       		.byte	0x61
 275 013e A9000000 		.4byte	0xa9
 276 0142 21000000 		.4byte	.LLST1
 277 0146 0E       		.uleb128 0xe
 278 0147 6C656E00 		.ascii	"len\000"
 279 014b 01       		.byte	0x1
 280 014c 61       		.byte	0x61
 281 014d 68000000 		.4byte	0x68
 282 0151 4A000000 		.4byte	.LLST2
 283 0155 0F       		.uleb128 0xf
 284 0156 6E00     		.ascii	"n\000"
 285 0158 01       		.byte	0x1
 286 0159 64       		.byte	0x64
 287 015a 68000000 		.4byte	0x68
 288 015e 68000000 		.4byte	.LLST3
 289 0162 09       		.uleb128 0x9
 290 0163 10000000 		.4byte	.LVL9
 291 0167 C4010000 		.4byte	0x1c4
ARM GAS  C:\Users\dufma\AppData\Local\Temp\cccygL9R.s 			page 8


 292 016b 00       		.byte	0
 293 016c 10       		.uleb128 0x10
 294 016d 69000000 		.4byte	.LASF26
 295 0171 07       		.byte	0x7
 296 0172 5506     		.2byte	0x655
 297 0174 78010000 		.4byte	0x178
 298 0178 11       		.uleb128 0x11
 299 0179 76000000 		.4byte	0x76
 300 017d 12       		.uleb128 0x12
 301 017e 5E000000 		.4byte	.LASF27
 302 0182 06       		.byte	0x6
 303 0183 54       		.byte	0x54
 304 0184 13       		.uleb128 0x13
 305 0185 F0010000 		.4byte	.LASF28
 306 0189 08       		.byte	0x8
 307 018a 00       		.byte	0
 308 018b DF010000 		.4byte	.LASF29
 309 018f 68000000 		.4byte	0x68
 310 0193 9D010000 		.4byte	0x19d
 311 0197 14       		.uleb128 0x14
 312 0198 AF000000 		.4byte	0xaf
 313 019c 00       		.byte	0
 314 019d 15       		.uleb128 0x15
 315 019e B5000000 		.4byte	.LASF17
 316 01a2 05       		.byte	0x5
 317 01a3 0F       		.byte	0xf
 318 01a4 AA010000 		.4byte	0x1aa
 319 01a8 16       		.uleb128 0x16
 320 01a9 00       		.byte	0
 321 01aa 15       		.uleb128 0x15
 322 01ab 3F000000 		.4byte	.LASF18
 323 01af 05       		.byte	0x5
 324 01b0 10       		.byte	0x10
 325 01b1 B7010000 		.4byte	0x1b7
 326 01b5 16       		.uleb128 0x16
 327 01b6 00       		.byte	0
 328 01b7 15       		.uleb128 0x15
 329 01b8 B9010000 		.4byte	.LASF19
 330 01bc 05       		.byte	0x5
 331 01bd 11       		.byte	0x11
 332 01be C4010000 		.4byte	0x1c4
 333 01c2 16       		.uleb128 0x16
 334 01c3 00       		.byte	0
 335 01c4 17       		.uleb128 0x17
 336 01c5 89010000 		.4byte	.LASF20
 337 01c9 06       		.byte	0x6
 338 01ca 8A       		.byte	0x8a
 339 01cb 14       		.uleb128 0x14
 340 01cc 81000000 		.4byte	0x81
 341 01d0 00       		.byte	0
 342 01d1 00       		.byte	0
 343              		.section	.debug_abbrev,"",%progbits
 344              	.Ldebug_abbrev0:
 345 0000 01       		.uleb128 0x1
 346 0001 11       		.uleb128 0x11
 347 0002 01       		.byte	0x1
 348 0003 25       		.uleb128 0x25
ARM GAS  C:\Users\dufma\AppData\Local\Temp\cccygL9R.s 			page 9


 349 0004 0E       		.uleb128 0xe
 350 0005 13       		.uleb128 0x13
 351 0006 0B       		.uleb128 0xb
 352 0007 03       		.uleb128 0x3
 353 0008 0E       		.uleb128 0xe
 354 0009 1B       		.uleb128 0x1b
 355 000a 0E       		.uleb128 0xe
 356 000b 55       		.uleb128 0x55
 357 000c 17       		.uleb128 0x17
 358 000d 11       		.uleb128 0x11
 359 000e 01       		.uleb128 0x1
 360 000f 10       		.uleb128 0x10
 361 0010 17       		.uleb128 0x17
 362 0011 00       		.byte	0
 363 0012 00       		.byte	0
 364 0013 02       		.uleb128 0x2
 365 0014 24       		.uleb128 0x24
 366 0015 00       		.byte	0
 367 0016 0B       		.uleb128 0xb
 368 0017 0B       		.uleb128 0xb
 369 0018 3E       		.uleb128 0x3e
 370 0019 0B       		.uleb128 0xb
 371 001a 03       		.uleb128 0x3
 372 001b 0E       		.uleb128 0xe
 373 001c 00       		.byte	0
 374 001d 00       		.byte	0
 375 001e 03       		.uleb128 0x3
 376 001f 16       		.uleb128 0x16
 377 0020 00       		.byte	0
 378 0021 03       		.uleb128 0x3
 379 0022 0E       		.uleb128 0xe
 380 0023 3A       		.uleb128 0x3a
 381 0024 0B       		.uleb128 0xb
 382 0025 3B       		.uleb128 0x3b
 383 0026 0B       		.uleb128 0xb
 384 0027 49       		.uleb128 0x49
 385 0028 13       		.uleb128 0x13
 386 0029 00       		.byte	0
 387 002a 00       		.byte	0
 388 002b 04       		.uleb128 0x4
 389 002c 24       		.uleb128 0x24
 390 002d 00       		.byte	0
 391 002e 0B       		.uleb128 0xb
 392 002f 0B       		.uleb128 0xb
 393 0030 3E       		.uleb128 0x3e
 394 0031 0B       		.uleb128 0xb
 395 0032 03       		.uleb128 0x3
 396 0033 08       		.uleb128 0x8
 397 0034 00       		.byte	0
 398 0035 00       		.byte	0
 399 0036 05       		.uleb128 0x5
 400 0037 16       		.uleb128 0x16
 401 0038 00       		.byte	0
 402 0039 03       		.uleb128 0x3
 403 003a 0E       		.uleb128 0xe
 404 003b 3A       		.uleb128 0x3a
 405 003c 0B       		.uleb128 0xb
ARM GAS  C:\Users\dufma\AppData\Local\Temp\cccygL9R.s 			page 10


 406 003d 3B       		.uleb128 0x3b
 407 003e 05       		.uleb128 0x5
 408 003f 49       		.uleb128 0x49
 409 0040 13       		.uleb128 0x13
 410 0041 00       		.byte	0
 411 0042 00       		.byte	0
 412 0043 06       		.uleb128 0x6
 413 0044 0F       		.uleb128 0xf
 414 0045 00       		.byte	0
 415 0046 0B       		.uleb128 0xb
 416 0047 0B       		.uleb128 0xb
 417 0048 49       		.uleb128 0x49
 418 0049 13       		.uleb128 0x13
 419 004a 00       		.byte	0
 420 004b 00       		.byte	0
 421 004c 07       		.uleb128 0x7
 422 004d 26       		.uleb128 0x26
 423 004e 00       		.byte	0
 424 004f 49       		.uleb128 0x49
 425 0050 13       		.uleb128 0x13
 426 0051 00       		.byte	0
 427 0052 00       		.byte	0
 428 0053 08       		.uleb128 0x8
 429 0054 2E       		.uleb128 0x2e
 430 0055 01       		.byte	0x1
 431 0056 3F       		.uleb128 0x3f
 432 0057 19       		.uleb128 0x19
 433 0058 03       		.uleb128 0x3
 434 0059 0E       		.uleb128 0xe
 435 005a 3A       		.uleb128 0x3a
 436 005b 0B       		.uleb128 0xb
 437 005c 3B       		.uleb128 0x3b
 438 005d 0B       		.uleb128 0xb
 439 005e 49       		.uleb128 0x49
 440 005f 13       		.uleb128 0x13
 441 0060 11       		.uleb128 0x11
 442 0061 01       		.uleb128 0x1
 443 0062 12       		.uleb128 0x12
 444 0063 06       		.uleb128 0x6
 445 0064 40       		.uleb128 0x40
 446 0065 18       		.uleb128 0x18
 447 0066 9742     		.uleb128 0x2117
 448 0068 19       		.uleb128 0x19
 449 0069 01       		.uleb128 0x1
 450 006a 13       		.uleb128 0x13
 451 006b 00       		.byte	0
 452 006c 00       		.byte	0
 453 006d 09       		.uleb128 0x9
 454 006e 898201   		.uleb128 0x4109
 455 0071 00       		.byte	0
 456 0072 11       		.uleb128 0x11
 457 0073 01       		.uleb128 0x1
 458 0074 31       		.uleb128 0x31
 459 0075 13       		.uleb128 0x13
 460 0076 00       		.byte	0
 461 0077 00       		.byte	0
 462 0078 0A       		.uleb128 0xa
ARM GAS  C:\Users\dufma\AppData\Local\Temp\cccygL9R.s 			page 11


 463 0079 898201   		.uleb128 0x4109
 464 007c 01       		.byte	0x1
 465 007d 11       		.uleb128 0x11
 466 007e 01       		.uleb128 0x1
 467 007f 31       		.uleb128 0x31
 468 0080 13       		.uleb128 0x13
 469 0081 01       		.uleb128 0x1
 470 0082 13       		.uleb128 0x13
 471 0083 00       		.byte	0
 472 0084 00       		.byte	0
 473 0085 0B       		.uleb128 0xb
 474 0086 8A8201   		.uleb128 0x410a
 475 0089 00       		.byte	0
 476 008a 02       		.uleb128 0x2
 477 008b 18       		.uleb128 0x18
 478 008c 9142     		.uleb128 0x2111
 479 008e 18       		.uleb128 0x18
 480 008f 00       		.byte	0
 481 0090 00       		.byte	0
 482 0091 0C       		.uleb128 0xc
 483 0092 2E       		.uleb128 0x2e
 484 0093 01       		.byte	0x1
 485 0094 3F       		.uleb128 0x3f
 486 0095 19       		.uleb128 0x19
 487 0096 03       		.uleb128 0x3
 488 0097 0E       		.uleb128 0xe
 489 0098 3A       		.uleb128 0x3a
 490 0099 0B       		.uleb128 0xb
 491 009a 3B       		.uleb128 0x3b
 492 009b 0B       		.uleb128 0xb
 493 009c 27       		.uleb128 0x27
 494 009d 19       		.uleb128 0x19
 495 009e 49       		.uleb128 0x49
 496 009f 13       		.uleb128 0x13
 497 00a0 11       		.uleb128 0x11
 498 00a1 01       		.uleb128 0x1
 499 00a2 12       		.uleb128 0x12
 500 00a3 06       		.uleb128 0x6
 501 00a4 40       		.uleb128 0x40
 502 00a5 18       		.uleb128 0x18
 503 00a6 9742     		.uleb128 0x2117
 504 00a8 19       		.uleb128 0x19
 505 00a9 01       		.uleb128 0x1
 506 00aa 13       		.uleb128 0x13
 507 00ab 00       		.byte	0
 508 00ac 00       		.byte	0
 509 00ad 0D       		.uleb128 0xd
 510 00ae 05       		.uleb128 0x5
 511 00af 00       		.byte	0
 512 00b0 03       		.uleb128 0x3
 513 00b1 0E       		.uleb128 0xe
 514 00b2 3A       		.uleb128 0x3a
 515 00b3 0B       		.uleb128 0xb
 516 00b4 3B       		.uleb128 0x3b
 517 00b5 0B       		.uleb128 0xb
 518 00b6 49       		.uleb128 0x49
 519 00b7 13       		.uleb128 0x13
ARM GAS  C:\Users\dufma\AppData\Local\Temp\cccygL9R.s 			page 12


 520 00b8 02       		.uleb128 0x2
 521 00b9 17       		.uleb128 0x17
 522 00ba 00       		.byte	0
 523 00bb 00       		.byte	0
 524 00bc 0E       		.uleb128 0xe
 525 00bd 05       		.uleb128 0x5
 526 00be 00       		.byte	0
 527 00bf 03       		.uleb128 0x3
 528 00c0 08       		.uleb128 0x8
 529 00c1 3A       		.uleb128 0x3a
 530 00c2 0B       		.uleb128 0xb
 531 00c3 3B       		.uleb128 0x3b
 532 00c4 0B       		.uleb128 0xb
 533 00c5 49       		.uleb128 0x49
 534 00c6 13       		.uleb128 0x13
 535 00c7 02       		.uleb128 0x2
 536 00c8 17       		.uleb128 0x17
 537 00c9 00       		.byte	0
 538 00ca 00       		.byte	0
 539 00cb 0F       		.uleb128 0xf
 540 00cc 34       		.uleb128 0x34
 541 00cd 00       		.byte	0
 542 00ce 03       		.uleb128 0x3
 543 00cf 08       		.uleb128 0x8
 544 00d0 3A       		.uleb128 0x3a
 545 00d1 0B       		.uleb128 0xb
 546 00d2 3B       		.uleb128 0x3b
 547 00d3 0B       		.uleb128 0xb
 548 00d4 49       		.uleb128 0x49
 549 00d5 13       		.uleb128 0x13
 550 00d6 02       		.uleb128 0x2
 551 00d7 17       		.uleb128 0x17
 552 00d8 00       		.byte	0
 553 00d9 00       		.byte	0
 554 00da 10       		.uleb128 0x10
 555 00db 34       		.uleb128 0x34
 556 00dc 00       		.byte	0
 557 00dd 03       		.uleb128 0x3
 558 00de 0E       		.uleb128 0xe
 559 00df 3A       		.uleb128 0x3a
 560 00e0 0B       		.uleb128 0xb
 561 00e1 3B       		.uleb128 0x3b
 562 00e2 05       		.uleb128 0x5
 563 00e3 49       		.uleb128 0x49
 564 00e4 13       		.uleb128 0x13
 565 00e5 3F       		.uleb128 0x3f
 566 00e6 19       		.uleb128 0x19
 567 00e7 3C       		.uleb128 0x3c
 568 00e8 19       		.uleb128 0x19
 569 00e9 00       		.byte	0
 570 00ea 00       		.byte	0
 571 00eb 11       		.uleb128 0x11
 572 00ec 35       		.uleb128 0x35
 573 00ed 00       		.byte	0
 574 00ee 49       		.uleb128 0x49
 575 00ef 13       		.uleb128 0x13
 576 00f0 00       		.byte	0
ARM GAS  C:\Users\dufma\AppData\Local\Temp\cccygL9R.s 			page 13


 577 00f1 00       		.byte	0
 578 00f2 12       		.uleb128 0x12
 579 00f3 2E       		.uleb128 0x2e
 580 00f4 00       		.byte	0
 581 00f5 3F       		.uleb128 0x3f
 582 00f6 19       		.uleb128 0x19
 583 00f7 03       		.uleb128 0x3
 584 00f8 0E       		.uleb128 0xe
 585 00f9 3A       		.uleb128 0x3a
 586 00fa 0B       		.uleb128 0xb
 587 00fb 3B       		.uleb128 0x3b
 588 00fc 0B       		.uleb128 0xb
 589 00fd 27       		.uleb128 0x27
 590 00fe 19       		.uleb128 0x19
 591 00ff 3C       		.uleb128 0x3c
 592 0100 19       		.uleb128 0x19
 593 0101 00       		.byte	0
 594 0102 00       		.byte	0
 595 0103 13       		.uleb128 0x13
 596 0104 2E       		.uleb128 0x2e
 597 0105 01       		.byte	0x1
 598 0106 3F       		.uleb128 0x3f
 599 0107 19       		.uleb128 0x19
 600 0108 03       		.uleb128 0x3
 601 0109 0E       		.uleb128 0xe
 602 010a 3A       		.uleb128 0x3a
 603 010b 0B       		.uleb128 0xb
 604 010c 3B       		.uleb128 0x3b
 605 010d 0B       		.uleb128 0xb
 606 010e 6E       		.uleb128 0x6e
 607 010f 0E       		.uleb128 0xe
 608 0110 27       		.uleb128 0x27
 609 0111 19       		.uleb128 0x19
 610 0112 49       		.uleb128 0x49
 611 0113 13       		.uleb128 0x13
 612 0114 3C       		.uleb128 0x3c
 613 0115 19       		.uleb128 0x19
 614 0116 01       		.uleb128 0x1
 615 0117 13       		.uleb128 0x13
 616 0118 00       		.byte	0
 617 0119 00       		.byte	0
 618 011a 14       		.uleb128 0x14
 619 011b 05       		.uleb128 0x5
 620 011c 00       		.byte	0
 621 011d 49       		.uleb128 0x49
 622 011e 13       		.uleb128 0x13
 623 011f 00       		.byte	0
 624 0120 00       		.byte	0
 625 0121 15       		.uleb128 0x15
 626 0122 2E       		.uleb128 0x2e
 627 0123 01       		.byte	0x1
 628 0124 3F       		.uleb128 0x3f
 629 0125 19       		.uleb128 0x19
 630 0126 03       		.uleb128 0x3
 631 0127 0E       		.uleb128 0xe
 632 0128 3A       		.uleb128 0x3a
 633 0129 0B       		.uleb128 0xb
ARM GAS  C:\Users\dufma\AppData\Local\Temp\cccygL9R.s 			page 14


 634 012a 3B       		.uleb128 0x3b
 635 012b 0B       		.uleb128 0xb
 636 012c 3C       		.uleb128 0x3c
 637 012d 19       		.uleb128 0x19
 638 012e 01       		.uleb128 0x1
 639 012f 13       		.uleb128 0x13
 640 0130 00       		.byte	0
 641 0131 00       		.byte	0
 642 0132 16       		.uleb128 0x16
 643 0133 18       		.uleb128 0x18
 644 0134 00       		.byte	0
 645 0135 00       		.byte	0
 646 0136 00       		.byte	0
 647 0137 17       		.uleb128 0x17
 648 0138 2E       		.uleb128 0x2e
 649 0139 01       		.byte	0x1
 650 013a 3F       		.uleb128 0x3f
 651 013b 19       		.uleb128 0x19
 652 013c 03       		.uleb128 0x3
 653 013d 0E       		.uleb128 0xe
 654 013e 3A       		.uleb128 0x3a
 655 013f 0B       		.uleb128 0xb
 656 0140 3B       		.uleb128 0x3b
 657 0141 0B       		.uleb128 0xb
 658 0142 27       		.uleb128 0x27
 659 0143 19       		.uleb128 0x19
 660 0144 3C       		.uleb128 0x3c
 661 0145 19       		.uleb128 0x19
 662 0146 00       		.byte	0
 663 0147 00       		.byte	0
 664 0148 00       		.byte	0
 665              		.section	.debug_loc,"",%progbits
 666              	.Ldebug_loc0:
 667              	.LLST0:
 668 0000 00000000 		.4byte	.LVL5
 669 0004 08000000 		.4byte	.LVL7
 670 0008 0100     		.2byte	0x1
 671 000a 50       		.byte	0x50
 672 000b 08000000 		.4byte	.LVL7
 673 000f 1C000000 		.4byte	.LFE64
 674 0013 0400     		.2byte	0x4
 675 0015 F3       		.byte	0xf3
 676 0016 01       		.uleb128 0x1
 677 0017 50       		.byte	0x50
 678 0018 9F       		.byte	0x9f
 679 0019 00000000 		.4byte	0
 680 001d 00000000 		.4byte	0
 681              	.LLST1:
 682 0021 00000000 		.4byte	.LVL5
 683 0025 0A000000 		.4byte	.LVL8
 684 0029 0100     		.2byte	0x1
 685 002b 51       		.byte	0x51
 686 002c 0A000000 		.4byte	.LVL8
 687 0030 14000000 		.4byte	.LVL11
 688 0034 0100     		.2byte	0x1
 689 0036 55       		.byte	0x55
 690 0037 14000000 		.4byte	.LVL11
ARM GAS  C:\Users\dufma\AppData\Local\Temp\cccygL9R.s 			page 15


 691 003b 1C000000 		.4byte	.LFE64
 692 003f 0100     		.2byte	0x1
 693 0041 51       		.byte	0x51
 694 0042 00000000 		.4byte	0
 695 0046 00000000 		.4byte	0
 696              	.LLST2:
 697 004a 00000000 		.4byte	.LVL5
 698 004e 08000000 		.4byte	.LVL7
 699 0052 0100     		.2byte	0x1
 700 0054 52       		.byte	0x52
 701 0055 08000000 		.4byte	.LVL7
 702 0059 1C000000 		.4byte	.LFE64
 703 005d 0100     		.2byte	0x1
 704 005f 56       		.byte	0x56
 705 0060 00000000 		.4byte	0
 706 0064 00000000 		.4byte	0
 707              	.LLST3:
 708 0068 04000000 		.4byte	.LVL6
 709 006c 08000000 		.4byte	.LVL7
 710 0070 0200     		.2byte	0x2
 711 0072 30       		.byte	0x30
 712 0073 9F       		.byte	0x9f
 713 0074 08000000 		.4byte	.LVL7
 714 0078 1C000000 		.4byte	.LFE64
 715 007c 0100     		.2byte	0x1
 716 007e 54       		.byte	0x54
 717 007f 00000000 		.4byte	0
 718 0083 00000000 		.4byte	0
 719              		.section	.debug_aranges,"",%progbits
 720 0000 24000000 		.4byte	0x24
 721 0004 0200     		.2byte	0x2
 722 0006 00000000 		.4byte	.Ldebug_info0
 723 000a 04       		.byte	0x4
 724 000b 00       		.byte	0
 725 000c 0000     		.2byte	0
 726 000e 0000     		.2byte	0
 727 0010 00000000 		.4byte	.LFB63
 728 0014 20000000 		.4byte	.LFE63-.LFB63
 729 0018 00000000 		.4byte	.LFB64
 730 001c 1C000000 		.4byte	.LFE64-.LFB64
 731 0020 00000000 		.4byte	0
 732 0024 00000000 		.4byte	0
 733              		.section	.debug_ranges,"",%progbits
 734              	.Ldebug_ranges0:
 735 0000 00000000 		.4byte	.LFB63
 736 0004 20000000 		.4byte	.LFE63
 737 0008 00000000 		.4byte	.LFB64
 738 000c 1C000000 		.4byte	.LFE64
 739 0010 00000000 		.4byte	0
 740 0014 00000000 		.4byte	0
 741              		.section	.debug_line,"",%progbits
 742              	.Ldebug_line0:
 743 0000 BA010000 		.section	.debug_str,"MS",%progbits,1
 743      02007001 
 743      00000201 
 743      FB0E0D00 
 743      01010101 
ARM GAS  C:\Users\dufma\AppData\Local\Temp\cccygL9R.s 			page 16


 744              	.LASF9:
 745 0000 5F5F696E 		.ascii	"__int32_t\000"
 745      7433325F 
 745      7400
 746              	.LASF3:
 747 000a 73686F72 		.ascii	"short unsigned int\000"
 747      7420756E 
 747      7369676E 
 747      65642069 
 747      6E7400
 748              	.LASF22:
 749 001d 2E5C6D61 		.ascii	".\\main.c\000"
 749      696E2E63 
 749      00
 750              	.LASF12:
 751 0026 666C6F61 		.ascii	"float\000"
 751      7400
 752              	.LASF16:
 753 002c 66696C65 		.ascii	"file\000"
 753      00
 754              	.LASF1:
 755 0031 756E7369 		.ascii	"unsigned char\000"
 755      676E6564 
 755      20636861 
 755      7200
 756              	.LASF18:
 757 003f 6E756E63 		.ascii	"nunchuk_init\000"
 757      68756B5F 
 757      696E6974 
 757      00
 758              	.LASF5:
 759 004c 6C6F6E67 		.ascii	"long unsigned int\000"
 759      20756E73 
 759      69676E65 
 759      6420696E 
 759      7400
 760              	.LASF27:
 761 005e 55415254 		.ascii	"UART_Start\000"
 761      5F537461 
 761      727400
 762              	.LASF26:
 763 0069 49544D5F 		.ascii	"ITM_RxBuffer\000"
 763      52784275 
 763      66666572 
 763      00
 764              	.LASF23:
 765 0076 433A5C55 		.ascii	"C:\\Users\\dufma\\Desktop\\Project\\Zumo-PSoC\\Zumo"
 765      73657273 
 765      5C647566 
 765      6D615C44 
 765      65736B74 
 766 00a3 426F745F 		.ascii	"Bot_Lib_Wii.cydsn\000"
 766      4C69625F 
 766      5769692E 
 766      63796473 
 766      6E00
 767              	.LASF17:
ARM GAS  C:\Users\dufma\AppData\Local\Temp\cccygL9R.s 			page 17


 768 00b5 6E756E63 		.ascii	"nunchuk_start\000"
 768      68756B5F 
 768      73746172 
 768      7400
 769              	.LASF13:
 770 00c3 646F7562 		.ascii	"double\000"
 770      6C6500
 771              	.LASF24:
 772 00ca 6D61696E 		.ascii	"main\000"
 772      00
 773              	.LASF21:
 774 00cf 474E5520 		.ascii	"GNU C 4.9.3 20150303 (release) [ARM/embedded-4_9-br"
 774      4320342E 
 774      392E3320 
 774      32303135 
 774      30333033 
 775 0102 616E6368 		.ascii	"anch revision 221220] -mcpu=cortex-m3 -mthumb -g -O"
 775      20726576 
 775      6973696F 
 775      6E203232 
 775      31323230 
 776 0135 67202D66 		.ascii	"g -ffunction-sections -ffat-lto-objects\000"
 776      66756E63 
 776      74696F6E 
 776      2D736563 
 776      74696F6E 
 777              	.LASF8:
 778 015d 756E7369 		.ascii	"unsigned int\000"
 778      676E6564 
 778      20696E74 
 778      00
 779              	.LASF7:
 780 016a 6C6F6E67 		.ascii	"long long unsigned int\000"
 780      206C6F6E 
 780      6720756E 
 780      7369676E 
 780      65642069 
 781              	.LASF10:
 782 0181 696E7433 		.ascii	"int32_t\000"
 782      325F7400 
 783              	.LASF20:
 784 0189 55415254 		.ascii	"UART_PutChar\000"
 784      5F507574 
 784      43686172 
 784      00
 785              	.LASF15:
 786 0196 73697A65 		.ascii	"sizetype\000"
 786      74797065 
 786      00
 787              	.LASF6:
 788 019f 6C6F6E67 		.ascii	"long long int\000"
 788      206C6F6E 
 788      6720696E 
 788      7400
 789              	.LASF14:
 790 01ad 63686172 		.ascii	"char\000"
 790      00
ARM GAS  C:\Users\dufma\AppData\Local\Temp\cccygL9R.s 			page 18


 791              	.LASF25:
 792 01b2 5F777269 		.ascii	"_write\000"
 792      746500
 793              	.LASF19:
 794 01b9 6E756E63 		.ascii	"nunchuk_read\000"
 794      68756B5F 
 794      72656164 
 794      00
 795              	.LASF2:
 796 01c6 73686F72 		.ascii	"short int\000"
 796      7420696E 
 796      7400
 797              	.LASF11:
 798 01d0 75696E74 		.ascii	"uint8\000"
 798      3800
 799              	.LASF4:
 800 01d6 6C6F6E67 		.ascii	"long int\000"
 800      20696E74 
 800      00
 801              	.LASF29:
 802 01df 70757473 		.ascii	"puts\000"
 802      00
 803              	.LASF0:
 804 01e4 7369676E 		.ascii	"signed char\000"
 804      65642063 
 804      68617200 
 805              	.LASF28:
 806 01f0 5F5F6275 		.ascii	"__builtin_puts\000"
 806      696C7469 
 806      6E5F7075 
 806      747300
 807              		.ident	"GCC: (GNU Tools for ARM Embedded Processors) 4.9.3 20150303 (release) [ARM/embedded-4_9-br
