ARM GAS  C:\Users\dufma\AppData\Local\Temp\ccEpXLER.s 			page 1


   1              		.syntax unified
   2              		.cpu cortex-m3
   3              		.fpu softvfp
   4              		.eabi_attribute 20, 1
   5              		.eabi_attribute 21, 1
   6              		.eabi_attribute 23, 3
   7              		.eabi_attribute 24, 1
   8              		.eabi_attribute 25, 1
   9              		.eabi_attribute 26, 1
  10              		.eabi_attribute 30, 1
  11              		.eabi_attribute 34, 1
  12              		.eabi_attribute 18, 4
  13              		.thumb
  14              		.file	"nunchuck.c"
  15              		.text
  16              	.Ltext0:
  17              		.cfi_sections	.debug_frame
  18              		.section	.text.nunchuk_init,"ax",%progbits
  19              		.align	2
  20              		.global	nunchuk_init
  21              		.thumb
  22              		.thumb_func
  23              		.type	nunchuk_init, %function
  24              	nunchuk_init:
  25              	.LFB63:
  26              		.file 1 ".\\nunchuck.c"
   1:.\nunchuck.c  **** /* ========================================
   2:.\nunchuck.c  ****  *
   3:.\nunchuck.c  ****  * Copyright YOUR COMPANY, THE YEAR
   4:.\nunchuck.c  ****  * All Rights Reserved
   5:.\nunchuck.c  ****  * UNPUBLISHED, LICENSED SOFTWARE.
   6:.\nunchuck.c  ****  *
   7:.\nunchuck.c  ****  * CONFIDENTIAL AND PROPRIETARY INFORMATION
   8:.\nunchuck.c  ****  * WHICH IS THE PROPERTY OF your company.
   9:.\nunchuck.c  ****  *
  10:.\nunchuck.c  ****  * ========================================
  11:.\nunchuck.c  **** */
  12:.\nunchuck.c  **** #include "nunchuck.h"
  13:.\nunchuck.c  **** 
  14:.\nunchuck.c  **** void nunchuk_init(void)
  15:.\nunchuck.c  **** {
  27              		.loc 1 15 0
  28              		.cfi_startproc
  29              		@ args = 0, pretend = 0, frame = 8
  30              		@ frame_needed = 0, uses_anonymous_args = 0
  31 0000 10B5     		push	{r4, lr}
  32              		.cfi_def_cfa_offset 8
  33              		.cfi_offset 4, -8
  34              		.cfi_offset 14, -4
  35 0002 82B0     		sub	sp, sp, #8
  36              		.cfi_def_cfa_offset 16
  16:.\nunchuck.c  ****     uint8_t buf[2] = { 0x40, 0x00 };
  37              		.loc 1 16 0
  38 0004 4023     		movs	r3, #64
  39 0006 8DF80430 		strb	r3, [sp, #4]
  40 000a 0024     		movs	r4, #0
  41 000c 8DF80540 		strb	r4, [sp, #5]
ARM GAS  C:\Users\dufma\AppData\Local\Temp\ccEpXLER.s 			page 2


  17:.\nunchuck.c  ****     uint8_t status;
  18:.\nunchuck.c  ****     I2C_MasterClearStatus();
  42              		.loc 1 18 0
  43 0010 FFF7FEFF 		bl	I2C_MasterClearStatus
  44              	.LVL0:
  19:.\nunchuck.c  ****     CyDelay(100);
  45              		.loc 1 19 0
  46 0014 6420     		movs	r0, #100
  47 0016 FFF7FEFF 		bl	CyDelay
  48              	.LVL1:
  20:.\nunchuck.c  ****     status = I2C_MasterWriteBuf(0x52, buf, 2, I2C_MODE_COMPLETE_XFER);
  49              		.loc 1 20 0
  50 001a 5220     		movs	r0, #82
  51 001c 01A9     		add	r1, sp, #4
  52 001e 0222     		movs	r2, #2
  53 0020 2346     		mov	r3, r4
  54 0022 FFF7FEFF 		bl	I2C_MasterWriteBuf
  55              	.LVL2:
  56              	.L2:
  21:.\nunchuck.c  ****     while(((status = I2C_MasterStatus()) & I2C_MSTAT_WR_CMPLT) == 0);
  57              		.loc 1 21 0 discriminator 1
  58 0026 FFF7FEFF 		bl	I2C_MasterStatus
  59              	.LVL3:
  60 002a 10F0020F 		tst	r0, #2
  61 002e FAD0     		beq	.L2
  22:.\nunchuck.c  ****     CyDelay(100);
  62              		.loc 1 22 0
  63 0030 6420     		movs	r0, #100
  64              	.LVL4:
  65 0032 FFF7FEFF 		bl	CyDelay
  66              	.LVL5:
  23:.\nunchuck.c  **** }    
  67              		.loc 1 23 0
  68 0036 02B0     		add	sp, sp, #8
  69              		.cfi_def_cfa_offset 8
  70              		@ sp needed
  71 0038 10BD     		pop	{r4, pc}
  72              		.cfi_endproc
  73              	.LFE63:
  74              		.size	nunchuk_init, .-nunchuk_init
  75 003a 00BF     		.section	.text.nunchuk_read,"ax",%progbits
  76              		.align	2
  77              		.global	nunchuk_read
  78              		.thumb
  79              		.thumb_func
  80              		.type	nunchuk_read, %function
  81              	nunchuk_read:
  82              	.LFB64:
  24:.\nunchuck.c  **** 
  25:.\nunchuck.c  **** void nunchuk_read(void)
  26:.\nunchuck.c  **** {
  83              		.loc 1 26 0
  84              		.cfi_startproc
  85              		@ args = 0, pretend = 0, frame = 8
  86              		@ frame_needed = 0, uses_anonymous_args = 0
  87 0000 70B5     		push	{r4, r5, r6, lr}
  88              		.cfi_def_cfa_offset 16
ARM GAS  C:\Users\dufma\AppData\Local\Temp\ccEpXLER.s 			page 3


  89              		.cfi_offset 4, -16
  90              		.cfi_offset 5, -12
  91              		.cfi_offset 6, -8
  92              		.cfi_offset 14, -4
  93 0002 86B0     		sub	sp, sp, #24
  94              		.cfi_def_cfa_offset 40
  27:.\nunchuck.c  ****     uint8_t status;
  28:.\nunchuck.c  ****     uint8_t buf[6];
  29:.\nunchuck.c  ****     // send conversion command
  30:.\nunchuck.c  ****     buf[0] = 0x00;
  95              		.loc 1 30 0
  96 0004 0025     		movs	r5, #0
  97 0006 06AC     		add	r4, sp, #24
  98 0008 04F8085D 		strb	r5, [r4, #-8]!
  31:.\nunchuck.c  ****     I2C_MasterClearStatus();
  99              		.loc 1 31 0
 100 000c FFF7FEFF 		bl	I2C_MasterClearStatus
 101              	.LVL6:
  32:.\nunchuck.c  ****     status = I2C_MasterWriteBuf(0x52, buf, 1, I2C_MODE_COMPLETE_XFER);
 102              		.loc 1 32 0
 103 0010 5220     		movs	r0, #82
 104 0012 2146     		mov	r1, r4
 105 0014 0122     		movs	r2, #1
 106 0016 2B46     		mov	r3, r5
 107 0018 FFF7FEFF 		bl	I2C_MasterWriteBuf
 108              	.LVL7:
 109              	.L5:
  33:.\nunchuck.c  ****     while(((status = I2C_MasterStatus()) & I2C_MSTAT_WR_CMPLT) == 0);
 110              		.loc 1 33 0 discriminator 1
 111 001c FFF7FEFF 		bl	I2C_MasterStatus
 112              	.LVL8:
 113 0020 10F0020F 		tst	r0, #2
 114 0024 FAD0     		beq	.L5
  34:.\nunchuck.c  ****     // wait for conversion to complete
  35:.\nunchuck.c  ****     CyDelay(50); // todo: check if shorter wait would work
 115              		.loc 1 35 0
 116 0026 3220     		movs	r0, #50
 117              	.LVL9:
 118 0028 FFF7FEFF 		bl	CyDelay
 119              	.LVL10:
  36:.\nunchuck.c  ****     // read values
  37:.\nunchuck.c  ****     I2C_MasterClearStatus();
 120              		.loc 1 37 0
 121 002c FFF7FEFF 		bl	I2C_MasterClearStatus
 122              	.LVL11:
  38:.\nunchuck.c  ****     status = I2C_MasterReadBuf(0x52, buf, 6, I2C_MODE_COMPLETE_XFER);
 123              		.loc 1 38 0
 124 0030 5220     		movs	r0, #82
 125 0032 04A9     		add	r1, sp, #16
 126 0034 0622     		movs	r2, #6
 127 0036 0023     		movs	r3, #0
 128 0038 FFF7FEFF 		bl	I2C_MasterReadBuf
 129              	.LVL12:
 130              	.L6:
  39:.\nunchuck.c  ****     while(((status = I2C_MasterStatus()) & I2C_MSTAT_RD_CMPLT) == 0);
 131              		.loc 1 39 0 discriminator 1
 132 003c FFF7FEFF 		bl	I2C_MasterStatus
ARM GAS  C:\Users\dufma\AppData\Local\Temp\ccEpXLER.s 			page 4


 133              	.LVL13:
 134 0040 10F0010F 		tst	r0, #1
 135 0044 FAD0     		beq	.L6
 136 0046 0022     		movs	r2, #0
 137 0048 09E0     		b	.L7
 138              	.LVL14:
 139              	.L8:
  40:.\nunchuck.c  ****     
  41:.\nunchuck.c  ****     int i;
  42:.\nunchuck.c  ****     // decrypt data
  43:.\nunchuck.c  ****     for(i = 0; i < 6; i++) buf[i] = (buf[i] ^ 0x17) + 0x17;
 140              		.loc 1 43 0 discriminator 3
 141 004a 06AB     		add	r3, sp, #24
 142 004c 9918     		adds	r1, r3, r2
 143 004e 11F8083C 		ldrb	r3, [r1, #-8]	@ zero_extendqisi2
 144 0052 83F01703 		eor	r3, r3, #23
 145 0056 1733     		adds	r3, r3, #23
 146 0058 01F8083C 		strb	r3, [r1, #-8]
 147 005c 0132     		adds	r2, r2, #1
 148              	.LVL15:
 149              	.L7:
 150              		.loc 1 43 0 is_stmt 0 discriminator 1
 151 005e 052A     		cmp	r2, #5
 152 0060 F3DD     		ble	.L8
  44:.\nunchuck.c  ****     // accelerometer values
  45:.\nunchuck.c  ****     int x,y,z;
  46:.\nunchuck.c  ****     x = (buf[2] << 2) | ((buf[5] >> 2) & 0x03);
 153              		.loc 1 46 0 is_stmt 1
 154 0062 9DF81250 		ldrb	r5, [sp, #18]	@ zero_extendqisi2
 155 0066 9DF81530 		ldrb	r3, [sp, #21]	@ zero_extendqisi2
 156 006a C3F38102 		ubfx	r2, r3, #2, #2
 157              	.LVL16:
 158 006e 42EA8505 		orr	r5, r2, r5, lsl #2
 159              	.LVL17:
  47:.\nunchuck.c  ****     y = (buf[3] << 2) | ((buf[5] >> 4) & 0x03);
 160              		.loc 1 47 0
 161 0072 9DF81340 		ldrb	r4, [sp, #19]	@ zero_extendqisi2
 162 0076 C3F30112 		ubfx	r2, r3, #4, #2
 163 007a 42EA8404 		orr	r4, r2, r4, lsl #2
 164              	.LVL18:
  48:.\nunchuck.c  ****     z = (buf[4] << 2) | ((buf[5] >> 6) & 0x03);
 165              		.loc 1 48 0
 166 007e 9DF81400 		ldrb	r0, [sp, #20]	@ zero_extendqisi2
 167              	.LVL19:
 168 0082 9A09     		lsrs	r2, r3, #6
 169 0084 42EA8000 		orr	r0, r2, r0, lsl #2
 170              	.LVL20:
  49:.\nunchuck.c  ****     // buf[0] = JoyX, buf[1] = JoyY
  50:.\nunchuck.c  ****     printf("%3d %3d, %d, %d, %4d %4d %4d\r\n", buf[0], buf[1], (buf[5] >> 1) & 1, buf[5] & 1, x, y,
 171              		.loc 1 50 0
 172 0088 9DF81010 		ldrb	r1, [sp, #16]	@ zero_extendqisi2
 173 008c 9DF81120 		ldrb	r2, [sp, #17]	@ zero_extendqisi2
 174 0090 03F00106 		and	r6, r3, #1
 175 0094 0096     		str	r6, [sp]
 176 0096 0195     		str	r5, [sp, #4]
 177 0098 0294     		str	r4, [sp, #8]
 178 009a 0390     		str	r0, [sp, #12]
ARM GAS  C:\Users\dufma\AppData\Local\Temp\ccEpXLER.s 			page 5


 179 009c 0348     		ldr	r0, .L10
 180              	.LVL21:
 181 009e C3F34003 		ubfx	r3, r3, #1, #1
 182 00a2 FFF7FEFF 		bl	printf
 183              	.LVL22:
  51:.\nunchuck.c  **** }    
 184              		.loc 1 51 0
 185 00a6 06B0     		add	sp, sp, #24
 186              		.cfi_def_cfa_offset 16
 187              		@ sp needed
 188 00a8 70BD     		pop	{r4, r5, r6, pc}
 189              	.LVL23:
 190              	.L11:
 191 00aa 00BF     		.align	2
 192              	.L10:
 193 00ac 00000000 		.word	.LC0
 194              		.cfi_endproc
 195              	.LFE64:
 196              		.size	nunchuk_read, .-nunchuk_read
 197              		.section	.rodata.str1.4,"aMS",%progbits,1
 198              		.align	2
 199              	.LC0:
 200 0000 25336420 		.ascii	"%3d %3d, %d, %d, %4d %4d %4d\015\012\000"
 200      2533642C 
 200      2025642C 
 200      2025642C 
 200      20253464 
 201 001f 00       		.text
 202              	.Letext0:
 203              		.file 2 "c:\\program files (x86)\\cypress\\psoc creator\\3.3\\psoc creator\\import\\gnu\\arm\\4.9.
 204              		.file 3 "c:\\program files (x86)\\cypress\\psoc creator\\3.3\\psoc creator\\import\\gnu\\arm\\4.9.
 205              		.file 4 "Generated_Source\\PSoC5/cytypes.h"
 206              		.file 5 "Generated_Source\\PSoC5/I2C.h"
 207              		.file 6 "Generated_Source\\PSoC5/CyLib.h"
 208              		.file 7 "c:\\program files (x86)\\cypress\\psoc creator\\3.3\\psoc creator\\import\\gnu\\arm\\4.9.
 209              		.file 8 "Generated_Source\\PSoC5/core_cm3.h"
 210              		.section	.debug_info,"",%progbits
 211              	.Ldebug_info0:
 212 0000 2A030000 		.4byte	0x32a
 213 0004 0400     		.2byte	0x4
 214 0006 00000000 		.4byte	.Ldebug_abbrev0
 215 000a 04       		.byte	0x4
 216 000b 01       		.uleb128 0x1
 217 000c 07010000 		.4byte	.LASF28
 218 0010 01       		.byte	0x1
 219 0011 E5010000 		.4byte	.LASF29
 220 0015 A9000000 		.4byte	.LASF30
 221 0019 00000000 		.4byte	.Ldebug_ranges0+0
 222 001d 00000000 		.4byte	0
 223 0021 00000000 		.4byte	.Ldebug_line0
 224 0025 02       		.uleb128 0x2
 225 0026 01       		.byte	0x1
 226 0027 06       		.byte	0x6
 227 0028 1F020000 		.4byte	.LASF0
 228 002c 03       		.uleb128 0x3
 229 002d 00000000 		.4byte	.LASF4
 230 0031 02       		.byte	0x2
ARM GAS  C:\Users\dufma\AppData\Local\Temp\ccEpXLER.s 			page 6


 231 0032 1D       		.byte	0x1d
 232 0033 37000000 		.4byte	0x37
 233 0037 02       		.uleb128 0x2
 234 0038 01       		.byte	0x1
 235 0039 08       		.byte	0x8
 236 003a 5C000000 		.4byte	.LASF1
 237 003e 02       		.uleb128 0x2
 238 003f 02       		.byte	0x2
 239 0040 05       		.byte	0x5
 240 0041 06020000 		.4byte	.LASF2
 241 0045 02       		.uleb128 0x2
 242 0046 02       		.byte	0x2
 243 0047 07       		.byte	0x7
 244 0048 14000000 		.4byte	.LASF3
 245 004c 03       		.uleb128 0x3
 246 004d 0A000000 		.4byte	.LASF5
 247 0051 02       		.byte	0x2
 248 0052 3F       		.byte	0x3f
 249 0053 57000000 		.4byte	0x57
 250 0057 02       		.uleb128 0x2
 251 0058 04       		.byte	0x4
 252 0059 05       		.byte	0x5
 253 005a 16020000 		.4byte	.LASF6
 254 005e 02       		.uleb128 0x2
 255 005f 04       		.byte	0x4
 256 0060 07       		.byte	0x7
 257 0061 8A000000 		.4byte	.LASF7
 258 0065 02       		.uleb128 0x2
 259 0066 08       		.byte	0x8
 260 0067 05       		.byte	0x5
 261 0068 D2010000 		.4byte	.LASF8
 262 006c 02       		.uleb128 0x2
 263 006d 08       		.byte	0x8
 264 006e 07       		.byte	0x7
 265 006f A2010000 		.4byte	.LASF9
 266 0073 04       		.uleb128 0x4
 267 0074 04       		.byte	0x4
 268 0075 05       		.byte	0x5
 269 0076 696E7400 		.ascii	"int\000"
 270 007a 02       		.uleb128 0x2
 271 007b 04       		.byte	0x4
 272 007c 07       		.byte	0x7
 273 007d 95010000 		.4byte	.LASF10
 274 0081 03       		.uleb128 0x3
 275 0082 B9010000 		.4byte	.LASF11
 276 0086 03       		.byte	0x3
 277 0087 15       		.byte	0x15
 278 0088 2C000000 		.4byte	0x2c
 279 008c 03       		.uleb128 0x3
 280 008d C1010000 		.4byte	.LASF12
 281 0091 03       		.byte	0x3
 282 0092 2C       		.byte	0x2c
 283 0093 4C000000 		.4byte	0x4c
 284 0097 05       		.uleb128 0x5
 285 0098 10020000 		.4byte	.LASF13
 286 009c 04       		.byte	0x4
 287 009d 3801     		.2byte	0x138
ARM GAS  C:\Users\dufma\AppData\Local\Temp\ccEpXLER.s 			page 7


 288 009f 37000000 		.4byte	0x37
 289 00a3 05       		.uleb128 0x5
 290 00a4 00010000 		.4byte	.LASF14
 291 00a8 04       		.byte	0x4
 292 00a9 3A01     		.2byte	0x13a
 293 00ab 5E000000 		.4byte	0x5e
 294 00af 02       		.uleb128 0x2
 295 00b0 04       		.byte	0x4
 296 00b1 04       		.byte	0x4
 297 00b2 56000000 		.4byte	.LASF15
 298 00b6 02       		.uleb128 0x2
 299 00b7 08       		.byte	0x8
 300 00b8 04       		.byte	0x4
 301 00b9 E8000000 		.4byte	.LASF16
 302 00bd 02       		.uleb128 0x2
 303 00be 01       		.byte	0x1
 304 00bf 08       		.byte	0x8
 305 00c0 E0010000 		.4byte	.LASF17
 306 00c4 02       		.uleb128 0x2
 307 00c5 04       		.byte	0x4
 308 00c6 07       		.byte	0x7
 309 00c7 C9010000 		.4byte	.LASF18
 310 00cb 06       		.uleb128 0x6
 311 00cc 04       		.byte	0x4
 312 00cd D1000000 		.4byte	0xd1
 313 00d1 07       		.uleb128 0x7
 314 00d2 BD000000 		.4byte	0xbd
 315 00d6 08       		.uleb128 0x8
 316 00d7 7D000000 		.4byte	.LASF20
 317 00db 01       		.byte	0x1
 318 00dc 0E       		.byte	0xe
 319 00dd 00000000 		.4byte	.LFB63
 320 00e1 3A000000 		.4byte	.LFE63-.LFB63
 321 00e5 01       		.uleb128 0x1
 322 00e6 9C       		.byte	0x9c
 323 00e7 64010000 		.4byte	0x164
 324 00eb 09       		.uleb128 0x9
 325 00ec 62756600 		.ascii	"buf\000"
 326 00f0 01       		.byte	0x1
 327 00f1 10       		.byte	0x10
 328 00f2 64010000 		.4byte	0x164
 329 00f6 02       		.uleb128 0x2
 330 00f7 91       		.byte	0x91
 331 00f8 74       		.sleb128 -12
 332 00f9 0A       		.uleb128 0xa
 333 00fa 3D000000 		.4byte	.LASF19
 334 00fe 01       		.byte	0x1
 335 00ff 11       		.byte	0x11
 336 0100 81000000 		.4byte	0x81
 337 0104 00000000 		.4byte	.LLST0
 338 0108 0B       		.uleb128 0xb
 339 0109 14000000 		.4byte	.LVL0
 340 010d A6020000 		.4byte	0x2a6
 341 0111 0C       		.uleb128 0xc
 342 0112 1A000000 		.4byte	.LVL1
 343 0116 B1020000 		.4byte	0x2b1
 344 011a 25010000 		.4byte	0x125
ARM GAS  C:\Users\dufma\AppData\Local\Temp\ccEpXLER.s 			page 8


 345 011e 0D       		.uleb128 0xd
 346 011f 01       		.uleb128 0x1
 347 0120 50       		.byte	0x50
 348 0121 02       		.uleb128 0x2
 349 0122 08       		.byte	0x8
 350 0123 64       		.byte	0x64
 351 0124 00       		.byte	0
 352 0125 0C       		.uleb128 0xc
 353 0126 26000000 		.4byte	.LVL2
 354 012a C2020000 		.4byte	0x2c2
 355 012e 4A010000 		.4byte	0x14a
 356 0132 0D       		.uleb128 0xd
 357 0133 01       		.uleb128 0x1
 358 0134 53       		.byte	0x53
 359 0135 02       		.uleb128 0x2
 360 0136 74       		.byte	0x74
 361 0137 00       		.sleb128 0
 362 0138 0D       		.uleb128 0xd
 363 0139 01       		.uleb128 0x1
 364 013a 52       		.byte	0x52
 365 013b 01       		.uleb128 0x1
 366 013c 32       		.byte	0x32
 367 013d 0D       		.uleb128 0xd
 368 013e 01       		.uleb128 0x1
 369 013f 51       		.byte	0x51
 370 0140 02       		.uleb128 0x2
 371 0141 91       		.byte	0x91
 372 0142 74       		.sleb128 -12
 373 0143 0D       		.uleb128 0xd
 374 0144 01       		.uleb128 0x1
 375 0145 50       		.byte	0x50
 376 0146 02       		.uleb128 0x2
 377 0147 08       		.byte	0x8
 378 0148 52       		.byte	0x52
 379 0149 00       		.byte	0
 380 014a 0B       		.uleb128 0xb
 381 014b 2A000000 		.4byte	.LVL3
 382 014f EC020000 		.4byte	0x2ec
 383 0153 0E       		.uleb128 0xe
 384 0154 36000000 		.4byte	.LVL5
 385 0158 B1020000 		.4byte	0x2b1
 386 015c 0D       		.uleb128 0xd
 387 015d 01       		.uleb128 0x1
 388 015e 50       		.byte	0x50
 389 015f 02       		.uleb128 0x2
 390 0160 08       		.byte	0x8
 391 0161 64       		.byte	0x64
 392 0162 00       		.byte	0
 393 0163 00       		.byte	0
 394 0164 0F       		.uleb128 0xf
 395 0165 81000000 		.4byte	0x81
 396 0169 74010000 		.4byte	0x174
 397 016d 10       		.uleb128 0x10
 398 016e C4000000 		.4byte	0xc4
 399 0172 01       		.byte	0x1
 400 0173 00       		.byte	0
 401 0174 08       		.uleb128 0x8
ARM GAS  C:\Users\dufma\AppData\Local\Temp\ccEpXLER.s 			page 9


 402 0175 F9010000 		.4byte	.LASF21
 403 0179 01       		.byte	0x1
 404 017a 19       		.byte	0x19
 405 017b 00000000 		.4byte	.LFB64
 406 017f B0000000 		.4byte	.LFE64-.LFB64
 407 0183 01       		.uleb128 0x1
 408 0184 9C       		.byte	0x9c
 409 0185 85020000 		.4byte	0x285
 410 0189 0A       		.uleb128 0xa
 411 018a 3D000000 		.4byte	.LASF19
 412 018e 01       		.byte	0x1
 413 018f 1B       		.byte	0x1b
 414 0190 81000000 		.4byte	0x81
 415 0194 13000000 		.4byte	.LLST1
 416 0198 09       		.uleb128 0x9
 417 0199 62756600 		.ascii	"buf\000"
 418 019d 01       		.byte	0x1
 419 019e 1C       		.byte	0x1c
 420 019f 85020000 		.4byte	0x285
 421 01a3 02       		.uleb128 0x2
 422 01a4 91       		.byte	0x91
 423 01a5 68       		.sleb128 -24
 424 01a6 11       		.uleb128 0x11
 425 01a7 6900     		.ascii	"i\000"
 426 01a9 01       		.byte	0x1
 427 01aa 29       		.byte	0x29
 428 01ab 73000000 		.4byte	0x73
 429 01af 31000000 		.4byte	.LLST2
 430 01b3 11       		.uleb128 0x11
 431 01b4 7800     		.ascii	"x\000"
 432 01b6 01       		.byte	0x1
 433 01b7 2D       		.byte	0x2d
 434 01b8 73000000 		.4byte	0x73
 435 01bc 44000000 		.4byte	.LLST3
 436 01c0 11       		.uleb128 0x11
 437 01c1 7900     		.ascii	"y\000"
 438 01c3 01       		.byte	0x1
 439 01c4 2D       		.byte	0x2d
 440 01c5 73000000 		.4byte	0x73
 441 01c9 57000000 		.4byte	.LLST4
 442 01cd 11       		.uleb128 0x11
 443 01ce 7A00     		.ascii	"z\000"
 444 01d0 01       		.byte	0x1
 445 01d1 2D       		.byte	0x2d
 446 01d2 73000000 		.4byte	0x73
 447 01d6 6A000000 		.4byte	.LLST5
 448 01da 0B       		.uleb128 0xb
 449 01db 10000000 		.4byte	.LVL6
 450 01df A6020000 		.4byte	0x2a6
 451 01e3 0C       		.uleb128 0xc
 452 01e4 1C000000 		.4byte	.LVL7
 453 01e8 C2020000 		.4byte	0x2c2
 454 01ec 08020000 		.4byte	0x208
 455 01f0 0D       		.uleb128 0xd
 456 01f1 01       		.uleb128 0x1
 457 01f2 53       		.byte	0x53
 458 01f3 02       		.uleb128 0x2
ARM GAS  C:\Users\dufma\AppData\Local\Temp\ccEpXLER.s 			page 10


 459 01f4 75       		.byte	0x75
 460 01f5 00       		.sleb128 0
 461 01f6 0D       		.uleb128 0xd
 462 01f7 01       		.uleb128 0x1
 463 01f8 52       		.byte	0x52
 464 01f9 01       		.uleb128 0x1
 465 01fa 31       		.byte	0x31
 466 01fb 0D       		.uleb128 0xd
 467 01fc 01       		.uleb128 0x1
 468 01fd 51       		.byte	0x51
 469 01fe 02       		.uleb128 0x2
 470 01ff 74       		.byte	0x74
 471 0200 00       		.sleb128 0
 472 0201 0D       		.uleb128 0xd
 473 0202 01       		.uleb128 0x1
 474 0203 50       		.byte	0x50
 475 0204 02       		.uleb128 0x2
 476 0205 08       		.byte	0x8
 477 0206 52       		.byte	0x52
 478 0207 00       		.byte	0
 479 0208 0B       		.uleb128 0xb
 480 0209 20000000 		.4byte	.LVL8
 481 020d EC020000 		.4byte	0x2ec
 482 0211 0C       		.uleb128 0xc
 483 0212 2C000000 		.4byte	.LVL10
 484 0216 B1020000 		.4byte	0x2b1
 485 021a 25020000 		.4byte	0x225
 486 021e 0D       		.uleb128 0xd
 487 021f 01       		.uleb128 0x1
 488 0220 50       		.byte	0x50
 489 0221 02       		.uleb128 0x2
 490 0222 08       		.byte	0x8
 491 0223 32       		.byte	0x32
 492 0224 00       		.byte	0
 493 0225 0B       		.uleb128 0xb
 494 0226 30000000 		.4byte	.LVL11
 495 022a A6020000 		.4byte	0x2a6
 496 022e 0C       		.uleb128 0xc
 497 022f 3C000000 		.4byte	.LVL12
 498 0233 F7020000 		.4byte	0x2f7
 499 0237 53020000 		.4byte	0x253
 500 023b 0D       		.uleb128 0xd
 501 023c 01       		.uleb128 0x1
 502 023d 53       		.byte	0x53
 503 023e 02       		.uleb128 0x2
 504 023f 75       		.byte	0x75
 505 0240 00       		.sleb128 0
 506 0241 0D       		.uleb128 0xd
 507 0242 01       		.uleb128 0x1
 508 0243 52       		.byte	0x52
 509 0244 01       		.uleb128 0x1
 510 0245 36       		.byte	0x36
 511 0246 0D       		.uleb128 0xd
 512 0247 01       		.uleb128 0x1
 513 0248 51       		.byte	0x51
 514 0249 02       		.uleb128 0x2
 515 024a 91       		.byte	0x91
ARM GAS  C:\Users\dufma\AppData\Local\Temp\ccEpXLER.s 			page 11


 516 024b 68       		.sleb128 -24
 517 024c 0D       		.uleb128 0xd
 518 024d 01       		.uleb128 0x1
 519 024e 50       		.byte	0x50
 520 024f 02       		.uleb128 0x2
 521 0250 08       		.byte	0x8
 522 0251 52       		.byte	0x52
 523 0252 00       		.byte	0
 524 0253 0B       		.uleb128 0xb
 525 0254 40000000 		.4byte	.LVL13
 526 0258 EC020000 		.4byte	0x2ec
 527 025c 0E       		.uleb128 0xe
 528 025d A6000000 		.4byte	.LVL22
 529 0261 1B030000 		.4byte	0x31b
 530 0265 0D       		.uleb128 0xd
 531 0266 01       		.uleb128 0x1
 532 0267 50       		.byte	0x50
 533 0268 05       		.uleb128 0x5
 534 0269 03       		.byte	0x3
 535 026a 00000000 		.4byte	.LC0
 536 026e 0D       		.uleb128 0xd
 537 026f 02       		.uleb128 0x2
 538 0270 7D       		.byte	0x7d
 539 0271 08       		.sleb128 8
 540 0272 02       		.uleb128 0x2
 541 0273 74       		.byte	0x74
 542 0274 00       		.sleb128 0
 543 0275 0D       		.uleb128 0xd
 544 0276 02       		.uleb128 0x2
 545 0277 7D       		.byte	0x7d
 546 0278 04       		.sleb128 4
 547 0279 02       		.uleb128 0x2
 548 027a 75       		.byte	0x75
 549 027b 00       		.sleb128 0
 550 027c 0D       		.uleb128 0xd
 551 027d 02       		.uleb128 0x2
 552 027e 7D       		.byte	0x7d
 553 027f 00       		.sleb128 0
 554 0280 02       		.uleb128 0x2
 555 0281 76       		.byte	0x76
 556 0282 00       		.sleb128 0
 557 0283 00       		.byte	0
 558 0284 00       		.byte	0
 559 0285 0F       		.uleb128 0xf
 560 0286 81000000 		.4byte	0x81
 561 028a 95020000 		.4byte	0x295
 562 028e 10       		.uleb128 0x10
 563 028f C4000000 		.4byte	0xc4
 564 0293 05       		.byte	0x5
 565 0294 00       		.byte	0
 566 0295 12       		.uleb128 0x12
 567 0296 9C000000 		.4byte	.LASF31
 568 029a 08       		.byte	0x8
 569 029b 5506     		.2byte	0x655
 570 029d A1020000 		.4byte	0x2a1
 571 02a1 13       		.uleb128 0x13
 572 02a2 8C000000 		.4byte	0x8c
ARM GAS  C:\Users\dufma\AppData\Local\Temp\ccEpXLER.s 			page 12


 573 02a6 14       		.uleb128 0x14
 574 02a7 27000000 		.4byte	.LASF22
 575 02ab 05       		.byte	0x5
 576 02ac A4       		.byte	0xa4
 577 02ad 97000000 		.4byte	0x97
 578 02b1 15       		.uleb128 0x15
 579 02b2 2B020000 		.4byte	.LASF26
 580 02b6 06       		.byte	0x6
 581 02b7 77       		.byte	0x77
 582 02b8 C2020000 		.4byte	0x2c2
 583 02bc 16       		.uleb128 0x16
 584 02bd A3000000 		.4byte	0xa3
 585 02c1 00       		.byte	0
 586 02c2 17       		.uleb128 0x17
 587 02c3 6A000000 		.4byte	.LASF24
 588 02c7 05       		.byte	0x5
 589 02c8 A7       		.byte	0xa7
 590 02c9 97000000 		.4byte	0x97
 591 02cd E6020000 		.4byte	0x2e6
 592 02d1 16       		.uleb128 0x16
 593 02d2 97000000 		.4byte	0x97
 594 02d6 16       		.uleb128 0x16
 595 02d7 E6020000 		.4byte	0x2e6
 596 02db 16       		.uleb128 0x16
 597 02dc 97000000 		.4byte	0x97
 598 02e0 16       		.uleb128 0x16
 599 02e1 97000000 		.4byte	0x97
 600 02e5 00       		.byte	0
 601 02e6 06       		.uleb128 0x6
 602 02e7 04       		.byte	0x4
 603 02e8 97000000 		.4byte	0x97
 604 02ec 14       		.uleb128 0x14
 605 02ed EF000000 		.4byte	.LASF23
 606 02f1 05       		.byte	0x5
 607 02f2 A3       		.byte	0xa3
 608 02f3 97000000 		.4byte	0x97
 609 02f7 17       		.uleb128 0x17
 610 02f8 44000000 		.4byte	.LASF25
 611 02fc 05       		.byte	0x5
 612 02fd A9       		.byte	0xa9
 613 02fe 97000000 		.4byte	0x97
 614 0302 1B030000 		.4byte	0x31b
 615 0306 16       		.uleb128 0x16
 616 0307 97000000 		.4byte	0x97
 617 030b 16       		.uleb128 0x16
 618 030c E6020000 		.4byte	0x2e6
 619 0310 16       		.uleb128 0x16
 620 0311 97000000 		.4byte	0x97
 621 0315 16       		.uleb128 0x16
 622 0316 97000000 		.4byte	0x97
 623 031a 00       		.byte	0
 624 031b 18       		.uleb128 0x18
 625 031c F2010000 		.4byte	.LASF27
 626 0320 07       		.byte	0x7
 627 0321 B2       		.byte	0xb2
 628 0322 73000000 		.4byte	0x73
 629 0326 16       		.uleb128 0x16
ARM GAS  C:\Users\dufma\AppData\Local\Temp\ccEpXLER.s 			page 13


 630 0327 CB000000 		.4byte	0xcb
 631 032b 19       		.uleb128 0x19
 632 032c 00       		.byte	0
 633 032d 00       		.byte	0
 634              		.section	.debug_abbrev,"",%progbits
 635              	.Ldebug_abbrev0:
 636 0000 01       		.uleb128 0x1
 637 0001 11       		.uleb128 0x11
 638 0002 01       		.byte	0x1
 639 0003 25       		.uleb128 0x25
 640 0004 0E       		.uleb128 0xe
 641 0005 13       		.uleb128 0x13
 642 0006 0B       		.uleb128 0xb
 643 0007 03       		.uleb128 0x3
 644 0008 0E       		.uleb128 0xe
 645 0009 1B       		.uleb128 0x1b
 646 000a 0E       		.uleb128 0xe
 647 000b 55       		.uleb128 0x55
 648 000c 17       		.uleb128 0x17
 649 000d 11       		.uleb128 0x11
 650 000e 01       		.uleb128 0x1
 651 000f 10       		.uleb128 0x10
 652 0010 17       		.uleb128 0x17
 653 0011 00       		.byte	0
 654 0012 00       		.byte	0
 655 0013 02       		.uleb128 0x2
 656 0014 24       		.uleb128 0x24
 657 0015 00       		.byte	0
 658 0016 0B       		.uleb128 0xb
 659 0017 0B       		.uleb128 0xb
 660 0018 3E       		.uleb128 0x3e
 661 0019 0B       		.uleb128 0xb
 662 001a 03       		.uleb128 0x3
 663 001b 0E       		.uleb128 0xe
 664 001c 00       		.byte	0
 665 001d 00       		.byte	0
 666 001e 03       		.uleb128 0x3
 667 001f 16       		.uleb128 0x16
 668 0020 00       		.byte	0
 669 0021 03       		.uleb128 0x3
 670 0022 0E       		.uleb128 0xe
 671 0023 3A       		.uleb128 0x3a
 672 0024 0B       		.uleb128 0xb
 673 0025 3B       		.uleb128 0x3b
 674 0026 0B       		.uleb128 0xb
 675 0027 49       		.uleb128 0x49
 676 0028 13       		.uleb128 0x13
 677 0029 00       		.byte	0
 678 002a 00       		.byte	0
 679 002b 04       		.uleb128 0x4
 680 002c 24       		.uleb128 0x24
 681 002d 00       		.byte	0
 682 002e 0B       		.uleb128 0xb
 683 002f 0B       		.uleb128 0xb
 684 0030 3E       		.uleb128 0x3e
 685 0031 0B       		.uleb128 0xb
 686 0032 03       		.uleb128 0x3
ARM GAS  C:\Users\dufma\AppData\Local\Temp\ccEpXLER.s 			page 14


 687 0033 08       		.uleb128 0x8
 688 0034 00       		.byte	0
 689 0035 00       		.byte	0
 690 0036 05       		.uleb128 0x5
 691 0037 16       		.uleb128 0x16
 692 0038 00       		.byte	0
 693 0039 03       		.uleb128 0x3
 694 003a 0E       		.uleb128 0xe
 695 003b 3A       		.uleb128 0x3a
 696 003c 0B       		.uleb128 0xb
 697 003d 3B       		.uleb128 0x3b
 698 003e 05       		.uleb128 0x5
 699 003f 49       		.uleb128 0x49
 700 0040 13       		.uleb128 0x13
 701 0041 00       		.byte	0
 702 0042 00       		.byte	0
 703 0043 06       		.uleb128 0x6
 704 0044 0F       		.uleb128 0xf
 705 0045 00       		.byte	0
 706 0046 0B       		.uleb128 0xb
 707 0047 0B       		.uleb128 0xb
 708 0048 49       		.uleb128 0x49
 709 0049 13       		.uleb128 0x13
 710 004a 00       		.byte	0
 711 004b 00       		.byte	0
 712 004c 07       		.uleb128 0x7
 713 004d 26       		.uleb128 0x26
 714 004e 00       		.byte	0
 715 004f 49       		.uleb128 0x49
 716 0050 13       		.uleb128 0x13
 717 0051 00       		.byte	0
 718 0052 00       		.byte	0
 719 0053 08       		.uleb128 0x8
 720 0054 2E       		.uleb128 0x2e
 721 0055 01       		.byte	0x1
 722 0056 3F       		.uleb128 0x3f
 723 0057 19       		.uleb128 0x19
 724 0058 03       		.uleb128 0x3
 725 0059 0E       		.uleb128 0xe
 726 005a 3A       		.uleb128 0x3a
 727 005b 0B       		.uleb128 0xb
 728 005c 3B       		.uleb128 0x3b
 729 005d 0B       		.uleb128 0xb
 730 005e 27       		.uleb128 0x27
 731 005f 19       		.uleb128 0x19
 732 0060 11       		.uleb128 0x11
 733 0061 01       		.uleb128 0x1
 734 0062 12       		.uleb128 0x12
 735 0063 06       		.uleb128 0x6
 736 0064 40       		.uleb128 0x40
 737 0065 18       		.uleb128 0x18
 738 0066 9742     		.uleb128 0x2117
 739 0068 19       		.uleb128 0x19
 740 0069 01       		.uleb128 0x1
 741 006a 13       		.uleb128 0x13
 742 006b 00       		.byte	0
 743 006c 00       		.byte	0
ARM GAS  C:\Users\dufma\AppData\Local\Temp\ccEpXLER.s 			page 15


 744 006d 09       		.uleb128 0x9
 745 006e 34       		.uleb128 0x34
 746 006f 00       		.byte	0
 747 0070 03       		.uleb128 0x3
 748 0071 08       		.uleb128 0x8
 749 0072 3A       		.uleb128 0x3a
 750 0073 0B       		.uleb128 0xb
 751 0074 3B       		.uleb128 0x3b
 752 0075 0B       		.uleb128 0xb
 753 0076 49       		.uleb128 0x49
 754 0077 13       		.uleb128 0x13
 755 0078 02       		.uleb128 0x2
 756 0079 18       		.uleb128 0x18
 757 007a 00       		.byte	0
 758 007b 00       		.byte	0
 759 007c 0A       		.uleb128 0xa
 760 007d 34       		.uleb128 0x34
 761 007e 00       		.byte	0
 762 007f 03       		.uleb128 0x3
 763 0080 0E       		.uleb128 0xe
 764 0081 3A       		.uleb128 0x3a
 765 0082 0B       		.uleb128 0xb
 766 0083 3B       		.uleb128 0x3b
 767 0084 0B       		.uleb128 0xb
 768 0085 49       		.uleb128 0x49
 769 0086 13       		.uleb128 0x13
 770 0087 02       		.uleb128 0x2
 771 0088 17       		.uleb128 0x17
 772 0089 00       		.byte	0
 773 008a 00       		.byte	0
 774 008b 0B       		.uleb128 0xb
 775 008c 898201   		.uleb128 0x4109
 776 008f 00       		.byte	0
 777 0090 11       		.uleb128 0x11
 778 0091 01       		.uleb128 0x1
 779 0092 31       		.uleb128 0x31
 780 0093 13       		.uleb128 0x13
 781 0094 00       		.byte	0
 782 0095 00       		.byte	0
 783 0096 0C       		.uleb128 0xc
 784 0097 898201   		.uleb128 0x4109
 785 009a 01       		.byte	0x1
 786 009b 11       		.uleb128 0x11
 787 009c 01       		.uleb128 0x1
 788 009d 31       		.uleb128 0x31
 789 009e 13       		.uleb128 0x13
 790 009f 01       		.uleb128 0x1
 791 00a0 13       		.uleb128 0x13
 792 00a1 00       		.byte	0
 793 00a2 00       		.byte	0
 794 00a3 0D       		.uleb128 0xd
 795 00a4 8A8201   		.uleb128 0x410a
 796 00a7 00       		.byte	0
 797 00a8 02       		.uleb128 0x2
 798 00a9 18       		.uleb128 0x18
 799 00aa 9142     		.uleb128 0x2111
 800 00ac 18       		.uleb128 0x18
ARM GAS  C:\Users\dufma\AppData\Local\Temp\ccEpXLER.s 			page 16


 801 00ad 00       		.byte	0
 802 00ae 00       		.byte	0
 803 00af 0E       		.uleb128 0xe
 804 00b0 898201   		.uleb128 0x4109
 805 00b3 01       		.byte	0x1
 806 00b4 11       		.uleb128 0x11
 807 00b5 01       		.uleb128 0x1
 808 00b6 31       		.uleb128 0x31
 809 00b7 13       		.uleb128 0x13
 810 00b8 00       		.byte	0
 811 00b9 00       		.byte	0
 812 00ba 0F       		.uleb128 0xf
 813 00bb 01       		.uleb128 0x1
 814 00bc 01       		.byte	0x1
 815 00bd 49       		.uleb128 0x49
 816 00be 13       		.uleb128 0x13
 817 00bf 01       		.uleb128 0x1
 818 00c0 13       		.uleb128 0x13
 819 00c1 00       		.byte	0
 820 00c2 00       		.byte	0
 821 00c3 10       		.uleb128 0x10
 822 00c4 21       		.uleb128 0x21
 823 00c5 00       		.byte	0
 824 00c6 49       		.uleb128 0x49
 825 00c7 13       		.uleb128 0x13
 826 00c8 2F       		.uleb128 0x2f
 827 00c9 0B       		.uleb128 0xb
 828 00ca 00       		.byte	0
 829 00cb 00       		.byte	0
 830 00cc 11       		.uleb128 0x11
 831 00cd 34       		.uleb128 0x34
 832 00ce 00       		.byte	0
 833 00cf 03       		.uleb128 0x3
 834 00d0 08       		.uleb128 0x8
 835 00d1 3A       		.uleb128 0x3a
 836 00d2 0B       		.uleb128 0xb
 837 00d3 3B       		.uleb128 0x3b
 838 00d4 0B       		.uleb128 0xb
 839 00d5 49       		.uleb128 0x49
 840 00d6 13       		.uleb128 0x13
 841 00d7 02       		.uleb128 0x2
 842 00d8 17       		.uleb128 0x17
 843 00d9 00       		.byte	0
 844 00da 00       		.byte	0
 845 00db 12       		.uleb128 0x12
 846 00dc 34       		.uleb128 0x34
 847 00dd 00       		.byte	0
 848 00de 03       		.uleb128 0x3
 849 00df 0E       		.uleb128 0xe
 850 00e0 3A       		.uleb128 0x3a
 851 00e1 0B       		.uleb128 0xb
 852 00e2 3B       		.uleb128 0x3b
 853 00e3 05       		.uleb128 0x5
 854 00e4 49       		.uleb128 0x49
 855 00e5 13       		.uleb128 0x13
 856 00e6 3F       		.uleb128 0x3f
 857 00e7 19       		.uleb128 0x19
ARM GAS  C:\Users\dufma\AppData\Local\Temp\ccEpXLER.s 			page 17


 858 00e8 3C       		.uleb128 0x3c
 859 00e9 19       		.uleb128 0x19
 860 00ea 00       		.byte	0
 861 00eb 00       		.byte	0
 862 00ec 13       		.uleb128 0x13
 863 00ed 35       		.uleb128 0x35
 864 00ee 00       		.byte	0
 865 00ef 49       		.uleb128 0x49
 866 00f0 13       		.uleb128 0x13
 867 00f1 00       		.byte	0
 868 00f2 00       		.byte	0
 869 00f3 14       		.uleb128 0x14
 870 00f4 2E       		.uleb128 0x2e
 871 00f5 00       		.byte	0
 872 00f6 3F       		.uleb128 0x3f
 873 00f7 19       		.uleb128 0x19
 874 00f8 03       		.uleb128 0x3
 875 00f9 0E       		.uleb128 0xe
 876 00fa 3A       		.uleb128 0x3a
 877 00fb 0B       		.uleb128 0xb
 878 00fc 3B       		.uleb128 0x3b
 879 00fd 0B       		.uleb128 0xb
 880 00fe 27       		.uleb128 0x27
 881 00ff 19       		.uleb128 0x19
 882 0100 49       		.uleb128 0x49
 883 0101 13       		.uleb128 0x13
 884 0102 3C       		.uleb128 0x3c
 885 0103 19       		.uleb128 0x19
 886 0104 00       		.byte	0
 887 0105 00       		.byte	0
 888 0106 15       		.uleb128 0x15
 889 0107 2E       		.uleb128 0x2e
 890 0108 01       		.byte	0x1
 891 0109 3F       		.uleb128 0x3f
 892 010a 19       		.uleb128 0x19
 893 010b 03       		.uleb128 0x3
 894 010c 0E       		.uleb128 0xe
 895 010d 3A       		.uleb128 0x3a
 896 010e 0B       		.uleb128 0xb
 897 010f 3B       		.uleb128 0x3b
 898 0110 0B       		.uleb128 0xb
 899 0111 27       		.uleb128 0x27
 900 0112 19       		.uleb128 0x19
 901 0113 3C       		.uleb128 0x3c
 902 0114 19       		.uleb128 0x19
 903 0115 01       		.uleb128 0x1
 904 0116 13       		.uleb128 0x13
 905 0117 00       		.byte	0
 906 0118 00       		.byte	0
 907 0119 16       		.uleb128 0x16
 908 011a 05       		.uleb128 0x5
 909 011b 00       		.byte	0
 910 011c 49       		.uleb128 0x49
 911 011d 13       		.uleb128 0x13
 912 011e 00       		.byte	0
 913 011f 00       		.byte	0
 914 0120 17       		.uleb128 0x17
ARM GAS  C:\Users\dufma\AppData\Local\Temp\ccEpXLER.s 			page 18


 915 0121 2E       		.uleb128 0x2e
 916 0122 01       		.byte	0x1
 917 0123 3F       		.uleb128 0x3f
 918 0124 19       		.uleb128 0x19
 919 0125 03       		.uleb128 0x3
 920 0126 0E       		.uleb128 0xe
 921 0127 3A       		.uleb128 0x3a
 922 0128 0B       		.uleb128 0xb
 923 0129 3B       		.uleb128 0x3b
 924 012a 0B       		.uleb128 0xb
 925 012b 27       		.uleb128 0x27
 926 012c 19       		.uleb128 0x19
 927 012d 49       		.uleb128 0x49
 928 012e 13       		.uleb128 0x13
 929 012f 3C       		.uleb128 0x3c
 930 0130 19       		.uleb128 0x19
 931 0131 01       		.uleb128 0x1
 932 0132 13       		.uleb128 0x13
 933 0133 00       		.byte	0
 934 0134 00       		.byte	0
 935 0135 18       		.uleb128 0x18
 936 0136 2E       		.uleb128 0x2e
 937 0137 01       		.byte	0x1
 938 0138 3F       		.uleb128 0x3f
 939 0139 19       		.uleb128 0x19
 940 013a 03       		.uleb128 0x3
 941 013b 0E       		.uleb128 0xe
 942 013c 3A       		.uleb128 0x3a
 943 013d 0B       		.uleb128 0xb
 944 013e 3B       		.uleb128 0x3b
 945 013f 0B       		.uleb128 0xb
 946 0140 27       		.uleb128 0x27
 947 0141 19       		.uleb128 0x19
 948 0142 49       		.uleb128 0x49
 949 0143 13       		.uleb128 0x13
 950 0144 3C       		.uleb128 0x3c
 951 0145 19       		.uleb128 0x19
 952 0146 00       		.byte	0
 953 0147 00       		.byte	0
 954 0148 19       		.uleb128 0x19
 955 0149 18       		.uleb128 0x18
 956 014a 00       		.byte	0
 957 014b 00       		.byte	0
 958 014c 00       		.byte	0
 959 014d 00       		.byte	0
 960              		.section	.debug_loc,"",%progbits
 961              	.Ldebug_loc0:
 962              	.LLST0:
 963 0000 2A000000 		.4byte	.LVL3
 964 0004 32000000 		.4byte	.LVL4
 965 0008 0100     		.2byte	0x1
 966 000a 50       		.byte	0x50
 967 000b 00000000 		.4byte	0
 968 000f 00000000 		.4byte	0
 969              	.LLST1:
 970 0013 20000000 		.4byte	.LVL8
 971 0017 28000000 		.4byte	.LVL9
ARM GAS  C:\Users\dufma\AppData\Local\Temp\ccEpXLER.s 			page 19


 972 001b 0100     		.2byte	0x1
 973 001d 50       		.byte	0x50
 974 001e 40000000 		.4byte	.LVL13
 975 0022 82000000 		.4byte	.LVL19
 976 0026 0100     		.2byte	0x1
 977 0028 50       		.byte	0x50
 978 0029 00000000 		.4byte	0
 979 002d 00000000 		.4byte	0
 980              	.LLST2:
 981 0031 4A000000 		.4byte	.LVL14
 982 0035 6E000000 		.4byte	.LVL16
 983 0039 0100     		.2byte	0x1
 984 003b 52       		.byte	0x52
 985 003c 00000000 		.4byte	0
 986 0040 00000000 		.4byte	0
 987              	.LLST3:
 988 0044 72000000 		.4byte	.LVL17
 989 0048 AA000000 		.4byte	.LVL23
 990 004c 0100     		.2byte	0x1
 991 004e 55       		.byte	0x55
 992 004f 00000000 		.4byte	0
 993 0053 00000000 		.4byte	0
 994              	.LLST4:
 995 0057 7E000000 		.4byte	.LVL18
 996 005b AA000000 		.4byte	.LVL23
 997 005f 0100     		.2byte	0x1
 998 0061 54       		.byte	0x54
 999 0062 00000000 		.4byte	0
 1000 0066 00000000 		.4byte	0
 1001              	.LLST5:
 1002 006a 88000000 		.4byte	.LVL20
 1003 006e 9E000000 		.4byte	.LVL21
 1004 0072 0100     		.2byte	0x1
 1005 0074 50       		.byte	0x50
 1006 0075 9E000000 		.4byte	.LVL21
 1007 0079 A5000000 		.4byte	.LVL22-1
 1008 007d 0200     		.2byte	0x2
 1009 007f 91       		.byte	0x91
 1010 0080 64       		.sleb128 -28
 1011 0081 00000000 		.4byte	0
 1012 0085 00000000 		.4byte	0
 1013              		.section	.debug_aranges,"",%progbits
 1014 0000 24000000 		.4byte	0x24
 1015 0004 0200     		.2byte	0x2
 1016 0006 00000000 		.4byte	.Ldebug_info0
 1017 000a 04       		.byte	0x4
 1018 000b 00       		.byte	0
 1019 000c 0000     		.2byte	0
 1020 000e 0000     		.2byte	0
 1021 0010 00000000 		.4byte	.LFB63
 1022 0014 3A000000 		.4byte	.LFE63-.LFB63
 1023 0018 00000000 		.4byte	.LFB64
 1024 001c B0000000 		.4byte	.LFE64-.LFB64
 1025 0020 00000000 		.4byte	0
 1026 0024 00000000 		.4byte	0
 1027              		.section	.debug_ranges,"",%progbits
 1028              	.Ldebug_ranges0:
ARM GAS  C:\Users\dufma\AppData\Local\Temp\ccEpXLER.s 			page 20


 1029 0000 00000000 		.4byte	.LFB63
 1030 0004 3A000000 		.4byte	.LFE63
 1031 0008 00000000 		.4byte	.LFB64
 1032 000c B0000000 		.4byte	.LFE64
 1033 0010 00000000 		.4byte	0
 1034 0014 00000000 		.4byte	0
 1035              		.section	.debug_line,"",%progbits
 1036              	.Ldebug_line0:
 1037 0000 BC010000 		.section	.debug_str,"MS",%progbits,1
 1037      02006C01 
 1037      00000201 
 1037      FB0E0D00 
 1037      01010101 
 1038              	.LASF4:
 1039 0000 5F5F7569 		.ascii	"__uint8_t\000"
 1039      6E74385F 
 1039      7400
 1040              	.LASF5:
 1041 000a 5F5F696E 		.ascii	"__int32_t\000"
 1041      7433325F 
 1041      7400
 1042              	.LASF3:
 1043 0014 73686F72 		.ascii	"short unsigned int\000"
 1043      7420756E 
 1043      7369676E 
 1043      65642069 
 1043      6E7400
 1044              	.LASF22:
 1045 0027 4932435F 		.ascii	"I2C_MasterClearStatus\000"
 1045      4D617374 
 1045      6572436C 
 1045      65617253 
 1045      74617475 
 1046              	.LASF19:
 1047 003d 73746174 		.ascii	"status\000"
 1047      757300
 1048              	.LASF25:
 1049 0044 4932435F 		.ascii	"I2C_MasterReadBuf\000"
 1049      4D617374 
 1049      65725265 
 1049      61644275 
 1049      6600
 1050              	.LASF15:
 1051 0056 666C6F61 		.ascii	"float\000"
 1051      7400
 1052              	.LASF1:
 1053 005c 756E7369 		.ascii	"unsigned char\000"
 1053      676E6564 
 1053      20636861 
 1053      7200
 1054              	.LASF24:
 1055 006a 4932435F 		.ascii	"I2C_MasterWriteBuf\000"
 1055      4D617374 
 1055      65725772 
 1055      69746542 
 1055      756600
 1056              	.LASF20:
ARM GAS  C:\Users\dufma\AppData\Local\Temp\ccEpXLER.s 			page 21


 1057 007d 6E756E63 		.ascii	"nunchuk_init\000"
 1057      68756B5F 
 1057      696E6974 
 1057      00
 1058              	.LASF7:
 1059 008a 6C6F6E67 		.ascii	"long unsigned int\000"
 1059      20756E73 
 1059      69676E65 
 1059      6420696E 
 1059      7400
 1060              	.LASF31:
 1061 009c 49544D5F 		.ascii	"ITM_RxBuffer\000"
 1061      52784275 
 1061      66666572 
 1061      00
 1062              	.LASF30:
 1063 00a9 433A5C55 		.ascii	"C:\\Users\\dufma\\Desktop\\Project\\Zumo-PSoC\\Zumo"
 1063      73657273 
 1063      5C647566 
 1063      6D615C44 
 1063      65736B74 
 1064 00d6 426F745F 		.ascii	"Bot_Lib_Wii.cydsn\000"
 1064      4C69625F 
 1064      5769692E 
 1064      63796473 
 1064      6E00
 1065              	.LASF16:
 1066 00e8 646F7562 		.ascii	"double\000"
 1066      6C6500
 1067              	.LASF23:
 1068 00ef 4932435F 		.ascii	"I2C_MasterStatus\000"
 1068      4D617374 
 1068      65725374 
 1068      61747573 
 1068      00
 1069              	.LASF14:
 1070 0100 75696E74 		.ascii	"uint32\000"
 1070      333200
 1071              	.LASF28:
 1072 0107 474E5520 		.ascii	"GNU C 4.9.3 20150303 (release) [ARM/embedded-4_9-br"
 1072      4320342E 
 1072      392E3320 
 1072      32303135 
 1072      30333033 
 1073 013a 616E6368 		.ascii	"anch revision 221220] -mcpu=cortex-m3 -mthumb -g -O"
 1073      20726576 
 1073      6973696F 
 1073      6E203232 
 1073      31323230 
 1074 016d 67202D66 		.ascii	"g -ffunction-sections -ffat-lto-objects\000"
 1074      66756E63 
 1074      74696F6E 
 1074      2D736563 
 1074      74696F6E 
 1075              	.LASF10:
 1076 0195 756E7369 		.ascii	"unsigned int\000"
 1076      676E6564 
ARM GAS  C:\Users\dufma\AppData\Local\Temp\ccEpXLER.s 			page 22


 1076      20696E74 
 1076      00
 1077              	.LASF9:
 1078 01a2 6C6F6E67 		.ascii	"long long unsigned int\000"
 1078      206C6F6E 
 1078      6720756E 
 1078      7369676E 
 1078      65642069 
 1079              	.LASF11:
 1080 01b9 75696E74 		.ascii	"uint8_t\000"
 1080      385F7400 
 1081              	.LASF12:
 1082 01c1 696E7433 		.ascii	"int32_t\000"
 1082      325F7400 
 1083              	.LASF18:
 1084 01c9 73697A65 		.ascii	"sizetype\000"
 1084      74797065 
 1084      00
 1085              	.LASF8:
 1086 01d2 6C6F6E67 		.ascii	"long long int\000"
 1086      206C6F6E 
 1086      6720696E 
 1086      7400
 1087              	.LASF17:
 1088 01e0 63686172 		.ascii	"char\000"
 1088      00
 1089              	.LASF29:
 1090 01e5 2E5C6E75 		.ascii	".\\nunchuck.c\000"
 1090      6E636875 
 1090      636B2E63 
 1090      00
 1091              	.LASF27:
 1092 01f2 7072696E 		.ascii	"printf\000"
 1092      746600
 1093              	.LASF21:
 1094 01f9 6E756E63 		.ascii	"nunchuk_read\000"
 1094      68756B5F 
 1094      72656164 
 1094      00
 1095              	.LASF2:
 1096 0206 73686F72 		.ascii	"short int\000"
 1096      7420696E 
 1096      7400
 1097              	.LASF13:
 1098 0210 75696E74 		.ascii	"uint8\000"
 1098      3800
 1099              	.LASF6:
 1100 0216 6C6F6E67 		.ascii	"long int\000"
 1100      20696E74 
 1100      00
 1101              	.LASF0:
 1102 021f 7369676E 		.ascii	"signed char\000"
 1102      65642063 
 1102      68617200 
 1103              	.LASF26:
 1104 022b 43794465 		.ascii	"CyDelay\000"
 1104      6C617900 
ARM GAS  C:\Users\dufma\AppData\Local\Temp\ccEpXLER.s 			page 23


 1105              		.ident	"GCC: (GNU Tools for ARM Embedded Processors) 4.9.3 20150303 (release) [ARM/embedded-4_9-br
