--------------- Build Started: 07/21/2016 14:23:56 Project: ZumoBot_Lib_Gyro, Configuration: ARM GCC 4.9-2015-q1-update Debug ---------------
cydsfit.exe -.appdatapath "C:\Users\dufma\AppData\Local\Cypress Semiconductor\PSoC Creator\3.3" -.fdsnotice -.fdswarpdepfile=warp_dependencies.txt -.fdselabdepfile=elab_dependencies.txt -.fdsbldfile=generated_files.txt -p C:\Users\dufma\Desktop\Project\Zumo-PSoC\ZumoBot_Lib_Gyro.cydsn\ZumoBot_Lib_Gyro.cyprj -d CY8C5888LTI-LP097 -s C:\Users\dufma\Desktop\Project\Zumo-PSoC\ZumoBot_Lib_Gyro.cydsn\Generated_Source\PSoC5 -- -yv2 -q10 -ygs -o2 -v3 -.fftcfgtype=LE
Elaborating Design...
HDL Generation ...
Synthesis ...
Place and Route ...
Tech mapping ...
Analog Placement ...
Analog Routing ...
Analog Code Generation ...
Digital Placement ...
Digital Routing ...
Bitstream Generation ...
Static timing analysis ...
API Generation ...
Dependency Generation ...
Clean Temporary Files ...
The compile step is up to date, no work needs to be done.
The link step is up to date, no work needs to be done.
--------------- Build Succeeded: 07/21/2016 14:24:37 ---------------
