--------------- Build Started: 06/28/2016 13:27:04 Project: ZumoBot_I2C_Copy_01, Configuration: ARM GCC 4.9-2015-q1-update Debug ---------------
The code generation step is up to date.
arm-none-eabi-gcc.exe -mcpu=cortex-m3 -mthumb -Wno-main -I. -IGenerated_Source\PSoC5 -Wa,-alh=.\CortexM3\ARM_GCC_493\Debug/main.lst -g -D DEBUG -Wall -ffunction-sections -Og -ffat-lto-objects -c .\main.c -o .\CortexM3\ARM_GCC_493\Debug\main.o
.\main.c: In function 'main':
.\main.c:116:27: warning: unused variable 'Ctrl_after' [-Wunused-variable]
         uint8 Ctrl_before,Ctrl_after;
                           ^
.\main.c:116:15: warning: variable 'Ctrl_before' set but not used [-Wunused-but-set-variable]
         uint8 Ctrl_before,Ctrl_after;
               ^
.\main.c:103:13: warning: unused variable 'g_buf' [-Wunused-variable]
     uint8_t g_buf[6];
             ^
arm-none-eabi-ar.exe -rs .\CortexM3\ARM_GCC_493\Debug\ZumoBot_I2C_Copy_01.a .\CortexM3\ARM_GCC_493\Debug\cyfitter_cfg.o .\CortexM3\ARM_GCC_493\Debug\PWM.o .\CortexM3\ARM_GCC_493\Debug\PWM_PM.o .\CortexM3\ARM_GCC_493\Debug\Clock_1.o .\CortexM3\ARM_GCC_493\Debug\SDA_1.o .\CortexM3\ARM_GCC_493\Debug\SCL_1.o .\CortexM3\ARM_GCC_493\Debug\I2C.o .\CortexM3\ARM_GCC_493\Debug\I2C_BOOT.o .\CortexM3\ARM_GCC_493\Debug\I2C_INT.o .\CortexM3\ARM_GCC_493\Debug\I2C_PM.o .\CortexM3\ARM_GCC_493\Debug\I2C_SLAVE.o .\CortexM3\ARM_GCC_493\Debug\I2C_MASTER.o .\CortexM3\ARM_GCC_493\Debug\UART.o .\CortexM3\ARM_GCC_493\Debug\UART_PM.o .\CortexM3\ARM_GCC_493\Debug\UART_INT.o .\CortexM3\ARM_GCC_493\Debug\UART_BOOT.o .\CortexM3\ARM_GCC_493\Debug\UART_IntClock.o .\CortexM3\ARM_GCC_493\Debug\CyBootAsmGnu.o .\CortexM3\ARM_GCC_493\Debug\CyDmac.o .\CortexM3\ARM_GCC_493\Debug\CyFlash.o .\CortexM3\ARM_GCC_493\Debug\CyLib.o .\CortexM3\ARM_GCC_493\Debug\cyPm.o .\CortexM3\ARM_GCC_493\Debug\CySpc.o .\CortexM3\ARM_GCC_493\Debug\cyutils.o .\CortexM3\ARM_GCC_493\Debug\MotorPwmLeft.o .\CortexM3\ARM_GCC_493\Debug\MotorPwmRight.o .\CortexM3\ARM_GCC_493\Debug\MotorDirLeft.o .\CortexM3\ARM_GCC_493\Debug\MotorDirRight.o .\CortexM3\ARM_GCC_493\Debug\IR_led.o .\CortexM3\ARM_GCC_493\Debug\sensor_isr.o .\CortexM3\ARM_GCC_493\Debug\LL.o .\CortexM3\ARM_GCC_493\Debug\Timer_LL.o .\CortexM3\ARM_GCC_493\Debug\Timer_LL_PM.o .\CortexM3\ARM_GCC_493\Debug\Timer_RR.o .\CortexM3\ARM_GCC_493\Debug\Timer_RR_PM.o .\CortexM3\ARM_GCC_493\Debug\Timer_RL.o .\CortexM3\ARM_GCC_493\Debug\Timer_RL_PM.o .\CortexM3\ARM_GCC_493\Debug\RL.o .\CortexM3\ARM_GCC_493\Debug\RR.o .\CortexM3\ARM_GCC_493\Debug\Timer_LR.o .\CortexM3\ARM_GCC_493\Debug\Timer_LR_PM.o .\CortexM3\ARM_GCC_493\Debug\LR.o .\CortexM3\ARM_GCC_493\Debug\SDA_2.o .\CortexM3\ARM_GCC_493\Debug\SCL_2.o .\CortexM3\ARM_GCC_493\Debug\I2C_2.o .\CortexM3\ARM_GCC_493\Debug\I2C_2_BOOT.o .\CortexM3\ARM_GCC_493\Debug\I2C_2_INT.o .\CortexM3\ARM_GCC_493\Debug\I2C_2_PM.o .\CortexM3\ARM_GCC_493\Debug\I2C_2_SLAVE.o .\CortexM3\ARM_GCC_493\Debug\I2C_2_MASTER.o .\CortexM3\ARM_GCC_493\Debug\I2C_2_IntClock.o .\CortexM3\ARM_GCC_493\Debug\Echo.o .\CortexM3\ARM_GCC_493\Debug\Trig.o
arm-none-eabi-ar.exe: creating .\CortexM3\ARM_GCC_493\Debug\ZumoBot_I2C_Copy_01.a
arm-none-eabi-gcc.exe -Wl,--start-group -o .\CortexM3\ARM_GCC_493\Debug\ZumoBot_I2C_Copy_01.elf .\CortexM3\ARM_GCC_493\Debug\main.o .\CortexM3\ARM_GCC_493\Debug\cymetadata.o .\CortexM3\ARM_GCC_493\Debug\Cm3Start.o .\CortexM3\ARM_GCC_493\Debug\ZumoBot_I2C_Copy_01.a "C:\Program Files (x86)\Cypress\PSoC Creator\3.3\PSoC Creator\psoc\content\cycomponentlibrary\CyComponentLibrary.cylib\CortexM3\ARM_GCC_493\Debug\CyComponentLibrary.a" -mcpu=cortex-m3 -mthumb -g -ffunction-sections -Og -ffat-lto-objects -L Generated_Source\PSoC5 -Wl,-Map,.\CortexM3\ARM_GCC_493\Debug/ZumoBot_I2C_Copy_01.map -T Generated_Source\PSoC5\cm3gcc.ld -specs=nano.specs -Wl,--gc-sections -Wl,--end-group
cyelftool.exe -C C:\Users\suminh\project\ZumoBot.cyprj.Archive01\ZumoBot_I2C_Copy_01.cydsn\CortexM3\ARM_GCC_493\Debug\ZumoBot_I2C_Copy_01.elf --flash_row_size 256 --flash_size 262144
cyelftool.exe -S C:\Users\suminh\project\ZumoBot.cyprj.Archive01\ZumoBot_I2C_Copy_01.cydsn\CortexM3\ARM_GCC_493\Debug\ZumoBot_I2C_Copy_01.elf
Flash used: 6912 of 262144 bytes (2,6 %).
SRAM used: 3053 of 65536 bytes (4,7 %). Stack: 2048 bytes. Heap: 512 bytes.
--------------- Build Succeeded: 06/28/2016 13:27:05 ---------------
