ARM GAS  C:\Users\dufma\AppData\Local\Temp\ccXPOgGy.s 			page 1


   1              		.syntax unified
   2              		.cpu cortex-m3
   3              		.fpu softvfp
   4              		.eabi_attribute 20, 1
   5              		.eabi_attribute 21, 1
   6              		.eabi_attribute 23, 3
   7              		.eabi_attribute 24, 1
   8              		.eabi_attribute 25, 1
   9              		.eabi_attribute 26, 1
  10              		.eabi_attribute 30, 1
  11              		.eabi_attribute 34, 1
  12              		.eabi_attribute 18, 4
  13              		.thumb
  14              		.file	"gyro.c"
  15              		.text
  16              	.Ltext0:
  17              		.cfi_sections	.debug_frame
  18              	.Letext0:
  19              		.file 1 "c:\\program files (x86)\\cypress\\psoc creator\\3.3\\psoc creator\\import\\gnu\\arm\\4.9.
  20              		.file 2 "c:\\program files (x86)\\cypress\\psoc creator\\3.3\\psoc creator\\import\\gnu\\arm\\4.9.
  21              		.file 3 "Generated_Source\\PSoC5/core_cm3.h"
  22              		.section	.debug_info,"",%progbits
  23              	.Ldebug_info0:
  24 0000 AA000000 		.4byte	0xaa
  25 0004 0400     		.2byte	0x4
  26 0006 00000000 		.4byte	.Ldebug_abbrev0
  27 000a 04       		.byte	0x4
  28 000b 01       		.uleb128 0x1
  29 000c 6C000000 		.4byte	.LASF16
  30 0010 01       		.byte	0x1
  31 0011 3A000000 		.4byte	.LASF17
  32 0015 2A010000 		.4byte	.LASF18
  33 0019 00000000 		.4byte	.Ldebug_line0
  34 001d 02       		.uleb128 0x2
  35 001e 01       		.byte	0x1
  36 001f 06       		.byte	0x6
  37 0020 2E000000 		.4byte	.LASF0
  38 0024 02       		.uleb128 0x2
  39 0025 01       		.byte	0x1
  40 0026 08       		.byte	0x8
  41 0027 FA000000 		.4byte	.LASF1
  42 002b 02       		.uleb128 0x2
  43 002c 02       		.byte	0x2
  44 002d 05       		.byte	0x5
  45 002e 8B010000 		.4byte	.LASF2
  46 0032 02       		.uleb128 0x2
  47 0033 02       		.byte	0x2
  48 0034 07       		.byte	0x7
  49 0035 0E000000 		.4byte	.LASF3
  50 0039 03       		.uleb128 0x3
  51 003a 7B010000 		.4byte	.LASF9
  52 003e 01       		.byte	0x1
  53 003f 3F       		.byte	0x3f
  54 0040 44000000 		.4byte	0x44
  55 0044 02       		.uleb128 0x2
  56 0045 04       		.byte	0x4
  57 0046 05       		.byte	0x5
ARM GAS  C:\Users\dufma\AppData\Local\Temp\ccXPOgGy.s 			page 2


  58 0047 0D010000 		.4byte	.LASF4
  59 004b 02       		.uleb128 0x2
  60 004c 04       		.byte	0x4
  61 004d 07       		.byte	0x7
  62 004e 43000000 		.4byte	.LASF5
  63 0052 02       		.uleb128 0x2
  64 0053 08       		.byte	0x8
  65 0054 05       		.byte	0x5
  66 0055 00000000 		.4byte	.LASF6
  67 0059 02       		.uleb128 0x2
  68 005a 08       		.byte	0x8
  69 005b 07       		.byte	0x7
  70 005c 55000000 		.4byte	.LASF7
  71 0060 04       		.uleb128 0x4
  72 0061 04       		.byte	0x4
  73 0062 05       		.byte	0x5
  74 0063 696E7400 		.ascii	"int\000"
  75 0067 02       		.uleb128 0x2
  76 0068 04       		.byte	0x4
  77 0069 07       		.byte	0x7
  78 006a 21000000 		.4byte	.LASF8
  79 006e 03       		.uleb128 0x3
  80 006f 95010000 		.4byte	.LASF10
  81 0073 02       		.byte	0x2
  82 0074 2C       		.byte	0x2c
  83 0075 39000000 		.4byte	0x39
  84 0079 02       		.uleb128 0x2
  85 007a 04       		.byte	0x4
  86 007b 04       		.byte	0x4
  87 007c 85010000 		.4byte	.LASF11
  88 0080 02       		.uleb128 0x2
  89 0081 08       		.byte	0x8
  90 0082 04       		.byte	0x4
  91 0083 16010000 		.4byte	.LASF12
  92 0087 02       		.uleb128 0x2
  93 0088 01       		.byte	0x1
  94 0089 08       		.byte	0x8
  95 008a 08010000 		.4byte	.LASF13
  96 008e 02       		.uleb128 0x2
  97 008f 04       		.byte	0x4
  98 0090 07       		.byte	0x7
  99 0091 9D010000 		.4byte	.LASF14
 100 0095 02       		.uleb128 0x2
 101 0096 08       		.byte	0x8
 102 0097 04       		.byte	0x4
 103 0098 6F010000 		.4byte	.LASF15
 104 009c 05       		.uleb128 0x5
 105 009d 1D010000 		.4byte	.LASF19
 106 00a1 03       		.byte	0x3
 107 00a2 5506     		.2byte	0x655
 108 00a4 A8000000 		.4byte	0xa8
 109 00a8 06       		.uleb128 0x6
 110 00a9 6E000000 		.4byte	0x6e
 111 00ad 00       		.byte	0
 112              		.section	.debug_abbrev,"",%progbits
 113              	.Ldebug_abbrev0:
 114 0000 01       		.uleb128 0x1
ARM GAS  C:\Users\dufma\AppData\Local\Temp\ccXPOgGy.s 			page 3


 115 0001 11       		.uleb128 0x11
 116 0002 01       		.byte	0x1
 117 0003 25       		.uleb128 0x25
 118 0004 0E       		.uleb128 0xe
 119 0005 13       		.uleb128 0x13
 120 0006 0B       		.uleb128 0xb
 121 0007 03       		.uleb128 0x3
 122 0008 0E       		.uleb128 0xe
 123 0009 1B       		.uleb128 0x1b
 124 000a 0E       		.uleb128 0xe
 125 000b 10       		.uleb128 0x10
 126 000c 17       		.uleb128 0x17
 127 000d 00       		.byte	0
 128 000e 00       		.byte	0
 129 000f 02       		.uleb128 0x2
 130 0010 24       		.uleb128 0x24
 131 0011 00       		.byte	0
 132 0012 0B       		.uleb128 0xb
 133 0013 0B       		.uleb128 0xb
 134 0014 3E       		.uleb128 0x3e
 135 0015 0B       		.uleb128 0xb
 136 0016 03       		.uleb128 0x3
 137 0017 0E       		.uleb128 0xe
 138 0018 00       		.byte	0
 139 0019 00       		.byte	0
 140 001a 03       		.uleb128 0x3
 141 001b 16       		.uleb128 0x16
 142 001c 00       		.byte	0
 143 001d 03       		.uleb128 0x3
 144 001e 0E       		.uleb128 0xe
 145 001f 3A       		.uleb128 0x3a
 146 0020 0B       		.uleb128 0xb
 147 0021 3B       		.uleb128 0x3b
 148 0022 0B       		.uleb128 0xb
 149 0023 49       		.uleb128 0x49
 150 0024 13       		.uleb128 0x13
 151 0025 00       		.byte	0
 152 0026 00       		.byte	0
 153 0027 04       		.uleb128 0x4
 154 0028 24       		.uleb128 0x24
 155 0029 00       		.byte	0
 156 002a 0B       		.uleb128 0xb
 157 002b 0B       		.uleb128 0xb
 158 002c 3E       		.uleb128 0x3e
 159 002d 0B       		.uleb128 0xb
 160 002e 03       		.uleb128 0x3
 161 002f 08       		.uleb128 0x8
 162 0030 00       		.byte	0
 163 0031 00       		.byte	0
 164 0032 05       		.uleb128 0x5
 165 0033 34       		.uleb128 0x34
 166 0034 00       		.byte	0
 167 0035 03       		.uleb128 0x3
 168 0036 0E       		.uleb128 0xe
 169 0037 3A       		.uleb128 0x3a
 170 0038 0B       		.uleb128 0xb
 171 0039 3B       		.uleb128 0x3b
ARM GAS  C:\Users\dufma\AppData\Local\Temp\ccXPOgGy.s 			page 4


 172 003a 05       		.uleb128 0x5
 173 003b 49       		.uleb128 0x49
 174 003c 13       		.uleb128 0x13
 175 003d 3F       		.uleb128 0x3f
 176 003e 19       		.uleb128 0x19
 177 003f 3C       		.uleb128 0x3c
 178 0040 19       		.uleb128 0x19
 179 0041 00       		.byte	0
 180 0042 00       		.byte	0
 181 0043 06       		.uleb128 0x6
 182 0044 35       		.uleb128 0x35
 183 0045 00       		.byte	0
 184 0046 49       		.uleb128 0x49
 185 0047 13       		.uleb128 0x13
 186 0048 00       		.byte	0
 187 0049 00       		.byte	0
 188 004a 00       		.byte	0
 189              		.section	.debug_aranges,"",%progbits
 190 0000 14000000 		.4byte	0x14
 191 0004 0200     		.2byte	0x2
 192 0006 00000000 		.4byte	.Ldebug_info0
 193 000a 04       		.byte	0x4
 194 000b 00       		.byte	0
 195 000c 0000     		.2byte	0
 196 000e 0000     		.2byte	0
 197 0010 00000000 		.4byte	0
 198 0014 00000000 		.4byte	0
 199              		.section	.debug_line,"",%progbits
 200              	.Ldebug_line0:
 201 0000 36010000 		.section	.debug_str,"MS",%progbits,1
 201      02003001 
 201      00000201 
 201      FB0E0D00 
 201      01010101 
 202              	.LASF6:
 203 0000 6C6F6E67 		.ascii	"long long int\000"
 203      206C6F6E 
 203      6720696E 
 203      7400
 204              	.LASF3:
 205 000e 73686F72 		.ascii	"short unsigned int\000"
 205      7420756E 
 205      7369676E 
 205      65642069 
 205      6E7400
 206              	.LASF8:
 207 0021 756E7369 		.ascii	"unsigned int\000"
 207      676E6564 
 207      20696E74 
 207      00
 208              	.LASF0:
 209 002e 7369676E 		.ascii	"signed char\000"
 209      65642063 
 209      68617200 
 210              	.LASF17:
 211 003a 2E5C6779 		.ascii	".\\gyro.c\000"
 211      726F2E63 
ARM GAS  C:\Users\dufma\AppData\Local\Temp\ccXPOgGy.s 			page 5


 211      00
 212              	.LASF5:
 213 0043 6C6F6E67 		.ascii	"long unsigned int\000"
 213      20756E73 
 213      69676E65 
 213      6420696E 
 213      7400
 214              	.LASF7:
 215 0055 6C6F6E67 		.ascii	"long long unsigned int\000"
 215      206C6F6E 
 215      6720756E 
 215      7369676E 
 215      65642069 
 216              	.LASF16:
 217 006c 474E5520 		.ascii	"GNU C 4.9.3 20150303 (release) [ARM/embedded-4_9-br"
 217      4320342E 
 217      392E3320 
 217      32303135 
 217      30333033 
 218 009f 616E6368 		.ascii	"anch revision 221220] -mcpu=cortex-m3 -mthumb -g -O"
 218      20726576 
 218      6973696F 
 218      6E203232 
 218      31323230 
 219 00d2 67202D66 		.ascii	"g -ffunction-sections -ffat-lto-objects\000"
 219      66756E63 
 219      74696F6E 
 219      2D736563 
 219      74696F6E 
 220              	.LASF1:
 221 00fa 756E7369 		.ascii	"unsigned char\000"
 221      676E6564 
 221      20636861 
 221      7200
 222              	.LASF13:
 223 0108 63686172 		.ascii	"char\000"
 223      00
 224              	.LASF4:
 225 010d 6C6F6E67 		.ascii	"long int\000"
 225      20696E74 
 225      00
 226              	.LASF12:
 227 0116 646F7562 		.ascii	"double\000"
 227      6C6500
 228              	.LASF19:
 229 011d 49544D5F 		.ascii	"ITM_RxBuffer\000"
 229      52784275 
 229      66666572 
 229      00
 230              	.LASF18:
 231 012a 433A5C55 		.ascii	"C:\\Users\\dufma\\Desktop\\Project\\Zumo-PSoC\\Zumo"
 231      73657273 
 231      5C647566 
 231      6D615C44 
 231      65736B74 
 232 0157 426F745F 		.ascii	"Bot_Lib_GyroAccel.cydsn\000"
 232      4C69625F 
ARM GAS  C:\Users\dufma\AppData\Local\Temp\ccXPOgGy.s 			page 6


 232      4779726F 
 232      41636365 
 232      6C2E6379 
 233              	.LASF15:
 234 016f 6C6F6E67 		.ascii	"long double\000"
 234      20646F75 
 234      626C6500 
 235              	.LASF9:
 236 017b 5F5F696E 		.ascii	"__int32_t\000"
 236      7433325F 
 236      7400
 237              	.LASF11:
 238 0185 666C6F61 		.ascii	"float\000"
 238      7400
 239              	.LASF2:
 240 018b 73686F72 		.ascii	"short int\000"
 240      7420696E 
 240      7400
 241              	.LASF10:
 242 0195 696E7433 		.ascii	"int32_t\000"
 242      325F7400 
 243              	.LASF14:
 244 019d 73697A65 		.ascii	"sizetype\000"
 244      74797065 
 244      00
 245              		.ident	"GCC: (GNU Tools for ARM Embedded Processors) 4.9.3 20150303 (release) [ARM/embedded-4_9-br
