ARM GAS  C:\Users\dufma\AppData\Local\Temp\cciM41Hc.s 			page 1


   1              		.syntax unified
   2              		.cpu cortex-m3
   3              		.fpu softvfp
   4              		.eabi_attribute 20, 1
   5              		.eabi_attribute 21, 1
   6              		.eabi_attribute 23, 3
   7              		.eabi_attribute 24, 1
   8              		.eabi_attribute 25, 1
   9              		.eabi_attribute 26, 1
  10              		.eabi_attribute 30, 1
  11              		.eabi_attribute 34, 1
  12              		.eabi_attribute 18, 4
  13              		.thumb
  14              		.file	"main.c"
  15              		.text
  16              	.Ltext0:
  17              		.cfi_sections	.debug_frame
  18              		.section	.text.main,"ax",%progbits
  19              		.align	2
  20              		.global	main
  21              		.thumb
  22              		.thumb_func
  23              		.type	main, %function
  24              	main:
  25              	.LFB63:
  26              		.file 1 ".\\main.c"
   1:.\main.c      **** /* ======== ================================
   2:.\main.c      ****  *
   3:.\main.c      ****  * Copyright YOUR COMPANY, THE YEAR
   4:.\main.c      ****  * All Rights Reserved
   5:.\main.c      ****  * UNPUBLISHED, LICENSED SOFTWARE.
   6:.\main.c      ****  *
   7:.\main.c      ****  * CONFIDENTIAL AND PROPRIETARY INFORMATION
   8:.\main.c      ****  * WHICH IS THE PROPERTY OF your company.
   9:.\main.c      ****  *
  10:.\main.c      ****  * ========================================
  11:.\main.c      **** */
  12:.\main.c      **** #include <project.h>
  13:.\main.c      **** #include <stdio.h>
  14:.\main.c      **** #include "Motor.h"
  15:.\main.c      **** #include "Ultra.h"
  16:.\main.c      **** #include "nunchuk.h"
  17:.\main.c      **** #include "Reflectance.h"
  18:.\main.c      **** #include "I2C_made.h"
  19:.\main.c      **** #include "gyro.h"
  20:.\main.c      **** #include "accel_magnet.h"
  21:.\main.c      **** 
  22:.\main.c      **** int rread(void);
  23:.\main.c      **** 
  24:.\main.c      **** int main()
  25:.\main.c      **** {
  27              		.loc 1 25 0
  28              		.cfi_startproc
  29              		@ args = 0, pretend = 0, frame = 0
  30              		@ frame_needed = 0, uses_anonymous_args = 0
  31 0000 10B5     		push	{r4, lr}
  32              		.cfi_def_cfa_offset 8
ARM GAS  C:\Users\dufma\AppData\Local\Temp\cciM41Hc.s 			page 2


  33              		.cfi_offset 4, -8
  34              		.cfi_offset 14, -4
  26:.\main.c      ****     CyGlobalIntEnable; 
  35              		.loc 1 26 0
  36              	@ 26 ".\main.c" 1
  37 0002 62B6     		CPSIE   i
  38              	@ 0 "" 2
  27:.\main.c      ****     UART_Start();
  39              		.loc 1 27 0
  40              		.thumb
  41 0004 FFF7FEFF 		bl	UART_Start
  42              	.LVL0:
  28:.\main.c      ****     printf("Start\r\n");
  43              		.loc 1 28 0
  44 0008 0D48     		ldr	r0, .L4
  45 000a FFF7FEFF 		bl	puts
  46              	.LVL1:
  29:.\main.c      ****     
  30:.\main.c      ****     
  31:.\main.c      ****  
  32:.\main.c      ****         
  33:.\main.c      **** 
  34:.\main.c      ****     I2C_Start();
  47              		.loc 1 34 0
  48 000e FFF7FEFF 		bl	I2C_Start
  49              	.LVL2:
  50              	.L2:
  51              	.LBB2:
  35:.\main.c      ****     for(;;)
  36:.\main.c      ****     {
  37:.\main.c      ****         uint16 value =0;
  38:.\main.c      ****        value = I2C_read(0x39,0xA0);
  52              		.loc 1 38 0 discriminator 1
  53 0012 3920     		movs	r0, #57
  54 0014 A021     		movs	r1, #160
  55 0016 FFF7FEFF 		bl	I2C_read
  56              	.LVL3:
  57 001a 0146     		mov	r1, r0
  58              	.LVL4:
  39:.\main.c      ****         printf("%d\r\n",value);
  59              		.loc 1 39 0 discriminator 1
  60 001c 094C     		ldr	r4, .L4+4
  61 001e 2046     		mov	r0, r4
  62 0020 FFF7FEFF 		bl	printf
  63              	.LVL5:
  40:.\main.c      ****         
  41:.\main.c      ****         I2C_write(0x39,0xA0,0x03);
  64              		.loc 1 41 0 discriminator 1
  65 0024 3920     		movs	r0, #57
  66 0026 A021     		movs	r1, #160
  67 0028 0322     		movs	r2, #3
  68 002a FFF7FEFF 		bl	I2C_write
  69              	.LVL6:
  42:.\main.c      ****         
  43:.\main.c      ****         value = I2C_read(0x39,0xA0);
  70              		.loc 1 43 0 discriminator 1
  71 002e 3920     		movs	r0, #57
ARM GAS  C:\Users\dufma\AppData\Local\Temp\cciM41Hc.s 			page 3


  72 0030 A021     		movs	r1, #160
  73 0032 FFF7FEFF 		bl	I2C_read
  74              	.LVL7:
  75 0036 0146     		mov	r1, r0
  76              	.LVL8:
  44:.\main.c      ****         printf("%d\r\n",value);
  77              		.loc 1 44 0 discriminator 1
  78 0038 2046     		mov	r0, r4
  79 003a FFF7FEFF 		bl	printf
  80              	.LVL9:
  81              	.LBE2:
  45:.\main.c      ****        
  46:.\main.c      ****         
  47:.\main.c      ****        
  48:.\main.c      ****         
  49:.\main.c      ****     }
  82              		.loc 1 49 0 discriminator 1
  83 003e E8E7     		b	.L2
  84              	.L5:
  85              		.align	2
  86              	.L4:
  87 0040 00000000 		.word	.LC0
  88 0044 08000000 		.word	.LC1
  89              		.cfi_endproc
  90              	.LFE63:
  91              		.size	main, .-main
  92              		.section	.text.convert_raw,"ax",%progbits
  93              		.align	2
  94              		.global	convert_raw
  95              		.thumb
  96              		.thumb_func
  97              		.type	convert_raw, %function
  98              	convert_raw:
  99              	.LFB64:
  50:.\main.c      ****  
  51:.\main.c      ****     
  52:.\main.c      ****     /* //accelerometer//
  53:.\main.c      ****     //--------------------------------------------------------------
  54:.\main.c      ****     I2C_Start();
  55:.\main.c      ****   
  56:.\main.c      ****     uint8 X_L_A, X_H_A, Y_L_A, Y_H_A, Z_L_A, Z_H_A;
  57:.\main.c      ****     int16 X_AXIS, Y_AXIS, Z_AXIS;
  58:.\main.c      ****     
  59:.\main.c      ****     I2C_write(ACCEL_MAG_ADDR, ACCEL_CTRL1_REG, 0x37);           // set accelerometer & magnetometer
  60:.\main.c      ****     I2C_write(ACCEL_MAG_ADDR, ACCEL_CTRL7_REG, 0x22);
  61:.\main.c      ****     
  62:.\main.c      ****     
  63:.\main.c      ****     for(;;)
  64:.\main.c      ****     {
  65:.\main.c      ****         //print out accelerometer output
  66:.\main.c      ****         X_L_A = I2C_read(ACCEL_MAG_ADDR, OUT_X_L_A);
  67:.\main.c      ****         X_H_A = I2C_read(ACCEL_MAG_ADDR, OUT_X_H_A);
  68:.\main.c      ****         X_AXIS = convert_raw(X_L_A, X_H_A);
  69:.\main.c      ****         
  70:.\main.c      ****         Y_L_A = I2C_read(ACCEL_MAG_ADDR, OUT_Y_L_A);
  71:.\main.c      ****         Y_H_A = I2C_read(ACCEL_MAG_ADDR, OUT_Y_H_A);
  72:.\main.c      ****         Y_AXIS = convert_raw(Y_L_A, Y_H_A);
ARM GAS  C:\Users\dufma\AppData\Local\Temp\cciM41Hc.s 			page 4


  73:.\main.c      ****         
  74:.\main.c      ****         Z_L_A = I2C_read(ACCEL_MAG_ADDR, OUT_Z_L_A);
  75:.\main.c      ****         Z_H_A = I2C_read(ACCEL_MAG_ADDR, OUT_Z_H_A);
  76:.\main.c      ****         Z_AXIS = convert_raw(Z_L_A, Z_H_A);
  77:.\main.c      ****         
  78:.\main.c      ****         printf("ACCEL: %d %d %d %d %d %d \r\n", X_L_A, X_H_A, Y_L_A, Y_H_A, Z_L_A, Z_H_A);
  79:.\main.c      ****         value_convert_accel(X_AXIS, Y_AXIS, Z_AXIS);
  80:.\main.c      ****         printf("\n");
  81:.\main.c      ****         
  82:.\main.c      ****         CyDelay(50);
  83:.\main.c      ****     }
  84:.\main.c      ****     ///---------------------------------------------------------- */
  85:.\main.c      ****     
  86:.\main.c      ****     /*  //nunchuk//
  87:.\main.c      ****     ----------------------------------------------------
  88:.\main.c      ****     nunchuk_start();
  89:.\main.c      ****     nunchuk_init();
  90:.\main.c      ****     
  91:.\main.c      ****     for(;;)
  92:.\main.c      ****     {    
  93:.\main.c      ****         nunchuk_read();
  94:.\main.c      ****     }
  95:.\main.c      ****     //----------------------------------------------------*/
  96:.\main.c      ****     
  97:.\main.c      ****     
  98:.\main.c      ****      /* //ultra//
  99:.\main.c      ****     ----------------------------------------------------
 100:.\main.c      ****     ultra_isr_StartEx(ultra_isr_handler);   // Ultra Sonic Interrupt
 101:.\main.c      ****     Ultra_Start();                          // Ultra Sonic Start function
 102:.\main.c      ****    
 103:.\main.c      ****     for(;;)
 104:.\main.c      ****     {       
 105:.\main.c      ****         CyDelay(100); 
 106:.\main.c      ****         Trig_Write(1);           // Trigger High
 107:.\main.c      ****         CyDelayUs(10);              // 10 micro seconds for trigger input signals
 108:.\main.c      ****         Trig_Write(0);           // Trigger Low
 109:.\main.c      ****     }
 110:.\main.c      ****     //----------------------------------------------------*/
 111:.\main.c      ****     
 112:.\main.c      ****     
 113:.\main.c      ****     
 114:.\main.c      ****     /* //reflectance//
 115:.\main.c      ****     ----------------------------------------------------
 116:.\main.c      ****     sensor_isr_StartEx(sensor_isr_handler);
 117:.\main.c      ****     
 118:.\main.c      ****     Refelctance_Start();
 119:.\main.c      **** 
 120:.\main.c      ****     IR_led_Write(1);
 121:.\main.c      ****     for(;;)
 122:.\main.c      ****     {
 123:.\main.c      ****         reflectance_period();      //print out each period of reflectance sensors
 124:.\main.c      ****         reflectance_digital();      //print out 0 or 1 according to results of reflectance period
 125:.\main.c      ****         
 126:.\main.c      ****         CyDelay(500);
 127:.\main.c      ****     }
 128:.\main.c      ****     ///----------------------------------------------------*/
 129:.\main.c      ****    
ARM GAS  C:\Users\dufma\AppData\Local\Temp\cciM41Hc.s 			page 5


 130:.\main.c      ****     
 131:.\main.c      ****      /* //motor//
 132:.\main.c      ****     ----------------------------------------------------
 133:.\main.c      ****     motor_Start();              // motor start
 134:.\main.c      **** 
 135:.\main.c      ****     motor_forward(50,2000);     // moving forward
 136:.\main.c      ****     motor_turn(10,50,2000);     // turn
 137:.\main.c      ****     motor_turn(50,10,2000);     // turn
 138:.\main.c      ****     motor_backward(50,2000);    // movinb backward
 139:.\main.c      ****        
 140:.\main.c      ****     motor_Stop();               // motor stop
 141:.\main.c      ****     
 142:.\main.c      ****     for(;;)
 143:.\main.c      ****     {
 144:.\main.c      **** 
 145:.\main.c      ****     }
 146:.\main.c      ****     ///----------------------------------------------------*/
 147:.\main.c      ****     
 148:.\main.c      ****     
 149:.\main.c      ****    /* //gyroscope//
 150:.\main.c      ****      //-----------------------------------------------------
 151:.\main.c      ****     I2C_Start();
 152:.\main.c      ****   
 153:.\main.c      ****     uint8 X_AXIS_L, X_AXIS_H, Y_AXIS_L, Y_AXIS_H, Z_AXIS_L, Z_AXIS_H;
 154:.\main.c      ****     //uint8 X_L_M, X_H_M, Y_L_M, Y_H_M, Z_L_M, Z_H_M;
 155:.\main.c      ****     //uint8 X_L_A, X_H_A, Y_L_A, Y_H_A, Z_L_A, Z_H_A;
 156:.\main.c      ****     int16 X_AXIS, Y_AXIS, Z_AXIS;
 157:.\main.c      ****     
 158:.\main.c      ****     I2C_write(GYRO_ADDR, GYRO_CTRL1_REG, 0x0F);             // set gyroscope into active mode
 159:.\main.c      ****     I2C_write(GYRO_ADDR, GYRO_CTRL4_REG, 0x30);             // set full scale selection to 2000dps 
 160:.\main.c      ****     
 161:.\main.c      ****     for(;;)
 162:.\main.c      ****     {
 163:.\main.c      ****         //print out gyroscope output
 164:.\main.c      ****         X_AXIS_L = I2C_read(GYRO_ADDR, OUT_X_AXIS_L);
 165:.\main.c      ****         X_AXIS_H = I2C_read(GYRO_ADDR, OUT_X_AXIS_H);
 166:.\main.c      ****         X_AXIS = convert_raw(X_AXIS_H, X_AXIS_L);
 167:.\main.c      ****         
 168:.\main.c      ****         
 169:.\main.c      ****         Y_AXIS_L = I2C_read(GYRO_ADDR, OUT_Y_AXIS_L);
 170:.\main.c      ****         Y_AXIS_H = I2C_read(GYRO_ADDR, OUT_Y_AXIS_H);
 171:.\main.c      ****         Y_AXIS = convert_raw(Y_AXIS_H, Y_AXIS_L);
 172:.\main.c      ****         
 173:.\main.c      ****         
 174:.\main.c      ****         Z_AXIS_L = I2C_read(GYRO_ADDR, OUT_Z_AXIS_L);
 175:.\main.c      ****         Z_AXIS_H = I2C_read(GYRO_ADDR, OUT_Z_AXIS_H);
 176:.\main.c      ****         Z_AXIS = convert_raw(Z_AXIS_H, Z_AXIS_L);
 177:.\main.c      ****         
 178:.\main.c      ****         
 179:.\main.c      ****         //printf("X_AXIS_L: %d, X_AXIS_H: %d, average: %d \r\n", X_AXIS_L, X_AXIS_H, (X_AXIS_H+X_AX
 180:.\main.c      ****         //printf("Y_AXIS_L: %d, Y_AXIS_H: %d, average: %d \r\n", Y_AXIS_L, Y_AXIS_H, (Y_AXIS_H+Y_AX
 181:.\main.c      ****         //printf("Z_AXIS_L: %d, Z_AXIS_H: %d, average: %d \r\n", Z_AXIS_L, Z_AXIS_H, (Z_AXIS_H+Z_AX
 182:.\main.c      ****         
 183:.\main.c      ****         printf("H L : %d %d %d %d %d %d \r\n", X_AXIS_L, X_AXIS_H, Y_AXIS_L, Y_AXIS_H, Z_AXIS_L, Z_
 184:.\main.c      ****         printf("%d %d %d \r\n", X_AXIS, Y_AXIS, Z_AXIS);
 185:.\main.c      ****         //printf("%d %d %d \r\n", value_convert_gyro(X_AXIS), value_convert_gyro(Y_AXIS), value_con
 186:.\main.c      ****         
ARM GAS  C:\Users\dufma\AppData\Local\Temp\cciM41Hc.s 			page 6


 187:.\main.c      ****        CyDelay(50);
 188:.\main.c      ****     }
 189:.\main.c      ****     ///-----------------------------------------------------------------*/ 
 190:.\main.c      ****    
 191:.\main.c      ****   
 192:.\main.c      ****     
 193:.\main.c      ****     /* //magnetometer//
 194:.\main.c      ****      //--------------------------------------------------------------
 195:.\main.c      ****     I2C_Start();
 196:.\main.c      ****    
 197:.\main.c      ****     uint8 X_L_M, X_H_M, Y_L_M, Y_H_M, Z_L_M, Z_H_M;
 198:.\main.c      ****     int16 X_AXIS, Y_AXIS, Z_AXIS;
 199:.\main.c      ****     
 200:.\main.c      ****     I2C_write(GYRO_ADDR, GYRO_CTRL1_REG, 0x0F);             // set gyroscope into active mode
 201:.\main.c      ****     I2C_write(GYRO_ADDR, GYRO_CTRL4_REG, 0x30);             // set full scale selection to 2000dps
 202:.\main.c      ****     I2C_write(ACCEL_MAG_ADDR, ACCEL_CTRL1_REG, 0x37);           // set accelerometer & magnetometer
 203:.\main.c      ****     I2C_write(ACCEL_MAG_ADDR, ACCEL_CTRL7_REG, 0x22);
 204:.\main.c      ****     
 205:.\main.c      ****     
 206:.\main.c      ****     for(;;)
 207:.\main.c      ****     {
 208:.\main.c      ****         X_L_M = I2C_read(ACCEL_MAG_ADDR, OUT_X_L_M);
 209:.\main.c      ****         X_H_M = I2C_read(ACCEL_MAG_ADDR, OUT_X_H_M);
 210:.\main.c      ****         X_AXIS = convert_raw(X_L_M, X_H_M);
 211:.\main.c      ****         
 212:.\main.c      ****         Y_L_M = I2C_read(ACCEL_MAG_ADDR, OUT_Y_L_M);
 213:.\main.c      ****         Y_H_M = I2C_read(ACCEL_MAG_ADDR, OUT_Y_H_M);
 214:.\main.c      ****         Y_AXIS = convert_raw(Y_L_M, Y_H_M);
 215:.\main.c      ****         
 216:.\main.c      ****         Z_L_M = I2C_read(ACCEL_MAG_ADDR, OUT_Z_L_M);
 217:.\main.c      ****         Z_H_M = I2C_read(ACCEL_MAG_ADDR, OUT_Z_H_M);
 218:.\main.c      ****         Z_AXIS = convert_raw(Z_L_M, Z_H_M);
 219:.\main.c      ****         
 220:.\main.c      ****         heading(X_AXIS, Y_AXIS);
 221:.\main.c      ****         printf("MAGNET: %d %d %d %d %d %d \r\n", X_L_M, X_H_M, Y_L_M, Y_H_M, Z_L_M, Z_H_M);
 222:.\main.c      ****         printf("%d %d %d \r\n", X_AXIS,Y_AXIS, Z_AXIS);
 223:.\main.c      ****         CyDelay(50);
 224:.\main.c      ****           
 225:.\main.c      ****     }
 226:.\main.c      ****     ///----------------------------------------------------------*/
 227:.\main.c      **** }
 228:.\main.c      **** 
 229:.\main.c      **** uint16 convert_raw(uint8 L, uint8 H)            // concatenation
 230:.\main.c      **** {
 100              		.loc 1 230 0
 101              		.cfi_startproc
 102              		@ args = 0, pretend = 0, frame = 0
 103              		@ frame_needed = 0, uses_anonymous_args = 0
 104              		@ link register save eliminated.
 105              	.LVL10:
 231:.\main.c      ****     uint16 raw;
 232:.\main.c      ****     raw = (int16)(L | H << 8);
 233:.\main.c      ****     
 234:.\main.c      ****     return raw;
 235:.\main.c      **** }
 106              		.loc 1 235 0
 107 0000 40EA0120 		orr	r0, r0, r1, lsl #8
ARM GAS  C:\Users\dufma\AppData\Local\Temp\cciM41Hc.s 			page 7


 108              	.LVL11:
 109 0004 7047     		bx	lr
 110              		.cfi_endproc
 111              	.LFE64:
 112              		.size	convert_raw, .-convert_raw
 113 0006 00BF     		.section	.text._write,"ax",%progbits
 114              		.align	2
 115              		.global	_write
 116              		.thumb
 117              		.thumb_func
 118              		.type	_write, %function
 119              	_write:
 120              	.LFB65:
 236:.\main.c      **** 
 237:.\main.c      **** 
 238:.\main.c      **** #if 0
 239:.\main.c      **** int rread(void)
 240:.\main.c      **** {
 241:.\main.c      ****     SC0_SetDriveMode(PIN_DM_STRONG);
 242:.\main.c      ****     SC0_Write(1);
 243:.\main.c      ****     CyDelayUs(10);
 244:.\main.c      ****     SC0_SetDriveMode(PIN_DM_DIG_HIZ);
 245:.\main.c      ****     Timer_1_Start();
 246:.\main.c      ****     uint16_t start = Timer_1_ReadCounter();
 247:.\main.c      ****     uint16_t end = 0;
 248:.\main.c      ****     while(!(Timer_1_ReadStatusRegister() & Timer_1_STATUS_TC)) {
 249:.\main.c      ****         if(SC0_Read() == 0 && end == 0) {
 250:.\main.c      ****             end = Timer_1_ReadCounter();
 251:.\main.c      ****         }
 252:.\main.c      ****     }
 253:.\main.c      ****     Timer_1_Stop();
 254:.\main.c      ****     
 255:.\main.c      ****     return (start - end);
 256:.\main.c      **** }
 257:.\main.c      **** #endif
 258:.\main.c      **** 
 259:.\main.c      **** int _write(int file, char *ptr, int len)
 260:.\main.c      **** {
 121              		.loc 1 260 0
 122              		.cfi_startproc
 123              		@ args = 0, pretend = 0, frame = 0
 124              		@ frame_needed = 0, uses_anonymous_args = 0
 125              	.LVL12:
 126 0000 70B5     		push	{r4, r5, r6, lr}
 127              		.cfi_def_cfa_offset 16
 128              		.cfi_offset 4, -16
 129              		.cfi_offset 5, -12
 130              		.cfi_offset 6, -8
 131              		.cfi_offset 14, -4
 132 0002 1646     		mov	r6, r2
 133              	.LVL13:
 261:.\main.c      ****     (void) file;
 262:.\main.c      **** 	int n;
 263:.\main.c      **** 	for(n = 0; n < len; n++) {
 134              		.loc 1 263 0
 135 0004 0024     		movs	r4, #0
 136 0006 05E0     		b	.L8
ARM GAS  C:\Users\dufma\AppData\Local\Temp\cciM41Hc.s 			page 8


 137              	.LVL14:
 138              	.L9:
 264:.\main.c      **** 		UART_PutChar(*ptr++);
 139              		.loc 1 264 0 discriminator 3
 140 0008 4D1C     		adds	r5, r1, #1
 141              	.LVL15:
 142 000a 0878     		ldrb	r0, [r1]	@ zero_extendqisi2
 143 000c FFF7FEFF 		bl	UART_PutChar
 144              	.LVL16:
 263:.\main.c      **** 		UART_PutChar(*ptr++);
 145              		.loc 1 263 0 discriminator 3
 146 0010 0134     		adds	r4, r4, #1
 147              	.LVL17:
 148              		.loc 1 264 0 discriminator 3
 149 0012 2946     		mov	r1, r5
 150              	.LVL18:
 151              	.L8:
 263:.\main.c      **** 		UART_PutChar(*ptr++);
 152              		.loc 1 263 0 discriminator 1
 153 0014 B442     		cmp	r4, r6
 154 0016 F7DB     		blt	.L9
 265:.\main.c      **** 	}
 266:.\main.c      **** 	return len;
 267:.\main.c      **** }
 155              		.loc 1 267 0
 156 0018 3046     		mov	r0, r6
 157 001a 70BD     		pop	{r4, r5, r6, pc}
 158              		.cfi_endproc
 159              	.LFE65:
 160              		.size	_write, .-_write
 161              		.comm	digital_sensor_value,8,4
 162              		.comm	sensors,8,4
 163              		.section	.rodata.str1.4,"aMS",%progbits,1
 164              		.align	2
 165              	.LC0:
 166 0000 53746172 		.ascii	"Start\015\000"
 166      740D00
 167 0007 00       		.space	1
 168              	.LC1:
 169 0008 25640D0A 		.ascii	"%d\015\012\000"
 169      00
 170 000d 000000   		.text
 171              	.Letext0:
 172              		.file 2 "c:\\program files (x86)\\cypress\\psoc creator\\3.3\\psoc creator\\import\\gnu\\arm\\4.9.
 173              		.file 3 "c:\\program files (x86)\\cypress\\psoc creator\\3.3\\psoc creator\\import\\gnu\\arm\\4.9.
 174              		.file 4 "Generated_Source\\PSoC5/cytypes.h"
 175              		.file 5 ".\\Reflectance.h"
 176              		.file 6 "Generated_Source\\PSoC5/core_cm3.h"
 177              		.file 7 ".\\I2C_made.h"
 178              		.file 8 "c:\\program files (x86)\\cypress\\psoc creator\\3.3\\psoc creator\\import\\gnu\\arm\\4.9.
 179              		.file 9 "Generated_Source\\PSoC5/UART.h"
 180              		.file 10 "Generated_Source\\PSoC5/I2C.h"
 181              		.file 11 "<built-in>"
 182              		.section	.debug_info,"",%progbits
 183              	.Ldebug_info0:
 184 0000 8D030000 		.4byte	0x38d
 185 0004 0400     		.2byte	0x4
ARM GAS  C:\Users\dufma\AppData\Local\Temp\cciM41Hc.s 			page 9


 186 0006 00000000 		.4byte	.Ldebug_abbrev0
 187 000a 04       		.byte	0x4
 188 000b 01       		.uleb128 0x1
 189 000c 23010000 		.4byte	.LASF33
 190 0010 01       		.byte	0x1
 191 0011 78000000 		.4byte	.LASF34
 192 0015 BA000000 		.4byte	.LASF35
 193 0019 00000000 		.4byte	.Ldebug_ranges0+0
 194 001d 00000000 		.4byte	0
 195 0021 00000000 		.4byte	.Ldebug_line0
 196 0025 02       		.uleb128 0x2
 197 0026 01       		.byte	0x1
 198 0027 06       		.byte	0x6
 199 0028 4B020000 		.4byte	.LASF0
 200 002c 02       		.uleb128 0x2
 201 002d 01       		.byte	0x1
 202 002e 08       		.byte	0x8
 203 002f 6A000000 		.4byte	.LASF1
 204 0033 02       		.uleb128 0x2
 205 0034 02       		.byte	0x2
 206 0035 05       		.byte	0x5
 207 0036 45000000 		.4byte	.LASF2
 208 003a 03       		.uleb128 0x3
 209 003b 0A010000 		.4byte	.LASF4
 210 003f 02       		.byte	0x2
 211 0040 2B       		.byte	0x2b
 212 0041 45000000 		.4byte	0x45
 213 0045 02       		.uleb128 0x2
 214 0046 02       		.byte	0x2
 215 0047 07       		.byte	0x7
 216 0048 13000000 		.4byte	.LASF3
 217 004c 03       		.uleb128 0x3
 218 004d 09000000 		.4byte	.LASF5
 219 0051 02       		.byte	0x2
 220 0052 3F       		.byte	0x3f
 221 0053 57000000 		.4byte	0x57
 222 0057 02       		.uleb128 0x2
 223 0058 04       		.byte	0x4
 224 0059 05       		.byte	0x5
 225 005a 3D020000 		.4byte	.LASF6
 226 005e 02       		.uleb128 0x2
 227 005f 04       		.byte	0x4
 228 0060 07       		.byte	0x7
 229 0061 87000000 		.4byte	.LASF7
 230 0065 02       		.uleb128 0x2
 231 0066 08       		.byte	0x8
 232 0067 05       		.byte	0x5
 233 0068 0B020000 		.4byte	.LASF8
 234 006c 02       		.uleb128 0x2
 235 006d 08       		.byte	0x8
 236 006e 07       		.byte	0x7
 237 006f BE010000 		.4byte	.LASF9
 238 0073 04       		.uleb128 0x4
 239 0074 04       		.byte	0x4
 240 0075 05       		.byte	0x5
 241 0076 696E7400 		.ascii	"int\000"
 242 007a 02       		.uleb128 0x2
ARM GAS  C:\Users\dufma\AppData\Local\Temp\cciM41Hc.s 			page 10


 243 007b 04       		.byte	0x4
 244 007c 07       		.byte	0x7
 245 007d B1010000 		.4byte	.LASF10
 246 0081 03       		.uleb128 0x3
 247 0082 34020000 		.4byte	.LASF11
 248 0086 03       		.byte	0x3
 249 0087 21       		.byte	0x21
 250 0088 3A000000 		.4byte	0x3a
 251 008c 03       		.uleb128 0x3
 252 008d ED010000 		.4byte	.LASF12
 253 0091 03       		.byte	0x3
 254 0092 2C       		.byte	0x2c
 255 0093 4C000000 		.4byte	0x4c
 256 0097 05       		.uleb128 0x5
 257 0098 4F000000 		.4byte	.LASF13
 258 009c 04       		.byte	0x4
 259 009d 3801     		.2byte	0x138
 260 009f 2C000000 		.4byte	0x2c
 261 00a3 05       		.uleb128 0x5
 262 00a4 1C010000 		.4byte	.LASF14
 263 00a8 04       		.byte	0x4
 264 00a9 3901     		.2byte	0x139
 265 00ab 45000000 		.4byte	0x45
 266 00af 05       		.uleb128 0x5
 267 00b0 81000000 		.4byte	.LASF15
 268 00b4 04       		.byte	0x4
 269 00b5 3C01     		.2byte	0x13c
 270 00b7 33000000 		.4byte	0x33
 271 00bb 02       		.uleb128 0x2
 272 00bc 04       		.byte	0x4
 273 00bd 04       		.byte	0x4
 274 00be 5F000000 		.4byte	.LASF16
 275 00c2 02       		.uleb128 0x2
 276 00c3 08       		.byte	0x8
 277 00c4 04       		.byte	0x4
 278 00c5 15010000 		.4byte	.LASF17
 279 00c9 02       		.uleb128 0x2
 280 00ca 01       		.byte	0x1
 281 00cb 08       		.byte	0x8
 282 00cc 19020000 		.4byte	.LASF18
 283 00d0 02       		.uleb128 0x2
 284 00d1 04       		.byte	0x4
 285 00d2 07       		.byte	0x7
 286 00d3 02020000 		.4byte	.LASF19
 287 00d7 06       		.uleb128 0x6
 288 00d8 04       		.byte	0x4
 289 00d9 C9000000 		.4byte	0xc9
 290 00dd 06       		.uleb128 0x6
 291 00de 04       		.byte	0x4
 292 00df E3000000 		.4byte	0xe3
 293 00e3 07       		.uleb128 0x7
 294 00e4 C9000000 		.4byte	0xc9
 295 00e8 08       		.uleb128 0x8
 296 00e9 00000000 		.4byte	.LASF20
 297 00ed 08       		.byte	0x8
 298 00ee 05       		.byte	0x5
 299 00ef 10       		.byte	0x10
ARM GAS  C:\Users\dufma\AppData\Local\Temp\cciM41Hc.s 			page 11


 300 00f0 21010000 		.4byte	0x121
 301 00f4 09       		.uleb128 0x9
 302 00f5 6C6C00   		.ascii	"ll\000"
 303 00f8 05       		.byte	0x5
 304 00f9 11       		.byte	0x11
 305 00fa 81000000 		.4byte	0x81
 306 00fe 00       		.byte	0
 307 00ff 09       		.uleb128 0x9
 308 0100 6C7200   		.ascii	"lr\000"
 309 0103 05       		.byte	0x5
 310 0104 13       		.byte	0x13
 311 0105 81000000 		.4byte	0x81
 312 0109 02       		.byte	0x2
 313 010a 09       		.uleb128 0x9
 314 010b 726C00   		.ascii	"rl\000"
 315 010e 05       		.byte	0x5
 316 010f 14       		.byte	0x14
 317 0110 81000000 		.4byte	0x81
 318 0114 04       		.byte	0x4
 319 0115 09       		.uleb128 0x9
 320 0116 727200   		.ascii	"rr\000"
 321 0119 05       		.byte	0x5
 322 011a 16       		.byte	0x16
 323 011b 81000000 		.4byte	0x81
 324 011f 06       		.byte	0x6
 325 0120 00       		.byte	0
 326 0121 08       		.uleb128 0x8
 327 0122 99000000 		.4byte	.LASF21
 328 0126 08       		.byte	0x8
 329 0127 05       		.byte	0x5
 330 0128 19       		.byte	0x19
 331 0129 5A010000 		.4byte	0x15a
 332 012d 09       		.uleb128 0x9
 333 012e 6C6C00   		.ascii	"ll\000"
 334 0131 05       		.byte	0x5
 335 0132 1A       		.byte	0x1a
 336 0133 81000000 		.4byte	0x81
 337 0137 00       		.byte	0
 338 0138 09       		.uleb128 0x9
 339 0139 6C7200   		.ascii	"lr\000"
 340 013c 05       		.byte	0x5
 341 013d 1C       		.byte	0x1c
 342 013e 81000000 		.4byte	0x81
 343 0142 02       		.byte	0x2
 344 0143 09       		.uleb128 0x9
 345 0144 726C00   		.ascii	"rl\000"
 346 0147 05       		.byte	0x5
 347 0148 1D       		.byte	0x1d
 348 0149 81000000 		.4byte	0x81
 349 014d 04       		.byte	0x4
 350 014e 09       		.uleb128 0x9
 351 014f 727200   		.ascii	"rr\000"
 352 0152 05       		.byte	0x5
 353 0153 1F       		.byte	0x1f
 354 0154 81000000 		.4byte	0x81
 355 0158 06       		.byte	0x6
 356 0159 00       		.byte	0
ARM GAS  C:\Users\dufma\AppData\Local\Temp\cciM41Hc.s 			page 12


 357 015a 0A       		.uleb128 0xa
 358 015b E8010000 		.4byte	.LASF36
 359 015f 01       		.byte	0x1
 360 0160 18       		.byte	0x18
 361 0161 73000000 		.4byte	0x73
 362 0165 00000000 		.4byte	.LFB63
 363 0169 48000000 		.4byte	.LFE63-.LFB63
 364 016d 01       		.uleb128 0x1
 365 016e 9C       		.byte	0x9c
 366 016f 31020000 		.4byte	0x231
 367 0173 0B       		.uleb128 0xb
 368 0174 12000000 		.4byte	.LBB2
 369 0178 2C000000 		.4byte	.LBE2-.LBB2
 370 017c 07020000 		.4byte	0x207
 371 0180 0C       		.uleb128 0xc
 372 0181 1E020000 		.4byte	.LASF22
 373 0185 01       		.byte	0x1
 374 0186 25       		.byte	0x25
 375 0187 A3000000 		.4byte	0xa3
 376 018b 00000000 		.4byte	.LLST0
 377 018f 0D       		.uleb128 0xd
 378 0190 1A000000 		.4byte	.LVL3
 379 0194 11030000 		.4byte	0x311
 380 0198 A9010000 		.4byte	0x1a9
 381 019c 0E       		.uleb128 0xe
 382 019d 01       		.uleb128 0x1
 383 019e 51       		.byte	0x51
 384 019f 02       		.uleb128 0x2
 385 01a0 09       		.byte	0x9
 386 01a1 A0       		.byte	0xa0
 387 01a2 0E       		.uleb128 0xe
 388 01a3 01       		.uleb128 0x1
 389 01a4 50       		.byte	0x50
 390 01a5 02       		.uleb128 0x2
 391 01a6 08       		.byte	0x8
 392 01a7 39       		.byte	0x39
 393 01a8 00       		.byte	0
 394 01a9 0D       		.uleb128 0xd
 395 01aa 24000000 		.4byte	.LVL5
 396 01ae 2B030000 		.4byte	0x32b
 397 01b2 BD010000 		.4byte	0x1bd
 398 01b6 0E       		.uleb128 0xe
 399 01b7 01       		.uleb128 0x1
 400 01b8 50       		.byte	0x50
 401 01b9 02       		.uleb128 0x2
 402 01ba 74       		.byte	0x74
 403 01bb 00       		.sleb128 0
 404 01bc 00       		.byte	0
 405 01bd 0D       		.uleb128 0xd
 406 01be 2E000000 		.4byte	.LVL6
 407 01c2 41030000 		.4byte	0x341
 408 01c6 DC010000 		.4byte	0x1dc
 409 01ca 0E       		.uleb128 0xe
 410 01cb 01       		.uleb128 0x1
 411 01cc 52       		.byte	0x52
 412 01cd 01       		.uleb128 0x1
 413 01ce 33       		.byte	0x33
ARM GAS  C:\Users\dufma\AppData\Local\Temp\cciM41Hc.s 			page 13


 414 01cf 0E       		.uleb128 0xe
 415 01d0 01       		.uleb128 0x1
 416 01d1 51       		.byte	0x51
 417 01d2 02       		.uleb128 0x2
 418 01d3 09       		.byte	0x9
 419 01d4 A0       		.byte	0xa0
 420 01d5 0E       		.uleb128 0xe
 421 01d6 01       		.uleb128 0x1
 422 01d7 50       		.byte	0x50
 423 01d8 02       		.uleb128 0x2
 424 01d9 08       		.byte	0x8
 425 01da 39       		.byte	0x39
 426 01db 00       		.byte	0
 427 01dc 0D       		.uleb128 0xd
 428 01dd 36000000 		.4byte	.LVL7
 429 01e1 11030000 		.4byte	0x311
 430 01e5 F6010000 		.4byte	0x1f6
 431 01e9 0E       		.uleb128 0xe
 432 01ea 01       		.uleb128 0x1
 433 01eb 51       		.byte	0x51
 434 01ec 02       		.uleb128 0x2
 435 01ed 09       		.byte	0x9
 436 01ee A0       		.byte	0xa0
 437 01ef 0E       		.uleb128 0xe
 438 01f0 01       		.uleb128 0x1
 439 01f1 50       		.byte	0x50
 440 01f2 02       		.uleb128 0x2
 441 01f3 08       		.byte	0x8
 442 01f4 39       		.byte	0x39
 443 01f5 00       		.byte	0
 444 01f6 0F       		.uleb128 0xf
 445 01f7 3E000000 		.4byte	.LVL9
 446 01fb 2B030000 		.4byte	0x32b
 447 01ff 0E       		.uleb128 0xe
 448 0200 01       		.uleb128 0x1
 449 0201 50       		.byte	0x50
 450 0202 02       		.uleb128 0x2
 451 0203 74       		.byte	0x74
 452 0204 00       		.sleb128 0
 453 0205 00       		.byte	0
 454 0206 00       		.byte	0
 455 0207 10       		.uleb128 0x10
 456 0208 08000000 		.4byte	.LVL0
 457 020c 5C030000 		.4byte	0x35c
 458 0210 0D       		.uleb128 0xd
 459 0211 0E000000 		.4byte	.LVL1
 460 0215 63030000 		.4byte	0x363
 461 0219 27020000 		.4byte	0x227
 462 021d 0E       		.uleb128 0xe
 463 021e 01       		.uleb128 0x1
 464 021f 50       		.byte	0x50
 465 0220 05       		.uleb128 0x5
 466 0221 03       		.byte	0x3
 467 0222 00000000 		.4byte	.LC0
 468 0226 00       		.byte	0
 469 0227 10       		.uleb128 0x10
 470 0228 12000000 		.4byte	.LVL2
ARM GAS  C:\Users\dufma\AppData\Local\Temp\cciM41Hc.s 			page 14


 471 022c 7C030000 		.4byte	0x37c
 472 0230 00       		.byte	0
 473 0231 11       		.uleb128 0x11
 474 0232 D5010000 		.4byte	.LASF23
 475 0236 01       		.byte	0x1
 476 0237 E5       		.byte	0xe5
 477 0238 A3000000 		.4byte	0xa3
 478 023c 00000000 		.4byte	.LFB64
 479 0240 06000000 		.4byte	.LFE64-.LFB64
 480 0244 01       		.uleb128 0x1
 481 0245 9C       		.byte	0x9c
 482 0246 72020000 		.4byte	0x272
 483 024a 12       		.uleb128 0x12
 484 024b 4C00     		.ascii	"L\000"
 485 024d 01       		.byte	0x1
 486 024e E5       		.byte	0xe5
 487 024f 97000000 		.4byte	0x97
 488 0253 34000000 		.4byte	.LLST1
 489 0257 13       		.uleb128 0x13
 490 0258 4800     		.ascii	"H\000"
 491 025a 01       		.byte	0x1
 492 025b E5       		.byte	0xe5
 493 025c 97000000 		.4byte	0x97
 494 0260 01       		.uleb128 0x1
 495 0261 51       		.byte	0x51
 496 0262 14       		.uleb128 0x14
 497 0263 72617700 		.ascii	"raw\000"
 498 0267 01       		.byte	0x1
 499 0268 E7       		.byte	0xe7
 500 0269 A3000000 		.4byte	0xa3
 501 026d 55000000 		.4byte	.LLST2
 502 0271 00       		.byte	0
 503 0272 15       		.uleb128 0x15
 504 0273 E1010000 		.4byte	.LASF24
 505 0277 01       		.byte	0x1
 506 0278 0301     		.2byte	0x103
 507 027a 73000000 		.4byte	0x73
 508 027e 00000000 		.4byte	.LFB65
 509 0282 1C000000 		.4byte	.LFE65-.LFB65
 510 0286 01       		.uleb128 0x1
 511 0287 9C       		.byte	0x9c
 512 0288 D4020000 		.4byte	0x2d4
 513 028c 16       		.uleb128 0x16
 514 028d 65000000 		.4byte	.LASF25
 515 0291 01       		.byte	0x1
 516 0292 0301     		.2byte	0x103
 517 0294 73000000 		.4byte	0x73
 518 0298 6F000000 		.4byte	.LLST3
 519 029c 17       		.uleb128 0x17
 520 029d 70747200 		.ascii	"ptr\000"
 521 02a1 01       		.byte	0x1
 522 02a2 0301     		.2byte	0x103
 523 02a4 D7000000 		.4byte	0xd7
 524 02a8 90000000 		.4byte	.LLST4
 525 02ac 17       		.uleb128 0x17
 526 02ad 6C656E00 		.ascii	"len\000"
 527 02b1 01       		.byte	0x1
ARM GAS  C:\Users\dufma\AppData\Local\Temp\cciM41Hc.s 			page 15


 528 02b2 0301     		.2byte	0x103
 529 02b4 73000000 		.4byte	0x73
 530 02b8 B9000000 		.4byte	.LLST5
 531 02bc 18       		.uleb128 0x18
 532 02bd 6E00     		.ascii	"n\000"
 533 02bf 01       		.byte	0x1
 534 02c0 0601     		.2byte	0x106
 535 02c2 73000000 		.4byte	0x73
 536 02c6 D7000000 		.4byte	.LLST6
 537 02ca 10       		.uleb128 0x10
 538 02cb 10000000 		.4byte	.LVL16
 539 02cf 83030000 		.4byte	0x383
 540 02d3 00       		.byte	0
 541 02d4 19       		.uleb128 0x19
 542 02d5 FD000000 		.4byte	.LASF26
 543 02d9 06       		.byte	0x6
 544 02da 5506     		.2byte	0x655
 545 02dc E0020000 		.4byte	0x2e0
 546 02e0 1A       		.uleb128 0x1a
 547 02e1 8C000000 		.4byte	0x8c
 548 02e5 1B       		.uleb128 0x1b
 549 02e6 66020000 		.4byte	.LASF27
 550 02ea 05       		.byte	0x5
 551 02eb 17       		.byte	0x17
 552 02ec F6020000 		.4byte	0x2f6
 553 02f0 05       		.uleb128 0x5
 554 02f1 03       		.byte	0x3
 555 02f2 00000000 		.4byte	sensors
 556 02f6 1A       		.uleb128 0x1a
 557 02f7 E8000000 		.4byte	0xe8
 558 02fb 1B       		.uleb128 0x1b
 559 02fc 26000000 		.4byte	.LASF28
 560 0300 05       		.byte	0x5
 561 0301 20       		.byte	0x20
 562 0302 0C030000 		.4byte	0x30c
 563 0306 05       		.uleb128 0x5
 564 0307 03       		.byte	0x3
 565 0308 00000000 		.4byte	digital_sensor_value
 566 030c 1A       		.uleb128 0x1a
 567 030d 21010000 		.4byte	0x121
 568 0311 1C       		.uleb128 0x1c
 569 0312 2B020000 		.4byte	.LASF29
 570 0316 07       		.byte	0x7
 571 0317 14       		.byte	0x14
 572 0318 97000000 		.4byte	0x97
 573 031c 2B030000 		.4byte	0x32b
 574 0320 1D       		.uleb128 0x1d
 575 0321 97000000 		.4byte	0x97
 576 0325 1D       		.uleb128 0x1d
 577 0326 97000000 		.4byte	0x97
 578 032a 00       		.byte	0
 579 032b 1C       		.uleb128 0x1c
 580 032c 24020000 		.4byte	.LASF30
 581 0330 08       		.byte	0x8
 582 0331 B2       		.byte	0xb2
 583 0332 73000000 		.4byte	0x73
 584 0336 41030000 		.4byte	0x341
ARM GAS  C:\Users\dufma\AppData\Local\Temp\cciM41Hc.s 			page 16


 585 033a 1D       		.uleb128 0x1d
 586 033b DD000000 		.4byte	0xdd
 587 033f 1E       		.uleb128 0x1e
 588 0340 00       		.byte	0
 589 0341 1F       		.uleb128 0x1f
 590 0342 3B000000 		.4byte	.LASF37
 591 0346 07       		.byte	0x7
 592 0347 15       		.byte	0x15
 593 0348 5C030000 		.4byte	0x35c
 594 034c 1D       		.uleb128 0x1d
 595 034d 97000000 		.4byte	0x97
 596 0351 1D       		.uleb128 0x1d
 597 0352 97000000 		.4byte	0x97
 598 0356 1D       		.uleb128 0x1d
 599 0357 97000000 		.4byte	0x97
 600 035b 00       		.byte	0
 601 035c 20       		.uleb128 0x20
 602 035d AF000000 		.4byte	.LASF31
 603 0361 09       		.byte	0x9
 604 0362 54       		.byte	0x54
 605 0363 21       		.uleb128 0x21
 606 0364 57020000 		.4byte	.LASF38
 607 0368 0B       		.byte	0xb
 608 0369 00       		.byte	0
 609 036a 46020000 		.4byte	.LASF39
 610 036e 73000000 		.4byte	0x73
 611 0372 7C030000 		.4byte	0x37c
 612 0376 1D       		.uleb128 0x1d
 613 0377 DD000000 		.4byte	0xdd
 614 037b 00       		.byte	0
 615 037c 20       		.uleb128 0x20
 616 037d 55000000 		.4byte	.LASF32
 617 0381 0A       		.byte	0xa
 618 0382 93       		.byte	0x93
 619 0383 22       		.uleb128 0x22
 620 0384 F5010000 		.4byte	.LASF40
 621 0388 09       		.byte	0x9
 622 0389 8A       		.byte	0x8a
 623 038a 1D       		.uleb128 0x1d
 624 038b 97000000 		.4byte	0x97
 625 038f 00       		.byte	0
 626 0390 00       		.byte	0
 627              		.section	.debug_abbrev,"",%progbits
 628              	.Ldebug_abbrev0:
 629 0000 01       		.uleb128 0x1
 630 0001 11       		.uleb128 0x11
 631 0002 01       		.byte	0x1
 632 0003 25       		.uleb128 0x25
 633 0004 0E       		.uleb128 0xe
 634 0005 13       		.uleb128 0x13
 635 0006 0B       		.uleb128 0xb
 636 0007 03       		.uleb128 0x3
 637 0008 0E       		.uleb128 0xe
 638 0009 1B       		.uleb128 0x1b
 639 000a 0E       		.uleb128 0xe
 640 000b 55       		.uleb128 0x55
 641 000c 17       		.uleb128 0x17
ARM GAS  C:\Users\dufma\AppData\Local\Temp\cciM41Hc.s 			page 17


 642 000d 11       		.uleb128 0x11
 643 000e 01       		.uleb128 0x1
 644 000f 10       		.uleb128 0x10
 645 0010 17       		.uleb128 0x17
 646 0011 00       		.byte	0
 647 0012 00       		.byte	0
 648 0013 02       		.uleb128 0x2
 649 0014 24       		.uleb128 0x24
 650 0015 00       		.byte	0
 651 0016 0B       		.uleb128 0xb
 652 0017 0B       		.uleb128 0xb
 653 0018 3E       		.uleb128 0x3e
 654 0019 0B       		.uleb128 0xb
 655 001a 03       		.uleb128 0x3
 656 001b 0E       		.uleb128 0xe
 657 001c 00       		.byte	0
 658 001d 00       		.byte	0
 659 001e 03       		.uleb128 0x3
 660 001f 16       		.uleb128 0x16
 661 0020 00       		.byte	0
 662 0021 03       		.uleb128 0x3
 663 0022 0E       		.uleb128 0xe
 664 0023 3A       		.uleb128 0x3a
 665 0024 0B       		.uleb128 0xb
 666 0025 3B       		.uleb128 0x3b
 667 0026 0B       		.uleb128 0xb
 668 0027 49       		.uleb128 0x49
 669 0028 13       		.uleb128 0x13
 670 0029 00       		.byte	0
 671 002a 00       		.byte	0
 672 002b 04       		.uleb128 0x4
 673 002c 24       		.uleb128 0x24
 674 002d 00       		.byte	0
 675 002e 0B       		.uleb128 0xb
 676 002f 0B       		.uleb128 0xb
 677 0030 3E       		.uleb128 0x3e
 678 0031 0B       		.uleb128 0xb
 679 0032 03       		.uleb128 0x3
 680 0033 08       		.uleb128 0x8
 681 0034 00       		.byte	0
 682 0035 00       		.byte	0
 683 0036 05       		.uleb128 0x5
 684 0037 16       		.uleb128 0x16
 685 0038 00       		.byte	0
 686 0039 03       		.uleb128 0x3
 687 003a 0E       		.uleb128 0xe
 688 003b 3A       		.uleb128 0x3a
 689 003c 0B       		.uleb128 0xb
 690 003d 3B       		.uleb128 0x3b
 691 003e 05       		.uleb128 0x5
 692 003f 49       		.uleb128 0x49
 693 0040 13       		.uleb128 0x13
 694 0041 00       		.byte	0
 695 0042 00       		.byte	0
 696 0043 06       		.uleb128 0x6
 697 0044 0F       		.uleb128 0xf
 698 0045 00       		.byte	0
ARM GAS  C:\Users\dufma\AppData\Local\Temp\cciM41Hc.s 			page 18


 699 0046 0B       		.uleb128 0xb
 700 0047 0B       		.uleb128 0xb
 701 0048 49       		.uleb128 0x49
 702 0049 13       		.uleb128 0x13
 703 004a 00       		.byte	0
 704 004b 00       		.byte	0
 705 004c 07       		.uleb128 0x7
 706 004d 26       		.uleb128 0x26
 707 004e 00       		.byte	0
 708 004f 49       		.uleb128 0x49
 709 0050 13       		.uleb128 0x13
 710 0051 00       		.byte	0
 711 0052 00       		.byte	0
 712 0053 08       		.uleb128 0x8
 713 0054 13       		.uleb128 0x13
 714 0055 01       		.byte	0x1
 715 0056 03       		.uleb128 0x3
 716 0057 0E       		.uleb128 0xe
 717 0058 0B       		.uleb128 0xb
 718 0059 0B       		.uleb128 0xb
 719 005a 3A       		.uleb128 0x3a
 720 005b 0B       		.uleb128 0xb
 721 005c 3B       		.uleb128 0x3b
 722 005d 0B       		.uleb128 0xb
 723 005e 01       		.uleb128 0x1
 724 005f 13       		.uleb128 0x13
 725 0060 00       		.byte	0
 726 0061 00       		.byte	0
 727 0062 09       		.uleb128 0x9
 728 0063 0D       		.uleb128 0xd
 729 0064 00       		.byte	0
 730 0065 03       		.uleb128 0x3
 731 0066 08       		.uleb128 0x8
 732 0067 3A       		.uleb128 0x3a
 733 0068 0B       		.uleb128 0xb
 734 0069 3B       		.uleb128 0x3b
 735 006a 0B       		.uleb128 0xb
 736 006b 49       		.uleb128 0x49
 737 006c 13       		.uleb128 0x13
 738 006d 38       		.uleb128 0x38
 739 006e 0B       		.uleb128 0xb
 740 006f 00       		.byte	0
 741 0070 00       		.byte	0
 742 0071 0A       		.uleb128 0xa
 743 0072 2E       		.uleb128 0x2e
 744 0073 01       		.byte	0x1
 745 0074 3F       		.uleb128 0x3f
 746 0075 19       		.uleb128 0x19
 747 0076 03       		.uleb128 0x3
 748 0077 0E       		.uleb128 0xe
 749 0078 3A       		.uleb128 0x3a
 750 0079 0B       		.uleb128 0xb
 751 007a 3B       		.uleb128 0x3b
 752 007b 0B       		.uleb128 0xb
 753 007c 49       		.uleb128 0x49
 754 007d 13       		.uleb128 0x13
 755 007e 11       		.uleb128 0x11
ARM GAS  C:\Users\dufma\AppData\Local\Temp\cciM41Hc.s 			page 19


 756 007f 01       		.uleb128 0x1
 757 0080 12       		.uleb128 0x12
 758 0081 06       		.uleb128 0x6
 759 0082 40       		.uleb128 0x40
 760 0083 18       		.uleb128 0x18
 761 0084 9742     		.uleb128 0x2117
 762 0086 19       		.uleb128 0x19
 763 0087 01       		.uleb128 0x1
 764 0088 13       		.uleb128 0x13
 765 0089 00       		.byte	0
 766 008a 00       		.byte	0
 767 008b 0B       		.uleb128 0xb
 768 008c 0B       		.uleb128 0xb
 769 008d 01       		.byte	0x1
 770 008e 11       		.uleb128 0x11
 771 008f 01       		.uleb128 0x1
 772 0090 12       		.uleb128 0x12
 773 0091 06       		.uleb128 0x6
 774 0092 01       		.uleb128 0x1
 775 0093 13       		.uleb128 0x13
 776 0094 00       		.byte	0
 777 0095 00       		.byte	0
 778 0096 0C       		.uleb128 0xc
 779 0097 34       		.uleb128 0x34
 780 0098 00       		.byte	0
 781 0099 03       		.uleb128 0x3
 782 009a 0E       		.uleb128 0xe
 783 009b 3A       		.uleb128 0x3a
 784 009c 0B       		.uleb128 0xb
 785 009d 3B       		.uleb128 0x3b
 786 009e 0B       		.uleb128 0xb
 787 009f 49       		.uleb128 0x49
 788 00a0 13       		.uleb128 0x13
 789 00a1 02       		.uleb128 0x2
 790 00a2 17       		.uleb128 0x17
 791 00a3 00       		.byte	0
 792 00a4 00       		.byte	0
 793 00a5 0D       		.uleb128 0xd
 794 00a6 898201   		.uleb128 0x4109
 795 00a9 01       		.byte	0x1
 796 00aa 11       		.uleb128 0x11
 797 00ab 01       		.uleb128 0x1
 798 00ac 31       		.uleb128 0x31
 799 00ad 13       		.uleb128 0x13
 800 00ae 01       		.uleb128 0x1
 801 00af 13       		.uleb128 0x13
 802 00b0 00       		.byte	0
 803 00b1 00       		.byte	0
 804 00b2 0E       		.uleb128 0xe
 805 00b3 8A8201   		.uleb128 0x410a
 806 00b6 00       		.byte	0
 807 00b7 02       		.uleb128 0x2
 808 00b8 18       		.uleb128 0x18
 809 00b9 9142     		.uleb128 0x2111
 810 00bb 18       		.uleb128 0x18
 811 00bc 00       		.byte	0
 812 00bd 00       		.byte	0
ARM GAS  C:\Users\dufma\AppData\Local\Temp\cciM41Hc.s 			page 20


 813 00be 0F       		.uleb128 0xf
 814 00bf 898201   		.uleb128 0x4109
 815 00c2 01       		.byte	0x1
 816 00c3 11       		.uleb128 0x11
 817 00c4 01       		.uleb128 0x1
 818 00c5 31       		.uleb128 0x31
 819 00c6 13       		.uleb128 0x13
 820 00c7 00       		.byte	0
 821 00c8 00       		.byte	0
 822 00c9 10       		.uleb128 0x10
 823 00ca 898201   		.uleb128 0x4109
 824 00cd 00       		.byte	0
 825 00ce 11       		.uleb128 0x11
 826 00cf 01       		.uleb128 0x1
 827 00d0 31       		.uleb128 0x31
 828 00d1 13       		.uleb128 0x13
 829 00d2 00       		.byte	0
 830 00d3 00       		.byte	0
 831 00d4 11       		.uleb128 0x11
 832 00d5 2E       		.uleb128 0x2e
 833 00d6 01       		.byte	0x1
 834 00d7 3F       		.uleb128 0x3f
 835 00d8 19       		.uleb128 0x19
 836 00d9 03       		.uleb128 0x3
 837 00da 0E       		.uleb128 0xe
 838 00db 3A       		.uleb128 0x3a
 839 00dc 0B       		.uleb128 0xb
 840 00dd 3B       		.uleb128 0x3b
 841 00de 0B       		.uleb128 0xb
 842 00df 27       		.uleb128 0x27
 843 00e0 19       		.uleb128 0x19
 844 00e1 49       		.uleb128 0x49
 845 00e2 13       		.uleb128 0x13
 846 00e3 11       		.uleb128 0x11
 847 00e4 01       		.uleb128 0x1
 848 00e5 12       		.uleb128 0x12
 849 00e6 06       		.uleb128 0x6
 850 00e7 40       		.uleb128 0x40
 851 00e8 18       		.uleb128 0x18
 852 00e9 9742     		.uleb128 0x2117
 853 00eb 19       		.uleb128 0x19
 854 00ec 01       		.uleb128 0x1
 855 00ed 13       		.uleb128 0x13
 856 00ee 00       		.byte	0
 857 00ef 00       		.byte	0
 858 00f0 12       		.uleb128 0x12
 859 00f1 05       		.uleb128 0x5
 860 00f2 00       		.byte	0
 861 00f3 03       		.uleb128 0x3
 862 00f4 08       		.uleb128 0x8
 863 00f5 3A       		.uleb128 0x3a
 864 00f6 0B       		.uleb128 0xb
 865 00f7 3B       		.uleb128 0x3b
 866 00f8 0B       		.uleb128 0xb
 867 00f9 49       		.uleb128 0x49
 868 00fa 13       		.uleb128 0x13
 869 00fb 02       		.uleb128 0x2
ARM GAS  C:\Users\dufma\AppData\Local\Temp\cciM41Hc.s 			page 21


 870 00fc 17       		.uleb128 0x17
 871 00fd 00       		.byte	0
 872 00fe 00       		.byte	0
 873 00ff 13       		.uleb128 0x13
 874 0100 05       		.uleb128 0x5
 875 0101 00       		.byte	0
 876 0102 03       		.uleb128 0x3
 877 0103 08       		.uleb128 0x8
 878 0104 3A       		.uleb128 0x3a
 879 0105 0B       		.uleb128 0xb
 880 0106 3B       		.uleb128 0x3b
 881 0107 0B       		.uleb128 0xb
 882 0108 49       		.uleb128 0x49
 883 0109 13       		.uleb128 0x13
 884 010a 02       		.uleb128 0x2
 885 010b 18       		.uleb128 0x18
 886 010c 00       		.byte	0
 887 010d 00       		.byte	0
 888 010e 14       		.uleb128 0x14
 889 010f 34       		.uleb128 0x34
 890 0110 00       		.byte	0
 891 0111 03       		.uleb128 0x3
 892 0112 08       		.uleb128 0x8
 893 0113 3A       		.uleb128 0x3a
 894 0114 0B       		.uleb128 0xb
 895 0115 3B       		.uleb128 0x3b
 896 0116 0B       		.uleb128 0xb
 897 0117 49       		.uleb128 0x49
 898 0118 13       		.uleb128 0x13
 899 0119 02       		.uleb128 0x2
 900 011a 17       		.uleb128 0x17
 901 011b 00       		.byte	0
 902 011c 00       		.byte	0
 903 011d 15       		.uleb128 0x15
 904 011e 2E       		.uleb128 0x2e
 905 011f 01       		.byte	0x1
 906 0120 3F       		.uleb128 0x3f
 907 0121 19       		.uleb128 0x19
 908 0122 03       		.uleb128 0x3
 909 0123 0E       		.uleb128 0xe
 910 0124 3A       		.uleb128 0x3a
 911 0125 0B       		.uleb128 0xb
 912 0126 3B       		.uleb128 0x3b
 913 0127 05       		.uleb128 0x5
 914 0128 27       		.uleb128 0x27
 915 0129 19       		.uleb128 0x19
 916 012a 49       		.uleb128 0x49
 917 012b 13       		.uleb128 0x13
 918 012c 11       		.uleb128 0x11
 919 012d 01       		.uleb128 0x1
 920 012e 12       		.uleb128 0x12
 921 012f 06       		.uleb128 0x6
 922 0130 40       		.uleb128 0x40
 923 0131 18       		.uleb128 0x18
 924 0132 9742     		.uleb128 0x2117
 925 0134 19       		.uleb128 0x19
 926 0135 01       		.uleb128 0x1
ARM GAS  C:\Users\dufma\AppData\Local\Temp\cciM41Hc.s 			page 22


 927 0136 13       		.uleb128 0x13
 928 0137 00       		.byte	0
 929 0138 00       		.byte	0
 930 0139 16       		.uleb128 0x16
 931 013a 05       		.uleb128 0x5
 932 013b 00       		.byte	0
 933 013c 03       		.uleb128 0x3
 934 013d 0E       		.uleb128 0xe
 935 013e 3A       		.uleb128 0x3a
 936 013f 0B       		.uleb128 0xb
 937 0140 3B       		.uleb128 0x3b
 938 0141 05       		.uleb128 0x5
 939 0142 49       		.uleb128 0x49
 940 0143 13       		.uleb128 0x13
 941 0144 02       		.uleb128 0x2
 942 0145 17       		.uleb128 0x17
 943 0146 00       		.byte	0
 944 0147 00       		.byte	0
 945 0148 17       		.uleb128 0x17
 946 0149 05       		.uleb128 0x5
 947 014a 00       		.byte	0
 948 014b 03       		.uleb128 0x3
 949 014c 08       		.uleb128 0x8
 950 014d 3A       		.uleb128 0x3a
 951 014e 0B       		.uleb128 0xb
 952 014f 3B       		.uleb128 0x3b
 953 0150 05       		.uleb128 0x5
 954 0151 49       		.uleb128 0x49
 955 0152 13       		.uleb128 0x13
 956 0153 02       		.uleb128 0x2
 957 0154 17       		.uleb128 0x17
 958 0155 00       		.byte	0
 959 0156 00       		.byte	0
 960 0157 18       		.uleb128 0x18
 961 0158 34       		.uleb128 0x34
 962 0159 00       		.byte	0
 963 015a 03       		.uleb128 0x3
 964 015b 08       		.uleb128 0x8
 965 015c 3A       		.uleb128 0x3a
 966 015d 0B       		.uleb128 0xb
 967 015e 3B       		.uleb128 0x3b
 968 015f 05       		.uleb128 0x5
 969 0160 49       		.uleb128 0x49
 970 0161 13       		.uleb128 0x13
 971 0162 02       		.uleb128 0x2
 972 0163 17       		.uleb128 0x17
 973 0164 00       		.byte	0
 974 0165 00       		.byte	0
 975 0166 19       		.uleb128 0x19
 976 0167 34       		.uleb128 0x34
 977 0168 00       		.byte	0
 978 0169 03       		.uleb128 0x3
 979 016a 0E       		.uleb128 0xe
 980 016b 3A       		.uleb128 0x3a
 981 016c 0B       		.uleb128 0xb
 982 016d 3B       		.uleb128 0x3b
 983 016e 05       		.uleb128 0x5
ARM GAS  C:\Users\dufma\AppData\Local\Temp\cciM41Hc.s 			page 23


 984 016f 49       		.uleb128 0x49
 985 0170 13       		.uleb128 0x13
 986 0171 3F       		.uleb128 0x3f
 987 0172 19       		.uleb128 0x19
 988 0173 3C       		.uleb128 0x3c
 989 0174 19       		.uleb128 0x19
 990 0175 00       		.byte	0
 991 0176 00       		.byte	0
 992 0177 1A       		.uleb128 0x1a
 993 0178 35       		.uleb128 0x35
 994 0179 00       		.byte	0
 995 017a 49       		.uleb128 0x49
 996 017b 13       		.uleb128 0x13
 997 017c 00       		.byte	0
 998 017d 00       		.byte	0
 999 017e 1B       		.uleb128 0x1b
 1000 017f 34       		.uleb128 0x34
 1001 0180 00       		.byte	0
 1002 0181 03       		.uleb128 0x3
 1003 0182 0E       		.uleb128 0xe
 1004 0183 3A       		.uleb128 0x3a
 1005 0184 0B       		.uleb128 0xb
 1006 0185 3B       		.uleb128 0x3b
 1007 0186 0B       		.uleb128 0xb
 1008 0187 49       		.uleb128 0x49
 1009 0188 13       		.uleb128 0x13
 1010 0189 3F       		.uleb128 0x3f
 1011 018a 19       		.uleb128 0x19
 1012 018b 02       		.uleb128 0x2
 1013 018c 18       		.uleb128 0x18
 1014 018d 00       		.byte	0
 1015 018e 00       		.byte	0
 1016 018f 1C       		.uleb128 0x1c
 1017 0190 2E       		.uleb128 0x2e
 1018 0191 01       		.byte	0x1
 1019 0192 3F       		.uleb128 0x3f
 1020 0193 19       		.uleb128 0x19
 1021 0194 03       		.uleb128 0x3
 1022 0195 0E       		.uleb128 0xe
 1023 0196 3A       		.uleb128 0x3a
 1024 0197 0B       		.uleb128 0xb
 1025 0198 3B       		.uleb128 0x3b
 1026 0199 0B       		.uleb128 0xb
 1027 019a 27       		.uleb128 0x27
 1028 019b 19       		.uleb128 0x19
 1029 019c 49       		.uleb128 0x49
 1030 019d 13       		.uleb128 0x13
 1031 019e 3C       		.uleb128 0x3c
 1032 019f 19       		.uleb128 0x19
 1033 01a0 01       		.uleb128 0x1
 1034 01a1 13       		.uleb128 0x13
 1035 01a2 00       		.byte	0
 1036 01a3 00       		.byte	0
 1037 01a4 1D       		.uleb128 0x1d
 1038 01a5 05       		.uleb128 0x5
 1039 01a6 00       		.byte	0
 1040 01a7 49       		.uleb128 0x49
ARM GAS  C:\Users\dufma\AppData\Local\Temp\cciM41Hc.s 			page 24


 1041 01a8 13       		.uleb128 0x13
 1042 01a9 00       		.byte	0
 1043 01aa 00       		.byte	0
 1044 01ab 1E       		.uleb128 0x1e
 1045 01ac 18       		.uleb128 0x18
 1046 01ad 00       		.byte	0
 1047 01ae 00       		.byte	0
 1048 01af 00       		.byte	0
 1049 01b0 1F       		.uleb128 0x1f
 1050 01b1 2E       		.uleb128 0x2e
 1051 01b2 01       		.byte	0x1
 1052 01b3 3F       		.uleb128 0x3f
 1053 01b4 19       		.uleb128 0x19
 1054 01b5 03       		.uleb128 0x3
 1055 01b6 0E       		.uleb128 0xe
 1056 01b7 3A       		.uleb128 0x3a
 1057 01b8 0B       		.uleb128 0xb
 1058 01b9 3B       		.uleb128 0x3b
 1059 01ba 0B       		.uleb128 0xb
 1060 01bb 27       		.uleb128 0x27
 1061 01bc 19       		.uleb128 0x19
 1062 01bd 3C       		.uleb128 0x3c
 1063 01be 19       		.uleb128 0x19
 1064 01bf 01       		.uleb128 0x1
 1065 01c0 13       		.uleb128 0x13
 1066 01c1 00       		.byte	0
 1067 01c2 00       		.byte	0
 1068 01c3 20       		.uleb128 0x20
 1069 01c4 2E       		.uleb128 0x2e
 1070 01c5 00       		.byte	0
 1071 01c6 3F       		.uleb128 0x3f
 1072 01c7 19       		.uleb128 0x19
 1073 01c8 03       		.uleb128 0x3
 1074 01c9 0E       		.uleb128 0xe
 1075 01ca 3A       		.uleb128 0x3a
 1076 01cb 0B       		.uleb128 0xb
 1077 01cc 3B       		.uleb128 0x3b
 1078 01cd 0B       		.uleb128 0xb
 1079 01ce 27       		.uleb128 0x27
 1080 01cf 19       		.uleb128 0x19
 1081 01d0 3C       		.uleb128 0x3c
 1082 01d1 19       		.uleb128 0x19
 1083 01d2 00       		.byte	0
 1084 01d3 00       		.byte	0
 1085 01d4 21       		.uleb128 0x21
 1086 01d5 2E       		.uleb128 0x2e
 1087 01d6 01       		.byte	0x1
 1088 01d7 3F       		.uleb128 0x3f
 1089 01d8 19       		.uleb128 0x19
 1090 01d9 03       		.uleb128 0x3
 1091 01da 0E       		.uleb128 0xe
 1092 01db 3A       		.uleb128 0x3a
 1093 01dc 0B       		.uleb128 0xb
 1094 01dd 3B       		.uleb128 0x3b
 1095 01de 0B       		.uleb128 0xb
 1096 01df 6E       		.uleb128 0x6e
 1097 01e0 0E       		.uleb128 0xe
ARM GAS  C:\Users\dufma\AppData\Local\Temp\cciM41Hc.s 			page 25


 1098 01e1 27       		.uleb128 0x27
 1099 01e2 19       		.uleb128 0x19
 1100 01e3 49       		.uleb128 0x49
 1101 01e4 13       		.uleb128 0x13
 1102 01e5 3C       		.uleb128 0x3c
 1103 01e6 19       		.uleb128 0x19
 1104 01e7 01       		.uleb128 0x1
 1105 01e8 13       		.uleb128 0x13
 1106 01e9 00       		.byte	0
 1107 01ea 00       		.byte	0
 1108 01eb 22       		.uleb128 0x22
 1109 01ec 2E       		.uleb128 0x2e
 1110 01ed 01       		.byte	0x1
 1111 01ee 3F       		.uleb128 0x3f
 1112 01ef 19       		.uleb128 0x19
 1113 01f0 03       		.uleb128 0x3
 1114 01f1 0E       		.uleb128 0xe
 1115 01f2 3A       		.uleb128 0x3a
 1116 01f3 0B       		.uleb128 0xb
 1117 01f4 3B       		.uleb128 0x3b
 1118 01f5 0B       		.uleb128 0xb
 1119 01f6 27       		.uleb128 0x27
 1120 01f7 19       		.uleb128 0x19
 1121 01f8 3C       		.uleb128 0x3c
 1122 01f9 19       		.uleb128 0x19
 1123 01fa 00       		.byte	0
 1124 01fb 00       		.byte	0
 1125 01fc 00       		.byte	0
 1126              		.section	.debug_loc,"",%progbits
 1127              	.Ldebug_loc0:
 1128              	.LLST0:
 1129 0000 12000000 		.4byte	.LVL2
 1130 0004 1C000000 		.4byte	.LVL4
 1131 0008 0200     		.2byte	0x2
 1132 000a 30       		.byte	0x30
 1133 000b 9F       		.byte	0x9f
 1134 000c 1C000000 		.4byte	.LVL4
 1135 0010 23000000 		.4byte	.LVL5-1
 1136 0014 0600     		.2byte	0x6
 1137 0016 71       		.byte	0x71
 1138 0017 00       		.sleb128 0
 1139 0018 08       		.byte	0x8
 1140 0019 FF       		.byte	0xff
 1141 001a 1A       		.byte	0x1a
 1142 001b 9F       		.byte	0x9f
 1143 001c 38000000 		.4byte	.LVL8
 1144 0020 3D000000 		.4byte	.LVL9-1
 1145 0024 0600     		.2byte	0x6
 1146 0026 71       		.byte	0x71
 1147 0027 00       		.sleb128 0
 1148 0028 08       		.byte	0x8
 1149 0029 FF       		.byte	0xff
 1150 002a 1A       		.byte	0x1a
 1151 002b 9F       		.byte	0x9f
 1152 002c 00000000 		.4byte	0
 1153 0030 00000000 		.4byte	0
 1154              	.LLST1:
ARM GAS  C:\Users\dufma\AppData\Local\Temp\cciM41Hc.s 			page 26


 1155 0034 00000000 		.4byte	.LVL10
 1156 0038 04000000 		.4byte	.LVL11
 1157 003c 0100     		.2byte	0x1
 1158 003e 50       		.byte	0x50
 1159 003f 04000000 		.4byte	.LVL11
 1160 0043 06000000 		.4byte	.LFE64
 1161 0047 0400     		.2byte	0x4
 1162 0049 F3       		.byte	0xf3
 1163 004a 01       		.uleb128 0x1
 1164 004b 50       		.byte	0x50
 1165 004c 9F       		.byte	0x9f
 1166 004d 00000000 		.4byte	0
 1167 0051 00000000 		.4byte	0
 1168              	.LLST2:
 1169 0055 00000000 		.4byte	.LVL10
 1170 0059 04000000 		.4byte	.LVL11
 1171 005d 0800     		.2byte	0x8
 1172 005f 71       		.byte	0x71
 1173 0060 00       		.sleb128 0
 1174 0061 38       		.byte	0x38
 1175 0062 24       		.byte	0x24
 1176 0063 70       		.byte	0x70
 1177 0064 00       		.sleb128 0
 1178 0065 21       		.byte	0x21
 1179 0066 9F       		.byte	0x9f
 1180 0067 00000000 		.4byte	0
 1181 006b 00000000 		.4byte	0
 1182              	.LLST3:
 1183 006f 00000000 		.4byte	.LVL12
 1184 0073 08000000 		.4byte	.LVL14
 1185 0077 0100     		.2byte	0x1
 1186 0079 50       		.byte	0x50
 1187 007a 08000000 		.4byte	.LVL14
 1188 007e 1C000000 		.4byte	.LFE65
 1189 0082 0400     		.2byte	0x4
 1190 0084 F3       		.byte	0xf3
 1191 0085 01       		.uleb128 0x1
 1192 0086 50       		.byte	0x50
 1193 0087 9F       		.byte	0x9f
 1194 0088 00000000 		.4byte	0
 1195 008c 00000000 		.4byte	0
 1196              	.LLST4:
 1197 0090 00000000 		.4byte	.LVL12
 1198 0094 0A000000 		.4byte	.LVL15
 1199 0098 0100     		.2byte	0x1
 1200 009a 51       		.byte	0x51
 1201 009b 0A000000 		.4byte	.LVL15
 1202 009f 14000000 		.4byte	.LVL18
 1203 00a3 0100     		.2byte	0x1
 1204 00a5 55       		.byte	0x55
 1205 00a6 14000000 		.4byte	.LVL18
 1206 00aa 1C000000 		.4byte	.LFE65
 1207 00ae 0100     		.2byte	0x1
 1208 00b0 51       		.byte	0x51
 1209 00b1 00000000 		.4byte	0
 1210 00b5 00000000 		.4byte	0
 1211              	.LLST5:
ARM GAS  C:\Users\dufma\AppData\Local\Temp\cciM41Hc.s 			page 27


 1212 00b9 00000000 		.4byte	.LVL12
 1213 00bd 08000000 		.4byte	.LVL14
 1214 00c1 0100     		.2byte	0x1
 1215 00c3 52       		.byte	0x52
 1216 00c4 08000000 		.4byte	.LVL14
 1217 00c8 1C000000 		.4byte	.LFE65
 1218 00cc 0100     		.2byte	0x1
 1219 00ce 56       		.byte	0x56
 1220 00cf 00000000 		.4byte	0
 1221 00d3 00000000 		.4byte	0
 1222              	.LLST6:
 1223 00d7 04000000 		.4byte	.LVL13
 1224 00db 08000000 		.4byte	.LVL14
 1225 00df 0200     		.2byte	0x2
 1226 00e1 30       		.byte	0x30
 1227 00e2 9F       		.byte	0x9f
 1228 00e3 08000000 		.4byte	.LVL14
 1229 00e7 1C000000 		.4byte	.LFE65
 1230 00eb 0100     		.2byte	0x1
 1231 00ed 54       		.byte	0x54
 1232 00ee 00000000 		.4byte	0
 1233 00f2 00000000 		.4byte	0
 1234              		.section	.debug_aranges,"",%progbits
 1235 0000 2C000000 		.4byte	0x2c
 1236 0004 0200     		.2byte	0x2
 1237 0006 00000000 		.4byte	.Ldebug_info0
 1238 000a 04       		.byte	0x4
 1239 000b 00       		.byte	0
 1240 000c 0000     		.2byte	0
 1241 000e 0000     		.2byte	0
 1242 0010 00000000 		.4byte	.LFB63
 1243 0014 48000000 		.4byte	.LFE63-.LFB63
 1244 0018 00000000 		.4byte	.LFB64
 1245 001c 06000000 		.4byte	.LFE64-.LFB64
 1246 0020 00000000 		.4byte	.LFB65
 1247 0024 1C000000 		.4byte	.LFE65-.LFB65
 1248 0028 00000000 		.4byte	0
 1249 002c 00000000 		.4byte	0
 1250              		.section	.debug_ranges,"",%progbits
 1251              	.Ldebug_ranges0:
 1252 0000 00000000 		.4byte	.LFB63
 1253 0004 48000000 		.4byte	.LFE63
 1254 0008 00000000 		.4byte	.LFB64
 1255 000c 06000000 		.4byte	.LFE64
 1256 0010 00000000 		.4byte	.LFB65
 1257 0014 1C000000 		.4byte	.LFE65
 1258 0018 00000000 		.4byte	0
 1259 001c 00000000 		.4byte	0
 1260              		.section	.debug_line,"",%progbits
 1261              	.Ldebug_line0:
 1262 0000 06020000 		.section	.debug_str,"MS",%progbits,1
 1262      02009801 
 1262      00000201 
 1262      FB0E0D00 
 1262      01010101 
 1263              	.LASF20:
 1264 0000 73656E73 		.ascii	"sensors_\000"
ARM GAS  C:\Users\dufma\AppData\Local\Temp\cciM41Hc.s 			page 28


 1264      6F72735F 
 1264      00
 1265              	.LASF5:
 1266 0009 5F5F696E 		.ascii	"__int32_t\000"
 1266      7433325F 
 1266      7400
 1267              	.LASF3:
 1268 0013 73686F72 		.ascii	"short unsigned int\000"
 1268      7420756E 
 1268      7369676E 
 1268      65642069 
 1268      6E7400
 1269              	.LASF28:
 1270 0026 64696769 		.ascii	"digital_sensor_value\000"
 1270      74616C5F 
 1270      73656E73 
 1270      6F725F76 
 1270      616C7565 
 1271              	.LASF37:
 1272 003b 4932435F 		.ascii	"I2C_write\000"
 1272      77726974 
 1272      6500
 1273              	.LASF2:
 1274 0045 73686F72 		.ascii	"short int\000"
 1274      7420696E 
 1274      7400
 1275              	.LASF13:
 1276 004f 75696E74 		.ascii	"uint8\000"
 1276      3800
 1277              	.LASF32:
 1278 0055 4932435F 		.ascii	"I2C_Start\000"
 1278      53746172 
 1278      7400
 1279              	.LASF16:
 1280 005f 666C6F61 		.ascii	"float\000"
 1280      7400
 1281              	.LASF25:
 1282 0065 66696C65 		.ascii	"file\000"
 1282      00
 1283              	.LASF1:
 1284 006a 756E7369 		.ascii	"unsigned char\000"
 1284      676E6564 
 1284      20636861 
 1284      7200
 1285              	.LASF34:
 1286 0078 2E5C6D61 		.ascii	".\\main.c\000"
 1286      696E2E63 
 1286      00
 1287              	.LASF15:
 1288 0081 696E7431 		.ascii	"int16\000"
 1288      3600
 1289              	.LASF7:
 1290 0087 6C6F6E67 		.ascii	"long unsigned int\000"
 1290      20756E73 
 1290      69676E65 
 1290      6420696E 
 1290      7400
ARM GAS  C:\Users\dufma\AppData\Local\Temp\cciM41Hc.s 			page 29


 1291              	.LASF21:
 1292 0099 64696769 		.ascii	"digital_sensor_value_\000"
 1292      74616C5F 
 1292      73656E73 
 1292      6F725F76 
 1292      616C7565 
 1293              	.LASF31:
 1294 00af 55415254 		.ascii	"UART_Start\000"
 1294      5F537461 
 1294      727400
 1295              	.LASF35:
 1296 00ba 433A5C55 		.ascii	"C:\\Users\\dufma\\Desktop\\Project\\Zumo-PSoC\\Zumo"
 1296      73657273 
 1296      5C647566 
 1296      6D615C44 
 1296      65736B74 
 1297 00e7 426F745F 		.ascii	"Bot_Lib_Ambient.cydsn\000"
 1297      4C69625F 
 1297      416D6269 
 1297      656E742E 
 1297      63796473 
 1298              	.LASF26:
 1299 00fd 49544D5F 		.ascii	"ITM_RxBuffer\000"
 1299      52784275 
 1299      66666572 
 1299      00
 1300              	.LASF4:
 1301 010a 5F5F7569 		.ascii	"__uint16_t\000"
 1301      6E743136 
 1301      5F7400
 1302              	.LASF17:
 1303 0115 646F7562 		.ascii	"double\000"
 1303      6C6500
 1304              	.LASF14:
 1305 011c 75696E74 		.ascii	"uint16\000"
 1305      313600
 1306              	.LASF33:
 1307 0123 474E5520 		.ascii	"GNU C 4.9.3 20150303 (release) [ARM/embedded-4_9-br"
 1307      4320342E 
 1307      392E3320 
 1307      32303135 
 1307      30333033 
 1308 0156 616E6368 		.ascii	"anch revision 221220] -mcpu=cortex-m3 -mthumb -g -O"
 1308      20726576 
 1308      6973696F 
 1308      6E203232 
 1308      31323230 
 1309 0189 67202D66 		.ascii	"g -ffunction-sections -ffat-lto-objects\000"
 1309      66756E63 
 1309      74696F6E 
 1309      2D736563 
 1309      74696F6E 
 1310              	.LASF10:
 1311 01b1 756E7369 		.ascii	"unsigned int\000"
 1311      676E6564 
 1311      20696E74 
 1311      00
ARM GAS  C:\Users\dufma\AppData\Local\Temp\cciM41Hc.s 			page 30


 1312              	.LASF9:
 1313 01be 6C6F6E67 		.ascii	"long long unsigned int\000"
 1313      206C6F6E 
 1313      6720756E 
 1313      7369676E 
 1313      65642069 
 1314              	.LASF23:
 1315 01d5 636F6E76 		.ascii	"convert_raw\000"
 1315      6572745F 
 1315      72617700 
 1316              	.LASF24:
 1317 01e1 5F777269 		.ascii	"_write\000"
 1317      746500
 1318              	.LASF36:
 1319 01e8 6D61696E 		.ascii	"main\000"
 1319      00
 1320              	.LASF12:
 1321 01ed 696E7433 		.ascii	"int32_t\000"
 1321      325F7400 
 1322              	.LASF40:
 1323 01f5 55415254 		.ascii	"UART_PutChar\000"
 1323      5F507574 
 1323      43686172 
 1323      00
 1324              	.LASF19:
 1325 0202 73697A65 		.ascii	"sizetype\000"
 1325      74797065 
 1325      00
 1326              	.LASF8:
 1327 020b 6C6F6E67 		.ascii	"long long int\000"
 1327      206C6F6E 
 1327      6720696E 
 1327      7400
 1328              	.LASF18:
 1329 0219 63686172 		.ascii	"char\000"
 1329      00
 1330              	.LASF22:
 1331 021e 76616C75 		.ascii	"value\000"
 1331      6500
 1332              	.LASF30:
 1333 0224 7072696E 		.ascii	"printf\000"
 1333      746600
 1334              	.LASF29:
 1335 022b 4932435F 		.ascii	"I2C_read\000"
 1335      72656164 
 1335      00
 1336              	.LASF11:
 1337 0234 75696E74 		.ascii	"uint16_t\000"
 1337      31365F74 
 1337      00
 1338              	.LASF6:
 1339 023d 6C6F6E67 		.ascii	"long int\000"
 1339      20696E74 
 1339      00
 1340              	.LASF39:
 1341 0246 70757473 		.ascii	"puts\000"
 1341      00
ARM GAS  C:\Users\dufma\AppData\Local\Temp\cciM41Hc.s 			page 31


 1342              	.LASF0:
 1343 024b 7369676E 		.ascii	"signed char\000"
 1343      65642063 
 1343      68617200 
 1344              	.LASF38:
 1345 0257 5F5F6275 		.ascii	"__builtin_puts\000"
 1345      696C7469 
 1345      6E5F7075 
 1345      747300
 1346              	.LASF27:
 1347 0266 73656E73 		.ascii	"sensors\000"
 1347      6F727300 
 1348              		.ident	"GCC: (GNU Tools for ARM Embedded Processors) 4.9.3 20150303 (release) [ARM/embedded-4_9-br
