ARM GAS  C:\Users\suminh\AppData\Local\Temp\ccRL4pok.s 			page 1


   1              		.syntax unified
   2              		.cpu cortex-m3
   3              		.fpu softvfp
   4              		.eabi_attribute 20, 1
   5              		.eabi_attribute 21, 1
   6              		.eabi_attribute 23, 3
   7              		.eabi_attribute 24, 1
   8              		.eabi_attribute 25, 1
   9              		.eabi_attribute 26, 1
  10              		.eabi_attribute 30, 1
  11              		.eabi_attribute 34, 1
  12              		.eabi_attribute 18, 4
  13              		.thumb
  14              		.file	"main.c"
  15              		.text
  16              	.Ltext0:
  17              		.cfi_sections	.debug_frame
  18              		.global	__aeabi_ui2f
  19              		.global	__aeabi_fdiv
  20              		.global	__aeabi_fsub
  21              		.global	__aeabi_fmul
  22              		.global	__aeabi_f2iz
  23              		.section	.text.ultra_isr_handler,"ax",%progbits
  24              		.align	2
  25              		.global	ultra_isr_handler
  26              		.thumb
  27              		.thumb_func
  28              		.type	ultra_isr_handler, %function
  29              	ultra_isr_handler:
  30              	.LFB64:
  31              		.file 1 ".\\main.c"
   1:.\main.c      **** /* ========================================
   2:.\main.c      ****  *
   3:.\main.c      ****  * Copyright YOUR COMPANY, THE YEAR
   4:.\main.c      ****  * All Rights Reserved
   5:.\main.c      ****  * UNPUBLISHED, LICENSED SOFTWARE.
   6:.\main.c      ****  *
   7:.\main.c      ****  * CONFIDENTIAL AND PROPRIETARY INFORMATION
   8:.\main.c      ****  * WHICH IS THE PROPERTY OF your company.
   9:.\main.c      ****  *
  10:.\main.c      ****  * ========================================
  11:.\main.c      **** */
  12:.\main.c      **** #include <project.h>
  13:.\main.c      **** #include <stdio.h>
  14:.\main.c      **** #include <Timer.h>
  15:.\main.c      **** 
  16:.\main.c      **** int rread(void);
  17:.\main.c      **** void reflectance_period();
  18:.\main.c      **** void reflectance_digital();
  19:.\main.c      **** 
  20:.\main.c      **** //CY_ISR_PROTO(sensor_isr_handler);
  21:.\main.c      **** CY_ISR_PROTO(ultra_isr_handler);
  22:.\main.c      **** 
  23:.\main.c      **** uint16_t i = 0;
  24:.\main.c      **** float distance = 0;
  25:.\main.c      **** float cent = 0;
  26:.\main.c      **** 
ARM GAS  C:\Users\suminh\AppData\Local\Temp\ccRL4pok.s 			page 2


  27:.\main.c      **** #define MAX_VALUE   65535
  28:.\main.c      **** 
  29:.\main.c      **** volatile struct sensors_ {
  30:.\main.c      ****     uint16_t ll;
  31:.\main.c      ****     //uint16_t lc; // not used at the moment
  32:.\main.c      ****     uint16_t lr;
  33:.\main.c      ****     uint16_t rl;
  34:.\main.c      ****     //uint16_t rc; // not used at the moment
  35:.\main.c      ****     uint16_t rr;
  36:.\main.c      **** } sensors;
  37:.\main.c      **** 
  38:.\main.c      **** volatile struct digital_sensor_value_ {         //digital value for recognizing black or white
  39:.\main.c      ****     uint16_t ll;
  40:.\main.c      ****     //uint16_t lc; // not used at the moment
  41:.\main.c      ****     uint16_t lr;
  42:.\main.c      ****     uint16_t rl;
  43:.\main.c      ****     //uint16_t rc; // not used at the moment
  44:.\main.c      ****     uint16_t rr;
  45:.\main.c      **** } digital_sensor_value;
  46:.\main.c      **** 
  47:.\main.c      **** int main()
  48:.\main.c      **** {
  49:.\main.c      ****     
  50:.\main.c      ****      ultra_isr_StartEx(ultra_isr_handler);
  51:.\main.c      ****     CyGlobalIntEnable; /* Enable global interrupts. */
  52:.\main.c      ****     
  53:.\main.c      ****     /* Place your initialization/startup code here (e.g. MyInst_Start()) */
  54:.\main.c      ****     UART_Start();
  55:.\main.c      ****     Timer_Start();
  56:.\main.c      ****     //PWM_Start();
  57:.\main.c      **** 
  58:.\main.c      ****     printf("Start\r\n");
  59:.\main.c      ****         
  60:.\main.c      ****     for(;;)
  61:.\main.c      ****     {
  62:.\main.c      ****         /* Place your application code here. */
  63:.\main.c      ****    
  64:.\main.c      ****         CyDelay(100); 
  65:.\main.c      ****         Trigger_Write(1);           // Trigger High
  66:.\main.c      ****         CyDelayUs(10);              // 10 micro seconds for trigger input signals
  67:.\main.c      ****         Trigger_Write(0);           // Trigger Low
  68:.\main.c      ****    
  69:.\main.c      ****     }
  70:.\main.c      **** }
  71:.\main.c      **** 
  72:.\main.c      **** CY_ISR(ultra_isr_handler)
  73:.\main.c      **** {
  32              		.loc 1 73 0
  33              		.cfi_startproc
  34              		@ args = 0, pretend = 0, frame = 0
  35              		@ frame_needed = 0, uses_anonymous_args = 0
  36 0000 38B5     		push	{r3, r4, r5, lr}
  37              		.cfi_def_cfa_offset 16
  38              		.cfi_offset 3, -16
  39              		.cfi_offset 4, -12
  40              		.cfi_offset 5, -8
  41              		.cfi_offset 14, -4
ARM GAS  C:\Users\suminh\AppData\Local\Temp\ccRL4pok.s 			page 3


  74:.\main.c      ****     Timer_Stop();
  42              		.loc 1 74 0
  43 0002 FFF7FEFF 		bl	Timer_Stop
  44              	.LVL0:
  75:.\main.c      ****     
  76:.\main.c      ****     Timer_ReadStatusRegister();
  45              		.loc 1 76 0
  46 0006 FFF7FEFF 		bl	Timer_ReadStatusRegister
  47              	.LVL1:
  77:.\main.c      ****     
  78:.\main.c      ****     if(!Echo_Read()) {
  48              		.loc 1 78 0
  49 000a FFF7FEFF 		bl	Echo_Read
  50              	.LVL2:
  51 000e 00BB     		cbnz	r0, .L2
  79:.\main.c      ****         i = Timer_ReadCounter();            // Read counter value of Timer
  52              		.loc 1 79 0
  53 0010 FFF7FEFF 		bl	Timer_ReadCounter
  54              	.LVL3:
  55 0014 0546     		mov	r5, r0
  56 0016 124C     		ldr	r4, .L5
  57 0018 2080     		strh	r0, [r4]	@ movhi
  80:.\main.c      ****         distance = (float)i / 58;           // us / 58 = centimeters
  58              		.loc 1 80 0
  59 001a FFF7FEFF 		bl	__aeabi_ui2f
  60              	.LVL4:
  61 001e 1149     		ldr	r1, .L5+4
  62 0020 FFF7FEFF 		bl	__aeabi_fdiv
  63              	.LVL5:
  64 0024 6060     		str	r0, [r4, #4]	@ float
  81:.\main.c      ****         cent = 5 * (distance - 11) / 3;     // calibration for this Timer(650 kHz)
  65              		.loc 1 81 0
  66 0026 1049     		ldr	r1, .L5+8
  67 0028 FFF7FEFF 		bl	__aeabi_fsub
  68              	.LVL6:
  69 002c 0F49     		ldr	r1, .L5+12
  70 002e FFF7FEFF 		bl	__aeabi_fmul
  71              	.LVL7:
  72 0032 0F49     		ldr	r1, .L5+16
  73 0034 FFF7FEFF 		bl	__aeabi_fdiv
  74              	.LVL8:
  75 0038 A060     		str	r0, [r4, #8]	@ float
  82:.\main.c      ****         printf("i = %6d, distance = %4d                \r", i, (int)cent);
  76              		.loc 1 82 0
  77 003a FFF7FEFF 		bl	__aeabi_f2iz
  78              	.LVL9:
  79 003e 0246     		mov	r2, r0
  80 0040 0C48     		ldr	r0, .L5+20
  81 0042 2946     		mov	r1, r5
  82 0044 FFF7FEFF 		bl	printf
  83              	.LVL10:
  83:.\main.c      ****         Timer_WriteCounter(0xFFFF);         // Counter initialization
  84              		.loc 1 83 0
  85 0048 4FF6FF70 		movw	r0, #65535
  86 004c FFF7FEFF 		bl	Timer_WriteCounter
  87              	.LVL11:
  88 0050 03E0     		b	.L3
ARM GAS  C:\Users\suminh\AppData\Local\Temp\ccRL4pok.s 			page 4


  89              	.L2:
  84:.\main.c      ****     }
  85:.\main.c      ****     else {
  86:.\main.c      ****         
  87:.\main.c      ****          Timer_WriteCounter(0xFFFF);
  90              		.loc 1 87 0
  91 0052 4FF6FF70 		movw	r0, #65535
  92 0056 FFF7FEFF 		bl	Timer_WriteCounter
  93              	.LVL12:
  94              	.L3:
  88:.\main.c      ****     }
  89:.\main.c      ****     Timer_Start();
  95              		.loc 1 89 0
  96 005a FFF7FEFF 		bl	Timer_Start
  97              	.LVL13:
  98 005e 38BD     		pop	{r3, r4, r5, pc}
  99              	.L6:
 100              		.align	2
 101              	.L5:
 102 0060 00000000 		.word	.LANCHOR0
 103 0064 00006842 		.word	1114112000
 104 0068 00003041 		.word	1093664768
 105 006c 0000A040 		.word	1084227584
 106 0070 00004040 		.word	1077936128
 107 0074 00000000 		.word	.LC0
 108              		.cfi_endproc
 109              	.LFE64:
 110              		.size	ultra_isr_handler, .-ultra_isr_handler
 111              		.section	.text.main,"ax",%progbits
 112              		.align	2
 113              		.global	main
 114              		.thumb
 115              		.thumb_func
 116              		.type	main, %function
 117              	main:
 118              	.LFB63:
  48:.\main.c      ****     
 119              		.loc 1 48 0
 120              		.cfi_startproc
 121              		@ Volatile: function does not return.
 122              		@ args = 0, pretend = 0, frame = 0
 123              		@ frame_needed = 0, uses_anonymous_args = 0
 124 0000 08B5     		push	{r3, lr}
 125              		.cfi_def_cfa_offset 8
 126              		.cfi_offset 3, -8
 127              		.cfi_offset 14, -4
  50:.\main.c      ****     CyGlobalIntEnable; /* Enable global interrupts. */
 128              		.loc 1 50 0
 129 0002 0C48     		ldr	r0, .L10
 130 0004 FFF7FEFF 		bl	ultra_isr_StartEx
 131              	.LVL14:
  51:.\main.c      ****     
 132              		.loc 1 51 0
 133              	@ 51 ".\main.c" 1
 134 0008 62B6     		CPSIE   i
 135              	@ 0 "" 2
  54:.\main.c      ****     Timer_Start();
ARM GAS  C:\Users\suminh\AppData\Local\Temp\ccRL4pok.s 			page 5


 136              		.loc 1 54 0
 137              		.thumb
 138 000a FFF7FEFF 		bl	UART_Start
 139              	.LVL15:
  55:.\main.c      ****     //PWM_Start();
 140              		.loc 1 55 0
 141 000e FFF7FEFF 		bl	Timer_Start
 142              	.LVL16:
  58:.\main.c      ****         
 143              		.loc 1 58 0
 144 0012 0948     		ldr	r0, .L10+4
 145 0014 FFF7FEFF 		bl	puts
 146              	.LVL17:
 147              	.L8:
  64:.\main.c      ****         Trigger_Write(1);           // Trigger High
 148              		.loc 1 64 0 discriminator 1
 149 0018 6420     		movs	r0, #100
 150 001a FFF7FEFF 		bl	CyDelay
 151              	.LVL18:
  65:.\main.c      ****         CyDelayUs(10);              // 10 micro seconds for trigger input signals
 152              		.loc 1 65 0 discriminator 1
 153 001e 0120     		movs	r0, #1
 154 0020 FFF7FEFF 		bl	Trigger_Write
 155              	.LVL19:
  66:.\main.c      ****         Trigger_Write(0);           // Trigger Low
 156              		.loc 1 66 0 discriminator 1
 157 0024 0A20     		movs	r0, #10
 158 0026 FFF7FEFF 		bl	CyDelayUs
 159              	.LVL20:
  67:.\main.c      ****    
 160              		.loc 1 67 0 discriminator 1
 161 002a 0020     		movs	r0, #0
 162 002c FFF7FEFF 		bl	Trigger_Write
 163              	.LVL21:
  69:.\main.c      **** }
 164              		.loc 1 69 0 discriminator 1
 165 0030 F2E7     		b	.L8
 166              	.L11:
 167 0032 00BF     		.align	2
 168              	.L10:
 169 0034 00000000 		.word	ultra_isr_handler
 170 0038 2C000000 		.word	.LC1
 171              		.cfi_endproc
 172              	.LFE63:
 173              		.size	main, .-main
 174              		.section	.text.nunchuk_init,"ax",%progbits
 175              		.align	2
 176              		.global	nunchuk_init
 177              		.thumb
 178              		.thumb_func
 179              		.type	nunchuk_init, %function
 180              	nunchuk_init:
 181              	.LFB65:
  90:.\main.c      **** }
  91:.\main.c      **** 
  92:.\main.c      **** /*
  93:.\main.c      **** CY_ISR(sensor_isr_handler)
ARM GAS  C:\Users\suminh\AppData\Local\Temp\ccRL4pok.s 			page 6


  94:.\main.c      **** {
  95:.\main.c      ****     uint32_t statusRL = Timer_RL_ReadStatusRegister();
  96:.\main.c      ****     uint32_t statusRR = Timer_RR_ReadStatusRegister();
  97:.\main.c      ****     uint32_t statusLL = Timer_LL_ReadStatusRegister();
  98:.\main.c      ****     uint32_t statusLR = Timer_LR_ReadStatusRegister();
  99:.\main.c      **** 
 100:.\main.c      ****     if(statusRL & Timer_RL_STATUS_CAPTURE) {
 101:.\main.c      ****         sensors.rl = Timer_RL_ReadPeriod() - Timer_RL_ReadCapture();
 102:.\main.c      ****     }
 103:.\main.c      ****     else {
 104:.\main.c      ****         sensors.rl = Timer_RL_ReadPeriod();
 105:.\main.c      ****     }
 106:.\main.c      ****     
 107:.\main.c      ****     if(statusRR & Timer_RR_STATUS_CAPTURE) {
 108:.\main.c      ****         sensors.rr = Timer_RR_ReadPeriod() - Timer_RR_ReadCapture();
 109:.\main.c      ****     }
 110:.\main.c      ****     else {
 111:.\main.c      ****         sensors.rr = Timer_RR_ReadPeriod();
 112:.\main.c      ****     }
 113:.\main.c      ****     
 114:.\main.c      ****     if(statusLL & Timer_LL_STATUS_CAPTURE) {
 115:.\main.c      ****         sensors.ll = Timer_LL_ReadPeriod() - Timer_LL_ReadCapture();
 116:.\main.c      ****     }
 117:.\main.c      ****     else {
 118:.\main.c      ****         sensors.ll = Timer_LL_ReadPeriod();
 119:.\main.c      ****     }
 120:.\main.c      ****     
 121:.\main.c      ****     if(statusLR & Timer_LR_STATUS_CAPTURE) {
 122:.\main.c      ****         sensors.lr = Timer_LR_ReadPeriod() - Timer_LR_ReadCapture();
 123:.\main.c      ****     }
 124:.\main.c      ****     else {
 125:.\main.c      ****         sensors.lr = Timer_LR_ReadPeriod();
 126:.\main.c      ****     }
 127:.\main.c      ****     
 128:.\main.c      ****     RL_SetDriveMode(PIN_DM_STRONG);
 129:.\main.c      ****     RL_Write(1);
 130:.\main.c      ****     RR_SetDriveMode(PIN_DM_STRONG);
 131:.\main.c      ****     RR_Write(1);
 132:.\main.c      ****     LL_SetDriveMode(PIN_DM_STRONG);
 133:.\main.c      ****     LL_Write(1);
 134:.\main.c      ****     LR_SetDriveMode(PIN_DM_STRONG);
 135:.\main.c      ****     LR_Write(1);
 136:.\main.c      ****     CyDelayUs(10);
 137:.\main.c      ****     RL_SetDriveMode(PIN_DM_DIG_HIZ);
 138:.\main.c      ****     RR_SetDriveMode(PIN_DM_DIG_HIZ);
 139:.\main.c      ****     LL_SetDriveMode(PIN_DM_DIG_HIZ);
 140:.\main.c      ****     LR_SetDriveMode(PIN_DM_DIG_HIZ);
 141:.\main.c      ****         
 142:.\main.c      **** }
 143:.\main.c      **** 
 144:.\main.c      **** void reflectance_period()
 145:.\main.c      **** {
 146:.\main.c      ****      printf("Period: %d %d %d %d \t", sensors.ll, sensors.lr, sensors.rl, sensors.rr); 
 147:.\main.c      **** }
 148:.\main.c      **** 
 149:.\main.c      **** void reflectance_digital()
 150:.\main.c      **** {
ARM GAS  C:\Users\suminh\AppData\Local\Temp\ccRL4pok.s 			page 7


 151:.\main.c      ****     //if the results of reflectance_period function is over 10000, set digital_sensor_value to 0, w
 152:.\main.c      ****     if(sensors.ll > 10000)
 153:.\main.c      ****         digital_sensor_value.ll  = 0;
 154:.\main.c      ****     else
 155:.\main.c      ****         digital_sensor_value.ll  = 1;
 156:.\main.c      ****     if(sensors.lr > 10000)
 157:.\main.c      ****         digital_sensor_value.lr  = 0;
 158:.\main.c      ****     else
 159:.\main.c      ****         digital_sensor_value.lr  = 1;
 160:.\main.c      ****     if(sensors.rl > 10000)
 161:.\main.c      ****         digital_sensor_value.rl  = 0;
 162:.\main.c      ****     else
 163:.\main.c      ****         digital_sensor_value.rl  = 1;
 164:.\main.c      ****     if(sensors.rr > 10000)
 165:.\main.c      ****         digital_sensor_value.rr  = 0;
 166:.\main.c      ****     else
 167:.\main.c      ****         digital_sensor_value.rr  = 1;
 168:.\main.c      ****         
 169:.\main.c      ****    //print out the results
 170:.\main.c      ****    printf("LL LR RL RR : %d %d %d %d \t", digital_sensor_value.ll, digital_sensor_value.lr, digital
 171:.\main.c      **** }
 172:.\main.c      **** 
 173:.\main.c      **** */
 174:.\main.c      **** 
 175:.\main.c      **** void nunchuk_init(void)
 176:.\main.c      **** {
 182              		.loc 1 176 0
 183              		.cfi_startproc
 184              		@ args = 0, pretend = 0, frame = 8
 185              		@ frame_needed = 0, uses_anonymous_args = 0
 186 0000 10B5     		push	{r4, lr}
 187              		.cfi_def_cfa_offset 8
 188              		.cfi_offset 4, -8
 189              		.cfi_offset 14, -4
 190 0002 82B0     		sub	sp, sp, #8
 191              		.cfi_def_cfa_offset 16
 177:.\main.c      ****     uint8_t buf[2] = { 0x40, 0x00 };
 192              		.loc 1 177 0
 193 0004 4023     		movs	r3, #64
 194 0006 8DF80430 		strb	r3, [sp, #4]
 195 000a 0024     		movs	r4, #0
 196 000c 8DF80540 		strb	r4, [sp, #5]
 178:.\main.c      ****     uint8_t status;
 179:.\main.c      ****     I2C_2_MasterClearStatus();
 197              		.loc 1 179 0
 198 0010 FFF7FEFF 		bl	I2C_2_MasterClearStatus
 199              	.LVL22:
 180:.\main.c      ****     CyDelay(100);
 200              		.loc 1 180 0
 201 0014 6420     		movs	r0, #100
 202 0016 FFF7FEFF 		bl	CyDelay
 203              	.LVL23:
 181:.\main.c      ****     status = I2C_2_MasterWriteBuf(0x52, buf, 2, I2C_2_MODE_COMPLETE_XFER);
 204              		.loc 1 181 0
 205 001a 5220     		movs	r0, #82
 206 001c 01A9     		add	r1, sp, #4
 207 001e 0222     		movs	r2, #2
ARM GAS  C:\Users\suminh\AppData\Local\Temp\ccRL4pok.s 			page 8


 208 0020 2346     		mov	r3, r4
 209 0022 FFF7FEFF 		bl	I2C_2_MasterWriteBuf
 210              	.LVL24:
 211              	.L13:
 182:.\main.c      ****     while(((status = I2C_2_MasterStatus()) & I2C_2_MSTAT_WR_CMPLT) == 0);
 212              		.loc 1 182 0 discriminator 1
 213 0026 FFF7FEFF 		bl	I2C_2_MasterStatus
 214              	.LVL25:
 215 002a 10F0020F 		tst	r0, #2
 216 002e FAD0     		beq	.L13
 183:.\main.c      ****     CyDelay(100);
 217              		.loc 1 183 0
 218 0030 6420     		movs	r0, #100
 219              	.LVL26:
 220 0032 FFF7FEFF 		bl	CyDelay
 221              	.LVL27:
 184:.\main.c      **** }    
 222              		.loc 1 184 0
 223 0036 02B0     		add	sp, sp, #8
 224              		.cfi_def_cfa_offset 8
 225              		@ sp needed
 226 0038 10BD     		pop	{r4, pc}
 227              		.cfi_endproc
 228              	.LFE65:
 229              		.size	nunchuk_init, .-nunchuk_init
 230 003a 00BF     		.section	.text.nunchuk_read,"ax",%progbits
 231              		.align	2
 232              		.global	nunchuk_read
 233              		.thumb
 234              		.thumb_func
 235              		.type	nunchuk_read, %function
 236              	nunchuk_read:
 237              	.LFB66:
 185:.\main.c      **** 
 186:.\main.c      **** void nunchuk_read(void)
 187:.\main.c      **** {
 238              		.loc 1 187 0
 239              		.cfi_startproc
 240              		@ args = 0, pretend = 0, frame = 8
 241              		@ frame_needed = 0, uses_anonymous_args = 0
 242 0000 30B5     		push	{r4, r5, lr}
 243              		.cfi_def_cfa_offset 12
 244              		.cfi_offset 4, -12
 245              		.cfi_offset 5, -8
 246              		.cfi_offset 14, -4
 247 0002 83B0     		sub	sp, sp, #12
 248              		.cfi_def_cfa_offset 24
 188:.\main.c      ****     uint8_t status;
 189:.\main.c      ****     uint8_t buf[6];
 190:.\main.c      ****     // send conversion command
 191:.\main.c      ****     buf[0] = 0x00;
 249              		.loc 1 191 0
 250 0004 0025     		movs	r5, #0
 251 0006 02AC     		add	r4, sp, #8
 252 0008 04F8085D 		strb	r5, [r4, #-8]!
 192:.\main.c      ****     I2C_2_MasterClearStatus();
 253              		.loc 1 192 0
ARM GAS  C:\Users\suminh\AppData\Local\Temp\ccRL4pok.s 			page 9


 254 000c FFF7FEFF 		bl	I2C_2_MasterClearStatus
 255              	.LVL28:
 193:.\main.c      ****     status = I2C_2_MasterWriteBuf(0x52, buf, 1, I2C_2_MODE_COMPLETE_XFER);
 256              		.loc 1 193 0
 257 0010 5220     		movs	r0, #82
 258 0012 2146     		mov	r1, r4
 259 0014 0122     		movs	r2, #1
 260 0016 2B46     		mov	r3, r5
 261 0018 FFF7FEFF 		bl	I2C_2_MasterWriteBuf
 262              	.LVL29:
 263              	.L16:
 194:.\main.c      ****     while(((status = I2C_2_MasterStatus()) & I2C_2_MSTAT_WR_CMPLT) == 0);
 264              		.loc 1 194 0 discriminator 1
 265 001c FFF7FEFF 		bl	I2C_2_MasterStatus
 266              	.LVL30:
 267 0020 10F0020F 		tst	r0, #2
 268 0024 FAD0     		beq	.L16
 195:.\main.c      ****     // wait for conversion to complete
 196:.\main.c      ****     CyDelay(50); // todo: check if shorter wait would work
 269              		.loc 1 196 0
 270 0026 3220     		movs	r0, #50
 271              	.LVL31:
 272 0028 FFF7FEFF 		bl	CyDelay
 273              	.LVL32:
 197:.\main.c      ****     // read values
 198:.\main.c      ****     I2C_2_MasterClearStatus();
 274              		.loc 1 198 0
 275 002c FFF7FEFF 		bl	I2C_2_MasterClearStatus
 276              	.LVL33:
 199:.\main.c      ****     status = I2C_2_MasterReadBuf(0x52, buf, 6, I2C_2_MODE_COMPLETE_XFER);
 277              		.loc 1 199 0
 278 0030 5220     		movs	r0, #82
 279 0032 6946     		mov	r1, sp
 280 0034 0622     		movs	r2, #6
 281 0036 0023     		movs	r3, #0
 282 0038 FFF7FEFF 		bl	I2C_2_MasterReadBuf
 283              	.LVL34:
 284              	.L17:
 200:.\main.c      ****     while(((status = I2C_2_MasterStatus()) & I2C_2_MSTAT_RD_CMPLT) == 0);
 285              		.loc 1 200 0 discriminator 1
 286 003c FFF7FEFF 		bl	I2C_2_MasterStatus
 287              	.LVL35:
 288 0040 10F0010F 		tst	r0, #1
 289 0044 FAD0     		beq	.L17
 290 0046 0023     		movs	r3, #0
 291 0048 00E0     		b	.L18
 292              	.LVL36:
 293              	.L19:
 201:.\main.c      ****     
 202:.\main.c      ****     int i;
 203:.\main.c      ****     // decrypt data
 204:.\main.c      ****     for(i = 0; i < 6; i++) buf[i] = (buf[i] ^ 0x17) + 0x17;
 294              		.loc 1 204 0 discriminator 3
 295 004a 0133     		adds	r3, r3, #1
 296              	.LVL37:
 297              	.L18:
 298              		.loc 1 204 0 is_stmt 0 discriminator 1
ARM GAS  C:\Users\suminh\AppData\Local\Temp\ccRL4pok.s 			page 10


 299 004c 052B     		cmp	r3, #5
 300 004e FCDD     		ble	.L19
 205:.\main.c      ****     // accelerometer values
 206:.\main.c      ****     /*
 207:.\main.c      ****     int x,y,z;
 208:.\main.c      ****     x = (buf[2] << 2) | ((buf[5] >> 2) & 0x03);
 209:.\main.c      ****     y = (buf[3] << 2) | ((buf[5] >> 4) & 0x03);
 210:.\main.c      ****     z = (buf[4] << 2) | ((buf[5] >> 6) & 0x03);
 211:.\main.c      ****     // buf[0] = JoyX, buf[1] = JoyY
 212:.\main.c      ****     //printf("%3d %3d, %d, %d, %4d %4d %4d\r\n", buf[0], buf[1], (buf[5] >> 1) & 1, buf[5] & 1, x, 
 213:.\main.c      ****     */
 214:.\main.c      **** }    
 301              		.loc 1 214 0 is_stmt 1
 302 0050 03B0     		add	sp, sp, #12
 303              		.cfi_def_cfa_offset 12
 304              		@ sp needed
 305 0052 30BD     		pop	{r4, r5, pc}
 306              		.cfi_endproc
 307              	.LFE66:
 308              		.size	nunchuk_read, .-nunchuk_read
 309              		.section	.text._write,"ax",%progbits
 310              		.align	2
 311              		.global	_write
 312              		.thumb
 313              		.thumb_func
 314              		.type	_write, %function
 315              	_write:
 316              	.LFB67:
 215:.\main.c      **** 
 216:.\main.c      **** #if 0
 217:.\main.c      **** int rread(void)
 218:.\main.c      **** {
 219:.\main.c      ****     SC0_SetDriveMode(PIN_DM_STRONG);
 220:.\main.c      ****     SC0_Write(1);
 221:.\main.c      ****     CyDelayUs(10);
 222:.\main.c      ****     SC0_SetDriveMode(PIN_DM_DIG_HIZ);
 223:.\main.c      ****     Timer_1_Start();
 224:.\main.c      ****     uint16_t start = Timer_1_ReadCounter();
 225:.\main.c      ****     uint16_t end = 0;
 226:.\main.c      ****     while(!(Timer_1_ReadStatusRegister() & Timer_1_STATUS_TC)) {
 227:.\main.c      ****         if(SC0_Read() == 0 && end == 0) {
 228:.\main.c      ****             end = Timer_1_ReadCounter();
 229:.\main.c      ****         }
 230:.\main.c      ****     }
 231:.\main.c      ****     Timer_1_Stop();
 232:.\main.c      ****     
 233:.\main.c      ****     return (start - end);
 234:.\main.c      **** }
 235:.\main.c      **** #endif
 236:.\main.c      **** 
 237:.\main.c      **** int _write(int file, char *ptr, int len)
 238:.\main.c      **** {
 317              		.loc 1 238 0
 318              		.cfi_startproc
 319              		@ args = 0, pretend = 0, frame = 0
 320              		@ frame_needed = 0, uses_anonymous_args = 0
 321              	.LVL38:
ARM GAS  C:\Users\suminh\AppData\Local\Temp\ccRL4pok.s 			page 11


 322 0000 70B5     		push	{r4, r5, r6, lr}
 323              		.cfi_def_cfa_offset 16
 324              		.cfi_offset 4, -16
 325              		.cfi_offset 5, -12
 326              		.cfi_offset 6, -8
 327              		.cfi_offset 14, -4
 328 0002 1646     		mov	r6, r2
 329              	.LVL39:
 239:.\main.c      ****     (void) file;
 240:.\main.c      **** 	int n;
 241:.\main.c      **** 	for(n = 0; n < len; n++) {
 330              		.loc 1 241 0
 331 0004 0024     		movs	r4, #0
 332 0006 05E0     		b	.L22
 333              	.LVL40:
 334              	.L23:
 242:.\main.c      **** 		UART_PutChar(*ptr++);
 335              		.loc 1 242 0 discriminator 3
 336 0008 4D1C     		adds	r5, r1, #1
 337              	.LVL41:
 338 000a 0878     		ldrb	r0, [r1]	@ zero_extendqisi2
 339 000c FFF7FEFF 		bl	UART_PutChar
 340              	.LVL42:
 241:.\main.c      **** 		UART_PutChar(*ptr++);
 341              		.loc 1 241 0 discriminator 3
 342 0010 0134     		adds	r4, r4, #1
 343              	.LVL43:
 344              		.loc 1 242 0 discriminator 3
 345 0012 2946     		mov	r1, r5
 346              	.LVL44:
 347              	.L22:
 241:.\main.c      **** 		UART_PutChar(*ptr++);
 348              		.loc 1 241 0 discriminator 1
 349 0014 B442     		cmp	r4, r6
 350 0016 F7DB     		blt	.L23
 243:.\main.c      **** 	}
 244:.\main.c      **** 	return len;
 245:.\main.c      **** }
 351              		.loc 1 245 0
 352 0018 3046     		mov	r0, r6
 353 001a 70BD     		pop	{r4, r5, r6, pc}
 354              		.cfi_endproc
 355              	.LFE67:
 356              		.size	_write, .-_write
 357              		.comm	digital_sensor_value,8,4
 358              		.comm	sensors,8,4
 359              		.global	cent
 360              		.global	distance
 361              		.global	i
 362              		.section	.rodata.str1.4,"aMS",%progbits,1
 363              		.align	2
 364              	.LC0:
 365 0000 69203D20 		.ascii	"i = %6d, distance = %4d                \015\000"
 365      2536642C 
 365      20646973 
 365      74616E63 
 365      65203D20 
ARM GAS  C:\Users\suminh\AppData\Local\Temp\ccRL4pok.s 			page 12


 366 0029 000000   		.space	3
 367              	.LC1:
 368 002c 53746172 		.ascii	"Start\015\000"
 368      740D00
 369 0033 00       		.bss
 370              		.align	2
 371              		.set	.LANCHOR0,. + 0
 372              		.type	i, %object
 373              		.size	i, 2
 374              	i:
 375 0000 0000     		.space	2
 376 0002 0000     		.space	2
 377              		.type	distance, %object
 378              		.size	distance, 4
 379              	distance:
 380 0004 00000000 		.space	4
 381              		.type	cent, %object
 382              		.size	cent, 4
 383              	cent:
 384 0008 00000000 		.space	4
 385              		.text
 386              	.Letext0:
 387              		.file 2 "c:\\program files (x86)\\cypress\\psoc creator\\3.3\\psoc creator\\import\\gnu\\arm\\4.9.
 388              		.file 3 "c:\\program files (x86)\\cypress\\psoc creator\\3.3\\psoc creator\\import\\gnu\\arm\\4.9.
 389              		.file 4 "Generated_Source\\PSoC5/cytypes.h"
 390              		.file 5 "Generated_Source\\PSoC5/core_cm3.h"
 391              		.file 6 "Generated_Source\\PSoC5/Timer.h"
 392              		.file 7 "Generated_Source\\PSoC5/Echo.h"
 393              		.file 8 "Generated_Source\\PSoC5/ultra_isr.h"
 394              		.file 9 "Generated_Source\\PSoC5/UART.h"
 395              		.file 10 "Generated_Source\\PSoC5/CyLib.h"
 396              		.file 11 "Generated_Source\\PSoC5/Trigger.h"
 397              		.file 12 "Generated_Source\\PSoC5/I2C_2.h"
 398              		.file 13 "c:\\program files (x86)\\cypress\\psoc creator\\3.3\\psoc creator\\import\\gnu\\arm\\4.9
 399              		.file 14 "<built-in>"
 400              		.section	.debug_info,"",%progbits
 401              	.Ldebug_info0:
 402 0000 0F060000 		.4byte	0x60f
 403 0004 0400     		.2byte	0x4
 404 0006 00000000 		.4byte	.Ldebug_abbrev0
 405 000a 04       		.byte	0x4
 406 000b 01       		.uleb128 0x1
 407 000c 78020000 		.4byte	.LASF52
 408 0010 01       		.byte	0x1
 409 0011 5F030000 		.4byte	.LASF53
 410 0015 3E010000 		.4byte	.LASF54
 411 0019 00000000 		.4byte	.Ldebug_ranges0+0
 412 001d 00000000 		.4byte	0
 413 0021 00000000 		.4byte	.Ldebug_line0
 414 0025 02       		.uleb128 0x2
 415 0026 01       		.byte	0x1
 416 0027 06       		.byte	0x6
 417 0028 F0010000 		.4byte	.LASF0
 418 002c 03       		.uleb128 0x3
 419 002d 34010000 		.4byte	.LASF3
 420 0031 02       		.byte	0x2
 421 0032 1D       		.byte	0x1d
ARM GAS  C:\Users\suminh\AppData\Local\Temp\ccRL4pok.s 			page 13


 422 0033 37000000 		.4byte	0x37
 423 0037 02       		.uleb128 0x2
 424 0038 01       		.byte	0x1
 425 0039 08       		.byte	0x8
 426 003a AE010000 		.4byte	.LASF1
 427 003e 02       		.uleb128 0x2
 428 003f 02       		.byte	0x2
 429 0040 05       		.byte	0x5
 430 0041 79000000 		.4byte	.LASF2
 431 0045 03       		.uleb128 0x3
 432 0046 B3000000 		.4byte	.LASF4
 433 004a 02       		.byte	0x2
 434 004b 2B       		.byte	0x2b
 435 004c 50000000 		.4byte	0x50
 436 0050 02       		.uleb128 0x2
 437 0051 02       		.byte	0x2
 438 0052 07       		.byte	0x7
 439 0053 40020000 		.4byte	.LASF5
 440 0057 03       		.uleb128 0x3
 441 0058 68030000 		.4byte	.LASF6
 442 005c 02       		.byte	0x2
 443 005d 3F       		.byte	0x3f
 444 005e 62000000 		.4byte	0x62
 445 0062 02       		.uleb128 0x2
 446 0063 04       		.byte	0x4
 447 0064 05       		.byte	0x5
 448 0065 24010000 		.4byte	.LASF7
 449 0069 02       		.uleb128 0x2
 450 006a 04       		.byte	0x4
 451 006b 07       		.byte	0x7
 452 006c 4D030000 		.4byte	.LASF8
 453 0070 02       		.uleb128 0x2
 454 0071 08       		.byte	0x8
 455 0072 05       		.byte	0x5
 456 0073 05010000 		.4byte	.LASF9
 457 0077 02       		.uleb128 0x2
 458 0078 08       		.byte	0x8
 459 0079 07       		.byte	0x7
 460 007a FC010000 		.4byte	.LASF10
 461 007e 04       		.uleb128 0x4
 462 007f 04       		.byte	0x4
 463 0080 05       		.byte	0x5
 464 0081 696E7400 		.ascii	"int\000"
 465 0085 02       		.uleb128 0x2
 466 0086 04       		.byte	0x4
 467 0087 07       		.byte	0x7
 468 0088 13020000 		.4byte	.LASF11
 469 008c 03       		.uleb128 0x3
 470 008d E4000000 		.4byte	.LASF12
 471 0091 03       		.byte	0x3
 472 0092 15       		.byte	0x15
 473 0093 2C000000 		.4byte	0x2c
 474 0097 03       		.uleb128 0x3
 475 0098 20020000 		.4byte	.LASF13
 476 009c 03       		.byte	0x3
 477 009d 21       		.byte	0x21
 478 009e 45000000 		.4byte	0x45
ARM GAS  C:\Users\suminh\AppData\Local\Temp\ccRL4pok.s 			page 14


 479 00a2 03       		.uleb128 0x3
 480 00a3 23030000 		.4byte	.LASF14
 481 00a7 03       		.byte	0x3
 482 00a8 2C       		.byte	0x2c
 483 00a9 57000000 		.4byte	0x57
 484 00ad 05       		.uleb128 0x5
 485 00ae EC000000 		.4byte	.LASF15
 486 00b2 04       		.byte	0x4
 487 00b3 3801     		.2byte	0x138
 488 00b5 37000000 		.4byte	0x37
 489 00b9 05       		.uleb128 0x5
 490 00ba DD000000 		.4byte	.LASF16
 491 00be 04       		.byte	0x4
 492 00bf 3901     		.2byte	0x139
 493 00c1 50000000 		.4byte	0x50
 494 00c5 05       		.uleb128 0x5
 495 00c6 46030000 		.4byte	.LASF17
 496 00ca 04       		.byte	0x4
 497 00cb 3A01     		.2byte	0x13a
 498 00cd 69000000 		.4byte	0x69
 499 00d1 02       		.uleb128 0x2
 500 00d2 04       		.byte	0x4
 501 00d3 04       		.byte	0x4
 502 00d4 FF000000 		.4byte	.LASF18
 503 00d8 02       		.uleb128 0x2
 504 00d9 08       		.byte	0x8
 505 00da 04       		.byte	0x4
 506 00db 72030000 		.4byte	.LASF19
 507 00df 02       		.uleb128 0x2
 508 00e0 01       		.byte	0x1
 509 00e1 08       		.byte	0x8
 510 00e2 13010000 		.4byte	.LASF20
 511 00e6 05       		.uleb128 0x5
 512 00e7 DE010000 		.4byte	.LASF21
 513 00eb 04       		.byte	0x4
 514 00ec F401     		.2byte	0x1f4
 515 00ee F2000000 		.4byte	0xf2
 516 00f2 06       		.uleb128 0x6
 517 00f3 04       		.byte	0x4
 518 00f4 F8000000 		.4byte	0xf8
 519 00f8 07       		.uleb128 0x7
 520 00f9 02       		.uleb128 0x2
 521 00fa 04       		.byte	0x4
 522 00fb 07       		.byte	0x7
 523 00fc 83000000 		.4byte	.LASF22
 524 0100 06       		.uleb128 0x6
 525 0101 04       		.byte	0x4
 526 0102 DF000000 		.4byte	0xdf
 527 0106 06       		.uleb128 0x6
 528 0107 04       		.byte	0x4
 529 0108 0C010000 		.4byte	0x10c
 530 010c 08       		.uleb128 0x8
 531 010d DF000000 		.4byte	0xdf
 532 0111 09       		.uleb128 0x9
 533 0112 3D030000 		.4byte	.LASF23
 534 0116 08       		.byte	0x8
 535 0117 01       		.byte	0x1
ARM GAS  C:\Users\suminh\AppData\Local\Temp\ccRL4pok.s 			page 15


 536 0118 1D       		.byte	0x1d
 537 0119 4A010000 		.4byte	0x14a
 538 011d 0A       		.uleb128 0xa
 539 011e 6C6C00   		.ascii	"ll\000"
 540 0121 01       		.byte	0x1
 541 0122 1E       		.byte	0x1e
 542 0123 97000000 		.4byte	0x97
 543 0127 00       		.byte	0
 544 0128 0A       		.uleb128 0xa
 545 0129 6C7200   		.ascii	"lr\000"
 546 012c 01       		.byte	0x1
 547 012d 20       		.byte	0x20
 548 012e 97000000 		.4byte	0x97
 549 0132 02       		.byte	0x2
 550 0133 0A       		.uleb128 0xa
 551 0134 726C00   		.ascii	"rl\000"
 552 0137 01       		.byte	0x1
 553 0138 21       		.byte	0x21
 554 0139 97000000 		.4byte	0x97
 555 013d 04       		.byte	0x4
 556 013e 0A       		.uleb128 0xa
 557 013f 727200   		.ascii	"rr\000"
 558 0142 01       		.byte	0x1
 559 0143 23       		.byte	0x23
 560 0144 97000000 		.4byte	0x97
 561 0148 06       		.byte	0x6
 562 0149 00       		.byte	0
 563 014a 09       		.uleb128 0x9
 564 014b 0F000000 		.4byte	.LASF24
 565 014f 08       		.byte	0x8
 566 0150 01       		.byte	0x1
 567 0151 26       		.byte	0x26
 568 0152 83010000 		.4byte	0x183
 569 0156 0A       		.uleb128 0xa
 570 0157 6C6C00   		.ascii	"ll\000"
 571 015a 01       		.byte	0x1
 572 015b 27       		.byte	0x27
 573 015c 97000000 		.4byte	0x97
 574 0160 00       		.byte	0
 575 0161 0A       		.uleb128 0xa
 576 0162 6C7200   		.ascii	"lr\000"
 577 0165 01       		.byte	0x1
 578 0166 29       		.byte	0x29
 579 0167 97000000 		.4byte	0x97
 580 016b 02       		.byte	0x2
 581 016c 0A       		.uleb128 0xa
 582 016d 726C00   		.ascii	"rl\000"
 583 0170 01       		.byte	0x1
 584 0171 2A       		.byte	0x2a
 585 0172 97000000 		.4byte	0x97
 586 0176 04       		.byte	0x4
 587 0177 0A       		.uleb128 0xa
 588 0178 727200   		.ascii	"rr\000"
 589 017b 01       		.byte	0x1
 590 017c 2C       		.byte	0x2c
 591 017d 97000000 		.4byte	0x97
 592 0181 06       		.byte	0x6
ARM GAS  C:\Users\suminh\AppData\Local\Temp\ccRL4pok.s 			page 16


 593 0182 00       		.byte	0
 594 0183 0B       		.uleb128 0xb
 595 0184 29020000 		.4byte	.LASF25
 596 0188 01       		.byte	0x1
 597 0189 48       		.byte	0x48
 598 018a 00000000 		.4byte	.LFB64
 599 018e 78000000 		.4byte	.LFE64-.LFB64
 600 0192 01       		.uleb128 0x1
 601 0193 9C       		.byte	0x9c
 602 0194 0B020000 		.4byte	0x20b
 603 0198 0C       		.uleb128 0xc
 604 0199 06000000 		.4byte	.LVL0
 605 019d E7040000 		.4byte	0x4e7
 606 01a1 0C       		.uleb128 0xc
 607 01a2 0A000000 		.4byte	.LVL1
 608 01a6 EE040000 		.4byte	0x4ee
 609 01aa 0C       		.uleb128 0xc
 610 01ab 0E000000 		.4byte	.LVL2
 611 01af F9040000 		.4byte	0x4f9
 612 01b3 0C       		.uleb128 0xc
 613 01b4 14000000 		.4byte	.LVL3
 614 01b8 04050000 		.4byte	0x504
 615 01bc 0D       		.uleb128 0xd
 616 01bd 48000000 		.4byte	.LVL10
 617 01c1 0F050000 		.4byte	0x50f
 618 01c5 D9010000 		.4byte	0x1d9
 619 01c9 0E       		.uleb128 0xe
 620 01ca 01       		.uleb128 0x1
 621 01cb 51       		.byte	0x51
 622 01cc 02       		.uleb128 0x2
 623 01cd 75       		.byte	0x75
 624 01ce 00       		.sleb128 0
 625 01cf 0E       		.uleb128 0xe
 626 01d0 01       		.uleb128 0x1
 627 01d1 50       		.byte	0x50
 628 01d2 05       		.uleb128 0x5
 629 01d3 03       		.byte	0x3
 630 01d4 00000000 		.4byte	.LC0
 631 01d8 00       		.byte	0
 632 01d9 0D       		.uleb128 0xd
 633 01da 50000000 		.4byte	.LVL11
 634 01de 25050000 		.4byte	0x525
 635 01e2 ED010000 		.4byte	0x1ed
 636 01e6 0E       		.uleb128 0xe
 637 01e7 01       		.uleb128 0x1
 638 01e8 50       		.byte	0x50
 639 01e9 02       		.uleb128 0x2
 640 01ea 09       		.byte	0x9
 641 01eb FF       		.byte	0xff
 642 01ec 00       		.byte	0
 643 01ed 0D       		.uleb128 0xd
 644 01ee 5A000000 		.4byte	.LVL12
 645 01f2 25050000 		.4byte	0x525
 646 01f6 01020000 		.4byte	0x201
 647 01fa 0E       		.uleb128 0xe
 648 01fb 01       		.uleb128 0x1
 649 01fc 50       		.byte	0x50
ARM GAS  C:\Users\suminh\AppData\Local\Temp\ccRL4pok.s 			page 17


 650 01fd 02       		.uleb128 0x2
 651 01fe 09       		.byte	0x9
 652 01ff FF       		.byte	0xff
 653 0200 00       		.byte	0
 654 0201 0C       		.uleb128 0xc
 655 0202 5E000000 		.4byte	.LVL13
 656 0206 36050000 		.4byte	0x536
 657 020a 00       		.byte	0
 658 020b 0F       		.uleb128 0xf
 659 020c 94000000 		.4byte	.LASF26
 660 0210 01       		.byte	0x1
 661 0211 2F       		.byte	0x2f
 662 0212 7E000000 		.4byte	0x7e
 663 0216 00000000 		.4byte	.LFB63
 664 021a 3C000000 		.4byte	.LFE63-.LFB63
 665 021e 01       		.uleb128 0x1
 666 021f 9C       		.byte	0x9c
 667 0220 AE020000 		.4byte	0x2ae
 668 0224 0D       		.uleb128 0xd
 669 0225 08000000 		.4byte	.LVL14
 670 0229 3D050000 		.4byte	0x53d
 671 022d 3B020000 		.4byte	0x23b
 672 0231 0E       		.uleb128 0xe
 673 0232 01       		.uleb128 0x1
 674 0233 50       		.byte	0x50
 675 0234 05       		.uleb128 0x5
 676 0235 03       		.byte	0x3
 677 0236 00000000 		.4byte	ultra_isr_handler
 678 023a 00       		.byte	0
 679 023b 0C       		.uleb128 0xc
 680 023c 0E000000 		.4byte	.LVL15
 681 0240 4E050000 		.4byte	0x54e
 682 0244 0C       		.uleb128 0xc
 683 0245 12000000 		.4byte	.LVL16
 684 0249 36050000 		.4byte	0x536
 685 024d 0D       		.uleb128 0xd
 686 024e 18000000 		.4byte	.LVL17
 687 0252 55050000 		.4byte	0x555
 688 0256 64020000 		.4byte	0x264
 689 025a 0E       		.uleb128 0xe
 690 025b 01       		.uleb128 0x1
 691 025c 50       		.byte	0x50
 692 025d 05       		.uleb128 0x5
 693 025e 03       		.byte	0x3
 694 025f 2C000000 		.4byte	.LC1
 695 0263 00       		.byte	0
 696 0264 0D       		.uleb128 0xd
 697 0265 1E000000 		.4byte	.LVL18
 698 0269 6E050000 		.4byte	0x56e
 699 026d 78020000 		.4byte	0x278
 700 0271 0E       		.uleb128 0xe
 701 0272 01       		.uleb128 0x1
 702 0273 50       		.byte	0x50
 703 0274 02       		.uleb128 0x2
 704 0275 08       		.byte	0x8
 705 0276 64       		.byte	0x64
 706 0277 00       		.byte	0
ARM GAS  C:\Users\suminh\AppData\Local\Temp\ccRL4pok.s 			page 18


 707 0278 0D       		.uleb128 0xd
 708 0279 24000000 		.4byte	.LVL19
 709 027d 7F050000 		.4byte	0x57f
 710 0281 8B020000 		.4byte	0x28b
 711 0285 0E       		.uleb128 0xe
 712 0286 01       		.uleb128 0x1
 713 0287 50       		.byte	0x50
 714 0288 01       		.uleb128 0x1
 715 0289 31       		.byte	0x31
 716 028a 00       		.byte	0
 717 028b 0D       		.uleb128 0xd
 718 028c 2A000000 		.4byte	.LVL20
 719 0290 90050000 		.4byte	0x590
 720 0294 9E020000 		.4byte	0x29e
 721 0298 0E       		.uleb128 0xe
 722 0299 01       		.uleb128 0x1
 723 029a 50       		.byte	0x50
 724 029b 01       		.uleb128 0x1
 725 029c 3A       		.byte	0x3a
 726 029d 00       		.byte	0
 727 029e 10       		.uleb128 0x10
 728 029f 30000000 		.4byte	.LVL21
 729 02a3 7F050000 		.4byte	0x57f
 730 02a7 0E       		.uleb128 0xe
 731 02a8 01       		.uleb128 0x1
 732 02a9 50       		.byte	0x50
 733 02aa 01       		.uleb128 0x1
 734 02ab 30       		.byte	0x30
 735 02ac 00       		.byte	0
 736 02ad 00       		.byte	0
 737 02ae 11       		.uleb128 0x11
 738 02af F2000000 		.4byte	.LASF27
 739 02b3 01       		.byte	0x1
 740 02b4 AF       		.byte	0xaf
 741 02b5 00000000 		.4byte	.LFB65
 742 02b9 3A000000 		.4byte	.LFE65-.LFB65
 743 02bd 01       		.uleb128 0x1
 744 02be 9C       		.byte	0x9c
 745 02bf 3C030000 		.4byte	0x33c
 746 02c3 12       		.uleb128 0x12
 747 02c4 62756600 		.ascii	"buf\000"
 748 02c8 01       		.byte	0x1
 749 02c9 B1       		.byte	0xb1
 750 02ca 3C030000 		.4byte	0x33c
 751 02ce 02       		.uleb128 0x2
 752 02cf 91       		.byte	0x91
 753 02d0 74       		.sleb128 -12
 754 02d1 13       		.uleb128 0x13
 755 02d2 53020000 		.4byte	.LASF28
 756 02d6 01       		.byte	0x1
 757 02d7 B2       		.byte	0xb2
 758 02d8 8C000000 		.4byte	0x8c
 759 02dc 00000000 		.4byte	.LLST0
 760 02e0 0C       		.uleb128 0xc
 761 02e1 14000000 		.4byte	.LVL22
 762 02e5 A1050000 		.4byte	0x5a1
 763 02e9 0D       		.uleb128 0xd
ARM GAS  C:\Users\suminh\AppData\Local\Temp\ccRL4pok.s 			page 19


 764 02ea 1A000000 		.4byte	.LVL23
 765 02ee 6E050000 		.4byte	0x56e
 766 02f2 FD020000 		.4byte	0x2fd
 767 02f6 0E       		.uleb128 0xe
 768 02f7 01       		.uleb128 0x1
 769 02f8 50       		.byte	0x50
 770 02f9 02       		.uleb128 0x2
 771 02fa 08       		.byte	0x8
 772 02fb 64       		.byte	0x64
 773 02fc 00       		.byte	0
 774 02fd 0D       		.uleb128 0xd
 775 02fe 26000000 		.4byte	.LVL24
 776 0302 AC050000 		.4byte	0x5ac
 777 0306 22030000 		.4byte	0x322
 778 030a 0E       		.uleb128 0xe
 779 030b 01       		.uleb128 0x1
 780 030c 53       		.byte	0x53
 781 030d 02       		.uleb128 0x2
 782 030e 74       		.byte	0x74
 783 030f 00       		.sleb128 0
 784 0310 0E       		.uleb128 0xe
 785 0311 01       		.uleb128 0x1
 786 0312 52       		.byte	0x52
 787 0313 01       		.uleb128 0x1
 788 0314 32       		.byte	0x32
 789 0315 0E       		.uleb128 0xe
 790 0316 01       		.uleb128 0x1
 791 0317 51       		.byte	0x51
 792 0318 02       		.uleb128 0x2
 793 0319 91       		.byte	0x91
 794 031a 74       		.sleb128 -12
 795 031b 0E       		.uleb128 0xe
 796 031c 01       		.uleb128 0x1
 797 031d 50       		.byte	0x50
 798 031e 02       		.uleb128 0x2
 799 031f 08       		.byte	0x8
 800 0320 52       		.byte	0x52
 801 0321 00       		.byte	0
 802 0322 0C       		.uleb128 0xc
 803 0323 2A000000 		.4byte	.LVL25
 804 0327 D6050000 		.4byte	0x5d6
 805 032b 10       		.uleb128 0x10
 806 032c 36000000 		.4byte	.LVL27
 807 0330 6E050000 		.4byte	0x56e
 808 0334 0E       		.uleb128 0xe
 809 0335 01       		.uleb128 0x1
 810 0336 50       		.byte	0x50
 811 0337 02       		.uleb128 0x2
 812 0338 08       		.byte	0x8
 813 0339 64       		.byte	0x64
 814 033a 00       		.byte	0
 815 033b 00       		.byte	0
 816 033c 14       		.uleb128 0x14
 817 033d 8C000000 		.4byte	0x8c
 818 0341 4C030000 		.4byte	0x34c
 819 0345 15       		.uleb128 0x15
 820 0346 F9000000 		.4byte	0xf9
ARM GAS  C:\Users\suminh\AppData\Local\Temp\ccRL4pok.s 			page 20


 821 034a 01       		.byte	0x1
 822 034b 00       		.byte	0
 823 034c 11       		.uleb128 0x11
 824 034d A1010000 		.4byte	.LASF29
 825 0351 01       		.byte	0x1
 826 0352 BA       		.byte	0xba
 827 0353 00000000 		.4byte	.LFB66
 828 0357 54000000 		.4byte	.LFE66-.LFB66
 829 035b 01       		.uleb128 0x1
 830 035c 9C       		.byte	0x9c
 831 035d 0C040000 		.4byte	0x40c
 832 0361 13       		.uleb128 0x13
 833 0362 53020000 		.4byte	.LASF28
 834 0366 01       		.byte	0x1
 835 0367 BC       		.byte	0xbc
 836 0368 8C000000 		.4byte	0x8c
 837 036c 13000000 		.4byte	.LLST1
 838 0370 12       		.uleb128 0x12
 839 0371 62756600 		.ascii	"buf\000"
 840 0375 01       		.byte	0x1
 841 0376 BD       		.byte	0xbd
 842 0377 0C040000 		.4byte	0x40c
 843 037b 02       		.uleb128 0x2
 844 037c 91       		.byte	0x91
 845 037d 68       		.sleb128 -24
 846 037e 12       		.uleb128 0x12
 847 037f 6900     		.ascii	"i\000"
 848 0381 01       		.byte	0x1
 849 0382 CA       		.byte	0xca
 850 0383 7E000000 		.4byte	0x7e
 851 0387 01       		.uleb128 0x1
 852 0388 53       		.byte	0x53
 853 0389 0C       		.uleb128 0xc
 854 038a 10000000 		.4byte	.LVL28
 855 038e A1050000 		.4byte	0x5a1
 856 0392 0D       		.uleb128 0xd
 857 0393 1C000000 		.4byte	.LVL29
 858 0397 AC050000 		.4byte	0x5ac
 859 039b B7030000 		.4byte	0x3b7
 860 039f 0E       		.uleb128 0xe
 861 03a0 01       		.uleb128 0x1
 862 03a1 53       		.byte	0x53
 863 03a2 02       		.uleb128 0x2
 864 03a3 75       		.byte	0x75
 865 03a4 00       		.sleb128 0
 866 03a5 0E       		.uleb128 0xe
 867 03a6 01       		.uleb128 0x1
 868 03a7 52       		.byte	0x52
 869 03a8 01       		.uleb128 0x1
 870 03a9 31       		.byte	0x31
 871 03aa 0E       		.uleb128 0xe
 872 03ab 01       		.uleb128 0x1
 873 03ac 51       		.byte	0x51
 874 03ad 02       		.uleb128 0x2
 875 03ae 74       		.byte	0x74
 876 03af 00       		.sleb128 0
 877 03b0 0E       		.uleb128 0xe
ARM GAS  C:\Users\suminh\AppData\Local\Temp\ccRL4pok.s 			page 21


 878 03b1 01       		.uleb128 0x1
 879 03b2 50       		.byte	0x50
 880 03b3 02       		.uleb128 0x2
 881 03b4 08       		.byte	0x8
 882 03b5 52       		.byte	0x52
 883 03b6 00       		.byte	0
 884 03b7 0C       		.uleb128 0xc
 885 03b8 20000000 		.4byte	.LVL30
 886 03bc D6050000 		.4byte	0x5d6
 887 03c0 0D       		.uleb128 0xd
 888 03c1 2C000000 		.4byte	.LVL32
 889 03c5 6E050000 		.4byte	0x56e
 890 03c9 D4030000 		.4byte	0x3d4
 891 03cd 0E       		.uleb128 0xe
 892 03ce 01       		.uleb128 0x1
 893 03cf 50       		.byte	0x50
 894 03d0 02       		.uleb128 0x2
 895 03d1 08       		.byte	0x8
 896 03d2 32       		.byte	0x32
 897 03d3 00       		.byte	0
 898 03d4 0C       		.uleb128 0xc
 899 03d5 30000000 		.4byte	.LVL33
 900 03d9 A1050000 		.4byte	0x5a1
 901 03dd 0D       		.uleb128 0xd
 902 03de 3C000000 		.4byte	.LVL34
 903 03e2 E1050000 		.4byte	0x5e1
 904 03e6 02040000 		.4byte	0x402
 905 03ea 0E       		.uleb128 0xe
 906 03eb 01       		.uleb128 0x1
 907 03ec 53       		.byte	0x53
 908 03ed 02       		.uleb128 0x2
 909 03ee 75       		.byte	0x75
 910 03ef 00       		.sleb128 0
 911 03f0 0E       		.uleb128 0xe
 912 03f1 01       		.uleb128 0x1
 913 03f2 52       		.byte	0x52
 914 03f3 01       		.uleb128 0x1
 915 03f4 36       		.byte	0x36
 916 03f5 0E       		.uleb128 0xe
 917 03f6 01       		.uleb128 0x1
 918 03f7 51       		.byte	0x51
 919 03f8 02       		.uleb128 0x2
 920 03f9 7D       		.byte	0x7d
 921 03fa 00       		.sleb128 0
 922 03fb 0E       		.uleb128 0xe
 923 03fc 01       		.uleb128 0x1
 924 03fd 50       		.byte	0x50
 925 03fe 02       		.uleb128 0x2
 926 03ff 08       		.byte	0x8
 927 0400 52       		.byte	0x52
 928 0401 00       		.byte	0
 929 0402 0C       		.uleb128 0xc
 930 0403 40000000 		.4byte	.LVL35
 931 0407 D6050000 		.4byte	0x5d6
 932 040b 00       		.byte	0
 933 040c 14       		.uleb128 0x14
 934 040d 8C000000 		.4byte	0x8c
ARM GAS  C:\Users\suminh\AppData\Local\Temp\ccRL4pok.s 			page 22


 935 0411 1C040000 		.4byte	0x41c
 936 0415 15       		.uleb128 0x15
 937 0416 F9000000 		.4byte	0xf9
 938 041a 05       		.byte	0x5
 939 041b 00       		.byte	0
 940 041c 16       		.uleb128 0x16
 941 041d 99000000 		.4byte	.LASF55
 942 0421 01       		.byte	0x1
 943 0422 ED       		.byte	0xed
 944 0423 7E000000 		.4byte	0x7e
 945 0427 00000000 		.4byte	.LFB67
 946 042b 1C000000 		.4byte	.LFE67-.LFB67
 947 042f 01       		.uleb128 0x1
 948 0430 9C       		.byte	0x9c
 949 0431 79040000 		.4byte	0x479
 950 0435 17       		.uleb128 0x17
 951 0436 EB010000 		.4byte	.LASF30
 952 043a 01       		.byte	0x1
 953 043b ED       		.byte	0xed
 954 043c 7E000000 		.4byte	0x7e
 955 0440 31000000 		.4byte	.LLST2
 956 0444 18       		.uleb128 0x18
 957 0445 70747200 		.ascii	"ptr\000"
 958 0449 01       		.byte	0x1
 959 044a ED       		.byte	0xed
 960 044b 00010000 		.4byte	0x100
 961 044f 52000000 		.4byte	.LLST3
 962 0453 18       		.uleb128 0x18
 963 0454 6C656E00 		.ascii	"len\000"
 964 0458 01       		.byte	0x1
 965 0459 ED       		.byte	0xed
 966 045a 7E000000 		.4byte	0x7e
 967 045e 7B000000 		.4byte	.LLST4
 968 0462 19       		.uleb128 0x19
 969 0463 6E00     		.ascii	"n\000"
 970 0465 01       		.byte	0x1
 971 0466 F0       		.byte	0xf0
 972 0467 7E000000 		.4byte	0x7e
 973 046b 99000000 		.4byte	.LLST5
 974 046f 0C       		.uleb128 0xc
 975 0470 10000000 		.4byte	.LVL42
 976 0474 05060000 		.4byte	0x605
 977 0478 00       		.byte	0
 978 0479 1A       		.uleb128 0x1a
 979 047a 79030000 		.4byte	.LASF31
 980 047e 05       		.byte	0x5
 981 047f 5506     		.2byte	0x655
 982 0481 85040000 		.4byte	0x485
 983 0485 1B       		.uleb128 0x1b
 984 0486 A2000000 		.4byte	0xa2
 985 048a 1C       		.uleb128 0x1c
 986 048b 6900     		.ascii	"i\000"
 987 048d 01       		.byte	0x1
 988 048e 17       		.byte	0x17
 989 048f 97000000 		.4byte	0x97
 990 0493 05       		.uleb128 0x5
 991 0494 03       		.byte	0x3
ARM GAS  C:\Users\suminh\AppData\Local\Temp\ccRL4pok.s 			page 23


 992 0495 00000000 		.4byte	i
 993 0499 1D       		.uleb128 0x1d
 994 049a 6F020000 		.4byte	.LASF32
 995 049e 01       		.byte	0x1
 996 049f 18       		.byte	0x18
 997 04a0 D1000000 		.4byte	0xd1
 998 04a4 05       		.uleb128 0x5
 999 04a5 03       		.byte	0x3
 1000 04a6 00000000 		.4byte	distance
 1001 04aa 1D       		.uleb128 0x1d
 1002 04ab BC010000 		.4byte	.LASF33
 1003 04af 01       		.byte	0x1
 1004 04b0 19       		.byte	0x19
 1005 04b1 D1000000 		.4byte	0xd1
 1006 04b5 05       		.uleb128 0x5
 1007 04b6 03       		.byte	0x3
 1008 04b7 00000000 		.4byte	cent
 1009 04bb 1D       		.uleb128 0x1d
 1010 04bc 8C000000 		.4byte	.LASF34
 1011 04c0 01       		.byte	0x1
 1012 04c1 24       		.byte	0x24
 1013 04c2 CC040000 		.4byte	0x4cc
 1014 04c6 05       		.uleb128 0x5
 1015 04c7 03       		.byte	0x3
 1016 04c8 00000000 		.4byte	sensors
 1017 04cc 1B       		.uleb128 0x1b
 1018 04cd 11010000 		.4byte	0x111
 1019 04d1 1D       		.uleb128 0x1d
 1020 04d2 5A020000 		.4byte	.LASF35
 1021 04d6 01       		.byte	0x1
 1022 04d7 2D       		.byte	0x2d
 1023 04d8 E2040000 		.4byte	0x4e2
 1024 04dc 05       		.uleb128 0x5
 1025 04dd 03       		.byte	0x3
 1026 04de 00000000 		.4byte	digital_sensor_value
 1027 04e2 1B       		.uleb128 0x1b
 1028 04e3 4A010000 		.4byte	0x14a
 1029 04e7 1E       		.uleb128 0x1e
 1030 04e8 D2000000 		.4byte	.LASF39
 1031 04ec 06       		.byte	0x6
 1032 04ed 5B       		.byte	0x5b
 1033 04ee 1F       		.uleb128 0x1f
 1034 04ef 25000000 		.4byte	.LASF36
 1035 04f3 06       		.byte	0x6
 1036 04f4 5E       		.byte	0x5e
 1037 04f5 AD000000 		.4byte	0xad
 1038 04f9 1F       		.uleb128 0x1f
 1039 04fa 8E030000 		.4byte	.LASF37
 1040 04fe 07       		.byte	0x7
 1041 04ff 29       		.byte	0x29
 1042 0500 AD000000 		.4byte	0xad
 1043 0504 1F       		.uleb128 0x1f
 1044 0505 06030000 		.4byte	.LASF38
 1045 0509 06       		.byte	0x6
 1046 050a 69       		.byte	0x69
 1047 050b B9000000 		.4byte	0xb9
 1048 050f 20       		.uleb128 0x20
ARM GAS  C:\Users\suminh\AppData\Local\Temp\ccRL4pok.s 			page 24


 1049 0510 2D010000 		.4byte	.LASF48
 1050 0514 0D       		.byte	0xd
 1051 0515 B2       		.byte	0xb2
 1052 0516 7E000000 		.4byte	0x7e
 1053 051a 25050000 		.4byte	0x525
 1054 051e 21       		.uleb128 0x21
 1055 051f 06010000 		.4byte	0x106
 1056 0523 22       		.uleb128 0x22
 1057 0524 00       		.byte	0
 1058 0525 23       		.uleb128 0x23
 1059 0526 A0000000 		.4byte	.LASF41
 1060 052a 06       		.byte	0x6
 1061 052b 6A       		.byte	0x6a
 1062 052c 36050000 		.4byte	0x536
 1063 0530 21       		.uleb128 0x21
 1064 0531 B9000000 		.4byte	0xb9
 1065 0535 00       		.byte	0
 1066 0536 1E       		.uleb128 0x1e
 1067 0537 18010000 		.4byte	.LASF40
 1068 053b 06       		.byte	0x6
 1069 053c 5A       		.byte	0x5a
 1070 053d 23       		.uleb128 0x23
 1071 053e 2B030000 		.4byte	.LASF42
 1072 0542 08       		.byte	0x8
 1073 0543 18       		.byte	0x18
 1074 0544 4E050000 		.4byte	0x54e
 1075 0548 21       		.uleb128 0x21
 1076 0549 E6000000 		.4byte	0xe6
 1077 054d 00       		.byte	0
 1078 054e 1E       		.uleb128 0x1e
 1079 054f 18030000 		.4byte	.LASF43
 1080 0553 09       		.byte	0x9
 1081 0554 54       		.byte	0x54
 1082 0555 24       		.uleb128 0x24
 1083 0556 00000000 		.4byte	.LASF56
 1084 055a 0E       		.byte	0xe
 1085 055b 00       		.byte	0
 1086 055c 3B020000 		.4byte	.LASF57
 1087 0560 7E000000 		.4byte	0x7e
 1088 0564 6E050000 		.4byte	0x56e
 1089 0568 21       		.uleb128 0x21
 1090 0569 06010000 		.4byte	0x106
 1091 056d 00       		.byte	0
 1092 056e 23       		.uleb128 0x23
 1093 056f 86030000 		.4byte	.LASF44
 1094 0573 0A       		.byte	0xa
 1095 0574 77       		.byte	0x77
 1096 0575 7F050000 		.4byte	0x57f
 1097 0579 21       		.uleb128 0x21
 1098 057a C5000000 		.4byte	0xc5
 1099 057e 00       		.byte	0
 1100 057f 23       		.uleb128 0x23
 1101 0580 3E000000 		.4byte	.LASF45
 1102 0584 0B       		.byte	0xb
 1103 0585 26       		.byte	0x26
 1104 0586 90050000 		.4byte	0x590
 1105 058a 21       		.uleb128 0x21
ARM GAS  C:\Users\suminh\AppData\Local\Temp\ccRL4pok.s 			page 25


 1106 058b AD000000 		.4byte	0xad
 1107 058f 00       		.byte	0
 1108 0590 23       		.uleb128 0x23
 1109 0591 D4010000 		.4byte	.LASF46
 1110 0595 0A       		.byte	0xa
 1111 0596 78       		.byte	0x78
 1112 0597 A1050000 		.4byte	0x5a1
 1113 059b 21       		.uleb128 0x21
 1114 059c B9000000 		.4byte	0xb9
 1115 05a0 00       		.byte	0
 1116 05a1 1F       		.uleb128 0x1f
 1117 05a2 4C000000 		.4byte	.LASF47
 1118 05a6 0C       		.byte	0xc
 1119 05a7 A4       		.byte	0xa4
 1120 05a8 AD000000 		.4byte	0xad
 1121 05ac 20       		.uleb128 0x20
 1122 05ad 64000000 		.4byte	.LASF49
 1123 05b1 0C       		.byte	0xc
 1124 05b2 A7       		.byte	0xa7
 1125 05b3 AD000000 		.4byte	0xad
 1126 05b7 D0050000 		.4byte	0x5d0
 1127 05bb 21       		.uleb128 0x21
 1128 05bc AD000000 		.4byte	0xad
 1129 05c0 21       		.uleb128 0x21
 1130 05c1 D0050000 		.4byte	0x5d0
 1131 05c5 21       		.uleb128 0x21
 1132 05c6 AD000000 		.4byte	0xad
 1133 05ca 21       		.uleb128 0x21
 1134 05cb AD000000 		.4byte	0xad
 1135 05cf 00       		.byte	0
 1136 05d0 06       		.uleb128 0x6
 1137 05d1 04       		.byte	0x4
 1138 05d2 AD000000 		.4byte	0xad
 1139 05d6 1F       		.uleb128 0x1f
 1140 05d7 C1010000 		.4byte	.LASF50
 1141 05db 0C       		.byte	0xc
 1142 05dc A3       		.byte	0xa3
 1143 05dd AD000000 		.4byte	0xad
 1144 05e1 20       		.uleb128 0x20
 1145 05e2 BE000000 		.4byte	.LASF51
 1146 05e6 0C       		.byte	0xc
 1147 05e7 A9       		.byte	0xa9
 1148 05e8 AD000000 		.4byte	0xad
 1149 05ec 05060000 		.4byte	0x605
 1150 05f0 21       		.uleb128 0x21
 1151 05f1 AD000000 		.4byte	0xad
 1152 05f5 21       		.uleb128 0x21
 1153 05f6 D0050000 		.4byte	0x5d0
 1154 05fa 21       		.uleb128 0x21
 1155 05fb AD000000 		.4byte	0xad
 1156 05ff 21       		.uleb128 0x21
 1157 0600 AD000000 		.4byte	0xad
 1158 0604 00       		.byte	0
 1159 0605 25       		.uleb128 0x25
 1160 0606 98030000 		.4byte	.LASF58
 1161 060a 09       		.byte	0x9
 1162 060b 8A       		.byte	0x8a
ARM GAS  C:\Users\suminh\AppData\Local\Temp\ccRL4pok.s 			page 26


 1163 060c 21       		.uleb128 0x21
 1164 060d AD000000 		.4byte	0xad
 1165 0611 00       		.byte	0
 1166 0612 00       		.byte	0
 1167              		.section	.debug_abbrev,"",%progbits
 1168              	.Ldebug_abbrev0:
 1169 0000 01       		.uleb128 0x1
 1170 0001 11       		.uleb128 0x11
 1171 0002 01       		.byte	0x1
 1172 0003 25       		.uleb128 0x25
 1173 0004 0E       		.uleb128 0xe
 1174 0005 13       		.uleb128 0x13
 1175 0006 0B       		.uleb128 0xb
 1176 0007 03       		.uleb128 0x3
 1177 0008 0E       		.uleb128 0xe
 1178 0009 1B       		.uleb128 0x1b
 1179 000a 0E       		.uleb128 0xe
 1180 000b 55       		.uleb128 0x55
 1181 000c 17       		.uleb128 0x17
 1182 000d 11       		.uleb128 0x11
 1183 000e 01       		.uleb128 0x1
 1184 000f 10       		.uleb128 0x10
 1185 0010 17       		.uleb128 0x17
 1186 0011 00       		.byte	0
 1187 0012 00       		.byte	0
 1188 0013 02       		.uleb128 0x2
 1189 0014 24       		.uleb128 0x24
 1190 0015 00       		.byte	0
 1191 0016 0B       		.uleb128 0xb
 1192 0017 0B       		.uleb128 0xb
 1193 0018 3E       		.uleb128 0x3e
 1194 0019 0B       		.uleb128 0xb
 1195 001a 03       		.uleb128 0x3
 1196 001b 0E       		.uleb128 0xe
 1197 001c 00       		.byte	0
 1198 001d 00       		.byte	0
 1199 001e 03       		.uleb128 0x3
 1200 001f 16       		.uleb128 0x16
 1201 0020 00       		.byte	0
 1202 0021 03       		.uleb128 0x3
 1203 0022 0E       		.uleb128 0xe
 1204 0023 3A       		.uleb128 0x3a
 1205 0024 0B       		.uleb128 0xb
 1206 0025 3B       		.uleb128 0x3b
 1207 0026 0B       		.uleb128 0xb
 1208 0027 49       		.uleb128 0x49
 1209 0028 13       		.uleb128 0x13
 1210 0029 00       		.byte	0
 1211 002a 00       		.byte	0
 1212 002b 04       		.uleb128 0x4
 1213 002c 24       		.uleb128 0x24
 1214 002d 00       		.byte	0
 1215 002e 0B       		.uleb128 0xb
 1216 002f 0B       		.uleb128 0xb
 1217 0030 3E       		.uleb128 0x3e
 1218 0031 0B       		.uleb128 0xb
 1219 0032 03       		.uleb128 0x3
ARM GAS  C:\Users\suminh\AppData\Local\Temp\ccRL4pok.s 			page 27


 1220 0033 08       		.uleb128 0x8
 1221 0034 00       		.byte	0
 1222 0035 00       		.byte	0
 1223 0036 05       		.uleb128 0x5
 1224 0037 16       		.uleb128 0x16
 1225 0038 00       		.byte	0
 1226 0039 03       		.uleb128 0x3
 1227 003a 0E       		.uleb128 0xe
 1228 003b 3A       		.uleb128 0x3a
 1229 003c 0B       		.uleb128 0xb
 1230 003d 3B       		.uleb128 0x3b
 1231 003e 05       		.uleb128 0x5
 1232 003f 49       		.uleb128 0x49
 1233 0040 13       		.uleb128 0x13
 1234 0041 00       		.byte	0
 1235 0042 00       		.byte	0
 1236 0043 06       		.uleb128 0x6
 1237 0044 0F       		.uleb128 0xf
 1238 0045 00       		.byte	0
 1239 0046 0B       		.uleb128 0xb
 1240 0047 0B       		.uleb128 0xb
 1241 0048 49       		.uleb128 0x49
 1242 0049 13       		.uleb128 0x13
 1243 004a 00       		.byte	0
 1244 004b 00       		.byte	0
 1245 004c 07       		.uleb128 0x7
 1246 004d 15       		.uleb128 0x15
 1247 004e 00       		.byte	0
 1248 004f 27       		.uleb128 0x27
 1249 0050 19       		.uleb128 0x19
 1250 0051 00       		.byte	0
 1251 0052 00       		.byte	0
 1252 0053 08       		.uleb128 0x8
 1253 0054 26       		.uleb128 0x26
 1254 0055 00       		.byte	0
 1255 0056 49       		.uleb128 0x49
 1256 0057 13       		.uleb128 0x13
 1257 0058 00       		.byte	0
 1258 0059 00       		.byte	0
 1259 005a 09       		.uleb128 0x9
 1260 005b 13       		.uleb128 0x13
 1261 005c 01       		.byte	0x1
 1262 005d 03       		.uleb128 0x3
 1263 005e 0E       		.uleb128 0xe
 1264 005f 0B       		.uleb128 0xb
 1265 0060 0B       		.uleb128 0xb
 1266 0061 3A       		.uleb128 0x3a
 1267 0062 0B       		.uleb128 0xb
 1268 0063 3B       		.uleb128 0x3b
 1269 0064 0B       		.uleb128 0xb
 1270 0065 01       		.uleb128 0x1
 1271 0066 13       		.uleb128 0x13
 1272 0067 00       		.byte	0
 1273 0068 00       		.byte	0
 1274 0069 0A       		.uleb128 0xa
 1275 006a 0D       		.uleb128 0xd
 1276 006b 00       		.byte	0
ARM GAS  C:\Users\suminh\AppData\Local\Temp\ccRL4pok.s 			page 28


 1277 006c 03       		.uleb128 0x3
 1278 006d 08       		.uleb128 0x8
 1279 006e 3A       		.uleb128 0x3a
 1280 006f 0B       		.uleb128 0xb
 1281 0070 3B       		.uleb128 0x3b
 1282 0071 0B       		.uleb128 0xb
 1283 0072 49       		.uleb128 0x49
 1284 0073 13       		.uleb128 0x13
 1285 0074 38       		.uleb128 0x38
 1286 0075 0B       		.uleb128 0xb
 1287 0076 00       		.byte	0
 1288 0077 00       		.byte	0
 1289 0078 0B       		.uleb128 0xb
 1290 0079 2E       		.uleb128 0x2e
 1291 007a 01       		.byte	0x1
 1292 007b 3F       		.uleb128 0x3f
 1293 007c 19       		.uleb128 0x19
 1294 007d 03       		.uleb128 0x3
 1295 007e 0E       		.uleb128 0xe
 1296 007f 3A       		.uleb128 0x3a
 1297 0080 0B       		.uleb128 0xb
 1298 0081 3B       		.uleb128 0x3b
 1299 0082 0B       		.uleb128 0xb
 1300 0083 27       		.uleb128 0x27
 1301 0084 19       		.uleb128 0x19
 1302 0085 11       		.uleb128 0x11
 1303 0086 01       		.uleb128 0x1
 1304 0087 12       		.uleb128 0x12
 1305 0088 06       		.uleb128 0x6
 1306 0089 40       		.uleb128 0x40
 1307 008a 18       		.uleb128 0x18
 1308 008b 9642     		.uleb128 0x2116
 1309 008d 19       		.uleb128 0x19
 1310 008e 01       		.uleb128 0x1
 1311 008f 13       		.uleb128 0x13
 1312 0090 00       		.byte	0
 1313 0091 00       		.byte	0
 1314 0092 0C       		.uleb128 0xc
 1315 0093 898201   		.uleb128 0x4109
 1316 0096 00       		.byte	0
 1317 0097 11       		.uleb128 0x11
 1318 0098 01       		.uleb128 0x1
 1319 0099 31       		.uleb128 0x31
 1320 009a 13       		.uleb128 0x13
 1321 009b 00       		.byte	0
 1322 009c 00       		.byte	0
 1323 009d 0D       		.uleb128 0xd
 1324 009e 898201   		.uleb128 0x4109
 1325 00a1 01       		.byte	0x1
 1326 00a2 11       		.uleb128 0x11
 1327 00a3 01       		.uleb128 0x1
 1328 00a4 31       		.uleb128 0x31
 1329 00a5 13       		.uleb128 0x13
 1330 00a6 01       		.uleb128 0x1
 1331 00a7 13       		.uleb128 0x13
 1332 00a8 00       		.byte	0
 1333 00a9 00       		.byte	0
ARM GAS  C:\Users\suminh\AppData\Local\Temp\ccRL4pok.s 			page 29


 1334 00aa 0E       		.uleb128 0xe
 1335 00ab 8A8201   		.uleb128 0x410a
 1336 00ae 00       		.byte	0
 1337 00af 02       		.uleb128 0x2
 1338 00b0 18       		.uleb128 0x18
 1339 00b1 9142     		.uleb128 0x2111
 1340 00b3 18       		.uleb128 0x18
 1341 00b4 00       		.byte	0
 1342 00b5 00       		.byte	0
 1343 00b6 0F       		.uleb128 0xf
 1344 00b7 2E       		.uleb128 0x2e
 1345 00b8 01       		.byte	0x1
 1346 00b9 3F       		.uleb128 0x3f
 1347 00ba 19       		.uleb128 0x19
 1348 00bb 03       		.uleb128 0x3
 1349 00bc 0E       		.uleb128 0xe
 1350 00bd 3A       		.uleb128 0x3a
 1351 00be 0B       		.uleb128 0xb
 1352 00bf 3B       		.uleb128 0x3b
 1353 00c0 0B       		.uleb128 0xb
 1354 00c1 49       		.uleb128 0x49
 1355 00c2 13       		.uleb128 0x13
 1356 00c3 11       		.uleb128 0x11
 1357 00c4 01       		.uleb128 0x1
 1358 00c5 12       		.uleb128 0x12
 1359 00c6 06       		.uleb128 0x6
 1360 00c7 40       		.uleb128 0x40
 1361 00c8 18       		.uleb128 0x18
 1362 00c9 9742     		.uleb128 0x2117
 1363 00cb 19       		.uleb128 0x19
 1364 00cc 01       		.uleb128 0x1
 1365 00cd 13       		.uleb128 0x13
 1366 00ce 00       		.byte	0
 1367 00cf 00       		.byte	0
 1368 00d0 10       		.uleb128 0x10
 1369 00d1 898201   		.uleb128 0x4109
 1370 00d4 01       		.byte	0x1
 1371 00d5 11       		.uleb128 0x11
 1372 00d6 01       		.uleb128 0x1
 1373 00d7 31       		.uleb128 0x31
 1374 00d8 13       		.uleb128 0x13
 1375 00d9 00       		.byte	0
 1376 00da 00       		.byte	0
 1377 00db 11       		.uleb128 0x11
 1378 00dc 2E       		.uleb128 0x2e
 1379 00dd 01       		.byte	0x1
 1380 00de 3F       		.uleb128 0x3f
 1381 00df 19       		.uleb128 0x19
 1382 00e0 03       		.uleb128 0x3
 1383 00e1 0E       		.uleb128 0xe
 1384 00e2 3A       		.uleb128 0x3a
 1385 00e3 0B       		.uleb128 0xb
 1386 00e4 3B       		.uleb128 0x3b
 1387 00e5 0B       		.uleb128 0xb
 1388 00e6 27       		.uleb128 0x27
 1389 00e7 19       		.uleb128 0x19
 1390 00e8 11       		.uleb128 0x11
ARM GAS  C:\Users\suminh\AppData\Local\Temp\ccRL4pok.s 			page 30


 1391 00e9 01       		.uleb128 0x1
 1392 00ea 12       		.uleb128 0x12
 1393 00eb 06       		.uleb128 0x6
 1394 00ec 40       		.uleb128 0x40
 1395 00ed 18       		.uleb128 0x18
 1396 00ee 9742     		.uleb128 0x2117
 1397 00f0 19       		.uleb128 0x19
 1398 00f1 01       		.uleb128 0x1
 1399 00f2 13       		.uleb128 0x13
 1400 00f3 00       		.byte	0
 1401 00f4 00       		.byte	0
 1402 00f5 12       		.uleb128 0x12
 1403 00f6 34       		.uleb128 0x34
 1404 00f7 00       		.byte	0
 1405 00f8 03       		.uleb128 0x3
 1406 00f9 08       		.uleb128 0x8
 1407 00fa 3A       		.uleb128 0x3a
 1408 00fb 0B       		.uleb128 0xb
 1409 00fc 3B       		.uleb128 0x3b
 1410 00fd 0B       		.uleb128 0xb
 1411 00fe 49       		.uleb128 0x49
 1412 00ff 13       		.uleb128 0x13
 1413 0100 02       		.uleb128 0x2
 1414 0101 18       		.uleb128 0x18
 1415 0102 00       		.byte	0
 1416 0103 00       		.byte	0
 1417 0104 13       		.uleb128 0x13
 1418 0105 34       		.uleb128 0x34
 1419 0106 00       		.byte	0
 1420 0107 03       		.uleb128 0x3
 1421 0108 0E       		.uleb128 0xe
 1422 0109 3A       		.uleb128 0x3a
 1423 010a 0B       		.uleb128 0xb
 1424 010b 3B       		.uleb128 0x3b
 1425 010c 0B       		.uleb128 0xb
 1426 010d 49       		.uleb128 0x49
 1427 010e 13       		.uleb128 0x13
 1428 010f 02       		.uleb128 0x2
 1429 0110 17       		.uleb128 0x17
 1430 0111 00       		.byte	0
 1431 0112 00       		.byte	0
 1432 0113 14       		.uleb128 0x14
 1433 0114 01       		.uleb128 0x1
 1434 0115 01       		.byte	0x1
 1435 0116 49       		.uleb128 0x49
 1436 0117 13       		.uleb128 0x13
 1437 0118 01       		.uleb128 0x1
 1438 0119 13       		.uleb128 0x13
 1439 011a 00       		.byte	0
 1440 011b 00       		.byte	0
 1441 011c 15       		.uleb128 0x15
 1442 011d 21       		.uleb128 0x21
 1443 011e 00       		.byte	0
 1444 011f 49       		.uleb128 0x49
 1445 0120 13       		.uleb128 0x13
 1446 0121 2F       		.uleb128 0x2f
 1447 0122 0B       		.uleb128 0xb
ARM GAS  C:\Users\suminh\AppData\Local\Temp\ccRL4pok.s 			page 31


 1448 0123 00       		.byte	0
 1449 0124 00       		.byte	0
 1450 0125 16       		.uleb128 0x16
 1451 0126 2E       		.uleb128 0x2e
 1452 0127 01       		.byte	0x1
 1453 0128 3F       		.uleb128 0x3f
 1454 0129 19       		.uleb128 0x19
 1455 012a 03       		.uleb128 0x3
 1456 012b 0E       		.uleb128 0xe
 1457 012c 3A       		.uleb128 0x3a
 1458 012d 0B       		.uleb128 0xb
 1459 012e 3B       		.uleb128 0x3b
 1460 012f 0B       		.uleb128 0xb
 1461 0130 27       		.uleb128 0x27
 1462 0131 19       		.uleb128 0x19
 1463 0132 49       		.uleb128 0x49
 1464 0133 13       		.uleb128 0x13
 1465 0134 11       		.uleb128 0x11
 1466 0135 01       		.uleb128 0x1
 1467 0136 12       		.uleb128 0x12
 1468 0137 06       		.uleb128 0x6
 1469 0138 40       		.uleb128 0x40
 1470 0139 18       		.uleb128 0x18
 1471 013a 9742     		.uleb128 0x2117
 1472 013c 19       		.uleb128 0x19
 1473 013d 01       		.uleb128 0x1
 1474 013e 13       		.uleb128 0x13
 1475 013f 00       		.byte	0
 1476 0140 00       		.byte	0
 1477 0141 17       		.uleb128 0x17
 1478 0142 05       		.uleb128 0x5
 1479 0143 00       		.byte	0
 1480 0144 03       		.uleb128 0x3
 1481 0145 0E       		.uleb128 0xe
 1482 0146 3A       		.uleb128 0x3a
 1483 0147 0B       		.uleb128 0xb
 1484 0148 3B       		.uleb128 0x3b
 1485 0149 0B       		.uleb128 0xb
 1486 014a 49       		.uleb128 0x49
 1487 014b 13       		.uleb128 0x13
 1488 014c 02       		.uleb128 0x2
 1489 014d 17       		.uleb128 0x17
 1490 014e 00       		.byte	0
 1491 014f 00       		.byte	0
 1492 0150 18       		.uleb128 0x18
 1493 0151 05       		.uleb128 0x5
 1494 0152 00       		.byte	0
 1495 0153 03       		.uleb128 0x3
 1496 0154 08       		.uleb128 0x8
 1497 0155 3A       		.uleb128 0x3a
 1498 0156 0B       		.uleb128 0xb
 1499 0157 3B       		.uleb128 0x3b
 1500 0158 0B       		.uleb128 0xb
 1501 0159 49       		.uleb128 0x49
 1502 015a 13       		.uleb128 0x13
 1503 015b 02       		.uleb128 0x2
 1504 015c 17       		.uleb128 0x17
ARM GAS  C:\Users\suminh\AppData\Local\Temp\ccRL4pok.s 			page 32


 1505 015d 00       		.byte	0
 1506 015e 00       		.byte	0
 1507 015f 19       		.uleb128 0x19
 1508 0160 34       		.uleb128 0x34
 1509 0161 00       		.byte	0
 1510 0162 03       		.uleb128 0x3
 1511 0163 08       		.uleb128 0x8
 1512 0164 3A       		.uleb128 0x3a
 1513 0165 0B       		.uleb128 0xb
 1514 0166 3B       		.uleb128 0x3b
 1515 0167 0B       		.uleb128 0xb
 1516 0168 49       		.uleb128 0x49
 1517 0169 13       		.uleb128 0x13
 1518 016a 02       		.uleb128 0x2
 1519 016b 17       		.uleb128 0x17
 1520 016c 00       		.byte	0
 1521 016d 00       		.byte	0
 1522 016e 1A       		.uleb128 0x1a
 1523 016f 34       		.uleb128 0x34
 1524 0170 00       		.byte	0
 1525 0171 03       		.uleb128 0x3
 1526 0172 0E       		.uleb128 0xe
 1527 0173 3A       		.uleb128 0x3a
 1528 0174 0B       		.uleb128 0xb
 1529 0175 3B       		.uleb128 0x3b
 1530 0176 05       		.uleb128 0x5
 1531 0177 49       		.uleb128 0x49
 1532 0178 13       		.uleb128 0x13
 1533 0179 3F       		.uleb128 0x3f
 1534 017a 19       		.uleb128 0x19
 1535 017b 3C       		.uleb128 0x3c
 1536 017c 19       		.uleb128 0x19
 1537 017d 00       		.byte	0
 1538 017e 00       		.byte	0
 1539 017f 1B       		.uleb128 0x1b
 1540 0180 35       		.uleb128 0x35
 1541 0181 00       		.byte	0
 1542 0182 49       		.uleb128 0x49
 1543 0183 13       		.uleb128 0x13
 1544 0184 00       		.byte	0
 1545 0185 00       		.byte	0
 1546 0186 1C       		.uleb128 0x1c
 1547 0187 34       		.uleb128 0x34
 1548 0188 00       		.byte	0
 1549 0189 03       		.uleb128 0x3
 1550 018a 08       		.uleb128 0x8
 1551 018b 3A       		.uleb128 0x3a
 1552 018c 0B       		.uleb128 0xb
 1553 018d 3B       		.uleb128 0x3b
 1554 018e 0B       		.uleb128 0xb
 1555 018f 49       		.uleb128 0x49
 1556 0190 13       		.uleb128 0x13
 1557 0191 3F       		.uleb128 0x3f
 1558 0192 19       		.uleb128 0x19
 1559 0193 02       		.uleb128 0x2
 1560 0194 18       		.uleb128 0x18
 1561 0195 00       		.byte	0
ARM GAS  C:\Users\suminh\AppData\Local\Temp\ccRL4pok.s 			page 33


 1562 0196 00       		.byte	0
 1563 0197 1D       		.uleb128 0x1d
 1564 0198 34       		.uleb128 0x34
 1565 0199 00       		.byte	0
 1566 019a 03       		.uleb128 0x3
 1567 019b 0E       		.uleb128 0xe
 1568 019c 3A       		.uleb128 0x3a
 1569 019d 0B       		.uleb128 0xb
 1570 019e 3B       		.uleb128 0x3b
 1571 019f 0B       		.uleb128 0xb
 1572 01a0 49       		.uleb128 0x49
 1573 01a1 13       		.uleb128 0x13
 1574 01a2 3F       		.uleb128 0x3f
 1575 01a3 19       		.uleb128 0x19
 1576 01a4 02       		.uleb128 0x2
 1577 01a5 18       		.uleb128 0x18
 1578 01a6 00       		.byte	0
 1579 01a7 00       		.byte	0
 1580 01a8 1E       		.uleb128 0x1e
 1581 01a9 2E       		.uleb128 0x2e
 1582 01aa 00       		.byte	0
 1583 01ab 3F       		.uleb128 0x3f
 1584 01ac 19       		.uleb128 0x19
 1585 01ad 03       		.uleb128 0x3
 1586 01ae 0E       		.uleb128 0xe
 1587 01af 3A       		.uleb128 0x3a
 1588 01b0 0B       		.uleb128 0xb
 1589 01b1 3B       		.uleb128 0x3b
 1590 01b2 0B       		.uleb128 0xb
 1591 01b3 27       		.uleb128 0x27
 1592 01b4 19       		.uleb128 0x19
 1593 01b5 3C       		.uleb128 0x3c
 1594 01b6 19       		.uleb128 0x19
 1595 01b7 00       		.byte	0
 1596 01b8 00       		.byte	0
 1597 01b9 1F       		.uleb128 0x1f
 1598 01ba 2E       		.uleb128 0x2e
 1599 01bb 00       		.byte	0
 1600 01bc 3F       		.uleb128 0x3f
 1601 01bd 19       		.uleb128 0x19
 1602 01be 03       		.uleb128 0x3
 1603 01bf 0E       		.uleb128 0xe
 1604 01c0 3A       		.uleb128 0x3a
 1605 01c1 0B       		.uleb128 0xb
 1606 01c2 3B       		.uleb128 0x3b
 1607 01c3 0B       		.uleb128 0xb
 1608 01c4 27       		.uleb128 0x27
 1609 01c5 19       		.uleb128 0x19
 1610 01c6 49       		.uleb128 0x49
 1611 01c7 13       		.uleb128 0x13
 1612 01c8 3C       		.uleb128 0x3c
 1613 01c9 19       		.uleb128 0x19
 1614 01ca 00       		.byte	0
 1615 01cb 00       		.byte	0
 1616 01cc 20       		.uleb128 0x20
 1617 01cd 2E       		.uleb128 0x2e
 1618 01ce 01       		.byte	0x1
ARM GAS  C:\Users\suminh\AppData\Local\Temp\ccRL4pok.s 			page 34


 1619 01cf 3F       		.uleb128 0x3f
 1620 01d0 19       		.uleb128 0x19
 1621 01d1 03       		.uleb128 0x3
 1622 01d2 0E       		.uleb128 0xe
 1623 01d3 3A       		.uleb128 0x3a
 1624 01d4 0B       		.uleb128 0xb
 1625 01d5 3B       		.uleb128 0x3b
 1626 01d6 0B       		.uleb128 0xb
 1627 01d7 27       		.uleb128 0x27
 1628 01d8 19       		.uleb128 0x19
 1629 01d9 49       		.uleb128 0x49
 1630 01da 13       		.uleb128 0x13
 1631 01db 3C       		.uleb128 0x3c
 1632 01dc 19       		.uleb128 0x19
 1633 01dd 01       		.uleb128 0x1
 1634 01de 13       		.uleb128 0x13
 1635 01df 00       		.byte	0
 1636 01e0 00       		.byte	0
 1637 01e1 21       		.uleb128 0x21
 1638 01e2 05       		.uleb128 0x5
 1639 01e3 00       		.byte	0
 1640 01e4 49       		.uleb128 0x49
 1641 01e5 13       		.uleb128 0x13
 1642 01e6 00       		.byte	0
 1643 01e7 00       		.byte	0
 1644 01e8 22       		.uleb128 0x22
 1645 01e9 18       		.uleb128 0x18
 1646 01ea 00       		.byte	0
 1647 01eb 00       		.byte	0
 1648 01ec 00       		.byte	0
 1649 01ed 23       		.uleb128 0x23
 1650 01ee 2E       		.uleb128 0x2e
 1651 01ef 01       		.byte	0x1
 1652 01f0 3F       		.uleb128 0x3f
 1653 01f1 19       		.uleb128 0x19
 1654 01f2 03       		.uleb128 0x3
 1655 01f3 0E       		.uleb128 0xe
 1656 01f4 3A       		.uleb128 0x3a
 1657 01f5 0B       		.uleb128 0xb
 1658 01f6 3B       		.uleb128 0x3b
 1659 01f7 0B       		.uleb128 0xb
 1660 01f8 27       		.uleb128 0x27
 1661 01f9 19       		.uleb128 0x19
 1662 01fa 3C       		.uleb128 0x3c
 1663 01fb 19       		.uleb128 0x19
 1664 01fc 01       		.uleb128 0x1
 1665 01fd 13       		.uleb128 0x13
 1666 01fe 00       		.byte	0
 1667 01ff 00       		.byte	0
 1668 0200 24       		.uleb128 0x24
 1669 0201 2E       		.uleb128 0x2e
 1670 0202 01       		.byte	0x1
 1671 0203 3F       		.uleb128 0x3f
 1672 0204 19       		.uleb128 0x19
 1673 0205 03       		.uleb128 0x3
 1674 0206 0E       		.uleb128 0xe
 1675 0207 3A       		.uleb128 0x3a
ARM GAS  C:\Users\suminh\AppData\Local\Temp\ccRL4pok.s 			page 35


 1676 0208 0B       		.uleb128 0xb
 1677 0209 3B       		.uleb128 0x3b
 1678 020a 0B       		.uleb128 0xb
 1679 020b 6E       		.uleb128 0x6e
 1680 020c 0E       		.uleb128 0xe
 1681 020d 27       		.uleb128 0x27
 1682 020e 19       		.uleb128 0x19
 1683 020f 49       		.uleb128 0x49
 1684 0210 13       		.uleb128 0x13
 1685 0211 3C       		.uleb128 0x3c
 1686 0212 19       		.uleb128 0x19
 1687 0213 01       		.uleb128 0x1
 1688 0214 13       		.uleb128 0x13
 1689 0215 00       		.byte	0
 1690 0216 00       		.byte	0
 1691 0217 25       		.uleb128 0x25
 1692 0218 2E       		.uleb128 0x2e
 1693 0219 01       		.byte	0x1
 1694 021a 3F       		.uleb128 0x3f
 1695 021b 19       		.uleb128 0x19
 1696 021c 03       		.uleb128 0x3
 1697 021d 0E       		.uleb128 0xe
 1698 021e 3A       		.uleb128 0x3a
 1699 021f 0B       		.uleb128 0xb
 1700 0220 3B       		.uleb128 0x3b
 1701 0221 0B       		.uleb128 0xb
 1702 0222 27       		.uleb128 0x27
 1703 0223 19       		.uleb128 0x19
 1704 0224 3C       		.uleb128 0x3c
 1705 0225 19       		.uleb128 0x19
 1706 0226 00       		.byte	0
 1707 0227 00       		.byte	0
 1708 0228 00       		.byte	0
 1709              		.section	.debug_loc,"",%progbits
 1710              	.Ldebug_loc0:
 1711              	.LLST0:
 1712 0000 2A000000 		.4byte	.LVL25
 1713 0004 32000000 		.4byte	.LVL26
 1714 0008 0100     		.2byte	0x1
 1715 000a 50       		.byte	0x50
 1716 000b 00000000 		.4byte	0
 1717 000f 00000000 		.4byte	0
 1718              	.LLST1:
 1719 0013 20000000 		.4byte	.LVL30
 1720 0017 28000000 		.4byte	.LVL31
 1721 001b 0100     		.2byte	0x1
 1722 001d 50       		.byte	0x50
 1723 001e 40000000 		.4byte	.LVL35
 1724 0022 54000000 		.4byte	.LFE66
 1725 0026 0100     		.2byte	0x1
 1726 0028 50       		.byte	0x50
 1727 0029 00000000 		.4byte	0
 1728 002d 00000000 		.4byte	0
 1729              	.LLST2:
 1730 0031 00000000 		.4byte	.LVL38
 1731 0035 08000000 		.4byte	.LVL40
 1732 0039 0100     		.2byte	0x1
ARM GAS  C:\Users\suminh\AppData\Local\Temp\ccRL4pok.s 			page 36


 1733 003b 50       		.byte	0x50
 1734 003c 08000000 		.4byte	.LVL40
 1735 0040 1C000000 		.4byte	.LFE67
 1736 0044 0400     		.2byte	0x4
 1737 0046 F3       		.byte	0xf3
 1738 0047 01       		.uleb128 0x1
 1739 0048 50       		.byte	0x50
 1740 0049 9F       		.byte	0x9f
 1741 004a 00000000 		.4byte	0
 1742 004e 00000000 		.4byte	0
 1743              	.LLST3:
 1744 0052 00000000 		.4byte	.LVL38
 1745 0056 0A000000 		.4byte	.LVL41
 1746 005a 0100     		.2byte	0x1
 1747 005c 51       		.byte	0x51
 1748 005d 0A000000 		.4byte	.LVL41
 1749 0061 14000000 		.4byte	.LVL44
 1750 0065 0100     		.2byte	0x1
 1751 0067 55       		.byte	0x55
 1752 0068 14000000 		.4byte	.LVL44
 1753 006c 1C000000 		.4byte	.LFE67
 1754 0070 0100     		.2byte	0x1
 1755 0072 51       		.byte	0x51
 1756 0073 00000000 		.4byte	0
 1757 0077 00000000 		.4byte	0
 1758              	.LLST4:
 1759 007b 00000000 		.4byte	.LVL38
 1760 007f 08000000 		.4byte	.LVL40
 1761 0083 0100     		.2byte	0x1
 1762 0085 52       		.byte	0x52
 1763 0086 08000000 		.4byte	.LVL40
 1764 008a 1C000000 		.4byte	.LFE67
 1765 008e 0100     		.2byte	0x1
 1766 0090 56       		.byte	0x56
 1767 0091 00000000 		.4byte	0
 1768 0095 00000000 		.4byte	0
 1769              	.LLST5:
 1770 0099 04000000 		.4byte	.LVL39
 1771 009d 08000000 		.4byte	.LVL40
 1772 00a1 0200     		.2byte	0x2
 1773 00a3 30       		.byte	0x30
 1774 00a4 9F       		.byte	0x9f
 1775 00a5 08000000 		.4byte	.LVL40
 1776 00a9 1C000000 		.4byte	.LFE67
 1777 00ad 0100     		.2byte	0x1
 1778 00af 54       		.byte	0x54
 1779 00b0 00000000 		.4byte	0
 1780 00b4 00000000 		.4byte	0
 1781              		.section	.debug_aranges,"",%progbits
 1782 0000 3C000000 		.4byte	0x3c
 1783 0004 0200     		.2byte	0x2
 1784 0006 00000000 		.4byte	.Ldebug_info0
 1785 000a 04       		.byte	0x4
 1786 000b 00       		.byte	0
 1787 000c 0000     		.2byte	0
 1788 000e 0000     		.2byte	0
 1789 0010 00000000 		.4byte	.LFB64
ARM GAS  C:\Users\suminh\AppData\Local\Temp\ccRL4pok.s 			page 37


 1790 0014 78000000 		.4byte	.LFE64-.LFB64
 1791 0018 00000000 		.4byte	.LFB63
 1792 001c 3C000000 		.4byte	.LFE63-.LFB63
 1793 0020 00000000 		.4byte	.LFB65
 1794 0024 3A000000 		.4byte	.LFE65-.LFB65
 1795 0028 00000000 		.4byte	.LFB66
 1796 002c 54000000 		.4byte	.LFE66-.LFB66
 1797 0030 00000000 		.4byte	.LFB67
 1798 0034 1C000000 		.4byte	.LFE67-.LFB67
 1799 0038 00000000 		.4byte	0
 1800 003c 00000000 		.4byte	0
 1801              		.section	.debug_ranges,"",%progbits
 1802              	.Ldebug_ranges0:
 1803 0000 00000000 		.4byte	.LFB64
 1804 0004 78000000 		.4byte	.LFE64
 1805 0008 00000000 		.4byte	.LFB63
 1806 000c 3C000000 		.4byte	.LFE63
 1807 0010 00000000 		.4byte	.LFB65
 1808 0014 3A000000 		.4byte	.LFE65
 1809 0018 00000000 		.4byte	.LFB66
 1810 001c 54000000 		.4byte	.LFE66
 1811 0020 00000000 		.4byte	.LFB67
 1812 0024 1C000000 		.4byte	.LFE67
 1813 0028 00000000 		.4byte	0
 1814 002c 00000000 		.4byte	0
 1815              		.section	.debug_line,"",%progbits
 1816              	.Ldebug_line0:
 1817 0000 70020000 		.section	.debug_str,"MS",%progbits,1
 1817      0200B301 
 1817      00000201 
 1817      FB0E0D00 
 1817      01010101 
 1818              	.LASF56:
 1819 0000 5F5F6275 		.ascii	"__builtin_puts\000"
 1819      696C7469 
 1819      6E5F7075 
 1819      747300
 1820              	.LASF24:
 1821 000f 64696769 		.ascii	"digital_sensor_value_\000"
 1821      74616C5F 
 1821      73656E73 
 1821      6F725F76 
 1821      616C7565 
 1822              	.LASF36:
 1823 0025 54696D65 		.ascii	"Timer_ReadStatusRegister\000"
 1823      725F5265 
 1823      61645374 
 1823      61747573 
 1823      52656769 
 1824              	.LASF45:
 1825 003e 54726967 		.ascii	"Trigger_Write\000"
 1825      6765725F 
 1825      57726974 
 1825      6500
 1826              	.LASF47:
 1827 004c 4932435F 		.ascii	"I2C_2_MasterClearStatus\000"
 1827      325F4D61 
ARM GAS  C:\Users\suminh\AppData\Local\Temp\ccRL4pok.s 			page 38


 1827      73746572 
 1827      436C6561 
 1827      72537461 
 1828              	.LASF49:
 1829 0064 4932435F 		.ascii	"I2C_2_MasterWriteBuf\000"
 1829      325F4D61 
 1829      73746572 
 1829      57726974 
 1829      65427566 
 1830              	.LASF2:
 1831 0079 73686F72 		.ascii	"short int\000"
 1831      7420696E 
 1831      7400
 1832              	.LASF22:
 1833 0083 73697A65 		.ascii	"sizetype\000"
 1833      74797065 
 1833      00
 1834              	.LASF34:
 1835 008c 73656E73 		.ascii	"sensors\000"
 1835      6F727300 
 1836              	.LASF26:
 1837 0094 6D61696E 		.ascii	"main\000"
 1837      00
 1838              	.LASF55:
 1839 0099 5F777269 		.ascii	"_write\000"
 1839      746500
 1840              	.LASF41:
 1841 00a0 54696D65 		.ascii	"Timer_WriteCounter\000"
 1841      725F5772 
 1841      69746543 
 1841      6F756E74 
 1841      657200
 1842              	.LASF4:
 1843 00b3 5F5F7569 		.ascii	"__uint16_t\000"
 1843      6E743136 
 1843      5F7400
 1844              	.LASF51:
 1845 00be 4932435F 		.ascii	"I2C_2_MasterReadBuf\000"
 1845      325F4D61 
 1845      73746572 
 1845      52656164 
 1845      42756600 
 1846              	.LASF39:
 1847 00d2 54696D65 		.ascii	"Timer_Stop\000"
 1847      725F5374 
 1847      6F7000
 1848              	.LASF16:
 1849 00dd 75696E74 		.ascii	"uint16\000"
 1849      313600
 1850              	.LASF12:
 1851 00e4 75696E74 		.ascii	"uint8_t\000"
 1851      385F7400 
 1852              	.LASF15:
 1853 00ec 75696E74 		.ascii	"uint8\000"
 1853      3800
 1854              	.LASF27:
 1855 00f2 6E756E63 		.ascii	"nunchuk_init\000"
ARM GAS  C:\Users\suminh\AppData\Local\Temp\ccRL4pok.s 			page 39


 1855      68756B5F 
 1855      696E6974 
 1855      00
 1856              	.LASF18:
 1857 00ff 666C6F61 		.ascii	"float\000"
 1857      7400
 1858              	.LASF9:
 1859 0105 6C6F6E67 		.ascii	"long long int\000"
 1859      206C6F6E 
 1859      6720696E 
 1859      7400
 1860              	.LASF20:
 1861 0113 63686172 		.ascii	"char\000"
 1861      00
 1862              	.LASF40:
 1863 0118 54696D65 		.ascii	"Timer_Start\000"
 1863      725F5374 
 1863      61727400 
 1864              	.LASF7:
 1865 0124 6C6F6E67 		.ascii	"long int\000"
 1865      20696E74 
 1865      00
 1866              	.LASF48:
 1867 012d 7072696E 		.ascii	"printf\000"
 1867      746600
 1868              	.LASF3:
 1869 0134 5F5F7569 		.ascii	"__uint8_t\000"
 1869      6E74385F 
 1869      7400
 1870              	.LASF54:
 1871 013e 433A5C55 		.ascii	"C:\\Users\\suminh\\project\\ZumoBot.cyprj.Archive01"
 1871      73657273 
 1871      5C73756D 
 1871      696E685C 
 1871      70726F6A 
 1872 016d 5C4E6577 		.ascii	"\\New folder\\ZumoBot_ultra.cydsn\\ZumoBot_ultra.cy"
 1872      20666F6C 
 1872      6465725C 
 1872      5A756D6F 
 1872      426F745F 
 1873 019d 64736E00 		.ascii	"dsn\000"
 1874              	.LASF29:
 1875 01a1 6E756E63 		.ascii	"nunchuk_read\000"
 1875      68756B5F 
 1875      72656164 
 1875      00
 1876              	.LASF1:
 1877 01ae 756E7369 		.ascii	"unsigned char\000"
 1877      676E6564 
 1877      20636861 
 1877      7200
 1878              	.LASF33:
 1879 01bc 63656E74 		.ascii	"cent\000"
 1879      00
 1880              	.LASF50:
 1881 01c1 4932435F 		.ascii	"I2C_2_MasterStatus\000"
 1881      325F4D61 
ARM GAS  C:\Users\suminh\AppData\Local\Temp\ccRL4pok.s 			page 40


 1881      73746572 
 1881      53746174 
 1881      757300
 1882              	.LASF46:
 1883 01d4 43794465 		.ascii	"CyDelayUs\000"
 1883      6C617955 
 1883      7300
 1884              	.LASF21:
 1885 01de 63796973 		.ascii	"cyisraddress\000"
 1885      72616464 
 1885      72657373 
 1885      00
 1886              	.LASF30:
 1887 01eb 66696C65 		.ascii	"file\000"
 1887      00
 1888              	.LASF0:
 1889 01f0 7369676E 		.ascii	"signed char\000"
 1889      65642063 
 1889      68617200 
 1890              	.LASF10:
 1891 01fc 6C6F6E67 		.ascii	"long long unsigned int\000"
 1891      206C6F6E 
 1891      6720756E 
 1891      7369676E 
 1891      65642069 
 1892              	.LASF11:
 1893 0213 756E7369 		.ascii	"unsigned int\000"
 1893      676E6564 
 1893      20696E74 
 1893      00
 1894              	.LASF13:
 1895 0220 75696E74 		.ascii	"uint16_t\000"
 1895      31365F74 
 1895      00
 1896              	.LASF25:
 1897 0229 756C7472 		.ascii	"ultra_isr_handler\000"
 1897      615F6973 
 1897      725F6861 
 1897      6E646C65 
 1897      7200
 1898              	.LASF57:
 1899 023b 70757473 		.ascii	"puts\000"
 1899      00
 1900              	.LASF5:
 1901 0240 73686F72 		.ascii	"short unsigned int\000"
 1901      7420756E 
 1901      7369676E 
 1901      65642069 
 1901      6E7400
 1902              	.LASF28:
 1903 0253 73746174 		.ascii	"status\000"
 1903      757300
 1904              	.LASF35:
 1905 025a 64696769 		.ascii	"digital_sensor_value\000"
 1905      74616C5F 
 1905      73656E73 
 1905      6F725F76 
ARM GAS  C:\Users\suminh\AppData\Local\Temp\ccRL4pok.s 			page 41


 1905      616C7565 
 1906              	.LASF32:
 1907 026f 64697374 		.ascii	"distance\000"
 1907      616E6365 
 1907      00
 1908              	.LASF52:
 1909 0278 474E5520 		.ascii	"GNU C 4.9.3 20150303 (release) [ARM/embedded-4_9-br"
 1909      4320342E 
 1909      392E3320 
 1909      32303135 
 1909      30333033 
 1910 02ab 616E6368 		.ascii	"anch revision 221220] -mcpu=cortex-m3 -mthumb -g -O"
 1910      20726576 
 1910      6973696F 
 1910      6E203232 
 1910      31323230 
 1911 02de 67202D66 		.ascii	"g -ffunction-sections -ffat-lto-objects\000"
 1911      66756E63 
 1911      74696F6E 
 1911      2D736563 
 1911      74696F6E 
 1912              	.LASF38:
 1913 0306 54696D65 		.ascii	"Timer_ReadCounter\000"
 1913      725F5265 
 1913      6164436F 
 1913      756E7465 
 1913      7200
 1914              	.LASF43:
 1915 0318 55415254 		.ascii	"UART_Start\000"
 1915      5F537461 
 1915      727400
 1916              	.LASF14:
 1917 0323 696E7433 		.ascii	"int32_t\000"
 1917      325F7400 
 1918              	.LASF42:
 1919 032b 756C7472 		.ascii	"ultra_isr_StartEx\000"
 1919      615F6973 
 1919      725F5374 
 1919      61727445 
 1919      7800
 1920              	.LASF23:
 1921 033d 73656E73 		.ascii	"sensors_\000"
 1921      6F72735F 
 1921      00
 1922              	.LASF17:
 1923 0346 75696E74 		.ascii	"uint32\000"
 1923      333200
 1924              	.LASF8:
 1925 034d 6C6F6E67 		.ascii	"long unsigned int\000"
 1925      20756E73 
 1925      69676E65 
 1925      6420696E 
 1925      7400
 1926              	.LASF53:
 1927 035f 2E5C6D61 		.ascii	".\\main.c\000"
 1927      696E2E63 
 1927      00
ARM GAS  C:\Users\suminh\AppData\Local\Temp\ccRL4pok.s 			page 42


 1928              	.LASF6:
 1929 0368 5F5F696E 		.ascii	"__int32_t\000"
 1929      7433325F 
 1929      7400
 1930              	.LASF19:
 1931 0372 646F7562 		.ascii	"double\000"
 1931      6C6500
 1932              	.LASF31:
 1933 0379 49544D5F 		.ascii	"ITM_RxBuffer\000"
 1933      52784275 
 1933      66666572 
 1933      00
 1934              	.LASF44:
 1935 0386 43794465 		.ascii	"CyDelay\000"
 1935      6C617900 
 1936              	.LASF37:
 1937 038e 4563686F 		.ascii	"Echo_Read\000"
 1937      5F526561 
 1937      6400
 1938              	.LASF58:
 1939 0398 55415254 		.ascii	"UART_PutChar\000"
 1939      5F507574 
 1939      43686172 
 1939      00
 1940              		.ident	"GCC: (GNU Tools for ARM Embedded Processors) 4.9.3 20150303 (release) [ARM/embedded-4_9-br
