--------------- Build Started: 07/20/2016 13:31:45 Project: ZumoBot_Lib_IR, Configuration: ARM GCC 4.9-2015-q1-update Debug ---------------
The code generation step is up to date.
arm-none-eabi-gcc.exe -mcpu=cortex-m3 -mthumb -Wno-main -I. -IGenerated_Source\PSoC5 -Wa,-alh=.\CortexM3\ARM_GCC_493\Debug/main.lst -g -D DEBUG -Wall -ffunction-sections -Og -ffat-lto-objects -c .\main.c -o .\CortexM3\ARM_GCC_493\Debug\main.o
.\main.c: In function 'get_IR':
.\main.c:60:21: warning: unused variable 'j' [-Wunused-variable]
     uint t1, t2, i, j;
                     ^
.\main.c:60:18: warning: unused variable 'i' [-Wunused-variable]
     uint t1, t2, i, j;
                  ^
.\main.c:58:9: warning: unused variable 'bit' [-Wunused-variable]
     int bit[32]={0};
         ^
.\main.c: In function 'main':
.\main.c:104:12: warning: variable 'IR_val' set but not used [-Wunused-but-set-variable]
     uint32 IR_val;
            ^
.\main.c: In function 'get_IR':
.\main.c:93:5: warning: 'val' is used uninitialized in this function [-Wuninitialized]
     return val;
     ^
arm-none-eabi-ar.exe -rs .\CortexM3\ARM_GCC_493\Debug\ZumoBot_Lib_IR.a .\CortexM3\ARM_GCC_493\Debug\cyfitter_cfg.o .\CortexM3\ARM_GCC_493\Debug\PWM.o .\CortexM3\ARM_GCC_493\Debug\PWM_PM.o .\CortexM3\ARM_GCC_493\Debug\Clock_1.o .\CortexM3\ARM_GCC_493\Debug\SDA_1.o .\CortexM3\ARM_GCC_493\Debug\SCL_1.o .\CortexM3\ARM_GCC_493\Debug\I2C.o .\CortexM3\ARM_GCC_493\Debug\I2C_BOOT.o .\CortexM3\ARM_GCC_493\Debug\I2C_INT.o .\CortexM3\ARM_GCC_493\Debug\I2C_PM.o .\CortexM3\ARM_GCC_493\Debug\I2C_SLAVE.o .\CortexM3\ARM_GCC_493\Debug\I2C_MASTER.o .\CortexM3\ARM_GCC_493\Debug\UART.o .\CortexM3\ARM_GCC_493\Debug\UART_PM.o .\CortexM3\ARM_GCC_493\Debug\UART_INT.o .\CortexM3\ARM_GCC_493\Debug\UART_BOOT.o .\CortexM3\ARM_GCC_493\Debug\UART_IntClock.o .\CortexM3\ARM_GCC_493\Debug\CyBootAsmGnu.o .\CortexM3\ARM_GCC_493\Debug\CyDmac.o .\CortexM3\ARM_GCC_493\Debug\CyFlash.o .\CortexM3\ARM_GCC_493\Debug\CyLib.o .\CortexM3\ARM_GCC_493\Debug\cyPm.o .\CortexM3\ARM_GCC_493\Debug\CySpc.o .\CortexM3\ARM_GCC_493\Debug\cyutils.o .\CortexM3\ARM_GCC_493\Debug\MotorPwmLeft.o .\CortexM3\ARM_GCC_493\Debug\MotorPwmRight.o .\CortexM3\ARM_GCC_493\Debug\MotorDirLeft.o .\CortexM3\ARM_GCC_493\Debug\MotorDirRight.o .\CortexM3\ARM_GCC_493\Debug\SDA_2.o .\CortexM3\ARM_GCC_493\Debug\SCL_2.o .\CortexM3\ARM_GCC_493\Debug\I2C_2.o .\CortexM3\ARM_GCC_493\Debug\I2C_2_BOOT.o .\CortexM3\ARM_GCC_493\Debug\I2C_2_INT.o .\CortexM3\ARM_GCC_493\Debug\I2C_2_PM.o .\CortexM3\ARM_GCC_493\Debug\I2C_2_SLAVE.o .\CortexM3\ARM_GCC_493\Debug\I2C_2_MASTER.o .\CortexM3\ARM_GCC_493\Debug\I2C_2_IntClock.o .\CortexM3\ARM_GCC_493\Debug\timer_clock_4.o .\CortexM3\ARM_GCC_493\Debug\Timer.o .\CortexM3\ARM_GCC_493\Debug\Timer_PM.o .\CortexM3\ARM_GCC_493\Debug\Echo.o .\CortexM3\ARM_GCC_493\Debug\ultra_isr.o .\CortexM3\ARM_GCC_493\Debug\Trig.o .\CortexM3\ARM_GCC_493\Debug\IR_receiver.o .\CortexM3\ARM_GCC_493\Debug\irreceiver_isr.o .\CortexM3\ARM_GCC_493\Debug\Timer_ir.o .\CortexM3\ARM_GCC_493\Debug\Timer_ir_PM.o .\CortexM3\ARM_GCC_493\Debug\timer_clock.o
arm-none-eabi-ar.exe: creating .\CortexM3\ARM_GCC_493\Debug\ZumoBot_Lib_IR.a
arm-none-eabi-gcc.exe -Wl,--start-group -o .\CortexM3\ARM_GCC_493\Debug\ZumoBot_Lib_IR.elf .\CortexM3\ARM_GCC_493\Debug\main.o .\CortexM3\ARM_GCC_493\Debug\nunchuk.o .\CortexM3\ARM_GCC_493\Debug\Motor.o .\CortexM3\ARM_GCC_493\Debug\Ultra.o .\CortexM3\ARM_GCC_493\Debug\Reflectance.o .\CortexM3\ARM_GCC_493\Debug\accel.o .\CortexM3\ARM_GCC_493\Debug\gyro.o .\CortexM3\ARM_GCC_493\Debug\I2C_made.o .\CortexM3\ARM_GCC_493\Debug\magnet.o .\CortexM3\ARM_GCC_493\Debug\cymetadata.o .\CortexM3\ARM_GCC_493\Debug\Cm3Start.o .\CortexM3\ARM_GCC_493\Debug\ZumoBot_Lib_IR.a "C:\Program Files (x86)\Cypress\PSoC Creator\3.3\PSoC Creator\psoc\content\cycomponentlibrary\CyComponentLibrary.cylib\CortexM3\ARM_GCC_493\Debug\CyComponentLibrary.a" -mcpu=cortex-m3 -mthumb -g -ffunction-sections -Og -ffat-lto-objects -l m -L Generated_Source\PSoC5 -Wl,-Map,.\CortexM3\ARM_GCC_493\Debug/ZumoBot_Lib_IR.map -T Generated_Source\PSoC5\cm3gcc.ld -specs=nano.specs -u _printf_float -Wl,--gc-sections -u _printf_float -Wl,--end-group
cyelftool.exe -C C:\Users\dufma\Desktop\Project\Zumo-PSoC\ZumoBot_Lib_IR.cydsn\CortexM3\ARM_GCC_493\Debug\ZumoBot_Lib_IR.elf --flash_row_size 256 --flash_size 262144
cyelftool.exe -S C:\Users\dufma\Desktop\Project\Zumo-PSoC\ZumoBot_Lib_IR.cydsn\CortexM3\ARM_GCC_493\Debug\ZumoBot_Lib_IR.elf
Flash used: 15104 of 262144 bytes (5.8 %).
SRAM used: 6621 of 65536 bytes (10.1 %). Stack: 2048 bytes. Heap: 4096 bytes.
--------------- Build Succeeded: 07/20/2016 13:31:47 ---------------
