ARM GAS  C:\Users\dufma\AppData\Local\Temp\cc0vLXL5.s 			page 1


   1              		.syntax unified
   2              		.cpu cortex-m3
   3              		.fpu softvfp
   4              		.eabi_attribute 20, 1
   5              		.eabi_attribute 21, 1
   6              		.eabi_attribute 23, 3
   7              		.eabi_attribute 24, 1
   8              		.eabi_attribute 25, 1
   9              		.eabi_attribute 26, 1
  10              		.eabi_attribute 30, 1
  11              		.eabi_attribute 34, 1
  12              		.eabi_attribute 18, 4
  13              		.thumb
  14              		.file	"main.c"
  15              		.text
  16              	.Ltext0:
  17              		.cfi_sections	.debug_frame
  18              		.section	.text.irreceiver_isr_handler,"ax",%progbits
  19              		.align	2
  20              		.global	irreceiver_isr_handler
  21              		.thumb
  22              		.thumb_func
  23              		.type	irreceiver_isr_handler, %function
  24              	irreceiver_isr_handler:
  25              	.LFB63:
  26              		.file 1 ".\\main.c"
   1:.\main.c      **** /* ========================================
   2:.\main.c      ****  *
   3:.\main.c      ****  * Copyright YOUR COMPANY, THE YEAR
   4:.\main.c      ****  * All Rights Reserved
   5:.\main.c      ****  * UNPUBLISHED, LICENSED SOFTWARE.
   6:.\main.c      ****  *
   7:.\main.c      ****  * CONFIDENTIAL AND PROPRIETARY INFORMATION
   8:.\main.c      ****  * WHICH IS THE PROPERTY OF your company.
   9:.\main.c      ****  *
  10:.\main.c      ****  * ========================================
  11:.\main.c      **** */
  12:.\main.c      **** #include <project.h>
  13:.\main.c      **** #include <stdio.h>
  14:.\main.c      **** #include "Motor.h"
  15:.\main.c      **** #include "Ultra.h"
  16:.\main.c      **** #include "nunchuk.h"
  17:.\main.c      **** #include "Reflectance.h"
  18:.\main.c      **** #include "I2C_made.h"
  19:.\main.c      **** #include "gyro.h"
  20:.\main.c      **** #include "accel_magnet.h"
  21:.\main.c      **** 
  22:.\main.c      **** int rread(void);
  23:.\main.c      **** 
  24:.\main.c      **** CY_ISR_PROTO(irreceiver_isr_handler);
  25:.\main.c      **** 
  26:.\main.c      **** CY_ISR(irreceiver_isr_handler)
  27:.\main.c      **** {
  27              		.loc 1 27 0
  28              		.cfi_startproc
  29              		@ args = 0, pretend = 0, frame = 0
  30              		@ frame_needed = 0, uses_anonymous_args = 0
ARM GAS  C:\Users\dufma\AppData\Local\Temp\cc0vLXL5.s 			page 2


  31 0000 08B5     		push	{r3, lr}
  32              		.cfi_def_cfa_offset 8
  33              		.cfi_offset 3, -8
  34              		.cfi_offset 14, -4
  28:.\main.c      ****     printf("%x \r\n", IR_receiver_Read());
  35              		.loc 1 28 0
  36 0002 FFF7FEFF 		bl	IR_receiver_Read
  37              	.LVL0:
  38 0006 0146     		mov	r1, r0
  39 0008 0148     		ldr	r0, .L3
  40 000a FFF7FEFF 		bl	printf
  41              	.LVL1:
  42 000e 08BD     		pop	{r3, pc}
  43              	.L4:
  44              		.align	2
  45              	.L3:
  46 0010 00000000 		.word	.LC0
  47              		.cfi_endproc
  48              	.LFE63:
  49              		.size	irreceiver_isr_handler, .-irreceiver_isr_handler
  50              		.section	.text.main,"ax",%progbits
  51              		.align	2
  52              		.global	main
  53              		.thumb
  54              		.thumb_func
  55              		.type	main, %function
  56              	main:
  57              	.LFB64:
  29:.\main.c      **** }
  30:.\main.c      **** 
  31:.\main.c      **** int main()
  32:.\main.c      **** {
  58              		.loc 1 32 0
  59              		.cfi_startproc
  60              		@ Volatile: function does not return.
  61              		@ args = 0, pretend = 0, frame = 0
  62              		@ frame_needed = 0, uses_anonymous_args = 0
  63 0000 08B5     		push	{r3, lr}
  64              		.cfi_def_cfa_offset 8
  65              		.cfi_offset 3, -8
  66              		.cfi_offset 14, -4
  33:.\main.c      ****     CyGlobalIntEnable; 
  67              		.loc 1 33 0
  68              	@ 33 ".\main.c" 1
  69 0002 62B6     		CPSIE   i
  70              	@ 0 "" 2
  34:.\main.c      ****     UART_Start();
  71              		.loc 1 34 0
  72              		.thumb
  73 0004 FFF7FEFF 		bl	UART_Start
  74              	.LVL2:
  35:.\main.c      ****     printf("Start\r\n");
  75              		.loc 1 35 0
  76 0008 0248     		ldr	r0, .L8
  77 000a FFF7FEFF 		bl	puts
  78              	.LVL3:
  36:.\main.c      ****     Timer_ir_Start();
ARM GAS  C:\Users\dufma\AppData\Local\Temp\cc0vLXL5.s 			page 3


  79              		.loc 1 36 0
  80 000e FFF7FEFF 		bl	Timer_ir_Start
  81              	.LVL4:
  82              	.L6:
  37:.\main.c      ****     for(;;)
  38:.\main.c      ****     {
  39:.\main.c      ****         
  40:.\main.c      ****     }
  83              		.loc 1 40 0 discriminator 1
  84 0012 FEE7     		b	.L6
  85              	.L9:
  86              		.align	2
  87              	.L8:
  88 0014 08000000 		.word	.LC1
  89              		.cfi_endproc
  90              	.LFE64:
  91              		.size	main, .-main
  92              		.section	.text.convert_raw,"ax",%progbits
  93              		.align	2
  94              		.global	convert_raw
  95              		.thumb
  96              		.thumb_func
  97              		.type	convert_raw, %function
  98              	convert_raw:
  99              	.LFB65:
  41:.\main.c      ****     
  42:.\main.c      ****        /*  //nunchuk//
  43:.\main.c      ****     ----------------------------------------------------
  44:.\main.c      ****     nunchuk_start();
  45:.\main.c      ****     nunchuk_init();
  46:.\main.c      ****     
  47:.\main.c      ****     for(;;)
  48:.\main.c      ****     {    
  49:.\main.c      ****         nunchuk_read();
  50:.\main.c      ****     }
  51:.\main.c      ****     //----------------------------------------------------*/
  52:.\main.c      ****     
  53:.\main.c      ****     /* //accelerometer//
  54:.\main.c      ****     //--------------------------------------------------------------
  55:.\main.c      ****     I2C_Start();
  56:.\main.c      ****   
  57:.\main.c      ****     uint8 X_L_A, X_H_A, Y_L_A, Y_H_A, Z_L_A, Z_H_A;
  58:.\main.c      ****     int16 X_AXIS, Y_AXIS, Z_AXIS;
  59:.\main.c      ****     
  60:.\main.c      ****     I2C_write(ACCEL_MAG_ADDR, ACCEL_CTRL1_REG, 0x37);           // set accelerometer & magnetometer
  61:.\main.c      ****     I2C_write(ACCEL_MAG_ADDR, ACCEL_CTRL7_REG, 0x22);
  62:.\main.c      ****     
  63:.\main.c      ****     
  64:.\main.c      ****     for(;;)
  65:.\main.c      ****     {
  66:.\main.c      ****         //print out accelerometer output
  67:.\main.c      ****         X_L_A = I2C_read(ACCEL_MAG_ADDR, OUT_X_L_A);
  68:.\main.c      ****         X_H_A = I2C_read(ACCEL_MAG_ADDR, OUT_X_H_A);
  69:.\main.c      ****         X_AXIS = convert_raw(X_L_A, X_H_A);
  70:.\main.c      ****         
  71:.\main.c      ****         Y_L_A = I2C_read(ACCEL_MAG_ADDR, OUT_Y_L_A);
  72:.\main.c      ****         Y_H_A = I2C_read(ACCEL_MAG_ADDR, OUT_Y_H_A);
ARM GAS  C:\Users\dufma\AppData\Local\Temp\cc0vLXL5.s 			page 4


  73:.\main.c      ****         Y_AXIS = convert_raw(Y_L_A, Y_H_A);
  74:.\main.c      ****         
  75:.\main.c      ****         Z_L_A = I2C_read(ACCEL_MAG_ADDR, OUT_Z_L_A);
  76:.\main.c      ****         Z_H_A = I2C_read(ACCEL_MAG_ADDR, OUT_Z_H_A);
  77:.\main.c      ****         Z_AXIS = convert_raw(Z_L_A, Z_H_A);
  78:.\main.c      ****         
  79:.\main.c      ****         printf("ACCEL: %d %d %d %d %d %d \r\n", X_L_A, X_H_A, Y_L_A, Y_H_A, Z_L_A, Z_H_A);
  80:.\main.c      ****         value_convert_accel(X_AXIS, Y_AXIS, Z_AXIS);
  81:.\main.c      ****         printf("\n");
  82:.\main.c      ****         
  83:.\main.c      ****         CyDelay(50);
  84:.\main.c      ****     }
  85:.\main.c      ****     ///---------------------------------------------------------- */
  86:.\main.c      ****      
  87:.\main.c      ****      /* //ultra//
  88:.\main.c      ****     ----------------------------------------------------
  89:.\main.c      ****     ultra_isr_StartEx(ultra_isr_handler);   // Ultra Sonic Interrupt
  90:.\main.c      ****     Ultra_Start();                          // Ultra Sonic Start function
  91:.\main.c      ****    
  92:.\main.c      ****     for(;;)
  93:.\main.c      ****     {       
  94:.\main.c      ****         CyDelay(100); 
  95:.\main.c      ****         Trig_Write(1);           // Trigger High
  96:.\main.c      ****         CyDelayUs(10);              // 10 micro seconds for trigger input signals
  97:.\main.c      ****         Trig_Write(0);           // Trigger Low
  98:.\main.c      ****     }
  99:.\main.c      ****     //----------------------------------------------------*/
 100:.\main.c      ****     
 101:.\main.c      ****     /* //reflectance//
 102:.\main.c      ****     ----------------------------------------------------
 103:.\main.c      ****     sensor_isr_StartEx(sensor_isr_handler);
 104:.\main.c      ****     
 105:.\main.c      ****     Refelctance_Start();
 106:.\main.c      **** 
 107:.\main.c      ****     IR_led_Write(1);
 108:.\main.c      ****     for(;;)
 109:.\main.c      ****     {
 110:.\main.c      ****         reflectance_period();      //print out each period of reflectance sensors
 111:.\main.c      ****         reflectance_digital();      //print out 0 or 1 according to results of reflectance period
 112:.\main.c      ****         
 113:.\main.c      ****         CyDelay(500);
 114:.\main.c      ****     }
 115:.\main.c      ****     ///----------------------------------------------------*/
 116:.\main.c      ****    
 117:.\main.c      ****     
 118:.\main.c      ****      /* //motor//
 119:.\main.c      ****     ----------------------------------------------------
 120:.\main.c      ****     motor_Start();              // motor start
 121:.\main.c      **** 
 122:.\main.c      ****     motor_forward(50,2000);     // moving forward
 123:.\main.c      ****     motor_turn(10,50,2000);     // turn
 124:.\main.c      ****     motor_turn(50,10,2000);     // turn
 125:.\main.c      ****     motor_backward(50,2000);    // movinb backward
 126:.\main.c      ****        
 127:.\main.c      ****     motor_Stop();               // motor stop
 128:.\main.c      ****     
 129:.\main.c      ****     for(;;)
ARM GAS  C:\Users\dufma\AppData\Local\Temp\cc0vLXL5.s 			page 5


 130:.\main.c      ****     {
 131:.\main.c      **** 
 132:.\main.c      ****     }
 133:.\main.c      ****     ///----------------------------------------------------*/
 134:.\main.c      ****     
 135:.\main.c      ****     
 136:.\main.c      ****    /* //gyroscope//
 137:.\main.c      ****      //-----------------------------------------------------
 138:.\main.c      ****     I2C_Start();
 139:.\main.c      ****   
 140:.\main.c      ****     uint8 X_AXIS_L, X_AXIS_H, Y_AXIS_L, Y_AXIS_H, Z_AXIS_L, Z_AXIS_H;
 141:.\main.c      ****     //uint8 X_L_M, X_H_M, Y_L_M, Y_H_M, Z_L_M, Z_H_M;
 142:.\main.c      ****     //uint8 X_L_A, X_H_A, Y_L_A, Y_H_A, Z_L_A, Z_H_A;
 143:.\main.c      ****     int16 X_AXIS, Y_AXIS, Z_AXIS;
 144:.\main.c      ****     
 145:.\main.c      ****     I2C_write(GYRO_ADDR, GYRO_CTRL1_REG, 0x0F);             // set gyroscope into active mode
 146:.\main.c      ****     I2C_write(GYRO_ADDR, GYRO_CTRL4_REG, 0x30);             // set full scale selection to 2000dps 
 147:.\main.c      ****     
 148:.\main.c      ****     for(;;)
 149:.\main.c      ****     {
 150:.\main.c      ****         //print out gyroscope output
 151:.\main.c      ****         X_AXIS_L = I2C_read(GYRO_ADDR, OUT_X_AXIS_L);
 152:.\main.c      ****         X_AXIS_H = I2C_read(GYRO_ADDR, OUT_X_AXIS_H);
 153:.\main.c      ****         X_AXIS = convert_raw(X_AXIS_H, X_AXIS_L);
 154:.\main.c      ****         
 155:.\main.c      ****         
 156:.\main.c      ****         Y_AXIS_L = I2C_read(GYRO_ADDR, OUT_Y_AXIS_L);
 157:.\main.c      ****         Y_AXIS_H = I2C_read(GYRO_ADDR, OUT_Y_AXIS_H);
 158:.\main.c      ****         Y_AXIS = convert_raw(Y_AXIS_H, Y_AXIS_L);
 159:.\main.c      ****         
 160:.\main.c      ****         
 161:.\main.c      ****         Z_AXIS_L = I2C_read(GYRO_ADDR, OUT_Z_AXIS_L);
 162:.\main.c      ****         Z_AXIS_H = I2C_read(GYRO_ADDR, OUT_Z_AXIS_H);
 163:.\main.c      ****         Z_AXIS = convert_raw(Z_AXIS_H, Z_AXIS_L);
 164:.\main.c      ****         
 165:.\main.c      ****         
 166:.\main.c      ****         //printf("X_AXIS_L: %d, X_AXIS_H: %d, average: %d \r\n", X_AXIS_L, X_AXIS_H, (X_AXIS_H+X_AX
 167:.\main.c      ****         //printf("Y_AXIS_L: %d, Y_AXIS_H: %d, average: %d \r\n", Y_AXIS_L, Y_AXIS_H, (Y_AXIS_H+Y_AX
 168:.\main.c      ****         //printf("Z_AXIS_L: %d, Z_AXIS_H: %d, average: %d \r\n", Z_AXIS_L, Z_AXIS_H, (Z_AXIS_H+Z_AX
 169:.\main.c      ****         
 170:.\main.c      ****         printf("H L : %d %d %d %d %d %d \r\n", X_AXIS_L, X_AXIS_H, Y_AXIS_L, Y_AXIS_H, Z_AXIS_L, Z_
 171:.\main.c      ****         printf("%d %d %d \r\n", X_AXIS, Y_AXIS, Z_AXIS);
 172:.\main.c      ****         //printf("%d %d %d \r\n", value_convert_gyro(X_AXIS), value_convert_gyro(Y_AXIS), value_con
 173:.\main.c      ****         
 174:.\main.c      ****        CyDelay(50);
 175:.\main.c      ****     }
 176:.\main.c      ****     ///-----------------------------------------------------------------*/ 
 177:.\main.c      ****    
 178:.\main.c      ****   
 179:.\main.c      ****     
 180:.\main.c      ****     /* //magnetometer//
 181:.\main.c      ****      //--------------------------------------------------------------
 182:.\main.c      ****     I2C_Start();
 183:.\main.c      ****    
 184:.\main.c      ****     uint8 X_L_M, X_H_M, Y_L_M, Y_H_M, Z_L_M, Z_H_M;
 185:.\main.c      ****     int16 X_AXIS, Y_AXIS, Z_AXIS;
 186:.\main.c      ****     
ARM GAS  C:\Users\dufma\AppData\Local\Temp\cc0vLXL5.s 			page 6


 187:.\main.c      ****     I2C_write(GYRO_ADDR, GYRO_CTRL1_REG, 0x0F);             // set gyroscope into active mode
 188:.\main.c      ****     I2C_write(GYRO_ADDR, GYRO_CTRL4_REG, 0x30);             // set full scale selection to 2000dps
 189:.\main.c      ****     I2C_write(ACCEL_MAG_ADDR, ACCEL_CTRL1_REG, 0x37);           // set accelerometer & magnetometer
 190:.\main.c      ****     I2C_write(ACCEL_MAG_ADDR, ACCEL_CTRL7_REG, 0x22);
 191:.\main.c      ****     
 192:.\main.c      ****     
 193:.\main.c      ****     for(;;)
 194:.\main.c      ****     {
 195:.\main.c      ****         X_L_M = I2C_read(ACCEL_MAG_ADDR, OUT_X_L_M);
 196:.\main.c      ****         X_H_M = I2C_read(ACCEL_MAG_ADDR, OUT_X_H_M);
 197:.\main.c      ****         X_AXIS = convert_raw(X_L_M, X_H_M);
 198:.\main.c      ****         
 199:.\main.c      ****         Y_L_M = I2C_read(ACCEL_MAG_ADDR, OUT_Y_L_M);
 200:.\main.c      ****         Y_H_M = I2C_read(ACCEL_MAG_ADDR, OUT_Y_H_M);
 201:.\main.c      ****         Y_AXIS = convert_raw(Y_L_M, Y_H_M);
 202:.\main.c      ****         
 203:.\main.c      ****         Z_L_M = I2C_read(ACCEL_MAG_ADDR, OUT_Z_L_M);
 204:.\main.c      ****         Z_H_M = I2C_read(ACCEL_MAG_ADDR, OUT_Z_H_M);
 205:.\main.c      ****         Z_AXIS = convert_raw(Z_L_M, Z_H_M);
 206:.\main.c      ****         
 207:.\main.c      ****         heading(X_AXIS, Y_AXIS);
 208:.\main.c      ****         printf("MAGNET: %d %d %d %d %d %d \r\n", X_L_M, X_H_M, Y_L_M, Y_H_M, Z_L_M, Z_H_M);
 209:.\main.c      ****         printf("%d %d %d \r\n", X_AXIS,Y_AXIS, Z_AXIS);
 210:.\main.c      ****         CyDelay(50);
 211:.\main.c      ****           
 212:.\main.c      ****     }
 213:.\main.c      ****     ///----------------------------------------------------------*/
 214:.\main.c      **** }
 215:.\main.c      **** 
 216:.\main.c      **** uint16 convert_raw(uint8 L, uint8 H)            // concatenation
 217:.\main.c      **** {
 100              		.loc 1 217 0
 101              		.cfi_startproc
 102              		@ args = 0, pretend = 0, frame = 0
 103              		@ frame_needed = 0, uses_anonymous_args = 0
 104              		@ link register save eliminated.
 105              	.LVL5:
 218:.\main.c      ****     uint16 raw;
 219:.\main.c      ****     raw = (int16)(L | H << 8);
 220:.\main.c      ****     
 221:.\main.c      ****     return raw;
 222:.\main.c      **** }
 106              		.loc 1 222 0
 107 0000 40EA0120 		orr	r0, r0, r1, lsl #8
 108              	.LVL6:
 109 0004 7047     		bx	lr
 110              		.cfi_endproc
 111              	.LFE65:
 112              		.size	convert_raw, .-convert_raw
 113 0006 00BF     		.section	.text._write,"ax",%progbits
 114              		.align	2
 115              		.global	_write
 116              		.thumb
 117              		.thumb_func
 118              		.type	_write, %function
 119              	_write:
 120              	.LFB66:
ARM GAS  C:\Users\dufma\AppData\Local\Temp\cc0vLXL5.s 			page 7


 223:.\main.c      **** 
 224:.\main.c      **** 
 225:.\main.c      **** #if 0
 226:.\main.c      **** int rread(void)
 227:.\main.c      **** {
 228:.\main.c      ****     SC0_SetDriveMode(PIN_DM_STRONG);
 229:.\main.c      ****     SC0_Write(1);
 230:.\main.c      ****     CyDelayUs(10);
 231:.\main.c      ****     SC0_SetDriveMode(PIN_DM_DIG_HIZ);
 232:.\main.c      ****     Timer_1_Start();
 233:.\main.c      ****     uint16_t start = Timer_1_ReadCounter();
 234:.\main.c      ****     uint16_t end = 0;
 235:.\main.c      ****     while(!(Timer_1_ReadStatusRegister() & Timer_1_STATUS_TC)) {
 236:.\main.c      ****         if(SC0_Read() == 0 && end == 0) {
 237:.\main.c      ****             end = Timer_1_ReadCounter();
 238:.\main.c      ****         }
 239:.\main.c      ****     }
 240:.\main.c      ****     Timer_1_Stop();
 241:.\main.c      ****     
 242:.\main.c      ****     return (start - end);
 243:.\main.c      **** }
 244:.\main.c      **** #endif
 245:.\main.c      **** 
 246:.\main.c      **** int _write(int file, char *ptr, int len)
 247:.\main.c      **** {
 121              		.loc 1 247 0
 122              		.cfi_startproc
 123              		@ args = 0, pretend = 0, frame = 0
 124              		@ frame_needed = 0, uses_anonymous_args = 0
 125              	.LVL7:
 126 0000 70B5     		push	{r4, r5, r6, lr}
 127              		.cfi_def_cfa_offset 16
 128              		.cfi_offset 4, -16
 129              		.cfi_offset 5, -12
 130              		.cfi_offset 6, -8
 131              		.cfi_offset 14, -4
 132 0002 1646     		mov	r6, r2
 133              	.LVL8:
 248:.\main.c      ****     (void) file;
 249:.\main.c      **** 	int n;
 250:.\main.c      **** 	for(n = 0; n < len; n++) {
 134              		.loc 1 250 0
 135 0004 0024     		movs	r4, #0
 136 0006 05E0     		b	.L12
 137              	.LVL9:
 138              	.L13:
 251:.\main.c      **** 		UART_PutChar(*ptr++);
 139              		.loc 1 251 0 discriminator 3
 140 0008 4D1C     		adds	r5, r1, #1
 141              	.LVL10:
 142 000a 0878     		ldrb	r0, [r1]	@ zero_extendqisi2
 143 000c FFF7FEFF 		bl	UART_PutChar
 144              	.LVL11:
 250:.\main.c      **** 		UART_PutChar(*ptr++);
 145              		.loc 1 250 0 discriminator 3
 146 0010 0134     		adds	r4, r4, #1
 147              	.LVL12:
ARM GAS  C:\Users\dufma\AppData\Local\Temp\cc0vLXL5.s 			page 8


 148              		.loc 1 251 0 discriminator 3
 149 0012 2946     		mov	r1, r5
 150              	.LVL13:
 151              	.L12:
 250:.\main.c      **** 		UART_PutChar(*ptr++);
 152              		.loc 1 250 0 discriminator 1
 153 0014 B442     		cmp	r4, r6
 154 0016 F7DB     		blt	.L13
 252:.\main.c      **** 	}
 253:.\main.c      **** 	return len;
 254:.\main.c      **** }
 155              		.loc 1 254 0
 156 0018 3046     		mov	r0, r6
 157 001a 70BD     		pop	{r4, r5, r6, pc}
 158              		.cfi_endproc
 159              	.LFE66:
 160              		.size	_write, .-_write
 161              		.comm	digital_sensor_value,8,4
 162              		.comm	sensors,8,4
 163              		.section	.rodata.str1.4,"aMS",%progbits,1
 164              		.align	2
 165              	.LC0:
 166 0000 2578200D 		.ascii	"%x \015\012\000"
 166      0A00
 167 0006 0000     		.space	2
 168              	.LC1:
 169 0008 53746172 		.ascii	"Start\015\000"
 169      740D00
 170 000f 00       		.text
 171              	.Letext0:
 172              		.file 2 "c:\\program files (x86)\\cypress\\psoc creator\\3.3\\psoc creator\\import\\gnu\\arm\\4.9.
 173              		.file 3 "c:\\program files (x86)\\cypress\\psoc creator\\3.3\\psoc creator\\import\\gnu\\arm\\4.9.
 174              		.file 4 "Generated_Source\\PSoC5/cytypes.h"
 175              		.file 5 ".\\Reflectance.h"
 176              		.file 6 "Generated_Source\\PSoC5/core_cm3.h"
 177              		.file 7 "Generated_Source\\PSoC5/UART.h"
 178              		.file 8 "Generated_Source\\PSoC5/Timer_ir.h"
 179              		.file 9 "Generated_Source\\PSoC5/IR_receiver.h"
 180              		.file 10 "c:\\program files (x86)\\cypress\\psoc creator\\3.3\\psoc creator\\import\\gnu\\arm\\4.9
 181              		.file 11 "<built-in>"
 182              		.section	.debug_info,"",%progbits
 183              	.Ldebug_info0:
 184 0000 FC020000 		.4byte	0x2fc
 185 0004 0400     		.2byte	0x4
 186 0006 00000000 		.4byte	.Ldebug_abbrev0
 187 000a 04       		.byte	0x4
 188 000b 01       		.uleb128 0x1
 189 000c E4000000 		.4byte	.LASF32
 190 0010 01       		.byte	0x1
 191 0011 7C000000 		.4byte	.LASF33
 192 0015 C3010000 		.4byte	.LASF34
 193 0019 00000000 		.4byte	.Ldebug_ranges0+0
 194 001d 00000000 		.4byte	0
 195 0021 00000000 		.4byte	.Ldebug_line0
 196 0025 02       		.uleb128 0x2
 197 0026 01       		.byte	0x1
 198 0027 06       		.byte	0x6
ARM GAS  C:\Users\dufma\AppData\Local\Temp\cc0vLXL5.s 			page 9


 199 0028 5A020000 		.4byte	.LASF0
 200 002c 02       		.uleb128 0x2
 201 002d 01       		.byte	0x1
 202 002e 08       		.byte	0x8
 203 002f 6E000000 		.4byte	.LASF1
 204 0033 02       		.uleb128 0x2
 205 0034 02       		.byte	0x2
 206 0035 05       		.byte	0x5
 207 0036 53000000 		.4byte	.LASF2
 208 003a 03       		.uleb128 0x3
 209 003b CB000000 		.4byte	.LASF4
 210 003f 02       		.byte	0x2
 211 0040 2B       		.byte	0x2b
 212 0041 45000000 		.4byte	0x45
 213 0045 02       		.uleb128 0x2
 214 0046 02       		.byte	0x2
 215 0047 07       		.byte	0x7
 216 0048 2B000000 		.4byte	.LASF3
 217 004c 03       		.uleb128 0x3
 218 004d 09000000 		.4byte	.LASF5
 219 0051 02       		.byte	0x2
 220 0052 3F       		.byte	0x3f
 221 0053 57000000 		.4byte	0x57
 222 0057 02       		.uleb128 0x2
 223 0058 04       		.byte	0x4
 224 0059 05       		.byte	0x5
 225 005a 22000000 		.4byte	.LASF6
 226 005e 02       		.uleb128 0x2
 227 005f 04       		.byte	0x4
 228 0060 07       		.byte	0x7
 229 0061 8B000000 		.4byte	.LASF7
 230 0065 02       		.uleb128 0x2
 231 0066 08       		.byte	0x8
 232 0067 05       		.byte	0x5
 233 0068 01020000 		.4byte	.LASF8
 234 006c 02       		.uleb128 0x2
 235 006d 08       		.byte	0x8
 236 006e 07       		.byte	0x7
 237 006f 7F010000 		.4byte	.LASF9
 238 0073 04       		.uleb128 0x4
 239 0074 04       		.byte	0x4
 240 0075 05       		.byte	0x5
 241 0076 696E7400 		.ascii	"int\000"
 242 007a 02       		.uleb128 0x2
 243 007b 04       		.byte	0x4
 244 007c 07       		.byte	0x7
 245 007d 72010000 		.4byte	.LASF10
 246 0081 03       		.uleb128 0x3
 247 0082 35020000 		.4byte	.LASF11
 248 0086 03       		.byte	0x3
 249 0087 21       		.byte	0x21
 250 0088 3A000000 		.4byte	0x3a
 251 008c 03       		.uleb128 0x3
 252 008d AE010000 		.4byte	.LASF12
 253 0091 03       		.byte	0x3
 254 0092 2C       		.byte	0x2c
 255 0093 4C000000 		.4byte	0x4c
ARM GAS  C:\Users\dufma\AppData\Local\Temp\cc0vLXL5.s 			page 10


 256 0097 05       		.uleb128 0x5
 257 0098 5D000000 		.4byte	.LASF13
 258 009c 04       		.byte	0x4
 259 009d 3801     		.2byte	0x138
 260 009f 2C000000 		.4byte	0x2c
 261 00a3 05       		.uleb128 0x5
 262 00a4 DD000000 		.4byte	.LASF14
 263 00a8 04       		.byte	0x4
 264 00a9 3901     		.2byte	0x139
 265 00ab 45000000 		.4byte	0x45
 266 00af 05       		.uleb128 0x5
 267 00b0 85000000 		.4byte	.LASF15
 268 00b4 04       		.byte	0x4
 269 00b5 3C01     		.2byte	0x13c
 270 00b7 33000000 		.4byte	0x33
 271 00bb 02       		.uleb128 0x2
 272 00bc 04       		.byte	0x4
 273 00bd 04       		.byte	0x4
 274 00be 63000000 		.4byte	.LASF16
 275 00c2 02       		.uleb128 0x2
 276 00c3 08       		.byte	0x8
 277 00c4 04       		.byte	0x4
 278 00c5 D6000000 		.4byte	.LASF17
 279 00c9 02       		.uleb128 0x2
 280 00ca 01       		.byte	0x1
 281 00cb 08       		.byte	0x8
 282 00cc 18020000 		.4byte	.LASF18
 283 00d0 02       		.uleb128 0x2
 284 00d1 04       		.byte	0x4
 285 00d2 07       		.byte	0x7
 286 00d3 0F020000 		.4byte	.LASF19
 287 00d7 06       		.uleb128 0x6
 288 00d8 04       		.byte	0x4
 289 00d9 C9000000 		.4byte	0xc9
 290 00dd 06       		.uleb128 0x6
 291 00de 04       		.byte	0x4
 292 00df E3000000 		.4byte	0xe3
 293 00e3 07       		.uleb128 0x7
 294 00e4 C9000000 		.4byte	0xc9
 295 00e8 08       		.uleb128 0x8
 296 00e9 00000000 		.4byte	.LASF20
 297 00ed 08       		.byte	0x8
 298 00ee 05       		.byte	0x5
 299 00ef 10       		.byte	0x10
 300 00f0 21010000 		.4byte	0x121
 301 00f4 09       		.uleb128 0x9
 302 00f5 6C6C00   		.ascii	"ll\000"
 303 00f8 05       		.byte	0x5
 304 00f9 11       		.byte	0x11
 305 00fa 81000000 		.4byte	0x81
 306 00fe 00       		.byte	0
 307 00ff 09       		.uleb128 0x9
 308 0100 6C7200   		.ascii	"lr\000"
 309 0103 05       		.byte	0x5
 310 0104 13       		.byte	0x13
 311 0105 81000000 		.4byte	0x81
 312 0109 02       		.byte	0x2
ARM GAS  C:\Users\dufma\AppData\Local\Temp\cc0vLXL5.s 			page 11


 313 010a 09       		.uleb128 0x9
 314 010b 726C00   		.ascii	"rl\000"
 315 010e 05       		.byte	0x5
 316 010f 14       		.byte	0x14
 317 0110 81000000 		.4byte	0x81
 318 0114 04       		.byte	0x4
 319 0115 09       		.uleb128 0x9
 320 0116 727200   		.ascii	"rr\000"
 321 0119 05       		.byte	0x5
 322 011a 16       		.byte	0x16
 323 011b 81000000 		.4byte	0x81
 324 011f 06       		.byte	0x6
 325 0120 00       		.byte	0
 326 0121 08       		.uleb128 0x8
 327 0122 9D000000 		.4byte	.LASF21
 328 0126 08       		.byte	0x8
 329 0127 05       		.byte	0x5
 330 0128 19       		.byte	0x19
 331 0129 5A010000 		.4byte	0x15a
 332 012d 09       		.uleb128 0x9
 333 012e 6C6C00   		.ascii	"ll\000"
 334 0131 05       		.byte	0x5
 335 0132 1A       		.byte	0x1a
 336 0133 81000000 		.4byte	0x81
 337 0137 00       		.byte	0
 338 0138 09       		.uleb128 0x9
 339 0139 6C7200   		.ascii	"lr\000"
 340 013c 05       		.byte	0x5
 341 013d 1C       		.byte	0x1c
 342 013e 81000000 		.4byte	0x81
 343 0142 02       		.byte	0x2
 344 0143 09       		.uleb128 0x9
 345 0144 726C00   		.ascii	"rl\000"
 346 0147 05       		.byte	0x5
 347 0148 1D       		.byte	0x1d
 348 0149 81000000 		.4byte	0x81
 349 014d 04       		.byte	0x4
 350 014e 09       		.uleb128 0x9
 351 014f 727200   		.ascii	"rr\000"
 352 0152 05       		.byte	0x5
 353 0153 1F       		.byte	0x1f
 354 0154 81000000 		.4byte	0x81
 355 0158 06       		.byte	0x6
 356 0159 00       		.byte	0
 357 015a 0A       		.uleb128 0xa
 358 015b 3E020000 		.4byte	.LASF22
 359 015f 01       		.byte	0x1
 360 0160 1A       		.byte	0x1a
 361 0161 00000000 		.4byte	.LFB63
 362 0165 14000000 		.4byte	.LFE63-.LFB63
 363 0169 01       		.uleb128 0x1
 364 016a 9C       		.byte	0x9c
 365 016b 8C010000 		.4byte	0x18c
 366 016f 0B       		.uleb128 0xb
 367 0170 06000000 		.4byte	.LVL0
 368 0174 AA020000 		.4byte	0x2aa
 369 0178 0C       		.uleb128 0xc
ARM GAS  C:\Users\dufma\AppData\Local\Temp\cc0vLXL5.s 			page 12


 370 0179 0E000000 		.4byte	.LVL1
 371 017d B5020000 		.4byte	0x2b5
 372 0181 0D       		.uleb128 0xd
 373 0182 01       		.uleb128 0x1
 374 0183 50       		.byte	0x50
 375 0184 05       		.uleb128 0x5
 376 0185 03       		.byte	0x3
 377 0186 00000000 		.4byte	.LC0
 378 018a 00       		.byte	0
 379 018b 00       		.byte	0
 380 018c 0E       		.uleb128 0xe
 381 018d A9010000 		.4byte	.LASF23
 382 0191 01       		.byte	0x1
 383 0192 1F       		.byte	0x1f
 384 0193 73000000 		.4byte	0x73
 385 0197 00000000 		.4byte	.LFB64
 386 019b 18000000 		.4byte	.LFE64-.LFB64
 387 019f 01       		.uleb128 0x1
 388 01a0 9C       		.byte	0x9c
 389 01a1 CF010000 		.4byte	0x1cf
 390 01a5 0B       		.uleb128 0xb
 391 01a6 08000000 		.4byte	.LVL2
 392 01aa CB020000 		.4byte	0x2cb
 393 01ae 0F       		.uleb128 0xf
 394 01af 0E000000 		.4byte	.LVL3
 395 01b3 D2020000 		.4byte	0x2d2
 396 01b7 C5010000 		.4byte	0x1c5
 397 01bb 0D       		.uleb128 0xd
 398 01bc 01       		.uleb128 0x1
 399 01bd 50       		.byte	0x50
 400 01be 05       		.uleb128 0x5
 401 01bf 03       		.byte	0x3
 402 01c0 08000000 		.4byte	.LC1
 403 01c4 00       		.byte	0
 404 01c5 0B       		.uleb128 0xb
 405 01c6 12000000 		.4byte	.LVL4
 406 01ca EB020000 		.4byte	0x2eb
 407 01ce 00       		.byte	0
 408 01cf 10       		.uleb128 0x10
 409 01d0 96010000 		.4byte	.LASF24
 410 01d4 01       		.byte	0x1
 411 01d5 D8       		.byte	0xd8
 412 01d6 A3000000 		.4byte	0xa3
 413 01da 00000000 		.4byte	.LFB65
 414 01de 06000000 		.4byte	.LFE65-.LFB65
 415 01e2 01       		.uleb128 0x1
 416 01e3 9C       		.byte	0x9c
 417 01e4 10020000 		.4byte	0x210
 418 01e8 11       		.uleb128 0x11
 419 01e9 4C00     		.ascii	"L\000"
 420 01eb 01       		.byte	0x1
 421 01ec D8       		.byte	0xd8
 422 01ed 97000000 		.4byte	0x97
 423 01f1 00000000 		.4byte	.LLST0
 424 01f5 12       		.uleb128 0x12
 425 01f6 4800     		.ascii	"H\000"
 426 01f8 01       		.byte	0x1
ARM GAS  C:\Users\dufma\AppData\Local\Temp\cc0vLXL5.s 			page 13


 427 01f9 D8       		.byte	0xd8
 428 01fa 97000000 		.4byte	0x97
 429 01fe 01       		.uleb128 0x1
 430 01ff 51       		.byte	0x51
 431 0200 13       		.uleb128 0x13
 432 0201 72617700 		.ascii	"raw\000"
 433 0205 01       		.byte	0x1
 434 0206 DA       		.byte	0xda
 435 0207 A3000000 		.4byte	0xa3
 436 020b 21000000 		.4byte	.LLST1
 437 020f 00       		.byte	0
 438 0210 10       		.uleb128 0x10
 439 0211 A2010000 		.4byte	.LASF25
 440 0215 01       		.byte	0x1
 441 0216 F6       		.byte	0xf6
 442 0217 73000000 		.4byte	0x73
 443 021b 00000000 		.4byte	.LFB66
 444 021f 1C000000 		.4byte	.LFE66-.LFB66
 445 0223 01       		.uleb128 0x1
 446 0224 9C       		.byte	0x9c
 447 0225 6D020000 		.4byte	0x26d
 448 0229 14       		.uleb128 0x14
 449 022a 69000000 		.4byte	.LASF26
 450 022e 01       		.byte	0x1
 451 022f F6       		.byte	0xf6
 452 0230 73000000 		.4byte	0x73
 453 0234 3B000000 		.4byte	.LLST2
 454 0238 11       		.uleb128 0x11
 455 0239 70747200 		.ascii	"ptr\000"
 456 023d 01       		.byte	0x1
 457 023e F6       		.byte	0xf6
 458 023f D7000000 		.4byte	0xd7
 459 0243 5C000000 		.4byte	.LLST3
 460 0247 11       		.uleb128 0x11
 461 0248 6C656E00 		.ascii	"len\000"
 462 024c 01       		.byte	0x1
 463 024d F6       		.byte	0xf6
 464 024e 73000000 		.4byte	0x73
 465 0252 85000000 		.4byte	.LLST4
 466 0256 13       		.uleb128 0x13
 467 0257 6E00     		.ascii	"n\000"
 468 0259 01       		.byte	0x1
 469 025a F9       		.byte	0xf9
 470 025b 73000000 		.4byte	0x73
 471 025f A3000000 		.4byte	.LLST5
 472 0263 0B       		.uleb128 0xb
 473 0264 10000000 		.4byte	.LVL11
 474 0268 F2020000 		.4byte	0x2f2
 475 026c 00       		.byte	0
 476 026d 15       		.uleb128 0x15
 477 026e BE000000 		.4byte	.LASF27
 478 0272 06       		.byte	0x6
 479 0273 5506     		.2byte	0x655
 480 0275 79020000 		.4byte	0x279
 481 0279 16       		.uleb128 0x16
 482 027a 8C000000 		.4byte	0x8c
 483 027e 17       		.uleb128 0x17
ARM GAS  C:\Users\dufma\AppData\Local\Temp\cc0vLXL5.s 			page 14


 484 027f 75020000 		.4byte	.LASF28
 485 0283 05       		.byte	0x5
 486 0284 17       		.byte	0x17
 487 0285 8F020000 		.4byte	0x28f
 488 0289 05       		.uleb128 0x5
 489 028a 03       		.byte	0x3
 490 028b 00000000 		.4byte	sensors
 491 028f 16       		.uleb128 0x16
 492 0290 E8000000 		.4byte	0xe8
 493 0294 17       		.uleb128 0x17
 494 0295 3E000000 		.4byte	.LASF29
 495 0299 05       		.byte	0x5
 496 029a 20       		.byte	0x20
 497 029b A5020000 		.4byte	0x2a5
 498 029f 05       		.uleb128 0x5
 499 02a0 03       		.byte	0x3
 500 02a1 00000000 		.4byte	digital_sensor_value
 501 02a5 16       		.uleb128 0x16
 502 02a6 21010000 		.4byte	0x121
 503 02aa 18       		.uleb128 0x18
 504 02ab 24020000 		.4byte	.LASF35
 505 02af 09       		.byte	0x9
 506 02b0 29       		.byte	0x29
 507 02b1 97000000 		.4byte	0x97
 508 02b5 19       		.uleb128 0x19
 509 02b6 1D020000 		.4byte	.LASF36
 510 02ba 0A       		.byte	0xa
 511 02bb B2       		.byte	0xb2
 512 02bc 73000000 		.4byte	0x73
 513 02c0 CB020000 		.4byte	0x2cb
 514 02c4 1A       		.uleb128 0x1a
 515 02c5 DD000000 		.4byte	0xdd
 516 02c9 1B       		.uleb128 0x1b
 517 02ca 00       		.byte	0
 518 02cb 1C       		.uleb128 0x1c
 519 02cc B3000000 		.4byte	.LASF30
 520 02d0 07       		.byte	0x7
 521 02d1 54       		.byte	0x54
 522 02d2 1D       		.uleb128 0x1d
 523 02d3 66020000 		.4byte	.LASF37
 524 02d7 0B       		.byte	0xb
 525 02d8 00       		.byte	0
 526 02d9 55020000 		.4byte	.LASF38
 527 02dd 73000000 		.4byte	0x73
 528 02e1 EB020000 		.4byte	0x2eb
 529 02e5 1A       		.uleb128 0x1a
 530 02e6 DD000000 		.4byte	0xdd
 531 02ea 00       		.byte	0
 532 02eb 1C       		.uleb128 0x1c
 533 02ec 13000000 		.4byte	.LASF31
 534 02f0 08       		.byte	0x8
 535 02f1 5A       		.byte	0x5a
 536 02f2 1E       		.uleb128 0x1e
 537 02f3 B6010000 		.4byte	.LASF39
 538 02f7 07       		.byte	0x7
 539 02f8 8A       		.byte	0x8a
 540 02f9 1A       		.uleb128 0x1a
ARM GAS  C:\Users\dufma\AppData\Local\Temp\cc0vLXL5.s 			page 15


 541 02fa 97000000 		.4byte	0x97
 542 02fe 00       		.byte	0
 543 02ff 00       		.byte	0
 544              		.section	.debug_abbrev,"",%progbits
 545              	.Ldebug_abbrev0:
 546 0000 01       		.uleb128 0x1
 547 0001 11       		.uleb128 0x11
 548 0002 01       		.byte	0x1
 549 0003 25       		.uleb128 0x25
 550 0004 0E       		.uleb128 0xe
 551 0005 13       		.uleb128 0x13
 552 0006 0B       		.uleb128 0xb
 553 0007 03       		.uleb128 0x3
 554 0008 0E       		.uleb128 0xe
 555 0009 1B       		.uleb128 0x1b
 556 000a 0E       		.uleb128 0xe
 557 000b 55       		.uleb128 0x55
 558 000c 17       		.uleb128 0x17
 559 000d 11       		.uleb128 0x11
 560 000e 01       		.uleb128 0x1
 561 000f 10       		.uleb128 0x10
 562 0010 17       		.uleb128 0x17
 563 0011 00       		.byte	0
 564 0012 00       		.byte	0
 565 0013 02       		.uleb128 0x2
 566 0014 24       		.uleb128 0x24
 567 0015 00       		.byte	0
 568 0016 0B       		.uleb128 0xb
 569 0017 0B       		.uleb128 0xb
 570 0018 3E       		.uleb128 0x3e
 571 0019 0B       		.uleb128 0xb
 572 001a 03       		.uleb128 0x3
 573 001b 0E       		.uleb128 0xe
 574 001c 00       		.byte	0
 575 001d 00       		.byte	0
 576 001e 03       		.uleb128 0x3
 577 001f 16       		.uleb128 0x16
 578 0020 00       		.byte	0
 579 0021 03       		.uleb128 0x3
 580 0022 0E       		.uleb128 0xe
 581 0023 3A       		.uleb128 0x3a
 582 0024 0B       		.uleb128 0xb
 583 0025 3B       		.uleb128 0x3b
 584 0026 0B       		.uleb128 0xb
 585 0027 49       		.uleb128 0x49
 586 0028 13       		.uleb128 0x13
 587 0029 00       		.byte	0
 588 002a 00       		.byte	0
 589 002b 04       		.uleb128 0x4
 590 002c 24       		.uleb128 0x24
 591 002d 00       		.byte	0
 592 002e 0B       		.uleb128 0xb
 593 002f 0B       		.uleb128 0xb
 594 0030 3E       		.uleb128 0x3e
 595 0031 0B       		.uleb128 0xb
 596 0032 03       		.uleb128 0x3
 597 0033 08       		.uleb128 0x8
ARM GAS  C:\Users\dufma\AppData\Local\Temp\cc0vLXL5.s 			page 16


 598 0034 00       		.byte	0
 599 0035 00       		.byte	0
 600 0036 05       		.uleb128 0x5
 601 0037 16       		.uleb128 0x16
 602 0038 00       		.byte	0
 603 0039 03       		.uleb128 0x3
 604 003a 0E       		.uleb128 0xe
 605 003b 3A       		.uleb128 0x3a
 606 003c 0B       		.uleb128 0xb
 607 003d 3B       		.uleb128 0x3b
 608 003e 05       		.uleb128 0x5
 609 003f 49       		.uleb128 0x49
 610 0040 13       		.uleb128 0x13
 611 0041 00       		.byte	0
 612 0042 00       		.byte	0
 613 0043 06       		.uleb128 0x6
 614 0044 0F       		.uleb128 0xf
 615 0045 00       		.byte	0
 616 0046 0B       		.uleb128 0xb
 617 0047 0B       		.uleb128 0xb
 618 0048 49       		.uleb128 0x49
 619 0049 13       		.uleb128 0x13
 620 004a 00       		.byte	0
 621 004b 00       		.byte	0
 622 004c 07       		.uleb128 0x7
 623 004d 26       		.uleb128 0x26
 624 004e 00       		.byte	0
 625 004f 49       		.uleb128 0x49
 626 0050 13       		.uleb128 0x13
 627 0051 00       		.byte	0
 628 0052 00       		.byte	0
 629 0053 08       		.uleb128 0x8
 630 0054 13       		.uleb128 0x13
 631 0055 01       		.byte	0x1
 632 0056 03       		.uleb128 0x3
 633 0057 0E       		.uleb128 0xe
 634 0058 0B       		.uleb128 0xb
 635 0059 0B       		.uleb128 0xb
 636 005a 3A       		.uleb128 0x3a
 637 005b 0B       		.uleb128 0xb
 638 005c 3B       		.uleb128 0x3b
 639 005d 0B       		.uleb128 0xb
 640 005e 01       		.uleb128 0x1
 641 005f 13       		.uleb128 0x13
 642 0060 00       		.byte	0
 643 0061 00       		.byte	0
 644 0062 09       		.uleb128 0x9
 645 0063 0D       		.uleb128 0xd
 646 0064 00       		.byte	0
 647 0065 03       		.uleb128 0x3
 648 0066 08       		.uleb128 0x8
 649 0067 3A       		.uleb128 0x3a
 650 0068 0B       		.uleb128 0xb
 651 0069 3B       		.uleb128 0x3b
 652 006a 0B       		.uleb128 0xb
 653 006b 49       		.uleb128 0x49
 654 006c 13       		.uleb128 0x13
ARM GAS  C:\Users\dufma\AppData\Local\Temp\cc0vLXL5.s 			page 17


 655 006d 38       		.uleb128 0x38
 656 006e 0B       		.uleb128 0xb
 657 006f 00       		.byte	0
 658 0070 00       		.byte	0
 659 0071 0A       		.uleb128 0xa
 660 0072 2E       		.uleb128 0x2e
 661 0073 01       		.byte	0x1
 662 0074 3F       		.uleb128 0x3f
 663 0075 19       		.uleb128 0x19
 664 0076 03       		.uleb128 0x3
 665 0077 0E       		.uleb128 0xe
 666 0078 3A       		.uleb128 0x3a
 667 0079 0B       		.uleb128 0xb
 668 007a 3B       		.uleb128 0x3b
 669 007b 0B       		.uleb128 0xb
 670 007c 27       		.uleb128 0x27
 671 007d 19       		.uleb128 0x19
 672 007e 11       		.uleb128 0x11
 673 007f 01       		.uleb128 0x1
 674 0080 12       		.uleb128 0x12
 675 0081 06       		.uleb128 0x6
 676 0082 40       		.uleb128 0x40
 677 0083 18       		.uleb128 0x18
 678 0084 9742     		.uleb128 0x2117
 679 0086 19       		.uleb128 0x19
 680 0087 01       		.uleb128 0x1
 681 0088 13       		.uleb128 0x13
 682 0089 00       		.byte	0
 683 008a 00       		.byte	0
 684 008b 0B       		.uleb128 0xb
 685 008c 898201   		.uleb128 0x4109
 686 008f 00       		.byte	0
 687 0090 11       		.uleb128 0x11
 688 0091 01       		.uleb128 0x1
 689 0092 31       		.uleb128 0x31
 690 0093 13       		.uleb128 0x13
 691 0094 00       		.byte	0
 692 0095 00       		.byte	0
 693 0096 0C       		.uleb128 0xc
 694 0097 898201   		.uleb128 0x4109
 695 009a 01       		.byte	0x1
 696 009b 11       		.uleb128 0x11
 697 009c 01       		.uleb128 0x1
 698 009d 31       		.uleb128 0x31
 699 009e 13       		.uleb128 0x13
 700 009f 00       		.byte	0
 701 00a0 00       		.byte	0
 702 00a1 0D       		.uleb128 0xd
 703 00a2 8A8201   		.uleb128 0x410a
 704 00a5 00       		.byte	0
 705 00a6 02       		.uleb128 0x2
 706 00a7 18       		.uleb128 0x18
 707 00a8 9142     		.uleb128 0x2111
 708 00aa 18       		.uleb128 0x18
 709 00ab 00       		.byte	0
 710 00ac 00       		.byte	0
 711 00ad 0E       		.uleb128 0xe
ARM GAS  C:\Users\dufma\AppData\Local\Temp\cc0vLXL5.s 			page 18


 712 00ae 2E       		.uleb128 0x2e
 713 00af 01       		.byte	0x1
 714 00b0 3F       		.uleb128 0x3f
 715 00b1 19       		.uleb128 0x19
 716 00b2 03       		.uleb128 0x3
 717 00b3 0E       		.uleb128 0xe
 718 00b4 3A       		.uleb128 0x3a
 719 00b5 0B       		.uleb128 0xb
 720 00b6 3B       		.uleb128 0x3b
 721 00b7 0B       		.uleb128 0xb
 722 00b8 49       		.uleb128 0x49
 723 00b9 13       		.uleb128 0x13
 724 00ba 11       		.uleb128 0x11
 725 00bb 01       		.uleb128 0x1
 726 00bc 12       		.uleb128 0x12
 727 00bd 06       		.uleb128 0x6
 728 00be 40       		.uleb128 0x40
 729 00bf 18       		.uleb128 0x18
 730 00c0 9742     		.uleb128 0x2117
 731 00c2 19       		.uleb128 0x19
 732 00c3 01       		.uleb128 0x1
 733 00c4 13       		.uleb128 0x13
 734 00c5 00       		.byte	0
 735 00c6 00       		.byte	0
 736 00c7 0F       		.uleb128 0xf
 737 00c8 898201   		.uleb128 0x4109
 738 00cb 01       		.byte	0x1
 739 00cc 11       		.uleb128 0x11
 740 00cd 01       		.uleb128 0x1
 741 00ce 31       		.uleb128 0x31
 742 00cf 13       		.uleb128 0x13
 743 00d0 01       		.uleb128 0x1
 744 00d1 13       		.uleb128 0x13
 745 00d2 00       		.byte	0
 746 00d3 00       		.byte	0
 747 00d4 10       		.uleb128 0x10
 748 00d5 2E       		.uleb128 0x2e
 749 00d6 01       		.byte	0x1
 750 00d7 3F       		.uleb128 0x3f
 751 00d8 19       		.uleb128 0x19
 752 00d9 03       		.uleb128 0x3
 753 00da 0E       		.uleb128 0xe
 754 00db 3A       		.uleb128 0x3a
 755 00dc 0B       		.uleb128 0xb
 756 00dd 3B       		.uleb128 0x3b
 757 00de 0B       		.uleb128 0xb
 758 00df 27       		.uleb128 0x27
 759 00e0 19       		.uleb128 0x19
 760 00e1 49       		.uleb128 0x49
 761 00e2 13       		.uleb128 0x13
 762 00e3 11       		.uleb128 0x11
 763 00e4 01       		.uleb128 0x1
 764 00e5 12       		.uleb128 0x12
 765 00e6 06       		.uleb128 0x6
 766 00e7 40       		.uleb128 0x40
 767 00e8 18       		.uleb128 0x18
 768 00e9 9742     		.uleb128 0x2117
ARM GAS  C:\Users\dufma\AppData\Local\Temp\cc0vLXL5.s 			page 19


 769 00eb 19       		.uleb128 0x19
 770 00ec 01       		.uleb128 0x1
 771 00ed 13       		.uleb128 0x13
 772 00ee 00       		.byte	0
 773 00ef 00       		.byte	0
 774 00f0 11       		.uleb128 0x11
 775 00f1 05       		.uleb128 0x5
 776 00f2 00       		.byte	0
 777 00f3 03       		.uleb128 0x3
 778 00f4 08       		.uleb128 0x8
 779 00f5 3A       		.uleb128 0x3a
 780 00f6 0B       		.uleb128 0xb
 781 00f7 3B       		.uleb128 0x3b
 782 00f8 0B       		.uleb128 0xb
 783 00f9 49       		.uleb128 0x49
 784 00fa 13       		.uleb128 0x13
 785 00fb 02       		.uleb128 0x2
 786 00fc 17       		.uleb128 0x17
 787 00fd 00       		.byte	0
 788 00fe 00       		.byte	0
 789 00ff 12       		.uleb128 0x12
 790 0100 05       		.uleb128 0x5
 791 0101 00       		.byte	0
 792 0102 03       		.uleb128 0x3
 793 0103 08       		.uleb128 0x8
 794 0104 3A       		.uleb128 0x3a
 795 0105 0B       		.uleb128 0xb
 796 0106 3B       		.uleb128 0x3b
 797 0107 0B       		.uleb128 0xb
 798 0108 49       		.uleb128 0x49
 799 0109 13       		.uleb128 0x13
 800 010a 02       		.uleb128 0x2
 801 010b 18       		.uleb128 0x18
 802 010c 00       		.byte	0
 803 010d 00       		.byte	0
 804 010e 13       		.uleb128 0x13
 805 010f 34       		.uleb128 0x34
 806 0110 00       		.byte	0
 807 0111 03       		.uleb128 0x3
 808 0112 08       		.uleb128 0x8
 809 0113 3A       		.uleb128 0x3a
 810 0114 0B       		.uleb128 0xb
 811 0115 3B       		.uleb128 0x3b
 812 0116 0B       		.uleb128 0xb
 813 0117 49       		.uleb128 0x49
 814 0118 13       		.uleb128 0x13
 815 0119 02       		.uleb128 0x2
 816 011a 17       		.uleb128 0x17
 817 011b 00       		.byte	0
 818 011c 00       		.byte	0
 819 011d 14       		.uleb128 0x14
 820 011e 05       		.uleb128 0x5
 821 011f 00       		.byte	0
 822 0120 03       		.uleb128 0x3
 823 0121 0E       		.uleb128 0xe
 824 0122 3A       		.uleb128 0x3a
 825 0123 0B       		.uleb128 0xb
ARM GAS  C:\Users\dufma\AppData\Local\Temp\cc0vLXL5.s 			page 20


 826 0124 3B       		.uleb128 0x3b
 827 0125 0B       		.uleb128 0xb
 828 0126 49       		.uleb128 0x49
 829 0127 13       		.uleb128 0x13
 830 0128 02       		.uleb128 0x2
 831 0129 17       		.uleb128 0x17
 832 012a 00       		.byte	0
 833 012b 00       		.byte	0
 834 012c 15       		.uleb128 0x15
 835 012d 34       		.uleb128 0x34
 836 012e 00       		.byte	0
 837 012f 03       		.uleb128 0x3
 838 0130 0E       		.uleb128 0xe
 839 0131 3A       		.uleb128 0x3a
 840 0132 0B       		.uleb128 0xb
 841 0133 3B       		.uleb128 0x3b
 842 0134 05       		.uleb128 0x5
 843 0135 49       		.uleb128 0x49
 844 0136 13       		.uleb128 0x13
 845 0137 3F       		.uleb128 0x3f
 846 0138 19       		.uleb128 0x19
 847 0139 3C       		.uleb128 0x3c
 848 013a 19       		.uleb128 0x19
 849 013b 00       		.byte	0
 850 013c 00       		.byte	0
 851 013d 16       		.uleb128 0x16
 852 013e 35       		.uleb128 0x35
 853 013f 00       		.byte	0
 854 0140 49       		.uleb128 0x49
 855 0141 13       		.uleb128 0x13
 856 0142 00       		.byte	0
 857 0143 00       		.byte	0
 858 0144 17       		.uleb128 0x17
 859 0145 34       		.uleb128 0x34
 860 0146 00       		.byte	0
 861 0147 03       		.uleb128 0x3
 862 0148 0E       		.uleb128 0xe
 863 0149 3A       		.uleb128 0x3a
 864 014a 0B       		.uleb128 0xb
 865 014b 3B       		.uleb128 0x3b
 866 014c 0B       		.uleb128 0xb
 867 014d 49       		.uleb128 0x49
 868 014e 13       		.uleb128 0x13
 869 014f 3F       		.uleb128 0x3f
 870 0150 19       		.uleb128 0x19
 871 0151 02       		.uleb128 0x2
 872 0152 18       		.uleb128 0x18
 873 0153 00       		.byte	0
 874 0154 00       		.byte	0
 875 0155 18       		.uleb128 0x18
 876 0156 2E       		.uleb128 0x2e
 877 0157 00       		.byte	0
 878 0158 3F       		.uleb128 0x3f
 879 0159 19       		.uleb128 0x19
 880 015a 03       		.uleb128 0x3
 881 015b 0E       		.uleb128 0xe
 882 015c 3A       		.uleb128 0x3a
ARM GAS  C:\Users\dufma\AppData\Local\Temp\cc0vLXL5.s 			page 21


 883 015d 0B       		.uleb128 0xb
 884 015e 3B       		.uleb128 0x3b
 885 015f 0B       		.uleb128 0xb
 886 0160 27       		.uleb128 0x27
 887 0161 19       		.uleb128 0x19
 888 0162 49       		.uleb128 0x49
 889 0163 13       		.uleb128 0x13
 890 0164 3C       		.uleb128 0x3c
 891 0165 19       		.uleb128 0x19
 892 0166 00       		.byte	0
 893 0167 00       		.byte	0
 894 0168 19       		.uleb128 0x19
 895 0169 2E       		.uleb128 0x2e
 896 016a 01       		.byte	0x1
 897 016b 3F       		.uleb128 0x3f
 898 016c 19       		.uleb128 0x19
 899 016d 03       		.uleb128 0x3
 900 016e 0E       		.uleb128 0xe
 901 016f 3A       		.uleb128 0x3a
 902 0170 0B       		.uleb128 0xb
 903 0171 3B       		.uleb128 0x3b
 904 0172 0B       		.uleb128 0xb
 905 0173 27       		.uleb128 0x27
 906 0174 19       		.uleb128 0x19
 907 0175 49       		.uleb128 0x49
 908 0176 13       		.uleb128 0x13
 909 0177 3C       		.uleb128 0x3c
 910 0178 19       		.uleb128 0x19
 911 0179 01       		.uleb128 0x1
 912 017a 13       		.uleb128 0x13
 913 017b 00       		.byte	0
 914 017c 00       		.byte	0
 915 017d 1A       		.uleb128 0x1a
 916 017e 05       		.uleb128 0x5
 917 017f 00       		.byte	0
 918 0180 49       		.uleb128 0x49
 919 0181 13       		.uleb128 0x13
 920 0182 00       		.byte	0
 921 0183 00       		.byte	0
 922 0184 1B       		.uleb128 0x1b
 923 0185 18       		.uleb128 0x18
 924 0186 00       		.byte	0
 925 0187 00       		.byte	0
 926 0188 00       		.byte	0
 927 0189 1C       		.uleb128 0x1c
 928 018a 2E       		.uleb128 0x2e
 929 018b 00       		.byte	0
 930 018c 3F       		.uleb128 0x3f
 931 018d 19       		.uleb128 0x19
 932 018e 03       		.uleb128 0x3
 933 018f 0E       		.uleb128 0xe
 934 0190 3A       		.uleb128 0x3a
 935 0191 0B       		.uleb128 0xb
 936 0192 3B       		.uleb128 0x3b
 937 0193 0B       		.uleb128 0xb
 938 0194 27       		.uleb128 0x27
 939 0195 19       		.uleb128 0x19
ARM GAS  C:\Users\dufma\AppData\Local\Temp\cc0vLXL5.s 			page 22


 940 0196 3C       		.uleb128 0x3c
 941 0197 19       		.uleb128 0x19
 942 0198 00       		.byte	0
 943 0199 00       		.byte	0
 944 019a 1D       		.uleb128 0x1d
 945 019b 2E       		.uleb128 0x2e
 946 019c 01       		.byte	0x1
 947 019d 3F       		.uleb128 0x3f
 948 019e 19       		.uleb128 0x19
 949 019f 03       		.uleb128 0x3
 950 01a0 0E       		.uleb128 0xe
 951 01a1 3A       		.uleb128 0x3a
 952 01a2 0B       		.uleb128 0xb
 953 01a3 3B       		.uleb128 0x3b
 954 01a4 0B       		.uleb128 0xb
 955 01a5 6E       		.uleb128 0x6e
 956 01a6 0E       		.uleb128 0xe
 957 01a7 27       		.uleb128 0x27
 958 01a8 19       		.uleb128 0x19
 959 01a9 49       		.uleb128 0x49
 960 01aa 13       		.uleb128 0x13
 961 01ab 3C       		.uleb128 0x3c
 962 01ac 19       		.uleb128 0x19
 963 01ad 01       		.uleb128 0x1
 964 01ae 13       		.uleb128 0x13
 965 01af 00       		.byte	0
 966 01b0 00       		.byte	0
 967 01b1 1E       		.uleb128 0x1e
 968 01b2 2E       		.uleb128 0x2e
 969 01b3 01       		.byte	0x1
 970 01b4 3F       		.uleb128 0x3f
 971 01b5 19       		.uleb128 0x19
 972 01b6 03       		.uleb128 0x3
 973 01b7 0E       		.uleb128 0xe
 974 01b8 3A       		.uleb128 0x3a
 975 01b9 0B       		.uleb128 0xb
 976 01ba 3B       		.uleb128 0x3b
 977 01bb 0B       		.uleb128 0xb
 978 01bc 27       		.uleb128 0x27
 979 01bd 19       		.uleb128 0x19
 980 01be 3C       		.uleb128 0x3c
 981 01bf 19       		.uleb128 0x19
 982 01c0 00       		.byte	0
 983 01c1 00       		.byte	0
 984 01c2 00       		.byte	0
 985              		.section	.debug_loc,"",%progbits
 986              	.Ldebug_loc0:
 987              	.LLST0:
 988 0000 00000000 		.4byte	.LVL5
 989 0004 04000000 		.4byte	.LVL6
 990 0008 0100     		.2byte	0x1
 991 000a 50       		.byte	0x50
 992 000b 04000000 		.4byte	.LVL6
 993 000f 06000000 		.4byte	.LFE65
 994 0013 0400     		.2byte	0x4
 995 0015 F3       		.byte	0xf3
 996 0016 01       		.uleb128 0x1
ARM GAS  C:\Users\dufma\AppData\Local\Temp\cc0vLXL5.s 			page 23


 997 0017 50       		.byte	0x50
 998 0018 9F       		.byte	0x9f
 999 0019 00000000 		.4byte	0
 1000 001d 00000000 		.4byte	0
 1001              	.LLST1:
 1002 0021 00000000 		.4byte	.LVL5
 1003 0025 04000000 		.4byte	.LVL6
 1004 0029 0800     		.2byte	0x8
 1005 002b 71       		.byte	0x71
 1006 002c 00       		.sleb128 0
 1007 002d 38       		.byte	0x38
 1008 002e 24       		.byte	0x24
 1009 002f 70       		.byte	0x70
 1010 0030 00       		.sleb128 0
 1011 0031 21       		.byte	0x21
 1012 0032 9F       		.byte	0x9f
 1013 0033 00000000 		.4byte	0
 1014 0037 00000000 		.4byte	0
 1015              	.LLST2:
 1016 003b 00000000 		.4byte	.LVL7
 1017 003f 08000000 		.4byte	.LVL9
 1018 0043 0100     		.2byte	0x1
 1019 0045 50       		.byte	0x50
 1020 0046 08000000 		.4byte	.LVL9
 1021 004a 1C000000 		.4byte	.LFE66
 1022 004e 0400     		.2byte	0x4
 1023 0050 F3       		.byte	0xf3
 1024 0051 01       		.uleb128 0x1
 1025 0052 50       		.byte	0x50
 1026 0053 9F       		.byte	0x9f
 1027 0054 00000000 		.4byte	0
 1028 0058 00000000 		.4byte	0
 1029              	.LLST3:
 1030 005c 00000000 		.4byte	.LVL7
 1031 0060 0A000000 		.4byte	.LVL10
 1032 0064 0100     		.2byte	0x1
 1033 0066 51       		.byte	0x51
 1034 0067 0A000000 		.4byte	.LVL10
 1035 006b 14000000 		.4byte	.LVL13
 1036 006f 0100     		.2byte	0x1
 1037 0071 55       		.byte	0x55
 1038 0072 14000000 		.4byte	.LVL13
 1039 0076 1C000000 		.4byte	.LFE66
 1040 007a 0100     		.2byte	0x1
 1041 007c 51       		.byte	0x51
 1042 007d 00000000 		.4byte	0
 1043 0081 00000000 		.4byte	0
 1044              	.LLST4:
 1045 0085 00000000 		.4byte	.LVL7
 1046 0089 08000000 		.4byte	.LVL9
 1047 008d 0100     		.2byte	0x1
 1048 008f 52       		.byte	0x52
 1049 0090 08000000 		.4byte	.LVL9
 1050 0094 1C000000 		.4byte	.LFE66
 1051 0098 0100     		.2byte	0x1
 1052 009a 56       		.byte	0x56
 1053 009b 00000000 		.4byte	0
ARM GAS  C:\Users\dufma\AppData\Local\Temp\cc0vLXL5.s 			page 24


 1054 009f 00000000 		.4byte	0
 1055              	.LLST5:
 1056 00a3 04000000 		.4byte	.LVL8
 1057 00a7 08000000 		.4byte	.LVL9
 1058 00ab 0200     		.2byte	0x2
 1059 00ad 30       		.byte	0x30
 1060 00ae 9F       		.byte	0x9f
 1061 00af 08000000 		.4byte	.LVL9
 1062 00b3 1C000000 		.4byte	.LFE66
 1063 00b7 0100     		.2byte	0x1
 1064 00b9 54       		.byte	0x54
 1065 00ba 00000000 		.4byte	0
 1066 00be 00000000 		.4byte	0
 1067              		.section	.debug_aranges,"",%progbits
 1068 0000 34000000 		.4byte	0x34
 1069 0004 0200     		.2byte	0x2
 1070 0006 00000000 		.4byte	.Ldebug_info0
 1071 000a 04       		.byte	0x4
 1072 000b 00       		.byte	0
 1073 000c 0000     		.2byte	0
 1074 000e 0000     		.2byte	0
 1075 0010 00000000 		.4byte	.LFB63
 1076 0014 14000000 		.4byte	.LFE63-.LFB63
 1077 0018 00000000 		.4byte	.LFB64
 1078 001c 18000000 		.4byte	.LFE64-.LFB64
 1079 0020 00000000 		.4byte	.LFB65
 1080 0024 06000000 		.4byte	.LFE65-.LFB65
 1081 0028 00000000 		.4byte	.LFB66
 1082 002c 1C000000 		.4byte	.LFE66-.LFB66
 1083 0030 00000000 		.4byte	0
 1084 0034 00000000 		.4byte	0
 1085              		.section	.debug_ranges,"",%progbits
 1086              	.Ldebug_ranges0:
 1087 0000 00000000 		.4byte	.LFB63
 1088 0004 14000000 		.4byte	.LFE63
 1089 0008 00000000 		.4byte	.LFB64
 1090 000c 18000000 		.4byte	.LFE64
 1091 0010 00000000 		.4byte	.LFB65
 1092 0014 06000000 		.4byte	.LFE65
 1093 0018 00000000 		.4byte	.LFB66
 1094 001c 1C000000 		.4byte	.LFE66
 1095 0020 00000000 		.4byte	0
 1096 0024 00000000 		.4byte	0
 1097              		.section	.debug_line,"",%progbits
 1098              	.Ldebug_line0:
 1099 0000 03020000 		.section	.debug_str,"MS",%progbits,1
 1099      02009E01 
 1099      00000201 
 1099      FB0E0D00 
 1099      01010101 
 1100              	.LASF20:
 1101 0000 73656E73 		.ascii	"sensors_\000"
 1101      6F72735F 
 1101      00
 1102              	.LASF5:
 1103 0009 5F5F696E 		.ascii	"__int32_t\000"
 1103      7433325F 
ARM GAS  C:\Users\dufma\AppData\Local\Temp\cc0vLXL5.s 			page 25


 1103      7400
 1104              	.LASF31:
 1105 0013 54696D65 		.ascii	"Timer_ir_Start\000"
 1105      725F6972 
 1105      5F537461 
 1105      727400
 1106              	.LASF6:
 1107 0022 6C6F6E67 		.ascii	"long int\000"
 1107      20696E74 
 1107      00
 1108              	.LASF3:
 1109 002b 73686F72 		.ascii	"short unsigned int\000"
 1109      7420756E 
 1109      7369676E 
 1109      65642069 
 1109      6E7400
 1110              	.LASF29:
 1111 003e 64696769 		.ascii	"digital_sensor_value\000"
 1111      74616C5F 
 1111      73656E73 
 1111      6F725F76 
 1111      616C7565 
 1112              	.LASF2:
 1113 0053 73686F72 		.ascii	"short int\000"
 1113      7420696E 
 1113      7400
 1114              	.LASF13:
 1115 005d 75696E74 		.ascii	"uint8\000"
 1115      3800
 1116              	.LASF16:
 1117 0063 666C6F61 		.ascii	"float\000"
 1117      7400
 1118              	.LASF26:
 1119 0069 66696C65 		.ascii	"file\000"
 1119      00
 1120              	.LASF1:
 1121 006e 756E7369 		.ascii	"unsigned char\000"
 1121      676E6564 
 1121      20636861 
 1121      7200
 1122              	.LASF33:
 1123 007c 2E5C6D61 		.ascii	".\\main.c\000"
 1123      696E2E63 
 1123      00
 1124              	.LASF15:
 1125 0085 696E7431 		.ascii	"int16\000"
 1125      3600
 1126              	.LASF7:
 1127 008b 6C6F6E67 		.ascii	"long unsigned int\000"
 1127      20756E73 
 1127      69676E65 
 1127      6420696E 
 1127      7400
 1128              	.LASF21:
 1129 009d 64696769 		.ascii	"digital_sensor_value_\000"
 1129      74616C5F 
 1129      73656E73 
ARM GAS  C:\Users\dufma\AppData\Local\Temp\cc0vLXL5.s 			page 26


 1129      6F725F76 
 1129      616C7565 
 1130              	.LASF30:
 1131 00b3 55415254 		.ascii	"UART_Start\000"
 1131      5F537461 
 1131      727400
 1132              	.LASF27:
 1133 00be 49544D5F 		.ascii	"ITM_RxBuffer\000"
 1133      52784275 
 1133      66666572 
 1133      00
 1134              	.LASF4:
 1135 00cb 5F5F7569 		.ascii	"__uint16_t\000"
 1135      6E743136 
 1135      5F7400
 1136              	.LASF17:
 1137 00d6 646F7562 		.ascii	"double\000"
 1137      6C6500
 1138              	.LASF14:
 1139 00dd 75696E74 		.ascii	"uint16\000"
 1139      313600
 1140              	.LASF32:
 1141 00e4 474E5520 		.ascii	"GNU C 4.9.3 20150303 (release) [ARM/embedded-4_9-br"
 1141      4320342E 
 1141      392E3320 
 1141      32303135 
 1141      30333033 
 1142 0117 616E6368 		.ascii	"anch revision 221220] -mcpu=cortex-m3 -mthumb -g -O"
 1142      20726576 
 1142      6973696F 
 1142      6E203232 
 1142      31323230 
 1143 014a 67202D66 		.ascii	"g -ffunction-sections -ffat-lto-objects\000"
 1143      66756E63 
 1143      74696F6E 
 1143      2D736563 
 1143      74696F6E 
 1144              	.LASF10:
 1145 0172 756E7369 		.ascii	"unsigned int\000"
 1145      676E6564 
 1145      20696E74 
 1145      00
 1146              	.LASF9:
 1147 017f 6C6F6E67 		.ascii	"long long unsigned int\000"
 1147      206C6F6E 
 1147      6720756E 
 1147      7369676E 
 1147      65642069 
 1148              	.LASF24:
 1149 0196 636F6E76 		.ascii	"convert_raw\000"
 1149      6572745F 
 1149      72617700 
 1150              	.LASF25:
 1151 01a2 5F777269 		.ascii	"_write\000"
 1151      746500
 1152              	.LASF23:
 1153 01a9 6D61696E 		.ascii	"main\000"
ARM GAS  C:\Users\dufma\AppData\Local\Temp\cc0vLXL5.s 			page 27


 1153      00
 1154              	.LASF12:
 1155 01ae 696E7433 		.ascii	"int32_t\000"
 1155      325F7400 
 1156              	.LASF39:
 1157 01b6 55415254 		.ascii	"UART_PutChar\000"
 1157      5F507574 
 1157      43686172 
 1157      00
 1158              	.LASF34:
 1159 01c3 433A5C55 		.ascii	"C:\\Users\\dufma\\Desktop\\Project\\Zumo-PSoC\\Zumo"
 1159      73657273 
 1159      5C647566 
 1159      6D615C44 
 1159      65736B74 
 1160 01f0 426F745F 		.ascii	"Bot_Lib_IR.cydsn\000"
 1160      4C69625F 
 1160      49522E63 
 1160      7964736E 
 1160      00
 1161              	.LASF8:
 1162 0201 6C6F6E67 		.ascii	"long long int\000"
 1162      206C6F6E 
 1162      6720696E 
 1162      7400
 1163              	.LASF19:
 1164 020f 73697A65 		.ascii	"sizetype\000"
 1164      74797065 
 1164      00
 1165              	.LASF18:
 1166 0218 63686172 		.ascii	"char\000"
 1166      00
 1167              	.LASF36:
 1168 021d 7072696E 		.ascii	"printf\000"
 1168      746600
 1169              	.LASF35:
 1170 0224 49525F72 		.ascii	"IR_receiver_Read\000"
 1170      65636569 
 1170      7665725F 
 1170      52656164 
 1170      00
 1171              	.LASF11:
 1172 0235 75696E74 		.ascii	"uint16_t\000"
 1172      31365F74 
 1172      00
 1173              	.LASF22:
 1174 023e 69727265 		.ascii	"irreceiver_isr_handler\000"
 1174      63656976 
 1174      65725F69 
 1174      73725F68 
 1174      616E646C 
 1175              	.LASF38:
 1176 0255 70757473 		.ascii	"puts\000"
 1176      00
 1177              	.LASF0:
 1178 025a 7369676E 		.ascii	"signed char\000"
 1178      65642063 
ARM GAS  C:\Users\dufma\AppData\Local\Temp\cc0vLXL5.s 			page 28


 1178      68617200 
 1179              	.LASF37:
 1180 0266 5F5F6275 		.ascii	"__builtin_puts\000"
 1180      696C7469 
 1180      6E5F7075 
 1180      747300
 1181              	.LASF28:
 1182 0275 73656E73 		.ascii	"sensors\000"
 1182      6F727300 
 1183              		.ident	"GCC: (GNU Tools for ARM Embedded Processors) 4.9.3 20150303 (release) [ARM/embedded-4_9-br
