ARM GAS  C:\Users\dufma\AppData\Local\Temp\ccfdGX9u.s 			page 1


   1              		.syntax unified
   2              		.cpu cortex-m3
   3              		.fpu softvfp
   4              		.eabi_attribute 20, 1
   5              		.eabi_attribute 21, 1
   6              		.eabi_attribute 23, 3
   7              		.eabi_attribute 24, 1
   8              		.eabi_attribute 25, 1
   9              		.eabi_attribute 26, 1
  10              		.eabi_attribute 30, 1
  11              		.eabi_attribute 34, 1
  12              		.eabi_attribute 18, 4
  13              		.thumb
  14              		.file	"Reflectance.c"
  15              		.text
  16              	.Ltext0:
  17              		.cfi_sections	.debug_frame
  18              		.comm	digital_sensor_value,8,4
  19              		.comm	sensors,8,4
  20              	.Letext0:
  21              		.file 1 "c:\\program files (x86)\\cypress\\psoc creator\\3.3\\psoc creator\\import\\gnu\\arm\\4.9.
  22              		.file 2 "c:\\program files (x86)\\cypress\\psoc creator\\3.3\\psoc creator\\import\\gnu\\arm\\4.9.
  23              		.file 3 ".\\Reflectance.h"
  24              		.file 4 "Generated_Source\\PSoC5/core_cm3.h"
  25              		.section	.debug_info,"",%progbits
  26              	.Ldebug_info0:
  27 0000 57010000 		.4byte	0x157
  28 0004 0400     		.2byte	0x4
  29 0006 00000000 		.4byte	.Ldebug_abbrev0
  30 000a 04       		.byte	0x4
  31 000b 01       		.uleb128 0x1
  32 000c A0000000 		.4byte	.LASF22
  33 0010 01       		.byte	0x1
  34 0011 3E000000 		.4byte	.LASF23
  35 0015 88010000 		.4byte	.LASF24
  36 0019 00000000 		.4byte	.Ldebug_line0
  37 001d 02       		.uleb128 0x2
  38 001e 01       		.byte	0x1
  39 001f 06       		.byte	0x6
  40 0020 5B010000 		.4byte	.LASF0
  41 0024 02       		.uleb128 0x2
  42 0025 01       		.byte	0x1
  43 0026 08       		.byte	0x8
  44 0027 1B000000 		.4byte	.LASF1
  45 002b 02       		.uleb128 0x2
  46 002c 02       		.byte	0x2
  47 002d 05       		.byte	0x5
  48 002e C6010000 		.4byte	.LASF2
  49 0032 03       		.uleb128 0x3
  50 0033 2E010000 		.4byte	.LASF4
  51 0037 01       		.byte	0x1
  52 0038 2B       		.byte	0x2b
  53 0039 3D000000 		.4byte	0x3d
  54 003d 02       		.uleb128 0x2
  55 003e 02       		.byte	0x2
  56 003f 07       		.byte	0x7
  57 0040 8D000000 		.4byte	.LASF3
ARM GAS  C:\Users\dufma\AppData\Local\Temp\ccfdGX9u.s 			page 2


  58 0044 03       		.uleb128 0x3
  59 0045 67010000 		.4byte	.LASF5
  60 0049 01       		.byte	0x1
  61 004a 3F       		.byte	0x3f
  62 004b 4F000000 		.4byte	0x4f
  63 004f 02       		.uleb128 0x2
  64 0050 04       		.byte	0x4
  65 0051 05       		.byte	0x5
  66 0052 3E010000 		.4byte	.LASF6
  67 0056 02       		.uleb128 0x2
  68 0057 04       		.byte	0x4
  69 0058 07       		.byte	0x7
  70 0059 4E000000 		.4byte	.LASF7
  71 005d 02       		.uleb128 0x2
  72 005e 08       		.byte	0x8
  73 005f 05       		.byte	0x5
  74 0060 00000000 		.4byte	.LASF8
  75 0064 02       		.uleb128 0x2
  76 0065 08       		.byte	0x8
  77 0066 07       		.byte	0x7
  78 0067 60000000 		.4byte	.LASF9
  79 006b 04       		.uleb128 0x4
  80 006c 04       		.byte	0x4
  81 006d 05       		.byte	0x5
  82 006e 696E7400 		.ascii	"int\000"
  83 0072 02       		.uleb128 0x2
  84 0073 04       		.byte	0x4
  85 0074 07       		.byte	0x7
  86 0075 0E000000 		.4byte	.LASF10
  87 0079 02       		.uleb128 0x2
  88 007a 04       		.byte	0x4
  89 007b 07       		.byte	0x7
  90 007c E1010000 		.4byte	.LASF11
  91 0080 02       		.uleb128 0x2
  92 0081 01       		.byte	0x1
  93 0082 08       		.byte	0x8
  94 0083 39010000 		.4byte	.LASF12
  95 0087 03       		.uleb128 0x3
  96 0088 79010000 		.4byte	.LASF13
  97 008c 02       		.byte	0x2
  98 008d 21       		.byte	0x21
  99 008e 32000000 		.4byte	0x32
 100 0092 03       		.uleb128 0x3
 101 0093 D0010000 		.4byte	.LASF14
 102 0097 02       		.byte	0x2
 103 0098 2C       		.byte	0x2c
 104 0099 44000000 		.4byte	0x44
 105 009d 02       		.uleb128 0x2
 106 009e 04       		.byte	0x4
 107 009f 04       		.byte	0x4
 108 00a0 82010000 		.4byte	.LASF15
 109 00a4 02       		.uleb128 0x2
 110 00a5 08       		.byte	0x8
 111 00a6 04       		.byte	0x4
 112 00a7 47010000 		.4byte	.LASF16
 113 00ab 05       		.uleb128 0x5
 114 00ac D8010000 		.4byte	.LASF17
ARM GAS  C:\Users\dufma\AppData\Local\Temp\ccfdGX9u.s 			page 3


 115 00b0 08       		.byte	0x8
 116 00b1 03       		.byte	0x3
 117 00b2 10       		.byte	0x10
 118 00b3 E4000000 		.4byte	0xe4
 119 00b7 06       		.uleb128 0x6
 120 00b8 6C6C00   		.ascii	"ll\000"
 121 00bb 03       		.byte	0x3
 122 00bc 11       		.byte	0x11
 123 00bd 87000000 		.4byte	0x87
 124 00c1 00       		.byte	0
 125 00c2 06       		.uleb128 0x6
 126 00c3 6C7200   		.ascii	"lr\000"
 127 00c6 03       		.byte	0x3
 128 00c7 13       		.byte	0x13
 129 00c8 87000000 		.4byte	0x87
 130 00cc 02       		.byte	0x2
 131 00cd 06       		.uleb128 0x6
 132 00ce 726C00   		.ascii	"rl\000"
 133 00d1 03       		.byte	0x3
 134 00d2 14       		.byte	0x14
 135 00d3 87000000 		.4byte	0x87
 136 00d7 04       		.byte	0x4
 137 00d8 06       		.uleb128 0x6
 138 00d9 727200   		.ascii	"rr\000"
 139 00dc 03       		.byte	0x3
 140 00dd 16       		.byte	0x16
 141 00de 87000000 		.4byte	0x87
 142 00e2 06       		.byte	0x6
 143 00e3 00       		.byte	0
 144 00e4 05       		.uleb128 0x5
 145 00e5 77000000 		.4byte	.LASF18
 146 00e9 08       		.byte	0x8
 147 00ea 03       		.byte	0x3
 148 00eb 19       		.byte	0x19
 149 00ec 1D010000 		.4byte	0x11d
 150 00f0 06       		.uleb128 0x6
 151 00f1 6C6C00   		.ascii	"ll\000"
 152 00f4 03       		.byte	0x3
 153 00f5 1A       		.byte	0x1a
 154 00f6 87000000 		.4byte	0x87
 155 00fa 00       		.byte	0
 156 00fb 06       		.uleb128 0x6
 157 00fc 6C7200   		.ascii	"lr\000"
 158 00ff 03       		.byte	0x3
 159 0100 1C       		.byte	0x1c
 160 0101 87000000 		.4byte	0x87
 161 0105 02       		.byte	0x2
 162 0106 06       		.uleb128 0x6
 163 0107 726C00   		.ascii	"rl\000"
 164 010a 03       		.byte	0x3
 165 010b 1D       		.byte	0x1d
 166 010c 87000000 		.4byte	0x87
 167 0110 04       		.byte	0x4
 168 0111 06       		.uleb128 0x6
 169 0112 727200   		.ascii	"rr\000"
 170 0115 03       		.byte	0x3
 171 0116 1F       		.byte	0x1f
ARM GAS  C:\Users\dufma\AppData\Local\Temp\ccfdGX9u.s 			page 4


 172 0117 87000000 		.4byte	0x87
 173 011b 06       		.byte	0x6
 174 011c 00       		.byte	0
 175 011d 07       		.uleb128 0x7
 176 011e 4E010000 		.4byte	.LASF19
 177 0122 04       		.byte	0x4
 178 0123 5506     		.2byte	0x655
 179 0125 29010000 		.4byte	0x129
 180 0129 08       		.uleb128 0x8
 181 012a 92000000 		.4byte	0x92
 182 012e 09       		.uleb128 0x9
 183 012f 71010000 		.4byte	.LASF20
 184 0133 03       		.byte	0x3
 185 0134 17       		.byte	0x17
 186 0135 3F010000 		.4byte	0x13f
 187 0139 05       		.uleb128 0x5
 188 013a 03       		.byte	0x3
 189 013b 00000000 		.4byte	sensors
 190 013f 08       		.uleb128 0x8
 191 0140 AB000000 		.4byte	0xab
 192 0144 09       		.uleb128 0x9
 193 0145 29000000 		.4byte	.LASF21
 194 0149 03       		.byte	0x3
 195 014a 20       		.byte	0x20
 196 014b 55010000 		.4byte	0x155
 197 014f 05       		.uleb128 0x5
 198 0150 03       		.byte	0x3
 199 0151 00000000 		.4byte	digital_sensor_value
 200 0155 08       		.uleb128 0x8
 201 0156 E4000000 		.4byte	0xe4
 202 015a 00       		.byte	0
 203              		.section	.debug_abbrev,"",%progbits
 204              	.Ldebug_abbrev0:
 205 0000 01       		.uleb128 0x1
 206 0001 11       		.uleb128 0x11
 207 0002 01       		.byte	0x1
 208 0003 25       		.uleb128 0x25
 209 0004 0E       		.uleb128 0xe
 210 0005 13       		.uleb128 0x13
 211 0006 0B       		.uleb128 0xb
 212 0007 03       		.uleb128 0x3
 213 0008 0E       		.uleb128 0xe
 214 0009 1B       		.uleb128 0x1b
 215 000a 0E       		.uleb128 0xe
 216 000b 10       		.uleb128 0x10
 217 000c 17       		.uleb128 0x17
 218 000d 00       		.byte	0
 219 000e 00       		.byte	0
 220 000f 02       		.uleb128 0x2
 221 0010 24       		.uleb128 0x24
 222 0011 00       		.byte	0
 223 0012 0B       		.uleb128 0xb
 224 0013 0B       		.uleb128 0xb
 225 0014 3E       		.uleb128 0x3e
 226 0015 0B       		.uleb128 0xb
 227 0016 03       		.uleb128 0x3
 228 0017 0E       		.uleb128 0xe
ARM GAS  C:\Users\dufma\AppData\Local\Temp\ccfdGX9u.s 			page 5


 229 0018 00       		.byte	0
 230 0019 00       		.byte	0
 231 001a 03       		.uleb128 0x3
 232 001b 16       		.uleb128 0x16
 233 001c 00       		.byte	0
 234 001d 03       		.uleb128 0x3
 235 001e 0E       		.uleb128 0xe
 236 001f 3A       		.uleb128 0x3a
 237 0020 0B       		.uleb128 0xb
 238 0021 3B       		.uleb128 0x3b
 239 0022 0B       		.uleb128 0xb
 240 0023 49       		.uleb128 0x49
 241 0024 13       		.uleb128 0x13
 242 0025 00       		.byte	0
 243 0026 00       		.byte	0
 244 0027 04       		.uleb128 0x4
 245 0028 24       		.uleb128 0x24
 246 0029 00       		.byte	0
 247 002a 0B       		.uleb128 0xb
 248 002b 0B       		.uleb128 0xb
 249 002c 3E       		.uleb128 0x3e
 250 002d 0B       		.uleb128 0xb
 251 002e 03       		.uleb128 0x3
 252 002f 08       		.uleb128 0x8
 253 0030 00       		.byte	0
 254 0031 00       		.byte	0
 255 0032 05       		.uleb128 0x5
 256 0033 13       		.uleb128 0x13
 257 0034 01       		.byte	0x1
 258 0035 03       		.uleb128 0x3
 259 0036 0E       		.uleb128 0xe
 260 0037 0B       		.uleb128 0xb
 261 0038 0B       		.uleb128 0xb
 262 0039 3A       		.uleb128 0x3a
 263 003a 0B       		.uleb128 0xb
 264 003b 3B       		.uleb128 0x3b
 265 003c 0B       		.uleb128 0xb
 266 003d 01       		.uleb128 0x1
 267 003e 13       		.uleb128 0x13
 268 003f 00       		.byte	0
 269 0040 00       		.byte	0
 270 0041 06       		.uleb128 0x6
 271 0042 0D       		.uleb128 0xd
 272 0043 00       		.byte	0
 273 0044 03       		.uleb128 0x3
 274 0045 08       		.uleb128 0x8
 275 0046 3A       		.uleb128 0x3a
 276 0047 0B       		.uleb128 0xb
 277 0048 3B       		.uleb128 0x3b
 278 0049 0B       		.uleb128 0xb
 279 004a 49       		.uleb128 0x49
 280 004b 13       		.uleb128 0x13
 281 004c 38       		.uleb128 0x38
 282 004d 0B       		.uleb128 0xb
 283 004e 00       		.byte	0
 284 004f 00       		.byte	0
 285 0050 07       		.uleb128 0x7
ARM GAS  C:\Users\dufma\AppData\Local\Temp\ccfdGX9u.s 			page 6


 286 0051 34       		.uleb128 0x34
 287 0052 00       		.byte	0
 288 0053 03       		.uleb128 0x3
 289 0054 0E       		.uleb128 0xe
 290 0055 3A       		.uleb128 0x3a
 291 0056 0B       		.uleb128 0xb
 292 0057 3B       		.uleb128 0x3b
 293 0058 05       		.uleb128 0x5
 294 0059 49       		.uleb128 0x49
 295 005a 13       		.uleb128 0x13
 296 005b 3F       		.uleb128 0x3f
 297 005c 19       		.uleb128 0x19
 298 005d 3C       		.uleb128 0x3c
 299 005e 19       		.uleb128 0x19
 300 005f 00       		.byte	0
 301 0060 00       		.byte	0
 302 0061 08       		.uleb128 0x8
 303 0062 35       		.uleb128 0x35
 304 0063 00       		.byte	0
 305 0064 49       		.uleb128 0x49
 306 0065 13       		.uleb128 0x13
 307 0066 00       		.byte	0
 308 0067 00       		.byte	0
 309 0068 09       		.uleb128 0x9
 310 0069 34       		.uleb128 0x34
 311 006a 00       		.byte	0
 312 006b 03       		.uleb128 0x3
 313 006c 0E       		.uleb128 0xe
 314 006d 3A       		.uleb128 0x3a
 315 006e 0B       		.uleb128 0xb
 316 006f 3B       		.uleb128 0x3b
 317 0070 0B       		.uleb128 0xb
 318 0071 49       		.uleb128 0x49
 319 0072 13       		.uleb128 0x13
 320 0073 3F       		.uleb128 0x3f
 321 0074 19       		.uleb128 0x19
 322 0075 02       		.uleb128 0x2
 323 0076 18       		.uleb128 0x18
 324 0077 00       		.byte	0
 325 0078 00       		.byte	0
 326 0079 00       		.byte	0
 327              		.section	.debug_aranges,"",%progbits
 328 0000 14000000 		.4byte	0x14
 329 0004 0200     		.2byte	0x2
 330 0006 00000000 		.4byte	.Ldebug_info0
 331 000a 04       		.byte	0x4
 332 000b 00       		.byte	0
 333 000c 0000     		.2byte	0
 334 000e 0000     		.2byte	0
 335 0010 00000000 		.4byte	0
 336 0014 00000000 		.4byte	0
 337              		.section	.debug_line,"",%progbits
 338              	.Ldebug_line0:
 339 0000 49010000 		.section	.debug_str,"MS",%progbits,1
 339      02004301 
 339      00000201 
 339      FB0E0D00 
ARM GAS  C:\Users\dufma\AppData\Local\Temp\ccfdGX9u.s 			page 7


 339      01010101 
 340              	.LASF8:
 341 0000 6C6F6E67 		.ascii	"long long int\000"
 341      206C6F6E 
 341      6720696E 
 341      7400
 342              	.LASF10:
 343 000e 756E7369 		.ascii	"unsigned int\000"
 343      676E6564 
 343      20696E74 
 343      00
 344              	.LASF1:
 345 001b 756E7369 		.ascii	"unsigned char\000"
 345      676E6564 
 345      20636861 
 345      7200
 346              	.LASF21:
 347 0029 64696769 		.ascii	"digital_sensor_value\000"
 347      74616C5F 
 347      73656E73 
 347      6F725F76 
 347      616C7565 
 348              	.LASF23:
 349 003e 2E5C5265 		.ascii	".\\Reflectance.c\000"
 349      666C6563 
 349      74616E63 
 349      652E6300 
 350              	.LASF7:
 351 004e 6C6F6E67 		.ascii	"long unsigned int\000"
 351      20756E73 
 351      69676E65 
 351      6420696E 
 351      7400
 352              	.LASF9:
 353 0060 6C6F6E67 		.ascii	"long long unsigned int\000"
 353      206C6F6E 
 353      6720756E 
 353      7369676E 
 353      65642069 
 354              	.LASF18:
 355 0077 64696769 		.ascii	"digital_sensor_value_\000"
 355      74616C5F 
 355      73656E73 
 355      6F725F76 
 355      616C7565 
 356              	.LASF3:
 357 008d 73686F72 		.ascii	"short unsigned int\000"
 357      7420756E 
 357      7369676E 
 357      65642069 
 357      6E7400
 358              	.LASF22:
 359 00a0 474E5520 		.ascii	"GNU C 4.9.3 20150303 (release) [ARM/embedded-4_9-br"
 359      4320342E 
 359      392E3320 
 359      32303135 
 359      30333033 
ARM GAS  C:\Users\dufma\AppData\Local\Temp\ccfdGX9u.s 			page 8


 360 00d3 616E6368 		.ascii	"anch revision 221220] -mcpu=cortex-m3 -mthumb -g -O"
 360      20726576 
 360      6973696F 
 360      6E203232 
 360      31323230 
 361 0106 67202D66 		.ascii	"g -ffunction-sections -ffat-lto-objects\000"
 361      66756E63 
 361      74696F6E 
 361      2D736563 
 361      74696F6E 
 362              	.LASF4:
 363 012e 5F5F7569 		.ascii	"__uint16_t\000"
 363      6E743136 
 363      5F7400
 364              	.LASF12:
 365 0139 63686172 		.ascii	"char\000"
 365      00
 366              	.LASF6:
 367 013e 6C6F6E67 		.ascii	"long int\000"
 367      20696E74 
 367      00
 368              	.LASF16:
 369 0147 646F7562 		.ascii	"double\000"
 369      6C6500
 370              	.LASF19:
 371 014e 49544D5F 		.ascii	"ITM_RxBuffer\000"
 371      52784275 
 371      66666572 
 371      00
 372              	.LASF0:
 373 015b 7369676E 		.ascii	"signed char\000"
 373      65642063 
 373      68617200 
 374              	.LASF5:
 375 0167 5F5F696E 		.ascii	"__int32_t\000"
 375      7433325F 
 375      7400
 376              	.LASF20:
 377 0171 73656E73 		.ascii	"sensors\000"
 377      6F727300 
 378              	.LASF13:
 379 0179 75696E74 		.ascii	"uint16_t\000"
 379      31365F74 
 379      00
 380              	.LASF15:
 381 0182 666C6F61 		.ascii	"float\000"
 381      7400
 382              	.LASF24:
 383 0188 433A5C55 		.ascii	"C:\\Users\\dufma\\Desktop\\Project\\Zumo-PSoC\\Zumo"
 383      73657273 
 383      5C647566 
 383      6D615C44 
 383      65736B74 
 384 01b5 426F745F 		.ascii	"Bot_Lib_IR.cydsn\000"
 384      4C69625F 
 384      49522E63 
 384      7964736E 
ARM GAS  C:\Users\dufma\AppData\Local\Temp\ccfdGX9u.s 			page 9


 384      00
 385              	.LASF2:
 386 01c6 73686F72 		.ascii	"short int\000"
 386      7420696E 
 386      7400
 387              	.LASF14:
 388 01d0 696E7433 		.ascii	"int32_t\000"
 388      325F7400 
 389              	.LASF17:
 390 01d8 73656E73 		.ascii	"sensors_\000"
 390      6F72735F 
 390      00
 391              	.LASF11:
 392 01e1 73697A65 		.ascii	"sizetype\000"
 392      74797065 
 392      00
 393              		.ident	"GCC: (GNU Tools for ARM Embedded Processors) 4.9.3 20150303 (release) [ARM/embedded-4_9-br
